[22:36:56.741] "<22:36:56.725><56467.88059> \nGenotype received from s1 {\"axiom\":[3,5],\"g_rule\":\"*\",\"p_rule\":2,\"name\":\"s1\"}",
[22:36:56.741] "<22:36:56.725><56472.038536> Genotype sends to s1 generated genotype {\"axiom\":[3,5],\"g_rule\":\"*\",\"p_rule\":2,\"name\":\"s1\",\"genotype\":15}",
[22:36:56.741] "<22:36:56.725><8797.58> \n%%% g-proxy s1 sends to Genotype g-ch msg {\"axiom\":[3,5],\"g_rule\":\"*\",\"p_rule\":2,\"name\":\"s1\"}",
[22:36:56.741] "<22:36:56.741><8810.03> producer s1 received GENOTYPE",
[22:36:56.756] "<22:36:56.741><8811.18> %%% p-proxy s1 sends to Phenotype p-ch msg {\"axiom\":[3,5],\"g_rule\":\"*\",\"p_rule\":2,\"name\":\"s1\",\"genotype\":15}",
[22:36:56.756] "<22:36:56.741><8809.080000000002> g-proxy s1 receives Genotype g-ch msg = {\"axiom\":[3,5],\"g_rule\":\"*\",\"p_rule\":2,\"name\":\"s1\",\"genotype\":15}",
[22:36:56.756] "<22:36:56.741><56487.540374> Phenotype received from s1 {\"axiom\":[3,5],\"g_rule\":\"*\",\"p_rule\":2,\"name\":\"s1\",\"genotype\":15}",
[22:36:56.756] "<22:36:56.756><56489.170744> Phenotype sends to s1 generated phenotype {\"axiom\":[3,5],\"g_rule\":\"*\",\"p_rule\":2,\"name\":\"s1\",\"genotype\":15,\"phenotype\":30}",
[22:36:56.756] "<22:36:56.756><8826.58> p-proxy s1 receives Phenotype p-ch msg = {\"axiom\":[3,5],\"g_rule\":\"*\",\"p_rule\":2,\"name\":\"s1\",\"genotype\":15,\"phenotype\":30}",
[22:36:56.756] "<22:36:56.756><8827.395> producer s1 received PHENOTYPE",
[22:37:01.724] "<22:37:01.724><13792.785> \n%%% g-proxy s1 sends to Genotype g-ch msg {\"axiom\":[2,4],\"g_rule\":\"+\",\"p_rule\":0.5,\"name\":\"s1\"}",
[22:37:01.724] "<22:37:01.724><61461.909872> \nGenotype received from s1 {\"axiom\":[2,4],\"g_rule\":\"+\",\"p_rule\":0.5,\"name\":\"s1\"}",
[22:37:01.724] "<22:37:01.724><61463.273152> Genotype sends to s1 generated genotype {\"axiom\":[2,4],\"g_rule\":\"+\",\"p_rule\":0.5,\"name\":\"s1\",\"genotype\":6}",
[22:37:01.740] "<22:37:01.724><13799.765000000001> g-proxy s1 receives Genotype g-ch msg = {\"axiom\":[2,4],\"g_rule\":\"+\",\"p_rule\":0.5,\"name\":\"s1\",\"genotype\":6}",
[22:37:01.740] "<22:37:01.724><13800.730000000001> producer s1 received GENOTYPE",
[22:37:01.740] "<22:37:01.724><13801.645> %%% p-proxy s1 sends to Phenotype p-ch msg {\"axiom\":[2,4],\"g_rule\":\"+\",\"p_rule\":0.5,\"name\":\"s1\",\"genotype\":6}",
[22:37:01.740] "<22:37:01.740><61478.708069> Phenotype received from s1 {\"axiom\":[2,4],\"g_rule\":\"+\",\"p_rule\":0.5,\"name\":\"s1\",\"genotype\":6}",
[22:37:01.740] "<22:37:01.740><61479.867036> Phenotype sends to s1 generated phenotype {\"axiom\":[2,4],\"g_rule\":\"+\",\"p_rule\":0.5,\"name\":\"s1\",\"genotype\":6,\"phenotype\":3}",
[22:37:01.740] "<22:37:01.740><13816.500000000002> p-proxy s1 receives Phenotype p-ch msg = {\"axiom\":[2,4],\"g_rule\":\"+\",\"p_rule\":0.5,\"name\":\"s1\",\"genotype\":6,\"phenotype\":3}",
[22:37:01.740] "<22:37:01.740><13817.04> producer s1 received PHENOTYPE",
[22:37:06.726] "<22:37:06.726><18794.260000000002> \n%%% g-proxy s1 sends to Genotype g-ch msg {\"axiom\":[2,4],\"g_rule\":\"+\",\"p_rule\":0.5,\"name\":\"s1\"}",
[22:37:06.726] "<22:37:06.726><66461.169602> \nGenotype received from s1 {\"axiom\":[2,4],\"g_rule\":\"+\",\"p_rule\":0.5,\"name\":\"s1\"}",
[22:37:06.726] "<22:37:06.726><66462.440497> Genotype sends to s1 generated genotype {\"axiom\":[2,4],\"g_rule\":\"+\",\"p_rule\":0.5,\"name\":\"s1\",\"genotype\":6}",
[22:37:06.726] "<22:37:06.726><18798.985> g-proxy s1 receives Genotype g-ch msg = {\"axiom\":[2,4],\"g_rule\":\"+\",\"p_rule\":0.5,\"name\":\"s1\",\"genotype\":6}",
[22:37:06.726] "<22:37:06.726><18800.27> producer s1 received GENOTYPE",
[22:37:06.726] "<22:37:06.726><18800.820000000003> %%% p-proxy s1 sends to Phenotype p-ch msg {\"axiom\":[2,4],\"g_rule\":\"+\",\"p_rule\":0.5,\"name\":\"s1\",\"genotype\":6}",
[22:37:06.742] "<22:37:06.726><66470.080079> Phenotype received from s1 {\"axiom\":[2,4],\"g_rule\":\"+\",\"p_rule\":0.5,\"name\":\"s1\",\"genotype\":6}",
[22:37:06.742] "<22:37:06.726><66471.249705> Phenotype sends to s1 generated phenotype {\"axiom\":[2,4],\"g_rule\":\"+\",\"p_rule\":0.5,\"name\":\"s1\",\"genotype\":6,\"phenotype\":3}",
[22:37:06.742] "<22:37:06.726><18808.285> p-proxy s1 receives Phenotype p-ch msg = {\"axiom\":[2,4],\"g_rule\":\"+\",\"p_rule\":0.5,\"name\":\"s1\",\"genotype\":6,\"phenotype\":3}",
[22:37:06.742] "<22:37:06.741><18808.950000000004> producer s1 received PHENOTYPE",
[22:37:11.722] "<22:37:11.721><23789.625> \n%%% g-proxy s1 sends to Genotype g-ch msg {\"axiom\":[3,5],\"g_rule\":\"*\",\"p_rule\":2,\"name\":\"s1\"}",
[22:37:11.722] "<22:37:11.722><71456.477477> Genotype sends to s1 generated genotype {\"axiom\":[3,5],\"g_rule\":\"*\",\"p_rule\":2,\"name\":\"s1\",\"genotype\":15}",
[22:37:11.722] "<22:37:11.722><71455.287124> \nGenotype received from s1 {\"axiom\":[3,5],\"g_rule\":\"*\",\"p_rule\":2,\"name\":\"s1\"}",
[22:37:11.722] "<22:37:11.721><23793.315000000002> g-proxy s1 receives Genotype g-ch msg = {\"axiom\":[3,5],\"g_rule\":\"*\",\"p_rule\":2,\"name\":\"s1\",\"genotype\":15}",
[22:37:11.722] "<22:37:11.721><23793.81> producer s1 received GENOTYPE",
[22:37:11.722] "<22:37:11.721><23794.94> %%% p-proxy s1 sends to Phenotype p-ch msg {\"axiom\":[3,5],\"g_rule\":\"*\",\"p_rule\":2,\"name\":\"s1\",\"genotype\":15}",
[22:37:11.722] "<22:37:11.722><71462.773914> Phenotype received from s1 {\"axiom\":[3,5],\"g_rule\":\"*\",\"p_rule\":2,\"name\":\"s1\",\"genotype\":15}",
[22:37:11.722] "<22:37:11.722><71464.016975> Phenotype sends to s1 generated phenotype {\"axiom\":[3,5],\"g_rule\":\"*\",\"p_rule\":2,\"name\":\"s1\",\"genotype\":15,\"phenotype\":30}",
[22:37:11.737] "<22:37:11.721><23801.250000000004> p-proxy s1 receives Phenotype p-ch msg = {\"axiom\":[3,5],\"g_rule\":\"*\",\"p_rule\":2,\"name\":\"s1\",\"genotype\":15,\"phenotype\":30}",
[22:37:11.737] "<22:37:11.721><23801.865> producer s1 received PHENOTYPE",
[22:37:16.715] "<22:37:16.715><28782.865> \n%%% g-proxy s1 sends to Genotype g-ch msg {\"axiom\":[2,4],\"g_rule\":\"+\",\"p_rule\":0.5,\"name\":\"s1\"}",
[22:37:16.715] "<22:37:16.715><76450.320211> \nGenotype received from s1 {\"axiom\":[2,4],\"g_rule\":\"+\",\"p_rule\":0.5,\"name\":\"s1\"}",
[22:37:16.715] "<22:37:16.715><76452.214709> Genotype sends to s1 generated genotype {\"axiom\":[2,4],\"g_rule\":\"+\",\"p_rule\":0.5,\"name\":\"s1\",\"genotype\":6}",
[22:37:16.715] "<22:37:16.715><28788.570000000003> g-proxy s1 receives Genotype g-ch msg = {\"axiom\":[2,4],\"g_rule\":\"+\",\"p_rule\":0.5,\"name\":\"s1\",\"genotype\":6}",
[22:37:16.715] "<22:37:16.715><28789.09> producer s1 received GENOTYPE",
[22:37:16.715] "<22:37:16.715><28789.81> %%% p-proxy s1 sends to Phenotype p-ch msg {\"axiom\":[2,4],\"g_rule\":\"+\",\"p_rule\":0.5,\"name\":\"s1\",\"genotype\":6}",
[22:37:16.731] "<22:37:16.715><76459.256745> Phenotype received from s1 {\"axiom\":[2,4],\"g_rule\":\"+\",\"p_rule\":0.5,\"name\":\"s1\",\"genotype\":6}",
[22:37:16.731] "<22:37:16.715><76460.197184> Phenotype sends to s1 generated phenotype {\"axiom\":[2,4],\"g_rule\":\"+\",\"p_rule\":0.5,\"name\":\"s1\",\"genotype\":6,\"phenotype\":3}",
[22:37:16.731] "<22:37:16.715><28796.61> p-proxy s1 receives Phenotype p-ch msg = {\"axiom\":[2,4],\"g_rule\":\"+\",\"p_rule\":0.5,\"name\":\"s1\",\"genotype\":6,\"phenotype\":3}",
[22:37:16.731] "<22:37:16.731><28797.63> producer s1 received PHENOTYPE",
