[04:57:39.096] "<04:57:39.086><23923.98881> \nGenotype received from s1 {\"axiom\":[3,5],\"g_rule\":\"*\",\"p_rule\":2,\"name\":\"s1\"}",
[04:57:39.096] "<04:57:39.086><8507.195000000002> \n%%% g-proxy s1 sends to Genotype g-ch msg {\"axiom\":[3,5],\"g_rule\":\"*\",\"p_rule\":2,\"name\":\"s1\"}",
[04:57:39.096] "<04:57:39.086><23926.226819> Genotype sends to s1 generated genotype {\"axiom\":[3,5],\"g_rule\":\"*\",\"p_rule\":2,\"name\":\"s1\",\"genotype\":15}",
[04:57:39.096] "<04:57:39.096><8515.69> producer s1 received GENOTYPE",
[04:57:39.096] "<04:57:39.096><8515.24> g-proxy s1 receives Genotype g-ch msg = {\"axiom\":[3,5],\"g_rule\":\"*\",\"p_rule\":2,\"name\":\"s1\",\"genotype\":15}",
[04:57:39.096] "<04:57:39.096><8516.29> %%% p-proxy s1 sends to Phenotype p-ch msg {\"axiom\":[3,5],\"g_rule\":\"*\",\"p_rule\":2,\"name\":\"s1\",\"genotype\":15}",
[04:57:39.106] "<04:57:39.096><23934.372842> Phenotype sends to s1 generated phenotype {\"axiom\":[3,5],\"g_rule\":\"*\",\"p_rule\":2,\"name\":\"s1\",\"genotype\":15,\"phenotype\":30}",
[04:57:39.096] "<04:57:39.096><23933.565051> Phenotype received from s1 {\"axiom\":[3,5],\"g_rule\":\"*\",\"p_rule\":2,\"name\":\"s1\",\"genotype\":15}",
[04:57:39.106] "<04:57:39.096><8523.050000000001> p-proxy s1 receives Phenotype p-ch msg = {\"axiom\":[3,5],\"g_rule\":\"*\",\"p_rule\":2,\"name\":\"s1\",\"genotype\":15,\"phenotype\":30}",
[04:57:39.106] "<04:57:39.096><8523.825> producer s1 received PHENOTYPE",
[04:57:44.100] "<04:57:44.090><28927.46338> \nGenotype received from s1 {\"axiom\":[2,4],\"g_rule\":\"+\",\"p_rule\":0.5,\"name\":\"s1\"}",
[04:57:44.100] "<04:57:44.090><28928.385471> Genotype sends to s1 generated genotype {\"axiom\":[2,4],\"g_rule\":\"+\",\"p_rule\":0.5,\"name\":\"s1\",\"genotype\":6}",
[04:57:44.100] "<04:57:44.090><13510.45> \n%%% g-proxy s1 sends to Genotype g-ch msg {\"axiom\":[2,4],\"g_rule\":\"+\",\"p_rule\":0.5,\"name\":\"s1\"}",
[04:57:44.100] "<04:57:44.090><13517.595000000001> g-proxy s1 receives Genotype g-ch msg = {\"axiom\":[2,4],\"g_rule\":\"+\",\"p_rule\":0.5,\"name\":\"s1\",\"genotype\":6}",
[04:57:44.100] "<04:57:44.100><13523.050000000001> producer s1 received GENOTYPE",
[04:57:44.119] "<04:57:44.116><28947.115698> Phenotype received from s1 {\"axiom\":[2,4],\"g_rule\":\"+\",\"p_rule\":0.5,\"name\":\"s1\",\"genotype\":6}",
[04:57:44.119] "<04:57:44.117><28948.079837> Phenotype sends to s1 generated phenotype {\"axiom\":[2,4],\"g_rule\":\"+\",\"p_rule\":0.5,\"name\":\"s1\",\"genotype\":6,\"phenotype\":3}",
[04:57:44.121] "<04:57:44.100><13527.105000000001> %%% p-proxy s1 sends to Phenotype p-ch msg {\"axiom\":[2,4],\"g_rule\":\"+\",\"p_rule\":0.5,\"name\":\"s1\",\"genotype\":6}",
[04:57:44.125] "<04:57:44.123><13542.45> p-proxy s1 receives Phenotype p-ch msg = {\"axiom\":[2,4],\"g_rule\":\"+\",\"p_rule\":0.5,\"name\":\"s1\",\"genotype\":6,\"phenotype\":3}",
[04:57:44.127] "<04:57:44.126><13545.275000000001> producer s1 received PHENOTYPE",
[04:57:49.088] "<04:57:49.088><18507.815000000002> \n%%% g-proxy s1 sends to Genotype g-ch msg {\"axiom\":[2,4],\"g_rule\":\"+\",\"p_rule\":0.5,\"name\":\"s1\"}",
[04:57:49.088] "<04:57:49.088><33921.562473> \nGenotype received from s1 {\"axiom\":[2,4],\"g_rule\":\"+\",\"p_rule\":0.5,\"name\":\"s1\"}",
[04:57:49.098] "<04:57:49.088><33922.629659> Genotype sends to s1 generated genotype {\"axiom\":[2,4],\"g_rule\":\"+\",\"p_rule\":0.5,\"name\":\"s1\",\"genotype\":6}",
[04:57:49.098] "<04:57:49.088><18511.65> g-proxy s1 receives Genotype g-ch msg = {\"axiom\":[2,4],\"g_rule\":\"+\",\"p_rule\":0.5,\"name\":\"s1\",\"genotype\":6}",
[04:57:49.108] "<04:57:49.098><33936.487077> Phenotype received from s1 {\"axiom\":[2,4],\"g_rule\":\"+\",\"p_rule\":0.5,\"name\":\"s1\",\"genotype\":6}",
[04:57:49.109] "<04:57:49.098><33937.827277> Phenotype sends to s1 generated phenotype {\"axiom\":[2,4],\"g_rule\":\"+\",\"p_rule\":0.5,\"name\":\"s1\",\"genotype\":6,\"phenotype\":3}",
[04:57:49.112] "<04:57:49.098><18525.125000000004> %%% p-proxy s1 sends to Phenotype p-ch msg {\"axiom\":[2,4],\"g_rule\":\"+\",\"p_rule\":0.5,\"name\":\"s1\",\"genotype\":6}",
[04:57:49.113] "<04:57:49.110><18529.020000000004> producer s1 received PHENOTYPE",
[04:57:49.098] "<04:57:49.098><18519.68> producer s1 received GENOTYPE",
[04:57:49.115] "<04:57:49.108><18526.805000000004> p-proxy s1 receives Phenotype p-ch msg = {\"axiom\":[2,4],\"g_rule\":\"+\",\"p_rule\":0.5,\"name\":\"s1\",\"genotype\":6,\"phenotype\":3}",
[04:57:54.085] "<04:57:54.085><38918.227667> \nGenotype received from s1 {\"axiom\":[2,4],\"g_rule\":\"+\",\"p_rule\":0.5,\"name\":\"s1\"}",
[04:57:54.085] "<04:57:54.085><38919.086982> Genotype sends to s1 generated genotype {\"axiom\":[2,4],\"g_rule\":\"+\",\"p_rule\":0.5,\"name\":\"s1\",\"genotype\":6}",
[04:57:54.085] "<04:57:54.085><23505.675000000003> \n%%% g-proxy s1 sends to Genotype g-ch msg {\"axiom\":[2,4],\"g_rule\":\"+\",\"p_rule\":0.5,\"name\":\"s1\"}",
[04:57:54.095] "<04:57:54.085><23508.315000000002> g-proxy s1 receives Genotype g-ch msg = {\"axiom\":[2,4],\"g_rule\":\"+\",\"p_rule\":0.5,\"name\":\"s1\",\"genotype\":6}",
[04:57:54.095] "<04:57:54.095><23514.275> producer s1 received GENOTYPE",
[04:57:54.095] "<04:57:54.095><38931.296245> Phenotype sends to s1 generated phenotype {\"axiom\":[2,4],\"g_rule\":\"+\",\"p_rule\":0.5,\"name\":\"s1\",\"genotype\":6,\"phenotype\":3}",
[04:57:54.095] "<04:57:54.095><38930.454697> Phenotype received from s1 {\"axiom\":[2,4],\"g_rule\":\"+\",\"p_rule\":0.5,\"name\":\"s1\",\"genotype\":6}",
[04:57:54.105] "<04:57:54.095><23517.725000000002> %%% p-proxy s1 sends to Phenotype p-ch msg {\"axiom\":[2,4],\"g_rule\":\"+\",\"p_rule\":0.5,\"name\":\"s1\",\"genotype\":6}",
[04:57:54.108] "<04:57:54.095><23522.940000000002> p-proxy s1 receives Phenotype p-ch msg = {\"axiom\":[2,4],\"g_rule\":\"+\",\"p_rule\":0.5,\"name\":\"s1\",\"genotype\":6,\"phenotype\":3}",
[04:57:54.112] "<04:57:54.107><23526.215> producer s1 received PHENOTYPE",
[04:57:59.083] "<04:57:59.083><43917.17588> \nGenotype received from s1 {\"axiom\":[3,5],\"g_rule\":\"*\",\"p_rule\":2,\"name\":\"s1\"}",
[04:57:59.083] "<04:57:59.083><43918.098563> Genotype sends to s1 generated genotype {\"axiom\":[3,5],\"g_rule\":\"*\",\"p_rule\":2,\"name\":\"s1\",\"genotype\":15}",
[04:57:59.093] "<04:57:59.084><28503.100000000002> \n%%% g-proxy s1 sends to Genotype g-ch msg {\"axiom\":[3,5],\"g_rule\":\"*\",\"p_rule\":2,\"name\":\"s1\"}",
[04:57:59.093] "<04:57:59.084><28507.105000000003> g-proxy s1 receives Genotype g-ch msg = {\"axiom\":[3,5],\"g_rule\":\"*\",\"p_rule\":2,\"name\":\"s1\",\"genotype\":15}",
[04:57:59.093] "<04:57:59.094><28512.305> producer s1 received GENOTYPE",
[04:57:59.093] "<04:57:59.093><43926.571493> Phenotype received from s1 {\"axiom\":[3,5],\"g_rule\":\"*\",\"p_rule\":2,\"name\":\"s1\",\"genotype\":15}",
[04:57:59.093] "<04:57:59.093><43927.075474> Phenotype sends to s1 generated phenotype {\"axiom\":[3,5],\"g_rule\":\"*\",\"p_rule\":2,\"name\":\"s1\",\"genotype\":15,\"phenotype\":30}",
[04:57:59.093] "<04:57:59.094><28514.175000000003> %%% p-proxy s1 sends to Phenotype p-ch msg {\"axiom\":[3,5],\"g_rule\":\"*\",\"p_rule\":2,\"name\":\"s1\",\"genotype\":15}",
[04:57:59.093] "<04:57:59.094><28517.65> producer s1 received PHENOTYPE",
[04:57:59.093] "<04:57:59.094><28515.74> p-proxy s1 receives Phenotype p-ch msg = {\"axiom\":[3,5],\"g_rule\":\"*\",\"p_rule\":2,\"name\":\"s1\",\"genotype\":15,\"phenotype\":30}",
[04:58:04.089] "<04:58:04.090><33509.755000000005> \n%%% g-proxy s1 sends to Genotype g-ch msg {\"axiom\":[2,4],\"g_rule\":\"+\",\"p_rule\":0.5,\"name\":\"s1\"}",
[04:58:04.089] "<04:58:04.089><48924.752185> \nGenotype received from s1 {\"axiom\":[2,4],\"g_rule\":\"+\",\"p_rule\":0.5,\"name\":\"s1\"}",
[04:58:04.089] "<04:58:04.089><48926.188917> Genotype sends to s1 generated genotype {\"axiom\":[2,4],\"g_rule\":\"+\",\"p_rule\":0.5,\"name\":\"s1\",\"genotype\":6}",
[04:58:04.099] "<04:58:04.090><33515.865000000005> g-proxy s1 receives Genotype g-ch msg = {\"axiom\":[2,4],\"g_rule\":\"+\",\"p_rule\":0.5,\"name\":\"s1\",\"genotype\":6}",
[04:58:04.099] "<04:58:04.100><33520.845> producer s1 received GENOTYPE",
[04:58:04.099] "<04:58:04.099><48936.384623> Phenotype received from s1 {\"axiom\":[2,4],\"g_rule\":\"+\",\"p_rule\":0.5,\"name\":\"s1\",\"genotype\":6}",
[04:58:04.111] "<04:58:04.099><48937.113057> Phenotype sends to s1 generated phenotype {\"axiom\":[2,4],\"g_rule\":\"+\",\"p_rule\":0.5,\"name\":\"s1\",\"genotype\":6,\"phenotype\":3}",
[04:58:04.113] "<04:58:04.100><33523.865> %%% p-proxy s1 sends to Phenotype p-ch msg {\"axiom\":[2,4],\"g_rule\":\"+\",\"p_rule\":0.5,\"name\":\"s1\",\"genotype\":6}",
[04:58:04.116] "<04:58:04.111><33528.245> producer s1 received PHENOTYPE",
[04:58:04.117] "<04:58:04.100><33526.32000000001> p-proxy s1 receives Phenotype p-ch msg = {\"axiom\":[2,4],\"g_rule\":\"+\",\"p_rule\":0.5,\"name\":\"s1\",\"genotype\":6,\"phenotype\":3}",
[04:58:09.088] "<04:58:09.085><38502.70500000001> \n%%% g-proxy s1 sends to Genotype g-ch msg {\"axiom\":[2,4],\"g_rule\":\"+\",\"p_rule\":0.5,\"name\":\"s1\"}",
[04:58:09.089] "<04:58:09.087><53917.1972> Genotype sends to s1 generated genotype {\"axiom\":[2,4],\"g_rule\":\"+\",\"p_rule\":0.5,\"name\":\"s1\",\"genotype\":6}",
[04:58:09.088] "<04:58:09.086><53915.898455> \nGenotype received from s1 {\"axiom\":[2,4],\"g_rule\":\"+\",\"p_rule\":0.5,\"name\":\"s1\"}",
[04:58:09.092] "<04:58:09.089><38505.985> g-proxy s1 receives Genotype g-ch msg = {\"axiom\":[2,4],\"g_rule\":\"+\",\"p_rule\":0.5,\"name\":\"s1\",\"genotype\":6}",
[04:58:09.092] "<04:58:09.090><38507.58> producer s1 received GENOTYPE",
[04:58:09.097] "<04:58:09.093><53923.356316> Phenotype received from s1 {\"axiom\":[2,4],\"g_rule\":\"+\",\"p_rule\":0.5,\"name\":\"s1\",\"genotype\":6}",
[04:58:09.098] "<04:58:09.095><53924.525956> Phenotype sends to s1 generated phenotype {\"axiom\":[2,4],\"g_rule\":\"+\",\"p_rule\":0.5,\"name\":\"s1\",\"genotype\":6,\"phenotype\":3}",
[04:58:09.107] "<04:58:09.091><38508.68000000001> %%% p-proxy s1 sends to Phenotype p-ch msg {\"axiom\":[2,4],\"g_rule\":\"+\",\"p_rule\":0.5,\"name\":\"s1\",\"genotype\":6}",
[04:58:09.110] "<04:58:09.096><38513.490000000005> p-proxy s1 receives Phenotype p-ch msg = {\"axiom\":[2,4],\"g_rule\":\"+\",\"p_rule\":0.5,\"name\":\"s1\",\"genotype\":6,\"phenotype\":3}",
[04:58:09.110] "<04:58:09.098><38515.18> producer s1 received PHENOTYPE",
[04:58:14.093] "<04:58:14.094><43512.025> \n%%% g-proxy s1 sends to Genotype g-ch msg {\"axiom\":[3,5],\"g_rule\":\"*\",\"p_rule\":2,\"name\":\"s1\"}",
[04:58:14.093] "<04:58:14.093><58925.127062> \nGenotype received from s1 {\"axiom\":[3,5],\"g_rule\":\"*\",\"p_rule\":2,\"name\":\"s1\"}",
[04:58:14.093] "<04:58:14.093><58925.976309> Genotype sends to s1 generated genotype {\"axiom\":[3,5],\"g_rule\":\"*\",\"p_rule\":2,\"name\":\"s1\",\"genotype\":15}",
[04:58:14.115] "<04:58:14.113><58942.990867> Phenotype received from s1 {\"axiom\":[3,5],\"g_rule\":\"*\",\"p_rule\":2,\"name\":\"s1\",\"genotype\":15}",
[04:58:14.113] "<04:58:14.094><43517.89> producer s1 received GENOTYPE",
[04:58:14.121] "<04:58:14.094><43519.840000000004> %%% p-proxy s1 sends to Phenotype p-ch msg {\"axiom\":[3,5],\"g_rule\":\"*\",\"p_rule\":2,\"name\":\"s1\",\"genotype\":15}",
[04:58:14.116] "<04:58:14.114><58943.851367> Phenotype sends to s1 generated phenotype {\"axiom\":[3,5],\"g_rule\":\"*\",\"p_rule\":2,\"name\":\"s1\",\"genotype\":15,\"phenotype\":30}",
[04:58:14.129] "<04:58:14.116><43533.445> p-proxy s1 receives Phenotype p-ch msg = {\"axiom\":[3,5],\"g_rule\":\"*\",\"p_rule\":2,\"name\":\"s1\",\"genotype\":15,\"phenotype\":30}",
[04:58:14.103] "<04:58:14.094><43514.920000000006> g-proxy s1 receives Genotype g-ch msg = {\"axiom\":[3,5],\"g_rule\":\"*\",\"p_rule\":2,\"name\":\"s1\",\"genotype\":15}",
[04:58:14.129] "<04:58:14.120><43536.875> producer s1 received PHENOTYPE",
[04:58:19.094] "<04:58:19.094><48511.8> \n%%% g-proxy s1 sends to Genotype g-ch msg {\"axiom\":[2,4],\"g_rule\":\"+\",\"p_rule\":0.5,\"name\":\"s1\"}",
[04:58:19.094] "<04:58:19.094><63924.608275> \nGenotype received from s1 {\"axiom\":[2,4],\"g_rule\":\"+\",\"p_rule\":0.5,\"name\":\"s1\"}",
[04:58:19.094] "<04:58:19.094><63927.861354> Genotype sends to s1 generated genotype {\"axiom\":[2,4],\"g_rule\":\"+\",\"p_rule\":0.5,\"name\":\"s1\",\"genotype\":6}",
[04:58:19.104] "<04:58:19.094><48514.89> g-proxy s1 receives Genotype g-ch msg = {\"axiom\":[2,4],\"g_rule\":\"+\",\"p_rule\":0.5,\"name\":\"s1\",\"genotype\":6}",
[04:58:19.104] "<04:58:19.094><48518.005000000005> producer s1 received GENOTYPE",
[04:58:19.104] "<04:58:19.094><48519.975000000006> %%% p-proxy s1 sends to Phenotype p-ch msg {\"axiom\":[2,4],\"g_rule\":\"+\",\"p_rule\":0.5,\"name\":\"s1\",\"genotype\":6}",
[04:58:19.116] "<04:58:19.104><63939.337445> Phenotype received from s1 {\"axiom\":[2,4],\"g_rule\":\"+\",\"p_rule\":0.5,\"name\":\"s1\",\"genotype\":6}",
[04:58:19.117] "<04:58:19.104><63940.186693> Phenotype sends to s1 generated phenotype {\"axiom\":[2,4],\"g_rule\":\"+\",\"p_rule\":0.5,\"name\":\"s1\",\"genotype\":6,\"phenotype\":3}",
[04:58:19.125] "<04:58:19.124><48540.55500000001> p-proxy s1 receives Phenotype p-ch msg = {\"axiom\":[2,4],\"g_rule\":\"+\",\"p_rule\":0.5,\"name\":\"s1\",\"genotype\":6,\"phenotype\":3}",
[04:58:19.132] "<04:58:19.128><48544.825000000004> producer s1 received PHENOTYPE",
