[04:59:44.042] "<04:59:44.031><12100.471765> \nGenotype received from s1 {\"axiom\":[2,4],\"g_rule\":\"+\",\"p_rule\":0.5,\"name\":\"s1\"}",
[04:59:44.045] "<04:59:44.022><8730.505000000001> \n%%% g-proxy s1 sends to Genotype g-ch msg {\"axiom\":[2,4],\"g_rule\":\"+\",\"p_rule\":0.5,\"name\":\"s1\"}",
[04:59:44.042] "<04:59:44.031><12104.542703> Genotype sends to s1 generated genotype {\"axiom\":[2,4],\"g_rule\":\"+\",\"p_rule\":0.5,\"name\":\"s1\",\"genotype\":6}",
[04:59:44.046] "<04:59:44.043><8746.495> producer s1 received GENOTYPE",
[04:59:44.048] "<04:59:44.044><8748.135000000002> %%% p-proxy s1 sends to Phenotype p-ch msg {\"axiom\":[2,4],\"g_rule\":\"+\",\"p_rule\":0.5,\"name\":\"s1\",\"genotype\":6}",
[04:59:44.049] "<04:59:44.046><12113.261406> Phenotype received from s1 {\"axiom\":[2,4],\"g_rule\":\"+\",\"p_rule\":0.5,\"name\":\"s1\",\"genotype\":6}",
[04:59:44.050] "<04:59:44.048><12114.526393> Phenotype sends to s1 generated phenotype {\"axiom\":[2,4],\"g_rule\":\"+\",\"p_rule\":0.5,\"name\":\"s1\",\"genotype\":6,\"phenotype\":3}",
[04:59:44.050] "<04:59:44.032><8743.580000000002> g-proxy s1 receives Genotype g-ch msg = {\"axiom\":[2,4],\"g_rule\":\"+\",\"p_rule\":0.5,\"name\":\"s1\",\"genotype\":6}",
[04:59:44.053] "<04:59:44.050><8753.395> p-proxy s1 receives Phenotype p-ch msg = {\"axiom\":[2,4],\"g_rule\":\"+\",\"p_rule\":0.5,\"name\":\"s1\",\"genotype\":6,\"phenotype\":3}",
[04:59:44.053] "<04:59:44.051><8755.175000000001> producer s1 received PHENOTYPE",
[04:59:49.028] "<04:59:49.029><13733.495> \n%%% g-proxy s1 sends to Genotype g-ch msg {\"axiom\":[2,4],\"g_rule\":\"+\",\"p_rule\":0.5,\"name\":\"s1\"}",
[04:59:49.038] "<04:59:49.028><17099.398657> \nGenotype received from s1 {\"axiom\":[2,4],\"g_rule\":\"+\",\"p_rule\":0.5,\"name\":\"s1\"}",
[04:59:49.038] "<04:59:49.028><17101.518814> Genotype sends to s1 generated genotype {\"axiom\":[2,4],\"g_rule\":\"+\",\"p_rule\":0.5,\"name\":\"s1\",\"genotype\":6}",
[04:59:49.038] "<04:59:49.029><13739.565> g-proxy s1 receives Genotype g-ch msg = {\"axiom\":[2,4],\"g_rule\":\"+\",\"p_rule\":0.5,\"name\":\"s1\",\"genotype\":6}",
[04:59:49.038] "<04:59:49.039><13743.475000000002> producer s1 received GENOTYPE",
[04:59:49.038] "<04:59:49.039><13745.745> %%% p-proxy s1 sends to Phenotype p-ch msg {\"axiom\":[2,4],\"g_rule\":\"+\",\"p_rule\":0.5,\"name\":\"s1\",\"genotype\":6}",
[04:59:49.052] "<04:59:49.038><17111.941934> Phenotype received from s1 {\"axiom\":[2,4],\"g_rule\":\"+\",\"p_rule\":0.5,\"name\":\"s1\",\"genotype\":6}",
[04:59:49.053] "<04:59:49.038><17113.090253> Phenotype sends to s1 generated phenotype {\"axiom\":[2,4],\"g_rule\":\"+\",\"p_rule\":0.5,\"name\":\"s1\",\"genotype\":6,\"phenotype\":3}",
[04:59:49.054] "<04:59:49.039><13751.500000000002> p-proxy s1 receives Phenotype p-ch msg = {\"axiom\":[2,4],\"g_rule\":\"+\",\"p_rule\":0.5,\"name\":\"s1\",\"genotype\":6,\"phenotype\":3}",
[04:59:49.054] "<04:59:49.050><13754.095000000001> producer s1 received PHENOTYPE",
[04:59:54.027] "<04:59:54.027><22095.330679> \nGenotype received from s1 {\"axiom\":[2,4],\"g_rule\":\"+\",\"p_rule\":0.5,\"name\":\"s1\"}",
[04:59:54.027] "<04:59:54.027><22096.443466> Genotype sends to s1 generated genotype {\"axiom\":[2,4],\"g_rule\":\"+\",\"p_rule\":0.5,\"name\":\"s1\",\"genotype\":6}",
[04:59:54.027] "<04:59:54.028><18732.16> \n%%% g-proxy s1 sends to Genotype g-ch msg {\"axiom\":[2,4],\"g_rule\":\"+\",\"p_rule\":0.5,\"name\":\"s1\"}",
[04:59:54.037] "<04:59:54.028><18735.045000000002> g-proxy s1 receives Genotype g-ch msg = {\"axiom\":[2,4],\"g_rule\":\"+\",\"p_rule\":0.5,\"name\":\"s1\",\"genotype\":6}",
[04:59:54.037] "<04:59:54.028><18738.800000000003> producer s1 received GENOTYPE",
[04:59:54.037] "<04:59:54.038><18743.13> %%% p-proxy s1 sends to Phenotype p-ch msg {\"axiom\":[2,4],\"g_rule\":\"+\",\"p_rule\":0.5,\"name\":\"s1\",\"genotype\":6}",
[04:59:54.037] "<04:59:54.037><22109.768476> Phenotype received from s1 {\"axiom\":[2,4],\"g_rule\":\"+\",\"p_rule\":0.5,\"name\":\"s1\",\"genotype\":6}",
[04:59:54.048] "<04:59:54.037><22110.923903> Phenotype sends to s1 generated phenotype {\"axiom\":[2,4],\"g_rule\":\"+\",\"p_rule\":0.5,\"name\":\"s1\",\"genotype\":6,\"phenotype\":3}",
[04:59:54.056] "<04:59:54.052><18754.995000000003> p-proxy s1 receives Phenotype p-ch msg = {\"axiom\":[2,4],\"g_rule\":\"+\",\"p_rule\":0.5,\"name\":\"s1\",\"genotype\":6,\"phenotype\":3}",
[04:59:54.056] "<04:59:54.054><18757.68> producer s1 received PHENOTYPE",
[04:59:59.021] "<04:59:59.021><27091.952641> \nGenotype received from s1 {\"axiom\":[3,5],\"g_rule\":\"*\",\"p_rule\":2,\"name\":\"s1\"}",
[04:59:59.021] "<04:59:59.021><27093.201639> Genotype sends to s1 generated genotype {\"axiom\":[3,5],\"g_rule\":\"*\",\"p_rule\":2,\"name\":\"s1\",\"genotype\":15}",
[04:59:59.021] "<04:59:59.022><23726.405000000002> \n%%% g-proxy s1 sends to Genotype g-ch msg {\"axiom\":[3,5],\"g_rule\":\"*\",\"p_rule\":2,\"name\":\"s1\"}",
[04:59:59.031] "<04:59:59.022><23731.745000000003> g-proxy s1 receives Genotype g-ch msg = {\"axiom\":[3,5],\"g_rule\":\"*\",\"p_rule\":2,\"name\":\"s1\",\"genotype\":15}",
[04:59:59.041] "<04:59:59.032><23740.600000000002> producer s1 received GENOTYPE",
[04:59:59.043] "<04:59:59.042><27108.20264> Phenotype received from s1 {\"axiom\":[3,5],\"g_rule\":\"*\",\"p_rule\":2,\"name\":\"s1\",\"genotype\":15}",
[04:59:59.044] "<04:59:59.043><27108.731494> Phenotype sends to s1 generated phenotype {\"axiom\":[3,5],\"g_rule\":\"*\",\"p_rule\":2,\"name\":\"s1\",\"genotype\":15,\"phenotype\":30}",
[04:59:59.045] "<04:59:59.044><23746.995000000003> %%% p-proxy s1 sends to Phenotype p-ch msg {\"axiom\":[3,5],\"g_rule\":\"*\",\"p_rule\":2,\"name\":\"s1\",\"genotype\":15}",
[04:59:59.050] "<04:59:59.049><23751.780000000002> producer s1 received PHENOTYPE",
[04:59:59.056] "<04:59:59.045><23748.710000000003> p-proxy s1 receives Phenotype p-ch msg = {\"axiom\":[3,5],\"g_rule\":\"*\",\"p_rule\":2,\"name\":\"s1\",\"genotype\":15,\"phenotype\":30}",
[05:00:04.025] "<05:00:04.026><28730.22> \n%%% g-proxy s1 sends to Genotype g-ch msg {\"axiom\":[2,4],\"g_rule\":\"+\",\"p_rule\":0.5,\"name\":\"s1\"}",
[05:00:04.025] "<05:00:04.025><32094.345221> \nGenotype received from s1 {\"axiom\":[2,4],\"g_rule\":\"+\",\"p_rule\":0.5,\"name\":\"s1\"}",
[05:00:04.035] "<05:00:04.025><32095.722731> Genotype sends to s1 generated genotype {\"axiom\":[2,4],\"g_rule\":\"+\",\"p_rule\":0.5,\"name\":\"s1\",\"genotype\":6}",
[05:00:04.035] "<05:00:04.026><28734.645000000004> g-proxy s1 receives Genotype g-ch msg = {\"axiom\":[2,4],\"g_rule\":\"+\",\"p_rule\":0.5,\"name\":\"s1\",\"genotype\":6}",
[05:00:04.035] "<05:00:04.026><28738.185> producer s1 received GENOTYPE",
[05:00:04.046] "<05:00:04.036><28740.840000000004> %%% p-proxy s1 sends to Phenotype p-ch msg {\"axiom\":[2,4],\"g_rule\":\"+\",\"p_rule\":0.5,\"name\":\"s1\",\"genotype\":6}",
[05:00:04.047] "<05:00:04.045><32110.696489> Phenotype received from s1 {\"axiom\":[2,4],\"g_rule\":\"+\",\"p_rule\":0.5,\"name\":\"s1\",\"genotype\":6}",
[05:00:04.047] "<05:00:04.046><32111.880342> Phenotype sends to s1 generated phenotype {\"axiom\":[2,4],\"g_rule\":\"+\",\"p_rule\":0.5,\"name\":\"s1\",\"genotype\":6,\"phenotype\":3}",
[05:00:04.053] "<05:00:04.052><28755.47> p-proxy s1 receives Phenotype p-ch msg = {\"axiom\":[2,4],\"g_rule\":\"+\",\"p_rule\":0.5,\"name\":\"s1\",\"genotype\":6,\"phenotype\":3}",
[05:00:04.057] "<05:00:04.055><28757.925000000003> producer s1 received PHENOTYPE",
