[05:07:52.400] "<05:07:52.388><15604.607255> \nGenotype received from s1 {\"axiom\":[2,4],\"g_rule\":\"+\",\"p_rule\":0.5,\"name\":\"s1\"}",
[05:07:52.401] "<05:07:52.388><15609.51915> Genotype sends to s1 generated genotype {\"axiom\":[2,4],\"g_rule\":\"+\",\"p_rule\":0.5,\"name\":\"s1\",\"genotype\":6}",
[05:07:52.405] "<05:07:52.379><8728.710000000001> \n%%% g-proxy s1 sends to Genotype g-ch msg {\"axiom\":[2,4],\"g_rule\":\"+\",\"p_rule\":0.5,\"name\":\"s1\"}",
[05:07:52.407] "<05:07:52.402><8747.380000000001> producer s1 received GENOTYPE",
[05:07:52.411] "<05:07:52.408><15622.259637> Phenotype received from s1 {\"axiom\":[2,4],\"g_rule\":\"+\",\"p_rule\":0.5,\"name\":\"s1\",\"genotype\":6}",
[05:07:52.411] "<05:07:52.409><15623.196534> Phenotype sends to s1 generated phenotype {\"axiom\":[2,4],\"g_rule\":\"+\",\"p_rule\":0.5,\"name\":\"s1\",\"genotype\":6,\"phenotype\":3}",
[05:07:52.412] "<05:07:52.406><8751.085000000001> %%% p-proxy s1 sends to Phenotype p-ch msg {\"axiom\":[2,4],\"g_rule\":\"+\",\"p_rule\":0.5,\"name\":\"s1\",\"genotype\":6}",
[05:07:52.411] "<05:07:52.389><8742.715> g-proxy s1 receives Genotype g-ch msg = {\"axiom\":[2,4],\"g_rule\":\"+\",\"p_rule\":0.5,\"name\":\"s1\",\"genotype\":6}",
[05:07:52.414] "<05:07:52.413><8758.165> p-proxy s1 receives Phenotype p-ch msg = {\"axiom\":[2,4],\"g_rule\":\"+\",\"p_rule\":0.5,\"name\":\"s1\",\"genotype\":6,\"phenotype\":3}",
[05:07:52.417] "<05:07:52.417><8762.230000000001> producer s1 received PHENOTYPE",
[05:07:57.391] "<05:07:57.382><13728.005000000001> \n%%% g-proxy s1 sends to Genotype g-ch msg {\"axiom\":[3,5],\"g_rule\":\"*\",\"p_rule\":2,\"name\":\"s1\"}",
[05:07:57.391] "<05:07:57.381><20602.230074> \nGenotype received from s1 {\"axiom\":[3,5],\"g_rule\":\"*\",\"p_rule\":2,\"name\":\"s1\"}",
[05:07:57.391] "<05:07:57.391><20604.5658> Genotype sends to s1 generated genotype {\"axiom\":[3,5],\"g_rule\":\"*\",\"p_rule\":2,\"name\":\"s1\",\"genotype\":15}",
[05:07:57.402] "<05:07:57.392><13737.425000000001> g-proxy s1 receives Genotype g-ch msg = {\"axiom\":[3,5],\"g_rule\":\"*\",\"p_rule\":2,\"name\":\"s1\",\"genotype\":15}",
[05:07:57.403] "<05:07:57.392><13742.365000000002> producer s1 received GENOTYPE",
[05:07:57.413] "<05:07:57.404><20618.424995> Phenotype sends to s1 generated phenotype {\"axiom\":[3,5],\"g_rule\":\"*\",\"p_rule\":2,\"name\":\"s1\",\"genotype\":15,\"phenotype\":30}",
[05:07:57.413] "<05:07:57.403><20617.212123> Phenotype received from s1 {\"axiom\":[3,5],\"g_rule\":\"*\",\"p_rule\":2,\"name\":\"s1\",\"genotype\":15}",
[05:07:57.405] "<05:07:57.392><13745.600000000002> %%% p-proxy s1 sends to Phenotype p-ch msg {\"axiom\":[3,5],\"g_rule\":\"*\",\"p_rule\":2,\"name\":\"s1\",\"genotype\":15}",
[05:07:57.417] "<05:07:57.412><13756.825> producer s1 received PHENOTYPE",
[05:07:57.417] "<05:07:57.407><13751.37> p-proxy s1 receives Phenotype p-ch msg = {\"axiom\":[3,5],\"g_rule\":\"*\",\"p_rule\":2,\"name\":\"s1\",\"genotype\":15,\"phenotype\":30}",
[05:08:02.374] "<05:08:02.375><18721.83> \n%%% g-proxy s1 sends to Genotype g-ch msg {\"axiom\":[2,4],\"g_rule\":\"+\",\"p_rule\":0.5,\"name\":\"s1\"}",
[05:08:02.374] "<05:08:02.374><25590.935795> \nGenotype received from s1 {\"axiom\":[2,4],\"g_rule\":\"+\",\"p_rule\":0.5,\"name\":\"s1\"}",
[05:08:02.374] "<05:08:02.374><25591.551114> Genotype sends to s1 generated genotype {\"axiom\":[2,4],\"g_rule\":\"+\",\"p_rule\":0.5,\"name\":\"s1\",\"genotype\":6}",
[05:08:02.384] "<05:08:02.375><18723.930000000004> g-proxy s1 receives Genotype g-ch msg = {\"axiom\":[2,4],\"g_rule\":\"+\",\"p_rule\":0.5,\"name\":\"s1\",\"genotype\":6}",
[05:08:02.384] "<05:08:02.384><25604.014441> Phenotype sends to s1 generated phenotype {\"axiom\":[2,4],\"g_rule\":\"+\",\"p_rule\":0.5,\"name\":\"s1\",\"genotype\":6,\"phenotype\":3}",
[05:08:02.384] "<05:08:02.375><18725.945000000003> producer s1 received GENOTYPE",
[05:08:02.384] "<05:08:02.384><25602.083795> Phenotype received from s1 {\"axiom\":[2,4],\"g_rule\":\"+\",\"p_rule\":0.5,\"name\":\"s1\",\"genotype\":6}",
[05:08:02.384] "<05:08:02.375><18727.27> %%% p-proxy s1 sends to Phenotype p-ch msg {\"axiom\":[2,4],\"g_rule\":\"+\",\"p_rule\":0.5,\"name\":\"s1\",\"genotype\":6}",
[05:08:02.402] "<05:08:02.385><18737.7> p-proxy s1 receives Phenotype p-ch msg = {\"axiom\":[2,4],\"g_rule\":\"+\",\"p_rule\":0.5,\"name\":\"s1\",\"genotype\":6,\"phenotype\":3}",
[05:08:02.403] "<05:08:02.396><18741.030000000002> producer s1 received PHENOTYPE",
[05:08:07.378] "<05:08:07.376><30590.507025> \nGenotype received from s1 {\"axiom\":[2,4],\"g_rule\":\"+\",\"p_rule\":0.5,\"name\":\"s1\"}",
[05:08:07.379] "<05:08:07.377><30591.22776> Genotype sends to s1 generated genotype {\"axiom\":[2,4],\"g_rule\":\"+\",\"p_rule\":0.5,\"name\":\"s1\",\"genotype\":6}",
[05:08:07.380] "<05:08:07.377><23722.145> \n%%% g-proxy s1 sends to Genotype g-ch msg {\"axiom\":[2,4],\"g_rule\":\"+\",\"p_rule\":0.5,\"name\":\"s1\"}",
[05:08:07.382] "<05:08:07.379><23724.305> g-proxy s1 receives Genotype g-ch msg = {\"axiom\":[2,4],\"g_rule\":\"+\",\"p_rule\":0.5,\"name\":\"s1\",\"genotype\":6}",
[05:08:07.387] "<05:08:07.385><30599.312785> Phenotype received from s1 {\"axiom\":[2,4],\"g_rule\":\"+\",\"p_rule\":0.5,\"name\":\"s1\",\"genotype\":6}",
[05:08:07.387] "<05:08:07.386><30599.996802> Phenotype sends to s1 generated phenotype {\"axiom\":[2,4],\"g_rule\":\"+\",\"p_rule\":0.5,\"name\":\"s1\",\"genotype\":6,\"phenotype\":3}",
[05:08:07.385] "<05:08:07.384><23728.850000000002> producer s1 received GENOTYPE",
[05:08:07.388] "<05:08:07.386><23731.040000000005> %%% p-proxy s1 sends to Phenotype p-ch msg {\"axiom\":[2,4],\"g_rule\":\"+\",\"p_rule\":0.5,\"name\":\"s1\",\"genotype\":6}",
[05:08:07.395] "<05:08:07.393><23737.755000000005> producer s1 received PHENOTYPE",
[05:08:07.397] "<05:08:07.388><23732.59> p-proxy s1 receives Phenotype p-ch msg = {\"axiom\":[2,4],\"g_rule\":\"+\",\"p_rule\":0.5,\"name\":\"s1\",\"genotype\":6,\"phenotype\":3}",
