[16:00:52.766] "<16:00:52.750><48223.015397> \nGenotype received from s1 {\"axiom\":[3,5],\"g_rule\":\"*\",\"p_rule\":2,\"name\":\"s1\"}",
[16:00:52.766] "<16:00:52.750><48226.531381> Genotype sends to s1 generated genotype {\"axiom\":[3,5],\"g_rule\":\"*\",\"p_rule\":2,\"name\":\"s1\",\"genotype\":15}",
[16:00:52.766] "<16:00:52.751><9006.880000000001> \n%%% g-proxy s1 sends to Genotype g-ch msg {\"axiom\":[3,5],\"g_rule\":\"*\",\"p_rule\":2,\"name\":\"s1\"}",
[16:00:52.766] "<16:00:52.766><9018.695000000002> producer s1 received GENOTYPE",
[16:00:52.782] "<16:00:52.766><9019.8> %%% p-proxy s1 sends to Phenotype p-ch msg {\"axiom\":[3,5],\"g_rule\":\"*\",\"p_rule\":2,\"name\":\"s1\",\"genotype\":15}",
[16:00:52.782] "<16:00:52.766><48240.733898> Phenotype received from s1 {\"axiom\":[3,5],\"g_rule\":\"*\",\"p_rule\":2,\"name\":\"s1\",\"genotype\":15}",
[16:00:52.782] "<16:00:52.766><48241.949716> Phenotype sends to s1 generated phenotype {\"axiom\":[3,5],\"g_rule\":\"*\",\"p_rule\":2,\"name\":\"s1\",\"genotype\":15,\"phenotype\":30}",
[16:00:53.754] "<16:00:52.751><9017.705000000002> g-proxy s1 receives Genotype g-ch msg = {\"axiom\":[3,5],\"g_rule\":\"*\",\"p_rule\":2,\"name\":\"s1\",\"genotype\":15}",
[16:00:53.754] "<16:00:52.766><9033.07> producer s1 received PHENOTYPE",
[16:00:53.754] "<16:00:52.766><9032.485> p-proxy s1 receives Phenotype p-ch msg = {\"axiom\":[3,5],\"g_rule\":\"*\",\"p_rule\":2,\"name\":\"s1\",\"genotype\":15,\"phenotype\":30}",
[16:01:09.127] "<16:01:09.125><64585.772966> \nGenotype received from s2 {\"axiom\":[2,4],\"g_rule\":\"+\",\"p_rule\":0.5,\"name\":\"s2\"}",
[16:01:09.128] "<16:01:09.126><64587.188362> Genotype sends to s2 generated genotype {\"axiom\":[2,4],\"g_rule\":\"+\",\"p_rule\":0.5,\"name\":\"s2\",\"genotype\":6}",
[16:01:09.131] "<16:01:09.125><9194.77> \n%%% g-proxy s2 sends to Genotype g-ch msg {\"axiom\":[2,4],\"g_rule\":\"+\",\"p_rule\":0.5,\"name\":\"s2\"}",
[16:01:09.141] "<16:01:09.139><9209.2> producer s2 received GENOTYPE",
[16:01:09.146] "<16:01:09.145><64605.606861> Phenotype received from s2 {\"axiom\":[2,4],\"g_rule\":\"+\",\"p_rule\":0.5,\"name\":\"s2\",\"genotype\":6}",
[16:01:09.147] "<16:01:09.145><64606.229872> Phenotype sends to s2 generated phenotype {\"axiom\":[2,4],\"g_rule\":\"+\",\"p_rule\":0.5,\"name\":\"s2\",\"genotype\":6,\"phenotype\":3}",
[16:01:09.149] "<16:01:09.145><9214.955000000002> %%% p-proxy s2 sends to Phenotype p-ch msg {\"axiom\":[2,4],\"g_rule\":\"+\",\"p_rule\":0.5,\"name\":\"s2\",\"genotype\":6}",
[16:01:09.149] "<16:01:09.133><9204.140000000001> g-proxy s2 receives Genotype g-ch msg = {\"axiom\":[2,4],\"g_rule\":\"+\",\"p_rule\":0.5,\"name\":\"s2\",\"genotype\":6}",
[16:01:09.154] "<16:01:09.150><9219.835000000001> p-proxy s2 receives Phenotype p-ch msg = {\"axiom\":[2,4],\"g_rule\":\"+\",\"p_rule\":0.5,\"name\":\"s2\",\"genotype\":6,\"phenotype\":3}",
[16:01:09.156] "<16:01:09.152><9221.92> producer s2 received PHENOTYPE",
[16:01:14.123] "<16:01:14.123><69585.932272> \nGenotype received from s2 {\"axiom\":[10,7],\"g_rule\":\"*\",\"p_rule\":2,\"name\":\"s2\"}",
[16:01:14.123] "<16:01:14.123><69586.912981> Genotype sends to s2 generated genotype {\"axiom\":[10,7],\"g_rule\":\"*\",\"p_rule\":2,\"name\":\"s2\",\"genotype\":70}",
[16:01:14.123] "<16:01:14.123><14195.105000000001> \n%%% g-proxy s2 sends to Genotype g-ch msg {\"axiom\":[10,7],\"g_rule\":\"*\",\"p_rule\":2,\"name\":\"s2\"}",
[16:01:14.123] "<16:01:14.123><14197.675000000003> g-proxy s2 receives Genotype g-ch msg = {\"axiom\":[10,7],\"g_rule\":\"*\",\"p_rule\":2,\"name\":\"s2\",\"genotype\":70}",
[16:01:14.123] "<16:01:14.123><14202.650000000001> producer s2 received GENOTYPE",
[16:01:14.139] "<16:01:14.123><69597.512457> Phenotype received from s2 {\"axiom\":[10,7],\"g_rule\":\"*\",\"p_rule\":2,\"name\":\"s2\",\"genotype\":70}",
[16:01:14.139] "<16:01:14.123><14206.150000000001> %%% p-proxy s2 sends to Phenotype p-ch msg {\"axiom\":[10,7],\"g_rule\":\"*\",\"p_rule\":2,\"name\":\"s2\",\"genotype\":70}",
[16:01:14.139] "<16:01:14.139><69598.758479> Phenotype sends to s2 generated phenotype {\"axiom\":[10,7],\"g_rule\":\"*\",\"p_rule\":2,\"name\":\"s2\",\"genotype\":70,\"phenotype\":140}",
[16:01:14.139] "<16:01:14.139><14219.955> producer s2 received PHENOTYPE",
[16:01:14.156] "<16:01:14.139><14214.66> p-proxy s2 receives Phenotype p-ch msg = {\"axiom\":[10,7],\"g_rule\":\"*\",\"p_rule\":2,\"name\":\"s2\",\"genotype\":70,\"phenotype\":140}",
[16:01:19.123] "<16:01:19.122><74580.96832> \nGenotype received from s2 {\"axiom\":[2,4],\"g_rule\":\"+\",\"p_rule\":0.5,\"name\":\"s2\"}",
[16:01:19.126] "<16:01:19.122><74581.587186> Genotype sends to s2 generated genotype {\"axiom\":[2,4],\"g_rule\":\"+\",\"p_rule\":0.5,\"name\":\"s2\",\"genotype\":6}",
[16:01:19.126] "<16:01:19.121><19190.57> \n%%% g-proxy s2 sends to Genotype g-ch msg {\"axiom\":[2,4],\"g_rule\":\"+\",\"p_rule\":0.5,\"name\":\"s2\"}",
[16:01:19.128] "<16:01:19.123><19192.435000000005> g-proxy s2 receives Genotype g-ch msg = {\"axiom\":[2,4],\"g_rule\":\"+\",\"p_rule\":0.5,\"name\":\"s2\",\"genotype\":6}",
[16:01:19.130] "<16:01:19.125><19194.335000000003> producer s2 received GENOTYPE",
[16:01:19.132] "<16:01:19.126><19195.530000000002> %%% p-proxy s2 sends to Phenotype p-ch msg {\"axiom\":[2,4],\"g_rule\":\"+\",\"p_rule\":0.5,\"name\":\"s2\",\"genotype\":6}",
[16:01:19.132] "<16:01:19.131><74590.195633> Phenotype received from s2 {\"axiom\":[2,4],\"g_rule\":\"+\",\"p_rule\":0.5,\"name\":\"s2\",\"genotype\":6}",
[16:01:19.133] "<16:01:19.132><74591.036579> Phenotype sends to s2 generated phenotype {\"axiom\":[2,4],\"g_rule\":\"+\",\"p_rule\":0.5,\"name\":\"s2\",\"genotype\":6,\"phenotype\":3}",
[16:01:19.136] "<16:01:19.135><19204.105000000003> p-proxy s2 receives Phenotype p-ch msg = {\"axiom\":[2,4],\"g_rule\":\"+\",\"p_rule\":0.5,\"name\":\"s2\",\"genotype\":6,\"phenotype\":3}",
[16:01:19.138] "<16:01:19.137><19206.410000000003> producer s2 received PHENOTYPE",
[16:01:24.124] "<16:01:24.121><24190.595> \n%%% g-proxy s2 sends to Genotype g-ch msg {\"axiom\":[10,7],\"g_rule\":\"*\",\"p_rule\":2,\"name\":\"s2\"}",
[16:01:24.125] "<16:01:24.122><79582.431685> \nGenotype received from s2 {\"axiom\":[10,7],\"g_rule\":\"*\",\"p_rule\":2,\"name\":\"s2\"}",
[16:01:24.126] "<16:01:24.123><79583.334814> Genotype sends to s2 generated genotype {\"axiom\":[10,7],\"g_rule\":\"*\",\"p_rule\":2,\"name\":\"s2\",\"genotype\":70}",
[16:01:24.128] "<16:01:24.125><24194.125000000004> g-proxy s2 receives Genotype g-ch msg = {\"axiom\":[10,7],\"g_rule\":\"*\",\"p_rule\":2,\"name\":\"s2\",\"genotype\":70}",
[16:01:24.131] "<16:01:24.129><24197.77> producer s2 received GENOTYPE",
[16:01:24.136] "<16:01:24.134><79593.629299> Phenotype sends to s2 generated phenotype {\"axiom\":[10,7],\"g_rule\":\"*\",\"p_rule\":2,\"name\":\"s2\",\"genotype\":70,\"phenotype\":140}",
[16:01:24.135] "<16:01:24.133><79592.700705> Phenotype received from s2 {\"axiom\":[10,7],\"g_rule\":\"*\",\"p_rule\":2,\"name\":\"s2\",\"genotype\":70}",
[16:01:24.137] "<16:01:24.131><24200.390000000003> %%% p-proxy s2 sends to Phenotype p-ch msg {\"axiom\":[10,7],\"g_rule\":\"*\",\"p_rule\":2,\"name\":\"s2\",\"genotype\":70}",
[16:01:24.140] "<16:01:24.135><24204.120000000003> p-proxy s2 receives Phenotype p-ch msg = {\"axiom\":[10,7],\"g_rule\":\"*\",\"p_rule\":2,\"name\":\"s2\",\"genotype\":70,\"phenotype\":140}",
[16:01:24.147] "<16:01:24.140><24208.960000000003> producer s2 received PHENOTYPE",
[16:01:29.133] "<16:01:29.133><29203.405000000002> \n%%% g-proxy s2 sends to Genotype g-ch msg {\"axiom\":[10,7],\"g_rule\":\"*\",\"p_rule\":2,\"name\":\"s2\"}",
[16:01:29.133] "<16:01:29.133><84595.0139> \nGenotype received from s2 {\"axiom\":[10,7],\"g_rule\":\"*\",\"p_rule\":2,\"name\":\"s2\"}",
[16:01:29.149] "<16:01:29.133><29208.65> g-proxy s2 receives Genotype g-ch msg = {\"axiom\":[10,7],\"g_rule\":\"*\",\"p_rule\":2,\"name\":\"s2\",\"genotype\":70}",
[16:01:29.133] "<16:01:29.133><84597.933523> Genotype sends to s2 generated genotype {\"axiom\":[10,7],\"g_rule\":\"*\",\"p_rule\":2,\"name\":\"s2\",\"genotype\":70}",
[16:01:29.149] "<16:01:29.149><29219.120000000003> producer s2 received GENOTYPE",
[16:01:29.149] "<16:01:29.149><29223.450000000004> %%% p-proxy s2 sends to Phenotype p-ch msg {\"axiom\":[10,7],\"g_rule\":\"*\",\"p_rule\":2,\"name\":\"s2\",\"genotype\":70}",
[16:01:29.149] "<16:01:29.149><84616.032226> Phenotype received from s2 {\"axiom\":[10,7],\"g_rule\":\"*\",\"p_rule\":2,\"name\":\"s2\",\"genotype\":70}",
[16:01:29.149] "<16:01:29.149><84617.063274> Phenotype sends to s2 generated phenotype {\"axiom\":[10,7],\"g_rule\":\"*\",\"p_rule\":2,\"name\":\"s2\",\"genotype\":70,\"phenotype\":140}",
[16:01:29.165] "<16:01:29.149><29227.860000000004> p-proxy s2 receives Phenotype p-ch msg = {\"axiom\":[10,7],\"g_rule\":\"*\",\"p_rule\":2,\"name\":\"s2\",\"genotype\":70,\"phenotype\":140}",
[16:01:29.165] "<16:01:29.149><29231.77> producer s2 received PHENOTYPE",
[16:01:34.129] "<16:01:34.129><34199.115000000005> \n%%% g-proxy s2 sends to Genotype g-ch msg {\"axiom\":[2,4],\"g_rule\":\"+\",\"p_rule\":0.5,\"name\":\"s2\"}",
[16:01:34.129] "<16:01:34.129><89593.06551> \nGenotype received from s2 {\"axiom\":[2,4],\"g_rule\":\"+\",\"p_rule\":0.5,\"name\":\"s2\"}",
[16:01:34.129] "<16:01:34.129><89594.285474> Genotype sends to s2 generated genotype {\"axiom\":[2,4],\"g_rule\":\"+\",\"p_rule\":0.5,\"name\":\"s2\",\"genotype\":6}",
[16:01:34.144] "<16:01:34.129><34205.015> g-proxy s2 receives Genotype g-ch msg = {\"axiom\":[2,4],\"g_rule\":\"+\",\"p_rule\":0.5,\"name\":\"s2\",\"genotype\":6}",
[16:01:34.144] "<16:01:34.129><34208.91> producer s2 received GENOTYPE",
[16:01:34.144] "<16:01:34.129><34211.505000000005> %%% p-proxy s2 sends to Phenotype p-ch msg {\"axiom\":[2,4],\"g_rule\":\"+\",\"p_rule\":0.5,\"name\":\"s2\",\"genotype\":6}",
[16:01:34.144] "<16:01:34.144><89606.553222> Phenotype received from s2 {\"axiom\":[2,4],\"g_rule\":\"+\",\"p_rule\":0.5,\"name\":\"s2\",\"genotype\":6}",
[16:01:34.144] "<16:01:34.144><89607.875047> Phenotype sends to s2 generated phenotype {\"axiom\":[2,4],\"g_rule\":\"+\",\"p_rule\":0.5,\"name\":\"s2\",\"genotype\":6,\"phenotype\":3}",
[16:01:34.160] "<16:01:34.144><34223.380000000005> producer s2 received PHENOTYPE",
[16:01:34.160] "<16:01:34.144><34218.380000000005> p-proxy s2 receives Phenotype p-ch msg = {\"axiom\":[2,4],\"g_rule\":\"+\",\"p_rule\":0.5,\"name\":\"s2\",\"genotype\":6,\"phenotype\":3}",
[16:01:39.125] "<16:01:39.123><94581.546915> \nGenotype received from s2 {\"axiom\":[10,7],\"g_rule\":\"*\",\"p_rule\":2,\"name\":\"s2\"}",
[16:01:39.128] "<16:01:39.124><94582.520518> Genotype sends to s2 generated genotype {\"axiom\":[10,7],\"g_rule\":\"*\",\"p_rule\":2,\"name\":\"s2\",\"genotype\":70}",
[16:01:39.129] "<16:01:39.122><39190.530000000006> \n%%% g-proxy s2 sends to Genotype g-ch msg {\"axiom\":[10,7],\"g_rule\":\"*\",\"p_rule\":2,\"name\":\"s2\"}",
[16:01:39.137] "<16:01:39.125><39193.3> g-proxy s2 receives Genotype g-ch msg = {\"axiom\":[10,7],\"g_rule\":\"*\",\"p_rule\":2,\"name\":\"s2\",\"genotype\":70}",
[16:01:39.138] "<16:01:39.128><39196.79> producer s2 received GENOTYPE",
[16:01:39.142] "<16:01:39.140><94598.128954> Phenotype received from s2 {\"axiom\":[10,7],\"g_rule\":\"*\",\"p_rule\":2,\"name\":\"s2\",\"genotype\":70}",
[16:01:39.144] "<16:01:39.141><94599.446634> Phenotype sends to s2 generated phenotype {\"axiom\":[10,7],\"g_rule\":\"*\",\"p_rule\":2,\"name\":\"s2\",\"genotype\":70,\"phenotype\":140}",
[16:01:39.144] "<16:01:39.131><39199.76> %%% p-proxy s2 sends to Phenotype p-ch msg {\"axiom\":[10,7],\"g_rule\":\"*\",\"p_rule\":2,\"name\":\"s2\",\"genotype\":70}",
[16:01:39.147] "<16:01:39.146><39214.475> p-proxy s2 receives Phenotype p-ch msg = {\"axiom\":[10,7],\"g_rule\":\"*\",\"p_rule\":2,\"name\":\"s2\",\"genotype\":70,\"phenotype\":140}",
[16:01:39.149] "<16:01:39.148><39216.630000000005> producer s2 received PHENOTYPE",
[16:01:44.123] "<16:01:44.123><44193.08500000001> \n%%% g-proxy s2 sends to Genotype g-ch msg {\"axiom\":[10,7],\"g_rule\":\"*\",\"p_rule\":2,\"name\":\"s2\"}",
[16:01:44.123] "<16:01:44.123><99590.36856> \nGenotype received from s2 {\"axiom\":[10,7],\"g_rule\":\"*\",\"p_rule\":2,\"name\":\"s2\"}",
[16:01:44.123] "<16:01:44.123><99591.242078> Genotype sends to s2 generated genotype {\"axiom\":[10,7],\"g_rule\":\"*\",\"p_rule\":2,\"name\":\"s2\",\"genotype\":70}",
[16:01:44.139] "<16:01:44.123><44205.770000000004> producer s2 received GENOTYPE",
[16:01:44.139] "<16:01:44.123><44201.98> g-proxy s2 receives Genotype g-ch msg = {\"axiom\":[10,7],\"g_rule\":\"*\",\"p_rule\":2,\"name\":\"s2\",\"genotype\":70}",
[16:01:44.139] "<16:01:44.139><99600.582504> Phenotype received from s2 {\"axiom\":[10,7],\"g_rule\":\"*\",\"p_rule\":2,\"name\":\"s2\",\"genotype\":70}",
[16:01:44.139] "<16:01:44.139><99601.793585> Phenotype sends to s2 generated phenotype {\"axiom\":[10,7],\"g_rule\":\"*\",\"p_rule\":2,\"name\":\"s2\",\"genotype\":70,\"phenotype\":140}",
[16:01:44.139] "<16:01:44.139><44208.39> %%% p-proxy s2 sends to Phenotype p-ch msg {\"axiom\":[10,7],\"g_rule\":\"*\",\"p_rule\":2,\"name\":\"s2\",\"genotype\":70}",
[16:01:44.139] "<16:01:44.139><44212.505> p-proxy s2 receives Phenotype p-ch msg = {\"axiom\":[10,7],\"g_rule\":\"*\",\"p_rule\":2,\"name\":\"s2\",\"genotype\":70,\"phenotype\":140}",
[16:01:44.139] "<16:01:44.139><44215.985> producer s2 received PHENOTYPE",
