[16:41:15.076] "<16:41:15.061><35990.4979> \nGenotype received from s1 {\"axiom\":[2,4],\"g_rule\":\"+\",\"p_rule\":0.5,\"name\":\"s1\"}",
[16:41:15.076] "<16:41:15.061><9117.825> \n%%% g-proxy s1 sends to Genotype g-ch msg {\"axiom\":[2,4],\"g_rule\":\"+\",\"p_rule\":0.5,\"name\":\"s1\"}",
[16:41:15.076] "<16:41:15.076><35995.795861> Genotype sends to s1 generated genotype {\"axiom\":[2,4],\"g_rule\":\"+\",\"p_rule\":0.5,\"name\":\"s1\",\"genotype\":6}",
[16:41:15.076] "<16:41:15.076><9136.735000000002> producer s1 received GENOTYPE",
[16:41:15.094] "<16:41:15.076><9132.035> g-proxy s1 receives Genotype g-ch msg = {\"axiom\":[2,4],\"g_rule\":\"+\",\"p_rule\":0.5,\"name\":\"s1\",\"genotype\":6}",
[16:41:15.099] "<16:41:15.076><9141.56> %%% p-proxy s1 sends to Phenotype p-ch msg {\"axiom\":[2,4],\"g_rule\":\"+\",\"p_rule\":0.5,\"name\":\"s1\",\"genotype\":6}",
[16:41:15.099] "<16:41:15.097><36013.309455> Phenotype received from s1 {\"axiom\":[2,4],\"g_rule\":\"+\",\"p_rule\":0.5,\"name\":\"s1\",\"genotype\":6}",
[16:41:15.100] "<16:41:15.098><36014.076375> Phenotype sends to s1 generated phenotype {\"axiom\":[2,4],\"g_rule\":\"+\",\"p_rule\":0.5,\"name\":\"s1\",\"genotype\":6,\"phenotype\":3}",
[16:41:15.103] "<16:41:15.102><9152.91> producer s1 received PHENOTYPE",
[16:41:15.105] "<16:41:15.099><9150.130000000001> p-proxy s1 receives Phenotype p-ch msg = {\"axiom\":[2,4],\"g_rule\":\"+\",\"p_rule\":0.5,\"name\":\"s1\",\"genotype\":6,\"phenotype\":3}",
[16:41:20.053] "<16:41:20.053><14105.315> \n%%% g-proxy s1 sends to Genotype g-ch msg {\"axiom\":[10,7],\"g_rule\":\"*\",\"p_rule\":2,\"name\":\"s1\"}",
[16:41:20.053] "<16:41:20.053><40976.442253> \nGenotype received from s1 {\"axiom\":[10,7],\"g_rule\":\"*\",\"p_rule\":2,\"name\":\"s1\"}",
[16:41:20.053] "<16:41:20.053><40978.534551> Genotype sends to s1 generated genotype {\"axiom\":[10,7],\"g_rule\":\"*\",\"p_rule\":2,\"name\":\"s1\",\"genotype\":70}",
[16:41:20.069] "<16:41:20.053><14114.115000000002> g-proxy s1 receives Genotype g-ch msg = {\"axiom\":[10,7],\"g_rule\":\"*\",\"p_rule\":2,\"name\":\"s1\",\"genotype\":70}",
[16:41:20.069] "<16:41:20.053><14117.350000000002> producer s1 received GENOTYPE",
[16:41:20.069] "<16:41:20.069><40994.8039> Phenotype received from s1 {\"axiom\":[10,7],\"g_rule\":\"*\",\"p_rule\":2,\"name\":\"s1\",\"genotype\":70}",
[16:41:20.084] "<16:41:20.069><40996.668195> Phenotype sends to s1 generated phenotype {\"axiom\":[10,7],\"g_rule\":\"*\",\"p_rule\":2,\"name\":\"s1\",\"genotype\":70,\"phenotype\":140}",
[16:41:20.085] "<16:41:20.068><14124.620000000003> %%% p-proxy s1 sends to Phenotype p-ch msg {\"axiom\":[10,7],\"g_rule\":\"*\",\"p_rule\":2,\"name\":\"s1\",\"genotype\":70}",
[16:41:20.088] "<16:41:20.086><14136.94> producer s1 received PHENOTYPE",
[16:41:20.091] "<16:41:20.068><14132.270000000002> p-proxy s1 receives Phenotype p-ch msg = {\"axiom\":[10,7],\"g_rule\":\"*\",\"p_rule\":2,\"name\":\"s1\",\"genotype\":70,\"phenotype\":140}",
[16:41:25.059] "<16:41:25.059><45978.816445> \nGenotype received from s1 {\"axiom\":[10,7],\"g_rule\":\"*\",\"p_rule\":2,\"name\":\"s1\"}",
[16:41:25.059] "<16:41:25.059><45980.774903> Genotype sends to s1 generated genotype {\"axiom\":[10,7],\"g_rule\":\"*\",\"p_rule\":2,\"name\":\"s1\",\"genotype\":70}",
[16:41:25.059] "<16:41:25.059><19116.625000000004> g-proxy s1 receives Genotype g-ch msg = {\"axiom\":[10,7],\"g_rule\":\"*\",\"p_rule\":2,\"name\":\"s1\",\"genotype\":70}",
[16:41:25.059] "<16:41:25.059><19111.685> \n%%% g-proxy s1 sends to Genotype g-ch msg {\"axiom\":[10,7],\"g_rule\":\"*\",\"p_rule\":2,\"name\":\"s1\"}",
[16:41:25.059] "<16:41:25.059><19119.875> producer s1 received GENOTYPE",
[16:41:25.075] "<16:41:25.059><19122.06> %%% p-proxy s1 sends to Phenotype p-ch msg {\"axiom\":[10,7],\"g_rule\":\"*\",\"p_rule\":2,\"name\":\"s1\",\"genotype\":70}",
[16:41:25.075] "<16:41:25.075><45991.361942> Phenotype received from s1 {\"axiom\":[10,7],\"g_rule\":\"*\",\"p_rule\":2,\"name\":\"s1\",\"genotype\":70}",
[16:41:25.075] "<16:41:25.075><45992.399504> Phenotype sends to s1 generated phenotype {\"axiom\":[10,7],\"g_rule\":\"*\",\"p_rule\":2,\"name\":\"s1\",\"genotype\":70,\"phenotype\":140}",
[16:41:25.075] "<16:41:25.075><19127.940000000002> p-proxy s1 receives Phenotype p-ch msg = {\"axiom\":[10,7],\"g_rule\":\"*\",\"p_rule\":2,\"name\":\"s1\",\"genotype\":70,\"phenotype\":140}",
[16:41:25.075] "<16:41:25.075><19131.455> producer s1 received PHENOTYPE",
