[17:02:41.558] "<17:02:41.542><898852.325098> \nGenotype received from s1 {\"axiom\":[10,7],\"g_rule\":\"*\",\"p_rule\":2,\"name\":\"s1\"}",
[17:02:41.558] "<17:02:41.542><898856.118239> Genotype sends to s1 generated genotype {\"axiom\":[10,7],\"g_rule\":\"*\",\"p_rule\":2,\"name\":\"s1\",\"genotype\":70}",
[17:02:41.558] "<17:02:41.542><9053.275000000001> \n%%% g-proxy s1 sends to Genotype g-ch msg {\"axiom\":[10,7],\"g_rule\":\"*\",\"p_rule\":2,\"name\":\"s1\"}",
[17:02:41.558] "<17:02:41.558><9069.380000000001> producer s1 received GENOTYPE",
[17:02:41.558] "<17:02:41.558><9064.08> g-proxy s1 receives Genotype g-ch msg = {\"axiom\":[10,7],\"g_rule\":\"*\",\"p_rule\":2,\"name\":\"s1\",\"genotype\":70}",
[17:02:41.576] "<17:02:41.574><898871.813731> Phenotype received from s1 {\"axiom\":[10,7],\"g_rule\":\"*\",\"p_rule\":2,\"name\":\"s1\",\"genotype\":70}",
[17:02:41.577] "<17:02:41.558><9073.575> %%% p-proxy s1 sends to Phenotype p-ch msg {\"axiom\":[10,7],\"g_rule\":\"*\",\"p_rule\":2,\"name\":\"s1\",\"genotype\":70}",
[17:02:41.578] "<17:02:41.575><898873.04021> Phenotype sends to s1 generated phenotype {\"axiom\":[10,7],\"g_rule\":\"*\",\"p_rule\":2,\"name\":\"s1\",\"genotype\":70,\"phenotype\":140}",
[17:02:41.581] "<17:02:41.579><9084.795000000002> producer s1 received PHENOTYPE",
[17:02:41.582] "<17:02:41.577><9082.61> p-proxy s1 receives Phenotype p-ch msg = {\"axiom\":[10,7],\"g_rule\":\"*\",\"p_rule\":2,\"name\":\"s1\",\"genotype\":70,\"phenotype\":140}",
[17:02:46.533] "<17:02:46.533><903834.744583> \nGenotype received from s1 {\"axiom\":[10,7],\"g_rule\":\"*\",\"p_rule\":2,\"name\":\"s1\"}",
[17:02:46.533] "<17:02:46.533><903835.685021> Genotype sends to s1 generated genotype {\"axiom\":[10,7],\"g_rule\":\"*\",\"p_rule\":2,\"name\":\"s1\",\"genotype\":70}",
[17:02:46.533] "<17:02:46.533><14039.410000000002> \n%%% g-proxy s1 sends to Genotype g-ch msg {\"axiom\":[10,7],\"g_rule\":\"*\",\"p_rule\":2,\"name\":\"s1\"}",
[17:02:46.533] "<17:02:46.533><14042.86> g-proxy s1 receives Genotype g-ch msg = {\"axiom\":[10,7],\"g_rule\":\"*\",\"p_rule\":2,\"name\":\"s1\",\"genotype\":70}",
[17:02:46.533] "<17:02:46.533><14046.565> producer s1 received GENOTYPE",
[17:02:46.549] "<17:02:46.533><903844.038816> Phenotype received from s1 {\"axiom\":[10,7],\"g_rule\":\"*\",\"p_rule\":2,\"name\":\"s1\",\"genotype\":70}",
[17:02:46.549] "<17:02:46.533><903846.150657> Phenotype sends to s1 generated phenotype {\"axiom\":[10,7],\"g_rule\":\"*\",\"p_rule\":2,\"name\":\"s1\",\"genotype\":70,\"phenotype\":140}",
[17:02:46.549] "<17:02:46.533><14049.690000000002> %%% p-proxy s1 sends to Phenotype p-ch msg {\"axiom\":[10,7],\"g_rule\":\"*\",\"p_rule\":2,\"name\":\"s1\",\"genotype\":70}",
[17:02:46.549] "<17:02:46.548><14053.135> p-proxy s1 receives Phenotype p-ch msg = {\"axiom\":[10,7],\"g_rule\":\"*\",\"p_rule\":2,\"name\":\"s1\",\"genotype\":70,\"phenotype\":140}",
[17:02:46.549] "<17:02:46.548><14058.265000000001> producer s1 received PHENOTYPE",
