[17:10:30.037] "<17:10:30.022><312649.463393> \nGenotype received from s1 {\"axiom\":[2,4],\"g_rule\":\"+\",\"p_rule\":0.5,\"name\":\"s1\"}",
[17:10:30.037] "<17:10:30.037><312653.119141> Genotype sends to s1 generated genotype {\"axiom\":[2,4],\"g_rule\":\"+\",\"p_rule\":0.5,\"name\":\"s1\",\"genotype\":6}",
[17:10:30.037] "<17:10:30.022><8978.465> \n%%% g-proxy s1 sends to Genotype g-ch msg {\"axiom\":[2,4],\"g_rule\":\"+\",\"p_rule\":0.5,\"name\":\"s1\"}",
[17:10:30.037] "<17:10:30.037><8994.470000000001> producer s1 received GENOTYPE",
[17:10:30.037] "<17:10:30.037><8989.560000000001> g-proxy s1 receives Genotype g-ch msg = {\"axiom\":[2,4],\"g_rule\":\"+\",\"p_rule\":0.5,\"name\":\"s1\",\"genotype\":6}",
[17:10:30.059] "<17:10:30.054><312670.64221> Phenotype received from s1 {\"axiom\":[2,4],\"g_rule\":\"+\",\"p_rule\":0.5,\"name\":\"s1\",\"genotype\":6}",
[17:10:30.060] "<17:10:30.037><9000.005000000001> %%% p-proxy s1 sends to Phenotype p-ch msg {\"axiom\":[2,4],\"g_rule\":\"+\",\"p_rule\":0.5,\"name\":\"s1\",\"genotype\":6}",
[17:10:30.062] "<17:10:30.056><312672.177233> Phenotype sends to s1 generated phenotype {\"axiom\":[2,4],\"g_rule\":\"+\",\"p_rule\":0.5,\"name\":\"s1\",\"genotype\":6,\"phenotype\":3}",
[17:10:30.064] "<17:10:30.058><9009.245> p-proxy s1 receives Phenotype p-ch msg = {\"axiom\":[2,4],\"g_rule\":\"+\",\"p_rule\":0.5,\"name\":\"s1\",\"genotype\":6,\"phenotype\":3}",
[17:10:30.065] "<17:10:30.061><9012.125000000002> producer s1 received PHENOTYPE",
[17:10:35.021] "<17:10:35.021><317639.666369> \nGenotype received from s1 {\"axiom\":[2,4],\"g_rule\":\"+\",\"p_rule\":0.5,\"name\":\"s1\"}",
[17:10:35.021] "<17:10:35.021><317640.859092> Genotype sends to s1 generated genotype {\"axiom\":[2,4],\"g_rule\":\"+\",\"p_rule\":0.5,\"name\":\"s1\",\"genotype\":6}",
[17:10:35.021] "<17:10:35.021><13976.355000000001> g-proxy s1 receives Genotype g-ch msg = {\"axiom\":[2,4],\"g_rule\":\"+\",\"p_rule\":0.5,\"name\":\"s1\",\"genotype\":6}",
[17:10:35.021] "<17:10:35.021><13973.345000000001> \n%%% g-proxy s1 sends to Genotype g-ch msg {\"axiom\":[2,4],\"g_rule\":\"+\",\"p_rule\":0.5,\"name\":\"s1\"}",
[17:10:35.021] "<17:10:35.021><13980.110000000002> producer s1 received GENOTYPE",
[17:10:35.037] "<17:10:35.021><317649.884458> Phenotype received from s1 {\"axiom\":[2,4],\"g_rule\":\"+\",\"p_rule\":0.5,\"name\":\"s1\",\"genotype\":6}",
[17:10:35.037] "<17:10:35.021><317651.279719> Phenotype sends to s1 generated phenotype {\"axiom\":[2,4],\"g_rule\":\"+\",\"p_rule\":0.5,\"name\":\"s1\",\"genotype\":6,\"phenotype\":3}",
[17:10:35.037] "<17:10:35.021><13982.415> %%% p-proxy s1 sends to Phenotype p-ch msg {\"axiom\":[2,4],\"g_rule\":\"+\",\"p_rule\":0.5,\"name\":\"s1\",\"genotype\":6}",
[17:10:35.037] "<17:10:35.021><13986.650000000001> p-proxy s1 receives Phenotype p-ch msg = {\"axiom\":[2,4],\"g_rule\":\"+\",\"p_rule\":0.5,\"name\":\"s1\",\"genotype\":6,\"phenotype\":3}",
[17:10:35.037] "<17:10:35.037><13988.585000000001> producer s1 received PHENOTYPE",
[17:10:40.031] "<17:10:40.031><18983.685> \n%%% g-proxy s1 sends to Genotype g-ch msg {\"axiom\":[2,4],\"g_rule\":\"+\",\"p_rule\":0.5,\"name\":\"s1\"}",
[17:10:40.031] "<17:10:40.031><322650.579127> \nGenotype received from s1 {\"axiom\":[2,4],\"g_rule\":\"+\",\"p_rule\":0.5,\"name\":\"s1\"}",
[17:10:40.031] "<17:10:40.031><322651.483441> Genotype sends to s1 generated genotype {\"axiom\":[2,4],\"g_rule\":\"+\",\"p_rule\":0.5,\"name\":\"s1\",\"genotype\":6}",
[17:10:40.031] "<17:10:40.031><18988.290000000005> g-proxy s1 receives Genotype g-ch msg = {\"axiom\":[2,4],\"g_rule\":\"+\",\"p_rule\":0.5,\"name\":\"s1\",\"genotype\":6}",
[17:10:40.031] "<17:10:40.031><18991.480000000003> producer s1 received GENOTYPE",
[17:10:40.047] "<17:10:40.031><322661.170313> Phenotype received from s1 {\"axiom\":[2,4],\"g_rule\":\"+\",\"p_rule\":0.5,\"name\":\"s1\",\"genotype\":6}",
[17:10:40.047] "<17:10:40.031><322661.998822> Phenotype sends to s1 generated phenotype {\"axiom\":[2,4],\"g_rule\":\"+\",\"p_rule\":0.5,\"name\":\"s1\",\"genotype\":6,\"phenotype\":3}",
[17:10:40.047] "<17:10:40.031><18993.515000000003> %%% p-proxy s1 sends to Phenotype p-ch msg {\"axiom\":[2,4],\"g_rule\":\"+\",\"p_rule\":0.5,\"name\":\"s1\",\"genotype\":6}",
[17:10:40.047] "<17:10:40.047><19001.665> producer s1 received PHENOTYPE",
[17:10:40.047] "<17:10:40.047><18998.38> p-proxy s1 receives Phenotype p-ch msg = {\"axiom\":[2,4],\"g_rule\":\"+\",\"p_rule\":0.5,\"name\":\"s1\",\"genotype\":6,\"phenotype\":3}",
[17:10:45.028] "<17:10:45.025><327641.00833> \nGenotype received from s1 {\"axiom\":[10,7],\"g_rule\":\"*\",\"p_rule\":2,\"name\":\"s1\"}",
[17:10:45.029] "<17:10:45.026><327641.883625> Genotype sends to s1 generated genotype {\"axiom\":[10,7],\"g_rule\":\"*\",\"p_rule\":2,\"name\":\"s1\",\"genotype\":70}",
[17:10:45.030] "<17:10:45.021><23971.93> \n%%% g-proxy s1 sends to Genotype g-ch msg {\"axiom\":[10,7],\"g_rule\":\"*\",\"p_rule\":2,\"name\":\"s1\"}",
[17:10:45.035] "<17:10:45.027><23977.655000000002> g-proxy s1 receives Genotype g-ch msg = {\"axiom\":[10,7],\"g_rule\":\"*\",\"p_rule\":2,\"name\":\"s1\",\"genotype\":70}",
[17:10:45.036] "<17:10:45.031><23980.985> producer s1 received GENOTYPE",
[17:10:45.041] "<17:10:45.033><23982.98> %%% p-proxy s1 sends to Phenotype p-ch msg {\"axiom\":[10,7],\"g_rule\":\"*\",\"p_rule\":2,\"name\":\"s1\",\"genotype\":70}",
[17:10:45.042] "<17:10:45.039><327654.29232> Phenotype received from s1 {\"axiom\":[10,7],\"g_rule\":\"*\",\"p_rule\":2,\"name\":\"s1\",\"genotype\":70}",
[17:10:45.042] "<17:10:45.040><327655.448325> Phenotype sends to s1 generated phenotype {\"axiom\":[10,7],\"g_rule\":\"*\",\"p_rule\":2,\"name\":\"s1\",\"genotype\":70,\"phenotype\":140}",
[17:10:45.047] "<17:10:45.046><23996.145> p-proxy s1 receives Phenotype p-ch msg = {\"axiom\":[10,7],\"g_rule\":\"*\",\"p_rule\":2,\"name\":\"s1\",\"genotype\":70,\"phenotype\":140}",
[17:10:45.053] "<17:10:45.052><24002.23> producer s1 received PHENOTYPE",
