[19:19:29.232] "<19:19:29.217><8861.09> \n%%% g-proxy s1 sends to Genotype g-ch msg {\"axiom\":[10,7],\"g_rule\":\"*\",\"p_rule\":2,\"name\":\"s1\"}",
[19:19:29.232] "<19:19:29.216><11988.938596> \nGenotype received from s1 {\"axiom\":[10,7],\"g_rule\":\"*\",\"p_rule\":2,\"name\":\"s1\"}",
[19:19:29.232] "<19:19:29.232><11993.55314> Genotype sends to s1 generated genotype {\"axiom\":[10,7],\"g_rule\":\"*\",\"p_rule\":2,\"name\":\"s1\",\"genotype\":70}",
[19:19:29.232] "<19:19:29.232><8875.745> g-proxy s1 receives Genotype g-ch msg = {\"axiom\":[10,7],\"g_rule\":\"*\",\"p_rule\":2,\"name\":\"s1\",\"genotype\":70}",
[19:19:29.248] "<19:19:29.232><8881.730000000001> producer s1 received GENOTYPE",
[19:19:29.252] "<19:19:29.250><12008.487043> Phenotype received from s1 {\"axiom\":[10,7],\"g_rule\":\"*\",\"p_rule\":2,\"name\":\"s1\",\"genotype\":70}",
[19:19:29.254] "<19:19:29.250><12009.343979> Phenotype sends to s1 generated phenotype {\"axiom\":[10,7],\"g_rule\":\"*\",\"p_rule\":2,\"name\":\"s1\",\"genotype\":70,\"phenotype\":140}",
[19:19:29.254] "<19:19:29.248><8886.87> %%% p-proxy s1 sends to Phenotype p-ch msg {\"axiom\":[10,7],\"g_rule\":\"*\",\"p_rule\":2,\"name\":\"s1\",\"genotype\":70}",
[19:19:29.258] "<19:19:29.252><8890.965000000002> p-proxy s1 receives Phenotype p-ch msg = {\"axiom\":[10,7],\"g_rule\":\"*\",\"p_rule\":2,\"name\":\"s1\",\"genotype\":70,\"phenotype\":140}",
[19:19:29.259] "<19:19:29.254><8893.565> producer s1 received PHENOTYPE",
[19:19:34.214] "<19:19:34.215><13854.590000000002> \n%%% g-proxy s1 sends to Genotype g-ch msg {\"axiom\":[2,4],\"g_rule\":\"+\",\"p_rule\":0.5,\"name\":\"s1\"}",
[19:19:34.214] "<19:19:34.214><16978.278713> \nGenotype received from s1 {\"axiom\":[2,4],\"g_rule\":\"+\",\"p_rule\":0.5,\"name\":\"s1\"}",
[19:19:34.214] "<19:19:34.214><16979.291994> Genotype sends to s1 generated genotype {\"axiom\":[2,4],\"g_rule\":\"+\",\"p_rule\":0.5,\"name\":\"s1\",\"genotype\":6}",
[19:19:34.214] "<19:19:34.215><13860.87> g-proxy s1 receives Genotype g-ch msg = {\"axiom\":[2,4],\"g_rule\":\"+\",\"p_rule\":0.5,\"name\":\"s1\",\"genotype\":6}",
[19:19:34.229] "<19:19:34.215><13864.57> producer s1 received GENOTYPE",
[19:19:34.229] "<19:19:34.215><13866.905> %%% p-proxy s1 sends to Phenotype p-ch msg {\"axiom\":[2,4],\"g_rule\":\"+\",\"p_rule\":0.5,\"name\":\"s1\",\"genotype\":6}",
[19:19:34.229] "<19:19:34.229><16990.276411> Phenotype received from s1 {\"axiom\":[2,4],\"g_rule\":\"+\",\"p_rule\":0.5,\"name\":\"s1\",\"genotype\":6}",
[19:19:34.229] "<19:19:34.229><16997.75491> Phenotype sends to s1 generated phenotype {\"axiom\":[2,4],\"g_rule\":\"+\",\"p_rule\":0.5,\"name\":\"s1\",\"genotype\":6,\"phenotype\":3}",
[19:19:34.246] "<19:19:34.230><13879.495> p-proxy s1 receives Phenotype p-ch msg = {\"axiom\":[2,4],\"g_rule\":\"+\",\"p_rule\":0.5,\"name\":\"s1\",\"genotype\":6,\"phenotype\":3}",
[19:19:34.249] "<19:19:34.246><13884.440000000002> producer s1 received PHENOTYPE",
[19:24:05.711] "<19:24:05.711><288458.305055> \nGenotype received from s2 {\"axiom\":[10,7],\"g_rule\":\"*\",\"p_rule\":2,\"name\":\"s2\"}",
[19:24:05.711] "<19:24:05.711><288459.310045> Genotype sends to s2 generated genotype {\"axiom\":[10,7],\"g_rule\":\"*\",\"p_rule\":2,\"name\":\"s2\",\"genotype\":70}",
[19:24:05.711] "<19:24:05.711><8887.245> \n%%% g-proxy s2 sends to Genotype g-ch msg {\"axiom\":[10,7],\"g_rule\":\"*\",\"p_rule\":2,\"name\":\"s2\"}",
[19:24:05.726] "<19:24:05.726><8899.1> producer s2 received GENOTYPE",
[19:24:05.726] "<19:24:05.726><288475.652829> Phenotype received from s2 {\"axiom\":[10,7],\"g_rule\":\"*\",\"p_rule\":2,\"name\":\"s2\",\"genotype\":70}",
[19:24:05.726] "<19:24:05.726><288476.945044> Phenotype sends to s2 generated phenotype {\"axiom\":[10,7],\"g_rule\":\"*\",\"p_rule\":2,\"name\":\"s2\",\"genotype\":70,\"phenotype\":140}",
[19:24:05.726] "<19:24:05.726><8904.855000000001> %%% p-proxy s2 sends to Phenotype p-ch msg {\"axiom\":[10,7],\"g_rule\":\"*\",\"p_rule\":2,\"name\":\"s2\",\"genotype\":70}",
[19:24:05.742] "<19:24:05.711><8893.495> g-proxy s2 receives Genotype g-ch msg = {\"axiom\":[10,7],\"g_rule\":\"*\",\"p_rule\":2,\"name\":\"s2\",\"genotype\":70}",
[19:24:05.745] "<19:24:05.726><8908.375000000002> p-proxy s2 receives Phenotype p-ch msg = {\"axiom\":[10,7],\"g_rule\":\"*\",\"p_rule\":2,\"name\":\"s2\",\"genotype\":70,\"phenotype\":140}",
[19:24:05.747] "<19:24:05.742><8913.060000000001> producer s2 received PHENOTYPE",
[19:24:10.708] "<19:24:10.708><13880.625000000002> \n%%% g-proxy s2 sends to Genotype g-ch msg {\"axiom\":[10,7],\"g_rule\":\"*\",\"p_rule\":2,\"name\":\"s2\"}",
[19:24:10.708] "<19:24:10.708><293459.164952> \nGenotype received from s2 {\"axiom\":[10,7],\"g_rule\":\"*\",\"p_rule\":2,\"name\":\"s2\"}",
[19:24:10.708] "<19:24:10.708><293460.104798> Genotype sends to s2 generated genotype {\"axiom\":[10,7],\"g_rule\":\"*\",\"p_rule\":2,\"name\":\"s2\",\"genotype\":70}",
[19:24:10.708] "<19:24:10.708><13891.575> g-proxy s2 receives Genotype g-ch msg = {\"axiom\":[10,7],\"g_rule\":\"*\",\"p_rule\":2,\"name\":\"s2\",\"genotype\":70}",
[19:24:10.724] "<19:24:10.724><13897.710000000001> producer s2 received GENOTYPE",
[19:24:10.724] "<19:24:10.724><13900.005000000003> %%% p-proxy s2 sends to Phenotype p-ch msg {\"axiom\":[10,7],\"g_rule\":\"*\",\"p_rule\":2,\"name\":\"s2\",\"genotype\":70}",
[19:24:10.724] "<19:24:10.724><293472.762224> Phenotype received from s2 {\"axiom\":[10,7],\"g_rule\":\"*\",\"p_rule\":2,\"name\":\"s2\",\"genotype\":70}",
[19:24:10.724] "<19:24:10.724><293473.742341> Phenotype sends to s2 generated phenotype {\"axiom\":[10,7],\"g_rule\":\"*\",\"p_rule\":2,\"name\":\"s2\",\"genotype\":70,\"phenotype\":140}",
[19:24:10.724] "<19:24:10.724><13904.365> p-proxy s2 receives Phenotype p-ch msg = {\"axiom\":[10,7],\"g_rule\":\"*\",\"p_rule\":2,\"name\":\"s2\",\"genotype\":70,\"phenotype\":140}",
[19:24:10.739] "<19:24:10.724><13908.395> producer s2 received PHENOTYPE",
[19:24:15.700] "<19:24:15.700><18871.34> \n%%% g-proxy s2 sends to Genotype g-ch msg {\"axiom\":[2,4],\"g_rule\":\"+\",\"p_rule\":0.5,\"name\":\"s2\"}",
[19:24:15.700] "<19:24:15.700><298443.425044> Genotype sends to s2 generated genotype {\"axiom\":[2,4],\"g_rule\":\"+\",\"p_rule\":0.5,\"name\":\"s2\",\"genotype\":6}",
[19:24:15.700] "<19:24:15.700><298442.80381> \nGenotype received from s2 {\"axiom\":[2,4],\"g_rule\":\"+\",\"p_rule\":0.5,\"name\":\"s2\"}",
[19:24:15.700] "<19:24:15.700><18873.48> g-proxy s2 receives Genotype g-ch msg = {\"axiom\":[2,4],\"g_rule\":\"+\",\"p_rule\":0.5,\"name\":\"s2\",\"genotype\":6}",
[19:24:15.700] "<19:24:15.700><18875.465> producer s2 received GENOTYPE",
[19:24:15.700] "<19:24:15.700><18876.700000000004> %%% p-proxy s2 sends to Phenotype p-ch msg {\"axiom\":[2,4],\"g_rule\":\"+\",\"p_rule\":0.5,\"name\":\"s2\",\"genotype\":6}",
[19:24:15.700] "<19:24:15.700><298449.595339> Phenotype received from s2 {\"axiom\":[2,4],\"g_rule\":\"+\",\"p_rule\":0.5,\"name\":\"s2\",\"genotype\":6}",
[19:24:15.700] "<19:24:15.700><298450.104645> Phenotype sends to s2 generated phenotype {\"axiom\":[2,4],\"g_rule\":\"+\",\"p_rule\":0.5,\"name\":\"s2\",\"genotype\":6,\"phenotype\":3}",
[19:24:15.700] "<19:24:15.700><18881.435000000005> p-proxy s2 receives Phenotype p-ch msg = {\"axiom\":[2,4],\"g_rule\":\"+\",\"p_rule\":0.5,\"name\":\"s2\",\"genotype\":6,\"phenotype\":3}",
[19:24:15.716] "<19:24:15.700><18884.535000000003> producer s2 received PHENOTYPE",
[19:27:04.315] "<19:27:04.300><467037.092837> \nGenotype received from s3 {\"axiom\":[2,4],\"g_rule\":\"+\",\"p_rule\":0.5,\"name\":\"s3\"}",
[19:27:04.315] "<19:27:04.300><467038.013732> Genotype sends to s3 generated genotype {\"axiom\":[2,4],\"g_rule\":\"+\",\"p_rule\":0.5,\"name\":\"s3\",\"genotype\":6}",
[19:27:04.315] "<19:27:04.300><9591.835000000001> \n%%% g-proxy s3 sends to Genotype g-ch msg {\"axiom\":[2,4],\"g_rule\":\"+\",\"p_rule\":0.5,\"name\":\"s3\"}",
[19:27:04.315] "<19:27:04.300><9599.005> producer s3 received GENOTYPE",
[19:27:04.315] "<19:27:04.315><9603.275> %%% p-proxy s3 sends to Phenotype p-ch msg {\"axiom\":[2,4],\"g_rule\":\"+\",\"p_rule\":0.5,\"name\":\"s3\",\"genotype\":6}",
[19:27:04.315] "<19:27:04.300><9594.73> g-proxy s3 receives Genotype g-ch msg = {\"axiom\":[2,4],\"g_rule\":\"+\",\"p_rule\":0.5,\"name\":\"s3\",\"genotype\":6}",
[19:27:04.331] "<19:27:04.315><467058.327915> Phenotype received from s3 {\"axiom\":[2,4],\"g_rule\":\"+\",\"p_rule\":0.5,\"name\":\"s3\",\"genotype\":6}",
[19:27:04.331] "<19:27:04.315><467059.963022> Phenotype sends to s3 generated phenotype {\"axiom\":[2,4],\"g_rule\":\"+\",\"p_rule\":0.5,\"name\":\"s3\",\"genotype\":6,\"phenotype\":3}",
[19:27:04.335] "<19:27:04.315><9615.325> p-proxy s3 receives Phenotype p-ch msg = {\"axiom\":[2,4],\"g_rule\":\"+\",\"p_rule\":0.5,\"name\":\"s3\",\"genotype\":6,\"phenotype\":3}",
[19:27:04.338] "<19:27:04.333><9621.135> producer s3 received PHENOTYPE",
[19:27:09.297] "<19:27:09.297><14584.600000000002> \n%%% g-proxy s3 sends to Genotype g-ch msg {\"axiom\":[2,4],\"g_rule\":\"+\",\"p_rule\":0.5,\"name\":\"s3\"}",
[19:27:09.297] "<19:27:09.297><472030.581426> \nGenotype received from s3 {\"axiom\":[2,4],\"g_rule\":\"+\",\"p_rule\":0.5,\"name\":\"s3\"}",
[19:27:09.297] "<19:27:09.297><472031.493438> Genotype sends to s3 generated genotype {\"axiom\":[2,4],\"g_rule\":\"+\",\"p_rule\":0.5,\"name\":\"s3\",\"genotype\":6}",
[19:27:09.297] "<19:27:09.297><14587.610000000002> g-proxy s3 receives Genotype g-ch msg = {\"axiom\":[2,4],\"g_rule\":\"+\",\"p_rule\":0.5,\"name\":\"s3\",\"genotype\":6}",
[19:27:09.297] "<19:27:09.297><14590.910000000002> producer s3 received GENOTYPE",
[19:27:09.312] "<19:27:09.297><14593.115000000002> %%% p-proxy s3 sends to Phenotype p-ch msg {\"axiom\":[2,4],\"g_rule\":\"+\",\"p_rule\":0.5,\"name\":\"s3\",\"genotype\":6}",
[19:27:09.312] "<19:27:09.297><472040.002393> Phenotype received from s3 {\"axiom\":[2,4],\"g_rule\":\"+\",\"p_rule\":0.5,\"name\":\"s3\",\"genotype\":6}",
[19:27:09.312] "<19:27:09.297><472041.439108> Phenotype sends to s3 generated phenotype {\"axiom\":[2,4],\"g_rule\":\"+\",\"p_rule\":0.5,\"name\":\"s3\",\"genotype\":6,\"phenotype\":3}",
[19:27:09.312] "<19:27:09.297><14597.125000000002> p-proxy s3 receives Phenotype p-ch msg = {\"axiom\":[2,4],\"g_rule\":\"+\",\"p_rule\":0.5,\"name\":\"s3\",\"genotype\":6,\"phenotype\":3}",
[19:27:09.312] "<19:27:09.312><14600.59> producer s3 received PHENOTYPE",
[19:27:14.311] "<19:27:14.311><477043.700187> \nGenotype received from s3 {\"axiom\":[10,7],\"g_rule\":\"*\",\"p_rule\":2,\"name\":\"s3\"}",
[19:27:14.311] "<19:27:14.311><477044.509746> Genotype sends to s3 generated genotype {\"axiom\":[10,7],\"g_rule\":\"*\",\"p_rule\":2,\"name\":\"s3\",\"genotype\":70}",
[19:27:14.311] "<19:27:14.311><19598.180000000004> \n%%% g-proxy s3 sends to Genotype g-ch msg {\"axiom\":[10,7],\"g_rule\":\"*\",\"p_rule\":2,\"name\":\"s3\"}",
[19:27:14.311] "<19:27:14.311><19605.530000000002> producer s3 received GENOTYPE",
[19:27:14.326] "<19:27:14.311><19608.350000000002> %%% p-proxy s3 sends to Phenotype p-ch msg {\"axiom\":[10,7],\"g_rule\":\"*\",\"p_rule\":2,\"name\":\"s3\",\"genotype\":70}",
[19:27:14.326] "<19:27:14.311><477055.423097> Phenotype received from s3 {\"axiom\":[10,7],\"g_rule\":\"*\",\"p_rule\":2,\"name\":\"s3\",\"genotype\":70}",
[19:27:14.326] "<19:27:14.326><477058.216578> Phenotype sends to s3 generated phenotype {\"axiom\":[10,7],\"g_rule\":\"*\",\"p_rule\":2,\"name\":\"s3\",\"genotype\":70,\"phenotype\":140}",
[19:27:14.326] "<19:27:14.311><19601.460000000003> g-proxy s3 receives Genotype g-ch msg = {\"axiom\":[10,7],\"g_rule\":\"*\",\"p_rule\":2,\"name\":\"s3\",\"genotype\":70}",
[19:27:14.326] "<19:27:14.326><19614.365> p-proxy s3 receives Phenotype p-ch msg = {\"axiom\":[10,7],\"g_rule\":\"*\",\"p_rule\":2,\"name\":\"s3\",\"genotype\":70,\"phenotype\":140}",
[19:27:14.326] "<19:27:14.326><19617.940000000002> producer s3 received PHENOTYPE",
[19:28:27.333] "<19:28:27.333><550065.420882> \nGenotype received from s4 {\"axiom\":[10,7],\"g_rule\":\"*\",\"p_rule\":2,\"name\":\"s4\"}",
[19:28:27.333] "<19:28:27.333><550066.245246> Genotype sends to s4 generated genotype {\"axiom\":[10,7],\"g_rule\":\"*\",\"p_rule\":2,\"name\":\"s4\",\"genotype\":70}",
[19:28:27.333] "<19:28:27.332><8902.305> \n%%% g-proxy s4 sends to Genotype g-ch msg {\"axiom\":[10,7],\"g_rule\":\"*\",\"p_rule\":2,\"name\":\"s4\"}",
[19:28:27.333] "<19:28:27.332><8905.420000000002> g-proxy s4 receives Genotype g-ch msg = {\"axiom\":[10,7],\"g_rule\":\"*\",\"p_rule\":2,\"name\":\"s4\",\"genotype\":70}",
[19:28:27.348] "<19:28:27.348><8915.220000000001> producer s4 received GENOTYPE",
[19:28:27.348] "<19:28:27.348><550082.198944> Phenotype received from s4 {\"axiom\":[10,7],\"g_rule\":\"*\",\"p_rule\":2,\"name\":\"s4\",\"genotype\":70}",
[19:28:27.348] "<19:28:27.348><550083.455626> Phenotype sends to s4 generated phenotype {\"axiom\":[10,7],\"g_rule\":\"*\",\"p_rule\":2,\"name\":\"s4\",\"genotype\":70,\"phenotype\":140}",
[19:28:27.348] "<19:28:27.348><8919.625> %%% p-proxy s4 sends to Phenotype p-ch msg {\"axiom\":[10,7],\"g_rule\":\"*\",\"p_rule\":2,\"name\":\"s4\",\"genotype\":70}",
[19:28:27.366] "<19:28:27.365><8928.995> producer s4 received PHENOTYPE",
[19:28:27.367] "<19:28:27.348><8922.315> p-proxy s4 receives Phenotype p-ch msg = {\"axiom\":[10,7],\"g_rule\":\"*\",\"p_rule\":2,\"name\":\"s4\",\"genotype\":70,\"phenotype\":140}",
[19:28:32.335] "<19:28:32.335><555063.389582> \nGenotype received from s4 {\"axiom\":[10,7],\"g_rule\":\"*\",\"p_rule\":2,\"name\":\"s4\"}",
[19:28:32.335] "<19:28:32.335><555064.678836> Genotype sends to s4 generated genotype {\"axiom\":[10,7],\"g_rule\":\"*\",\"p_rule\":2,\"name\":\"s4\",\"genotype\":70}",
[19:28:32.335] "<19:28:32.334><13900.200000000003> \n%%% g-proxy s4 sends to Genotype g-ch msg {\"axiom\":[10,7],\"g_rule\":\"*\",\"p_rule\":2,\"name\":\"s4\"}",
[19:28:32.335] "<19:28:32.334><13902.720000000001> g-proxy s4 receives Genotype g-ch msg = {\"axiom\":[10,7],\"g_rule\":\"*\",\"p_rule\":2,\"name\":\"s4\",\"genotype\":70}",
[19:28:32.335] "<19:28:32.334><13907.050000000001> producer s4 received GENOTYPE",
[19:28:32.335] "<19:28:32.335><555073.09955> Phenotype received from s4 {\"axiom\":[10,7],\"g_rule\":\"*\",\"p_rule\":2,\"name\":\"s4\",\"genotype\":70}",
[19:28:32.335] "<19:28:32.335><555073.895488> Phenotype sends to s4 generated phenotype {\"axiom\":[10,7],\"g_rule\":\"*\",\"p_rule\":2,\"name\":\"s4\",\"genotype\":70,\"phenotype\":140}",
[19:28:32.350] "<19:28:32.334><13910.27> %%% p-proxy s4 sends to Phenotype p-ch msg {\"axiom\":[10,7],\"g_rule\":\"*\",\"p_rule\":2,\"name\":\"s4\",\"genotype\":70}",
[19:28:32.350] "<19:28:32.334><13912.535000000002> p-proxy s4 receives Phenotype p-ch msg = {\"axiom\":[10,7],\"g_rule\":\"*\",\"p_rule\":2,\"name\":\"s4\",\"genotype\":70,\"phenotype\":140}",
[19:28:32.350] "<19:28:32.350><13916.035000000002> producer s4 received PHENOTYPE",
[19:28:37.327] "<19:28:37.327><560055.389933> \nGenotype received from s4 {\"axiom\":[2,4],\"g_rule\":\"+\",\"p_rule\":0.5,\"name\":\"s4\"}",
[19:28:37.327] "<19:28:37.327><18891.89> \n%%% g-proxy s4 sends to Genotype g-ch msg {\"axiom\":[2,4],\"g_rule\":\"+\",\"p_rule\":0.5,\"name\":\"s4\"}",
[19:28:37.327] "<19:28:37.327><560056.195938> Genotype sends to s4 generated genotype {\"axiom\":[2,4],\"g_rule\":\"+\",\"p_rule\":0.5,\"name\":\"s4\",\"genotype\":6}",
[19:28:37.327] "<19:28:37.327><18903.055> producer s4 received GENOTYPE",
[19:28:37.342] "<19:28:37.342><560072.394814> Phenotype received from s4 {\"axiom\":[2,4],\"g_rule\":\"+\",\"p_rule\":0.5,\"name\":\"s4\",\"genotype\":6}",
[19:28:37.342] "<19:28:37.342><18906.02> %%% p-proxy s4 sends to Phenotype p-ch msg {\"axiom\":[2,4],\"g_rule\":\"+\",\"p_rule\":0.5,\"name\":\"s4\",\"genotype\":6}",
[19:28:37.342] "<19:28:37.342><560073.202596> Phenotype sends to s4 generated phenotype {\"axiom\":[2,4],\"g_rule\":\"+\",\"p_rule\":0.5,\"name\":\"s4\",\"genotype\":6,\"phenotype\":3}",
[19:28:37.342] "<19:28:37.327><18899.675000000003> g-proxy s4 receives Genotype g-ch msg = {\"axiom\":[2,4],\"g_rule\":\"+\",\"p_rule\":0.5,\"name\":\"s4\",\"genotype\":6}",
[19:28:37.342] "<19:28:37.342><18915.780000000002> p-proxy s4 receives Phenotype p-ch msg = {\"axiom\":[2,4],\"g_rule\":\"+\",\"p_rule\":0.5,\"name\":\"s4\",\"genotype\":6,\"phenotype\":3}",
[19:28:37.361] "<19:28:37.342><18920.72> producer s4 received PHENOTYPE",
[19:36:23.197] "<19:36:23.197><1025901.881114> \nGenotype received from s5 {\"axiom\":[2,4],\"g_rule\":\"+\",\"p_rule\":0.5,\"name\":\"s5\"}",
[19:36:23.197] "<19:36:23.197><8882.900000000001> \n%%% g-proxy s5 sends to Genotype g-ch msg {\"axiom\":[2,4],\"g_rule\":\"+\",\"p_rule\":0.5,\"name\":\"s5\"}",
[19:36:23.197] "<19:36:23.197><1025903.225443> Genotype sends to s5 generated genotype {\"axiom\":[2,4],\"g_rule\":\"+\",\"p_rule\":0.5,\"name\":\"s5\",\"genotype\":6}",
[19:36:23.212] "<19:36:23.212><8894.865000000002> producer s5 received GENOTYPE",
[19:36:23.212] "<19:36:23.212><8899.665> %%% p-proxy s5 sends to Phenotype p-ch msg {\"axiom\":[2,4],\"g_rule\":\"+\",\"p_rule\":0.5,\"name\":\"s5\",\"genotype\":6}",
[19:36:23.212] "<19:36:23.212><1025919.481764> Phenotype received from s5 {\"axiom\":[2,4],\"g_rule\":\"+\",\"p_rule\":0.5,\"name\":\"s5\",\"genotype\":6}",
[19:36:23.212] "<19:36:23.212><1025920.284216> Phenotype sends to s5 generated phenotype {\"axiom\":[2,4],\"g_rule\":\"+\",\"p_rule\":0.5,\"name\":\"s5\",\"genotype\":6,\"phenotype\":3}",
[19:36:23.231] "<19:36:23.197><8885.92> g-proxy s5 receives Genotype g-ch msg = {\"axiom\":[2,4],\"g_rule\":\"+\",\"p_rule\":0.5,\"name\":\"s5\",\"genotype\":6}",
[19:36:23.232] "<19:36:23.212><8904.555> p-proxy s5 receives Phenotype p-ch msg = {\"axiom\":[2,4],\"g_rule\":\"+\",\"p_rule\":0.5,\"name\":\"s5\",\"genotype\":6,\"phenotype\":3}",
[19:36:23.233] "<19:36:23.229><8910.29> producer s5 received PHENOTYPE",
[19:36:28.199] "<19:36:28.199><1030900.946598> \nGenotype received from s5 {\"axiom\":[10,7],\"g_rule\":\"*\",\"p_rule\":2,\"name\":\"s5\"}",
[19:36:28.199] "<19:36:28.199><1030901.741943> Genotype sends to s5 generated genotype {\"axiom\":[10,7],\"g_rule\":\"*\",\"p_rule\":2,\"name\":\"s5\",\"genotype\":70}",
[19:36:28.199] "<19:36:28.199><13880.775000000001> \n%%% g-proxy s5 sends to Genotype g-ch msg {\"axiom\":[10,7],\"g_rule\":\"*\",\"p_rule\":2,\"name\":\"s5\"}",
[19:36:28.199] "<19:36:28.199><13884.050000000003> g-proxy s5 receives Genotype g-ch msg = {\"axiom\":[10,7],\"g_rule\":\"*\",\"p_rule\":2,\"name\":\"s5\",\"genotype\":70}",
[19:36:28.199] "<19:36:28.199><13888.550000000001> producer s5 received GENOTYPE",
[19:36:28.214] "<19:36:28.199><13891.795000000002> %%% p-proxy s5 sends to Phenotype p-ch msg {\"axiom\":[10,7],\"g_rule\":\"*\",\"p_rule\":2,\"name\":\"s5\",\"genotype\":70}",
[19:36:28.214] "<19:36:28.214><1030914.205122> Phenotype received from s5 {\"axiom\":[10,7],\"g_rule\":\"*\",\"p_rule\":2,\"name\":\"s5\",\"genotype\":70}",
[19:36:28.214] "<19:36:28.214><1030915.152667> Phenotype sends to s5 generated phenotype {\"axiom\":[10,7],\"g_rule\":\"*\",\"p_rule\":2,\"name\":\"s5\",\"genotype\":70,\"phenotype\":140}",
[19:36:28.214] "<19:36:28.214><13897.405> p-proxy s5 receives Phenotype p-ch msg = {\"axiom\":[10,7],\"g_rule\":\"*\",\"p_rule\":2,\"name\":\"s5\",\"genotype\":70,\"phenotype\":140}",
[19:36:28.214] "<19:36:28.214><13902.485> producer s5 received PHENOTYPE",
[19:36:33.208] "<19:36:33.208><18889.960000000003> \n%%% g-proxy s5 sends to Genotype g-ch msg {\"axiom\":[2,4],\"g_rule\":\"+\",\"p_rule\":0.5,\"name\":\"s5\"}",
[19:36:33.208] "<19:36:33.208><1035909.526618> \nGenotype received from s5 {\"axiom\":[2,4],\"g_rule\":\"+\",\"p_rule\":0.5,\"name\":\"s5\"}",
[19:36:33.208] "<19:36:33.208><1035910.303605> Genotype sends to s5 generated genotype {\"axiom\":[2,4],\"g_rule\":\"+\",\"p_rule\":0.5,\"name\":\"s5\",\"genotype\":6}",
[19:36:33.208] "<19:36:33.208><18894.640000000003> g-proxy s5 receives Genotype g-ch msg = {\"axiom\":[2,4],\"g_rule\":\"+\",\"p_rule\":0.5,\"name\":\"s5\",\"genotype\":6}",
[19:36:33.208] "<19:36:33.208><18899.735000000004> producer s5 received GENOTYPE",
[19:36:33.224] "<19:36:33.224><1035924.375242> Phenotype received from s5 {\"axiom\":[2,4],\"g_rule\":\"+\",\"p_rule\":0.5,\"name\":\"s5\",\"genotype\":6}",
[19:36:33.224] "<19:36:33.224><1035925.35299> Phenotype sends to s5 generated phenotype {\"axiom\":[2,4],\"g_rule\":\"+\",\"p_rule\":0.5,\"name\":\"s5\",\"genotype\":6,\"phenotype\":3}",
[19:36:33.224] "<19:36:33.208><18903.135000000002> %%% p-proxy s5 sends to Phenotype p-ch msg {\"axiom\":[2,4],\"g_rule\":\"+\",\"p_rule\":0.5,\"name\":\"s5\",\"genotype\":6}",
[19:36:33.224] "<19:36:33.224><18909.600000000002> p-proxy s5 receives Phenotype p-ch msg = {\"axiom\":[2,4],\"g_rule\":\"+\",\"p_rule\":0.5,\"name\":\"s5\",\"genotype\":6,\"phenotype\":3}",
[19:36:33.224] "<19:36:33.224><18913.890000000003> producer s5 received PHENOTYPE",
