[00:16:44.757] "<00:16:44.742><26205.154172> \nGenotype received from s1 {\"axiom\":[3,5],\"g_rule\":\"*\",\"p_rule\":2,\"name\":\"s1\"}",
[00:16:44.757] "<00:16:44.742><26208.628701> Genotype sends to s1 generated genotype {\"axiom\":[3,5],\"g_rule\":\"*\",\"p_rule\":2,\"name\":\"s1\",\"genotype\":15}",
[00:16:44.757] "<00:16:44.743><5996.250000000001> \n%%% g-proxy s1 sends to Genotype g-ch msg {\"axiom\":[3,5],\"g_rule\":\"*\",\"p_rule\":2,\"name\":\"s1\"}",
[00:16:44.757] "<00:16:44.757><26221.973097> Phenotype received from s1 {\"axiom\":[3,5],\"g_rule\":\"*\",\"p_rule\":2,\"name\":\"s1\",\"genotype\":15}",
[00:16:44.757] "<00:16:44.757><26223.363027> Phenotype sends to s1 generated phenotype {\"axiom\":[3,5],\"g_rule\":\"*\",\"p_rule\":2,\"name\":\"s1\",\"genotype\":15,\"phenotype\":30}",
[00:16:45.728] "<00:16:44.743><6006.360000000001> g-proxy s1 receives Genotype g-ch msg = {\"axiom\":[3,5],\"g_rule\":\"*\",\"p_rule\":2,\"name\":\"s1\",\"genotype\":15}",
[00:16:45.728] "<00:16:44.758><6007.510000000001> producer s1 received GENOTYPE",
[00:16:45.728] "<00:16:44.758><6008.655> %%% p-proxy s1 sends to Phenotype p-ch msg {\"axiom\":[3,5],\"g_rule\":\"*\",\"p_rule\":2,\"name\":\"s1\",\"genotype\":15}",
[00:16:45.728] "<00:16:44.758><6021.015> p-proxy s1 receives Phenotype p-ch msg = {\"axiom\":[3,5],\"g_rule\":\"*\",\"p_rule\":2,\"name\":\"s1\",\"genotype\":15,\"phenotype\":30}",
[00:16:45.728] "<00:16:44.758><6021.715> producer s1 received PHENOTYPE",
[00:16:49.737] "<00:16:49.738><10987.005000000001> \n%%% g-proxy s1 sends to Genotype g-ch msg {\"axiom\":[3,5],\"g_rule\":\"*\",\"p_rule\":2,\"name\":\"s1\"}",
[00:16:49.737] "<00:16:49.737><31191.92052> \nGenotype received from s1 {\"axiom\":[3,5],\"g_rule\":\"*\",\"p_rule\":2,\"name\":\"s1\"}",
[00:16:49.737] "<00:16:49.737><31192.852076> Genotype sends to s1 generated genotype {\"axiom\":[3,5],\"g_rule\":\"*\",\"p_rule\":2,\"name\":\"s1\",\"genotype\":15}",
[00:16:49.737] "<00:16:49.737><31199.246821> Phenotype received from s1 {\"axiom\":[3,5],\"g_rule\":\"*\",\"p_rule\":2,\"name\":\"s1\",\"genotype\":15}",
[00:16:49.737] "<00:16:49.737><31201.682011> Phenotype sends to s1 generated phenotype {\"axiom\":[3,5],\"g_rule\":\"*\",\"p_rule\":2,\"name\":\"s1\",\"genotype\":15,\"phenotype\":30}",
[00:16:50.736] "<00:16:49.738><10990.19> g-proxy s1 receives Genotype g-ch msg = {\"axiom\":[3,5],\"g_rule\":\"*\",\"p_rule\":2,\"name\":\"s1\",\"genotype\":15}",
[00:16:50.736] "<00:16:49.738><10990.555> producer s1 received GENOTYPE",
[00:16:50.736] "<00:16:49.738><10991.36> %%% p-proxy s1 sends to Phenotype p-ch msg {\"axiom\":[3,5],\"g_rule\":\"*\",\"p_rule\":2,\"name\":\"s1\",\"genotype\":15}",
[00:16:50.736] "<00:16:49.738><10998.925000000001> p-proxy s1 receives Phenotype p-ch msg = {\"axiom\":[3,5],\"g_rule\":\"*\",\"p_rule\":2,\"name\":\"s1\",\"genotype\":15,\"phenotype\":30}",
[00:16:50.736] "<00:16:49.738><10999.310000000001> producer s1 received PHENOTYPE",
[00:17:05.136] "<00:17:05.136><46594.120839> \nGenotype received from s2 {\"axiom\":[3,5],\"g_rule\":\"*\",\"p_rule\":2,\"name\":\"s2\"}",
[00:17:05.136] "<00:17:05.136><46595.372782> Genotype sends to s2 generated genotype {\"axiom\":[3,5],\"g_rule\":\"*\",\"p_rule\":2,\"name\":\"s2\",\"genotype\":15}",
[00:17:05.152] "<00:17:05.138><6459.580000000001> producer s2 received GENOTYPE",
[00:17:05.136] "<00:17:05.138><6452.080000000001> \n%%% g-proxy s2 sends to Genotype g-ch msg {\"axiom\":[3,5],\"g_rule\":\"*\",\"p_rule\":2,\"name\":\"s2\"}",
[00:17:05.152] "<00:17:05.138><6461.055000000001> %%% p-proxy s2 sends to Phenotype p-ch msg {\"axiom\":[3,5],\"g_rule\":\"*\",\"p_rule\":2,\"name\":\"s2\",\"genotype\":15}",
[00:17:05.152] "<00:17:05.152><46605.628181> Phenotype received from s2 {\"axiom\":[3,5],\"g_rule\":\"*\",\"p_rule\":2,\"name\":\"s2\",\"genotype\":15}",
[00:17:05.152] "<00:17:05.152><46607.292307> Phenotype sends to s2 generated phenotype {\"axiom\":[3,5],\"g_rule\":\"*\",\"p_rule\":2,\"name\":\"s2\",\"genotype\":15,\"phenotype\":30}",
[00:17:05.152] "<00:17:05.138><6458.8> g-proxy s2 receives Genotype g-ch msg = {\"axiom\":[3,5],\"g_rule\":\"*\",\"p_rule\":2,\"name\":\"s2\",\"genotype\":15}",
[00:17:05.152] "<00:17:05.153><6468.715> producer s2 received PHENOTYPE",
[00:17:05.152] "<00:17:05.153><6468.145> p-proxy s2 receives Phenotype p-ch msg = {\"axiom\":[3,5],\"g_rule\":\"*\",\"p_rule\":2,\"name\":\"s2\",\"genotype\":15,\"phenotype\":30}",
[00:17:10.133] "<00:17:10.135><11445.62> \n%%% g-proxy s2 sends to Genotype g-ch msg {\"axiom\":[3,5],\"g_rule\":\"*\",\"p_rule\":2,\"name\":\"s2\"}",
[00:17:10.133] "<00:17:10.133><51590.145295> \nGenotype received from s2 {\"axiom\":[3,5],\"g_rule\":\"*\",\"p_rule\":2,\"name\":\"s2\"}",
[00:17:10.133] "<00:17:10.133><51590.992755> Genotype sends to s2 generated genotype {\"axiom\":[3,5],\"g_rule\":\"*\",\"p_rule\":2,\"name\":\"s2\",\"genotype\":15}",
[00:17:10.149] "<00:17:10.135><11457.085000000001> producer s2 received GENOTYPE",
[00:17:10.149] "<00:17:10.135><11457.920000000002> %%% p-proxy s2 sends to Phenotype p-ch msg {\"axiom\":[3,5],\"g_rule\":\"*\",\"p_rule\":2,\"name\":\"s2\",\"genotype\":15}",
[00:17:10.149] "<00:17:10.149><51601.350608> Phenotype received from s2 {\"axiom\":[3,5],\"g_rule\":\"*\",\"p_rule\":2,\"name\":\"s2\",\"genotype\":15}",
[00:17:10.149] "<00:17:10.149><51602.921756> Phenotype sends to s2 generated phenotype {\"axiom\":[3,5],\"g_rule\":\"*\",\"p_rule\":2,\"name\":\"s2\",\"genotype\":15,\"phenotype\":30}",
[00:17:10.149] "<00:17:10.135><11456.685> g-proxy s2 receives Genotype g-ch msg = {\"axiom\":[3,5],\"g_rule\":\"*\",\"p_rule\":2,\"name\":\"s2\",\"genotype\":15}",
[00:17:10.149] "<00:17:10.150><11463.400000000001> p-proxy s2 receives Phenotype p-ch msg = {\"axiom\":[3,5],\"g_rule\":\"*\",\"p_rule\":2,\"name\":\"s2\",\"genotype\":15,\"phenotype\":30}",
[00:17:10.149] "<00:17:10.150><11464.015000000001> producer s2 received PHENOTYPE",
[00:17:15.125] "<00:17:15.127><16437.010000000002> \n%%% g-proxy s2 sends to Genotype g-ch msg {\"axiom\":[2,4],\"g_rule\":\"+\",\"p_rule\":0.5,\"name\":\"s2\"}",
[00:17:15.125] "<00:17:15.125><56579.170354> \nGenotype received from s2 {\"axiom\":[2,4],\"g_rule\":\"+\",\"p_rule\":0.5,\"name\":\"s2\"}",
[00:17:15.125] "<00:17:15.125><56580.152247> Genotype sends to s2 generated genotype {\"axiom\":[2,4],\"g_rule\":\"+\",\"p_rule\":0.5,\"name\":\"s2\",\"genotype\":6}",
[00:17:15.125] "<00:17:15.127><16440.68> g-proxy s2 receives Genotype g-ch msg = {\"axiom\":[2,4],\"g_rule\":\"+\",\"p_rule\":0.5,\"name\":\"s2\",\"genotype\":6}",
[00:17:15.125] "<00:17:15.127><16441.15> producer s2 received GENOTYPE",
[00:17:15.125] "<00:17:15.125><56585.235827> Phenotype received from s2 {\"axiom\":[2,4],\"g_rule\":\"+\",\"p_rule\":0.5,\"name\":\"s2\",\"genotype\":6}",
[00:17:15.125] "<00:17:15.125><56586.185148> Phenotype sends to s2 generated phenotype {\"axiom\":[2,4],\"g_rule\":\"+\",\"p_rule\":0.5,\"name\":\"s2\",\"genotype\":6,\"phenotype\":3}",
[00:17:15.125] "<00:17:15.127><16442.935> %%% p-proxy s2 sends to Phenotype p-ch msg {\"axiom\":[2,4],\"g_rule\":\"+\",\"p_rule\":0.5,\"name\":\"s2\",\"genotype\":6}",
[00:17:15.125] "<00:17:15.127><16446.56> p-proxy s2 receives Phenotype p-ch msg = {\"axiom\":[2,4],\"g_rule\":\"+\",\"p_rule\":0.5,\"name\":\"s2\",\"genotype\":6,\"phenotype\":3}",
[00:17:15.125] "<00:17:15.127><16447.090000000004> producer s2 received PHENOTYPE",
[00:17:20.137] "<00:17:20.137><61588.507818> \nGenotype received from s2 {\"axiom\":[2,4],\"g_rule\":\"+\",\"p_rule\":0.5,\"name\":\"s2\"}",
[00:17:20.137] "<00:17:20.137><21446.910000000003> \n%%% g-proxy s2 sends to Genotype g-ch msg {\"axiom\":[2,4],\"g_rule\":\"+\",\"p_rule\":0.5,\"name\":\"s2\"}",
[00:17:20.137] "<00:17:20.137><61589.431083> Genotype sends to s2 generated genotype {\"axiom\":[2,4],\"g_rule\":\"+\",\"p_rule\":0.5,\"name\":\"s2\",\"genotype\":6}",
[00:17:20.137] "<00:17:20.137><21452.520000000004> g-proxy s2 receives Genotype g-ch msg = {\"axiom\":[2,4],\"g_rule\":\"+\",\"p_rule\":0.5,\"name\":\"s2\",\"genotype\":6}",
[00:17:20.137] "<00:17:20.137><21453.005> producer s2 received GENOTYPE",
[00:17:20.152] "<00:17:20.137><21453.585> %%% p-proxy s2 sends to Phenotype p-ch msg {\"axiom\":[2,4],\"g_rule\":\"+\",\"p_rule\":0.5,\"name\":\"s2\",\"genotype\":6}",
[00:17:20.152] "<00:17:20.137><61599.673453> Phenotype received from s2 {\"axiom\":[2,4],\"g_rule\":\"+\",\"p_rule\":0.5,\"name\":\"s2\",\"genotype\":6}",
[00:17:20.152] "<00:17:20.137><61601.071674> Phenotype sends to s2 generated phenotype {\"axiom\":[2,4],\"g_rule\":\"+\",\"p_rule\":0.5,\"name\":\"s2\",\"genotype\":6,\"phenotype\":3}",
[00:17:20.152] "<00:17:20.153><21472.755000000005> p-proxy s2 receives Phenotype p-ch msg = {\"axiom\":[2,4],\"g_rule\":\"+\",\"p_rule\":0.5,\"name\":\"s2\",\"genotype\":6,\"phenotype\":3}",
[00:17:20.152] "<00:17:20.153><21473.22> producer s2 received PHENOTYPE",
[00:17:25.132] "<00:17:25.132><26441.730000000003> \n%%% g-proxy s2 sends to Genotype g-ch msg {\"axiom\":[3,5],\"g_rule\":\"*\",\"p_rule\":2,\"name\":\"s2\"}",
[00:17:25.132] "<00:17:25.132><66583.712648> \nGenotype received from s2 {\"axiom\":[3,5],\"g_rule\":\"*\",\"p_rule\":2,\"name\":\"s2\"}",
[00:17:25.132] "<00:17:25.132><66584.621699> Genotype sends to s2 generated genotype {\"axiom\":[3,5],\"g_rule\":\"*\",\"p_rule\":2,\"name\":\"s2\",\"genotype\":15}",
[00:17:25.132] "<00:17:25.132><26448.18> producer s2 received GENOTYPE",
[00:17:25.132] "<00:17:25.132><26449.125000000004> %%% p-proxy s2 sends to Phenotype p-ch msg {\"axiom\":[3,5],\"g_rule\":\"*\",\"p_rule\":2,\"name\":\"s2\",\"genotype\":15}",
[00:17:25.132] "<00:17:25.132><26447.765> g-proxy s2 receives Genotype g-ch msg = {\"axiom\":[3,5],\"g_rule\":\"*\",\"p_rule\":2,\"name\":\"s2\",\"genotype\":15}",
[00:17:25.147] "<00:17:25.132><66591.482518> Phenotype received from s2 {\"axiom\":[3,5],\"g_rule\":\"*\",\"p_rule\":2,\"name\":\"s2\",\"genotype\":15}",
[00:17:25.147] "<00:17:25.132><66592.459674> Phenotype sends to s2 generated phenotype {\"axiom\":[3,5],\"g_rule\":\"*\",\"p_rule\":2,\"name\":\"s2\",\"genotype\":15,\"phenotype\":30}",
[00:17:25.147] "<00:17:25.132><26452.735> p-proxy s2 receives Phenotype p-ch msg = {\"axiom\":[3,5],\"g_rule\":\"*\",\"p_rule\":2,\"name\":\"s2\",\"genotype\":15,\"phenotype\":30}",
[00:17:25.147] "<00:17:25.132><26453.22> producer s2 received PHENOTYPE",
[00:17:30.127] "<00:17:30.128><31436.885000000002> \n%%% g-proxy s2 sends to Genotype g-ch msg {\"axiom\":[3,5],\"g_rule\":\"*\",\"p_rule\":2,\"name\":\"s2\"}",
[00:17:30.127] "<00:17:30.127><71578.634398> \nGenotype received from s2 {\"axiom\":[3,5],\"g_rule\":\"*\",\"p_rule\":2,\"name\":\"s2\"}",
[00:17:30.127] "<00:17:30.127><71579.472976> Genotype sends to s2 generated genotype {\"axiom\":[3,5],\"g_rule\":\"*\",\"p_rule\":2,\"name\":\"s2\",\"genotype\":15}",
[00:17:30.127] "<00:17:30.128><31440.030000000002> g-proxy s2 receives Genotype g-ch msg = {\"axiom\":[3,5],\"g_rule\":\"*\",\"p_rule\":2,\"name\":\"s2\",\"genotype\":15}",
[00:17:30.127] "<00:17:30.128><31440.445000000003> producer s2 received GENOTYPE",
[00:17:30.127] "<00:17:30.127><71585.036842> Phenotype received from s2 {\"axiom\":[3,5],\"g_rule\":\"*\",\"p_rule\":2,\"name\":\"s2\",\"genotype\":15}",
[00:17:30.127] "<00:17:30.128><31441.280000000002> %%% p-proxy s2 sends to Phenotype p-ch msg {\"axiom\":[3,5],\"g_rule\":\"*\",\"p_rule\":2,\"name\":\"s2\",\"genotype\":15}",
[00:17:30.127] "<00:17:30.127><71585.820936> Phenotype sends to s2 generated phenotype {\"axiom\":[3,5],\"g_rule\":\"*\",\"p_rule\":2,\"name\":\"s2\",\"genotype\":15,\"phenotype\":30}",
[00:17:30.127] "<00:17:30.128><31446.430000000004> p-proxy s2 receives Phenotype p-ch msg = {\"axiom\":[3,5],\"g_rule\":\"*\",\"p_rule\":2,\"name\":\"s2\",\"genotype\":15,\"phenotype\":30}",
[00:17:30.127] "<00:17:30.128><31446.875000000004> producer s2 received PHENOTYPE",
[00:17:35.135] "<00:17:35.135><36444.11> \n%%% g-proxy s2 sends to Genotype g-ch msg {\"axiom\":[3,5],\"g_rule\":\"*\",\"p_rule\":2,\"name\":\"s2\"}",
[00:17:35.135] "<00:17:35.135><76594.261786> Genotype sends to s2 generated genotype {\"axiom\":[3,5],\"g_rule\":\"*\",\"p_rule\":2,\"name\":\"s2\",\"genotype\":15}",
[00:17:35.135] "<00:17:35.135><76589.303756> \nGenotype received from s2 {\"axiom\":[3,5],\"g_rule\":\"*\",\"p_rule\":2,\"name\":\"s2\"}",
[00:17:35.150] "<00:17:35.135><36454.775> g-proxy s2 receives Genotype g-ch msg = {\"axiom\":[3,5],\"g_rule\":\"*\",\"p_rule\":2,\"name\":\"s2\",\"genotype\":15}",
[00:17:35.150] "<00:17:35.135><36455.255000000005> producer s2 received GENOTYPE",
[00:17:35.150] "<00:17:35.135><36455.97> %%% p-proxy s2 sends to Phenotype p-ch msg {\"axiom\":[3,5],\"g_rule\":\"*\",\"p_rule\":2,\"name\":\"s2\",\"genotype\":15}",
[00:17:35.166] "<00:17:35.150><76612.163874> Phenotype received from s2 {\"axiom\":[3,5],\"g_rule\":\"*\",\"p_rule\":2,\"name\":\"s2\",\"genotype\":15}",
[00:17:35.166] "<00:17:35.150><76613.830961> Phenotype sends to s2 generated phenotype {\"axiom\":[3,5],\"g_rule\":\"*\",\"p_rule\":2,\"name\":\"s2\",\"genotype\":15,\"phenotype\":30}",
[00:17:35.166] "<00:17:35.166><36477.33> producer s2 received PHENOTYPE",
[00:17:35.166] "<00:17:35.166><36476.91> p-proxy s2 receives Phenotype p-ch msg = {\"axiom\":[3,5],\"g_rule\":\"*\",\"p_rule\":2,\"name\":\"s2\",\"genotype\":15,\"phenotype\":30}",
[00:17:40.129] "<00:17:40.129><41438.01> \n%%% g-proxy s2 sends to Genotype g-ch msg {\"axiom\":[2,4],\"g_rule\":\"+\",\"p_rule\":0.5,\"name\":\"s2\"}",
[00:17:40.129] "<00:17:40.129><81580.836256> \nGenotype received from s2 {\"axiom\":[2,4],\"g_rule\":\"+\",\"p_rule\":0.5,\"name\":\"s2\"}",
[00:17:40.129] "<00:17:40.129><81581.836509> Genotype sends to s2 generated genotype {\"axiom\":[2,4],\"g_rule\":\"+\",\"p_rule\":0.5,\"name\":\"s2\",\"genotype\":6}",
[00:17:40.129] "<00:17:40.129><41446.950000000004> producer s2 received GENOTYPE",
[00:17:40.129] "<00:17:40.129><81589.210186> Phenotype received from s2 {\"axiom\":[2,4],\"g_rule\":\"+\",\"p_rule\":0.5,\"name\":\"s2\",\"genotype\":6}",
[00:17:40.129] "<00:17:40.129><81590.035735> Phenotype sends to s2 generated phenotype {\"axiom\":[2,4],\"g_rule\":\"+\",\"p_rule\":0.5,\"name\":\"s2\",\"genotype\":6,\"phenotype\":3}",
[00:17:40.144] "<00:17:40.129><41446.56500000001> g-proxy s2 receives Genotype g-ch msg = {\"axiom\":[2,4],\"g_rule\":\"+\",\"p_rule\":0.5,\"name\":\"s2\",\"genotype\":6}",
[00:17:40.144] "<00:17:40.129><41447.545000000006> %%% p-proxy s2 sends to Phenotype p-ch msg {\"axiom\":[2,4],\"g_rule\":\"+\",\"p_rule\":0.5,\"name\":\"s2\",\"genotype\":6}",
[00:17:40.144] "<00:17:40.129><41451.30500000001> producer s2 received PHENOTYPE",
[00:17:40.144] "<00:17:40.129><41450.69> p-proxy s2 receives Phenotype p-ch msg = {\"axiom\":[2,4],\"g_rule\":\"+\",\"p_rule\":0.5,\"name\":\"s2\",\"genotype\":6,\"phenotype\":3}",
[00:17:45.130] "<00:17:45.130><46438.395000000004> \n%%% g-proxy s2 sends to Genotype g-ch msg {\"axiom\":[2,4],\"g_rule\":\"+\",\"p_rule\":0.5,\"name\":\"s2\"}",
[00:17:45.130] "<00:17:45.130><86580.994378> \nGenotype received from s2 {\"axiom\":[2,4],\"g_rule\":\"+\",\"p_rule\":0.5,\"name\":\"s2\"}",
[00:17:45.130] "<00:17:45.130><86582.130248> Genotype sends to s2 generated genotype {\"axiom\":[2,4],\"g_rule\":\"+\",\"p_rule\":0.5,\"name\":\"s2\",\"genotype\":6}",
[00:17:45.130] "<00:17:45.130><46446.285> producer s2 received GENOTYPE",
[00:17:45.130] "<00:17:45.130><86589.692842> Phenotype received from s2 {\"axiom\":[2,4],\"g_rule\":\"+\",\"p_rule\":0.5,\"name\":\"s2\",\"genotype\":6}",
[00:17:45.130] "<00:17:45.130><86590.910437> Phenotype sends to s2 generated phenotype {\"axiom\":[2,4],\"g_rule\":\"+\",\"p_rule\":0.5,\"name\":\"s2\",\"genotype\":6,\"phenotype\":3}",
[00:17:45.130] "<00:17:45.130><46447.16> %%% p-proxy s2 sends to Phenotype p-ch msg {\"axiom\":[2,4],\"g_rule\":\"+\",\"p_rule\":0.5,\"name\":\"s2\",\"genotype\":6}",
[00:17:45.145] "<00:17:45.130><46445.79> g-proxy s2 receives Genotype g-ch msg = {\"axiom\":[2,4],\"g_rule\":\"+\",\"p_rule\":0.5,\"name\":\"s2\",\"genotype\":6}",
[00:17:45.145] "<00:17:45.146><46455.26500000001> p-proxy s2 receives Phenotype p-ch msg = {\"axiom\":[2,4],\"g_rule\":\"+\",\"p_rule\":0.5,\"name\":\"s2\",\"genotype\":6,\"phenotype\":3}",
[00:17:45.145] "<00:17:45.146><46455.935000000005> producer s2 received PHENOTYPE",
