[00:19:02.355] "<00:19:02.339><71461.231785> Genotype sends to s3 generated genotype {\"axiom\":[3,5],\"g_rule\":\"*\",\"p_rule\":2,\"name\":\"s3\",\"genotype\":15}",
[00:19:02.355] "<00:19:02.339><9097.435000000001> \n%%% g-proxy s3 sends to Genotype g-ch msg {\"axiom\":[3,5],\"g_rule\":\"*\",\"p_rule\":2,\"name\":\"s3\"}",
[00:19:02.355] "<00:19:02.355><9115.545> g-proxy s3 receives Genotype g-ch msg = {\"axiom\":[3,5],\"g_rule\":\"*\",\"p_rule\":2,\"name\":\"s3\",\"genotype\":15}",
[00:19:02.355] "<00:19:02.355><9119.415> producer s3 received GENOTYPE",
[00:19:02.355] "<00:19:02.339><71457.474768> \nGenotype received from s3 {\"axiom\":[3,5],\"g_rule\":\"*\",\"p_rule\":2,\"name\":\"s3\"}",
[00:19:02.376] "<00:19:02.373><71480.545715> Phenotype received from s3 {\"axiom\":[3,5],\"g_rule\":\"*\",\"p_rule\":2,\"name\":\"s3\",\"genotype\":15}",
[00:19:02.378] "<00:19:02.355><9122.355000000001> %%% p-proxy s3 sends to Phenotype p-ch msg {\"axiom\":[3,5],\"g_rule\":\"*\",\"p_rule\":2,\"name\":\"s3\",\"genotype\":15}",
[00:19:02.381] "<00:19:02.374><71481.995459> Phenotype sends to s3 generated phenotype {\"axiom\":[3,5],\"g_rule\":\"*\",\"p_rule\":2,\"name\":\"s3\",\"genotype\":15,\"phenotype\":30}",
[00:19:02.384] "<00:19:02.377><9131.125> p-proxy s3 receives Phenotype p-ch msg = {\"axiom\":[3,5],\"g_rule\":\"*\",\"p_rule\":2,\"name\":\"s3\",\"genotype\":15,\"phenotype\":30}",
[00:19:02.385] "<00:19:02.381><9135.015000000001> producer s3 received PHENOTYPE",
[00:19:07.351] "<00:19:07.351><76461.149467> \nGenotype received from s3 {\"axiom\":[2,4],\"g_rule\":\"+\",\"p_rule\":0.5,\"name\":\"s3\"}",
[00:19:07.351] "<00:19:07.351><76462.082206> Genotype sends to s3 generated genotype {\"axiom\":[2,4],\"g_rule\":\"+\",\"p_rule\":0.5,\"name\":\"s3\",\"genotype\":6}",
[00:19:07.351] "<00:19:07.351><14108.500000000002> g-proxy s3 receives Genotype g-ch msg = {\"axiom\":[2,4],\"g_rule\":\"+\",\"p_rule\":0.5,\"name\":\"s3\",\"genotype\":6}",
[00:19:07.351] "<00:19:07.351><14105.650000000001> \n%%% g-proxy s3 sends to Genotype g-ch msg {\"axiom\":[2,4],\"g_rule\":\"+\",\"p_rule\":0.5,\"name\":\"s3\"}",
[00:19:07.351] "<00:19:07.351><14112.045000000002> producer s3 received GENOTYPE",
[00:19:07.351] "<00:19:07.351><76471.074409> Phenotype received from s3 {\"axiom\":[2,4],\"g_rule\":\"+\",\"p_rule\":0.5,\"name\":\"s3\",\"genotype\":6}",
[00:19:07.367] "<00:19:07.351><76472.232191> Phenotype sends to s3 generated phenotype {\"axiom\":[2,4],\"g_rule\":\"+\",\"p_rule\":0.5,\"name\":\"s3\",\"genotype\":6,\"phenotype\":3}",
[00:19:07.367] "<00:19:07.351><14114.7> %%% p-proxy s3 sends to Phenotype p-ch msg {\"axiom\":[2,4],\"g_rule\":\"+\",\"p_rule\":0.5,\"name\":\"s3\",\"genotype\":6}",
[00:19:07.367] "<00:19:07.351><14119.78> p-proxy s3 receives Phenotype p-ch msg = {\"axiom\":[2,4],\"g_rule\":\"+\",\"p_rule\":0.5,\"name\":\"s3\",\"genotype\":6,\"phenotype\":3}",
[00:19:07.367] "<00:19:07.367><14123.535> producer s3 received PHENOTYPE",
[00:19:12.348] "<00:19:12.348><81457.375868> \nGenotype received from s3 {\"axiom\":[3,5],\"g_rule\":\"*\",\"p_rule\":2,\"name\":\"s3\"}",
[00:19:12.348] "<00:19:12.348><81458.360723> Genotype sends to s3 generated genotype {\"axiom\":[3,5],\"g_rule\":\"*\",\"p_rule\":2,\"name\":\"s3\",\"genotype\":15}",
[00:19:12.348] "<00:19:12.348><19101.125000000004> \n%%% g-proxy s3 sends to Genotype g-ch msg {\"axiom\":[3,5],\"g_rule\":\"*\",\"p_rule\":2,\"name\":\"s3\"}",
[00:19:12.348] "<00:19:12.348><19107.255> producer s3 received GENOTYPE",
[00:19:12.363] "<00:19:12.348><81463.534319> Phenotype received from s3 {\"axiom\":[3,5],\"g_rule\":\"*\",\"p_rule\":2,\"name\":\"s3\",\"genotype\":15}",
[00:19:12.363] "<00:19:12.348><81464.318413> Phenotype sends to s3 generated phenotype {\"axiom\":[3,5],\"g_rule\":\"*\",\"p_rule\":2,\"name\":\"s3\",\"genotype\":15,\"phenotype\":30}",
[00:19:12.363] "<00:19:12.348><19108.715> %%% p-proxy s3 sends to Phenotype p-ch msg {\"axiom\":[3,5],\"g_rule\":\"*\",\"p_rule\":2,\"name\":\"s3\",\"genotype\":15}",
[00:19:12.348] "<00:19:12.348><19104.600000000002> g-proxy s3 receives Genotype g-ch msg = {\"axiom\":[3,5],\"g_rule\":\"*\",\"p_rule\":2,\"name\":\"s3\",\"genotype\":15}",
[00:19:12.363] "<00:19:12.348><19112.705> producer s3 received PHENOTYPE",
[00:19:12.363] "<00:19:12.348><19110.605000000003> p-proxy s3 receives Phenotype p-ch msg = {\"axiom\":[3,5],\"g_rule\":\"*\",\"p_rule\":2,\"name\":\"s3\",\"genotype\":15,\"phenotype\":30}",
[00:19:17.339] "<00:19:17.339><86448.361161> Genotype sends to s3 generated genotype {\"axiom\":[3,5],\"g_rule\":\"*\",\"p_rule\":2,\"name\":\"s3\",\"genotype\":15}",
[00:19:17.339] "<00:19:17.339><86447.487643> \nGenotype received from s3 {\"axiom\":[3,5],\"g_rule\":\"*\",\"p_rule\":2,\"name\":\"s3\"}",
[00:19:17.339] "<00:19:17.339><24091.985> \n%%% g-proxy s3 sends to Genotype g-ch msg {\"axiom\":[3,5],\"g_rule\":\"*\",\"p_rule\":2,\"name\":\"s3\"}",
[00:19:17.339] "<00:19:17.339><24102.475000000002> producer s3 received GENOTYPE",
[00:19:17.355] "<00:19:17.339><86458.777643> Phenotype received from s3 {\"axiom\":[3,5],\"g_rule\":\"*\",\"p_rule\":2,\"name\":\"s3\",\"genotype\":15}",
[00:19:17.355] "<00:19:17.339><86459.385848> Phenotype sends to s3 generated phenotype {\"axiom\":[3,5],\"g_rule\":\"*\",\"p_rule\":2,\"name\":\"s3\",\"genotype\":15,\"phenotype\":30}",
[00:19:17.355] "<00:19:17.339><24103.825> %%% p-proxy s3 sends to Phenotype p-ch msg {\"axiom\":[3,5],\"g_rule\":\"*\",\"p_rule\":2,\"name\":\"s3\",\"genotype\":15}",
[00:19:17.355] "<00:19:17.339><24100.18> g-proxy s3 receives Genotype g-ch msg = {\"axiom\":[3,5],\"g_rule\":\"*\",\"p_rule\":2,\"name\":\"s3\",\"genotype\":15}",
[00:19:17.355] "<00:19:17.354><24107.5> producer s3 received PHENOTYPE",
[00:19:17.355] "<00:19:17.339><24105.485> p-proxy s3 receives Phenotype p-ch msg = {\"axiom\":[3,5],\"g_rule\":\"*\",\"p_rule\":2,\"name\":\"s3\",\"genotype\":15,\"phenotype\":30}",
[00:19:22.337] "<00:19:22.337><91446.750927> \nGenotype received from s3 {\"axiom\":[3,5],\"g_rule\":\"*\",\"p_rule\":2,\"name\":\"s3\"}",
[00:19:22.337] "<00:19:22.337><29091.430000000004> \n%%% g-proxy s3 sends to Genotype g-ch msg {\"axiom\":[3,5],\"g_rule\":\"*\",\"p_rule\":2,\"name\":\"s3\"}",
[00:19:22.337] "<00:19:22.337><91447.840604> Genotype sends to s3 generated genotype {\"axiom\":[3,5],\"g_rule\":\"*\",\"p_rule\":2,\"name\":\"s3\",\"genotype\":15}",
[00:19:22.337] "<00:19:22.337><29094.310000000005> g-proxy s3 receives Genotype g-ch msg = {\"axiom\":[3,5],\"g_rule\":\"*\",\"p_rule\":2,\"name\":\"s3\",\"genotype\":15}",
[00:19:22.337] "<00:19:22.337><29097.550000000003> producer s3 received GENOTYPE",
[00:19:22.353] "<00:19:22.337><91457.580183> Phenotype received from s3 {\"axiom\":[3,5],\"g_rule\":\"*\",\"p_rule\":2,\"name\":\"s3\",\"genotype\":15}",
[00:19:22.353] "<00:19:22.337><91458.313938> Phenotype sends to s3 generated phenotype {\"axiom\":[3,5],\"g_rule\":\"*\",\"p_rule\":2,\"name\":\"s3\",\"genotype\":15,\"phenotype\":30}",
[00:19:22.353] "<00:19:22.353><29104.715000000004> p-proxy s3 receives Phenotype p-ch msg = {\"axiom\":[3,5],\"g_rule\":\"*\",\"p_rule\":2,\"name\":\"s3\",\"genotype\":15,\"phenotype\":30}",
[00:19:22.353] "<00:19:22.337><29099.960000000003> %%% p-proxy s3 sends to Phenotype p-ch msg {\"axiom\":[3,5],\"g_rule\":\"*\",\"p_rule\":2,\"name\":\"s3\",\"genotype\":15}",
[00:19:22.353] "<00:19:22.353><29109.190000000002> producer s3 received PHENOTYPE",
[00:19:27.352] "<00:19:27.352><96460.819603> \nGenotype received from s3 {\"axiom\":[3,5],\"g_rule\":\"*\",\"p_rule\":2,\"name\":\"s3\"}",
[00:19:27.352] "<00:19:27.352><96461.844136> Genotype sends to s3 generated genotype {\"axiom\":[3,5],\"g_rule\":\"*\",\"p_rule\":2,\"name\":\"s3\",\"genotype\":15}",
[00:19:27.352] "<00:19:27.351><34104.135> \n%%% g-proxy s3 sends to Genotype g-ch msg {\"axiom\":[3,5],\"g_rule\":\"*\",\"p_rule\":2,\"name\":\"s3\"}",
[00:19:27.352] "<00:19:27.351><34110.9> producer s3 received GENOTYPE",
[00:19:27.352] "<00:19:27.352><96470.27551> Phenotype received from s3 {\"axiom\":[3,5],\"g_rule\":\"*\",\"p_rule\":2,\"name\":\"s3\",\"genotype\":15}",
[00:19:27.352] "<00:19:27.351><34108.17> g-proxy s3 receives Genotype g-ch msg = {\"axiom\":[3,5],\"g_rule\":\"*\",\"p_rule\":2,\"name\":\"s3\",\"genotype\":15}",
[00:19:27.352] "<00:19:27.352><96471.176863> Phenotype sends to s3 generated phenotype {\"axiom\":[3,5],\"g_rule\":\"*\",\"p_rule\":2,\"name\":\"s3\",\"genotype\":15,\"phenotype\":30}",
[00:19:27.367] "<00:19:27.351><34113.64000000001> %%% p-proxy s3 sends to Phenotype p-ch msg {\"axiom\":[3,5],\"g_rule\":\"*\",\"p_rule\":2,\"name\":\"s3\",\"genotype\":15}",
[00:19:27.367] "<00:19:27.351><34117.815> p-proxy s3 receives Phenotype p-ch msg = {\"axiom\":[3,5],\"g_rule\":\"*\",\"p_rule\":2,\"name\":\"s3\",\"genotype\":15,\"phenotype\":30}",
[00:19:27.367] "<00:19:27.367><34120.79> producer s3 received PHENOTYPE",
[00:19:32.343] "<00:19:32.343><39096.53> \n%%% g-proxy s3 sends to Genotype g-ch msg {\"axiom\":[3,5],\"g_rule\":\"*\",\"p_rule\":2,\"name\":\"s3\"}",
[00:19:32.343] "<00:19:32.343><101453.885941> \nGenotype received from s3 {\"axiom\":[3,5],\"g_rule\":\"*\",\"p_rule\":2,\"name\":\"s3\"}",
[00:19:32.343] "<00:19:32.343><101454.773081> Genotype sends to s3 generated genotype {\"axiom\":[3,5],\"g_rule\":\"*\",\"p_rule\":2,\"name\":\"s3\",\"genotype\":15}",
[00:19:32.343] "<00:19:32.343><39101.115> g-proxy s3 receives Genotype g-ch msg = {\"axiom\":[3,5],\"g_rule\":\"*\",\"p_rule\":2,\"name\":\"s3\",\"genotype\":15}",
[00:19:32.343] "<00:19:32.343><39104.355> producer s3 received GENOTYPE",
[00:19:32.376] "<00:19:32.359><101464.801661> Phenotype received from s3 {\"axiom\":[3,5],\"g_rule\":\"*\",\"p_rule\":2,\"name\":\"s3\",\"genotype\":15}",
[00:19:32.379] "<00:19:32.343><39106.9> %%% p-proxy s3 sends to Phenotype p-ch msg {\"axiom\":[3,5],\"g_rule\":\"*\",\"p_rule\":2,\"name\":\"s3\",\"genotype\":15}",
[00:19:32.378] "<00:19:32.359><101467.783467> Phenotype sends to s3 generated phenotype {\"axiom\":[3,5],\"g_rule\":\"*\",\"p_rule\":2,\"name\":\"s3\",\"genotype\":15,\"phenotype\":30}",
[00:19:32.385] "<00:19:32.359><39114.36000000001> p-proxy s3 receives Phenotype p-ch msg = {\"axiom\":[3,5],\"g_rule\":\"*\",\"p_rule\":2,\"name\":\"s3\",\"genotype\":15,\"phenotype\":30}",
[00:19:32.386] "<00:19:32.359><39118.875> producer s3 received PHENOTYPE",
[00:19:37.352] "<00:19:37.352><44106.385> \n%%% g-proxy s3 sends to Genotype g-ch msg {\"axiom\":[2,4],\"g_rule\":\"+\",\"p_rule\":0.5,\"name\":\"s3\"}",
[00:19:37.352] "<00:19:37.352><106462.509194> \nGenotype received from s3 {\"axiom\":[2,4],\"g_rule\":\"+\",\"p_rule\":0.5,\"name\":\"s3\"}",
[00:19:37.352] "<00:19:37.352><106463.418837> Genotype sends to s3 generated genotype {\"axiom\":[2,4],\"g_rule\":\"+\",\"p_rule\":0.5,\"name\":\"s3\",\"genotype\":6}",
[00:19:37.368] "<00:19:37.352><44114.19> producer s3 received GENOTYPE",
[00:19:37.368] "<00:19:37.368><106483.253917> Phenotype received from s3 {\"axiom\":[2,4],\"g_rule\":\"+\",\"p_rule\":0.5,\"name\":\"s3\",\"genotype\":6}",
[00:19:37.368] "<00:19:37.368><106484.049263> Phenotype sends to s3 generated phenotype {\"axiom\":[2,4],\"g_rule\":\"+\",\"p_rule\":0.5,\"name\":\"s3\",\"genotype\":6,\"phenotype\":3}",
[00:19:37.368] "<00:19:37.352><44110.605> g-proxy s3 receives Genotype g-ch msg = {\"axiom\":[2,4],\"g_rule\":\"+\",\"p_rule\":0.5,\"name\":\"s3\",\"genotype\":6}",
[00:19:37.368] "<00:19:37.352><44116.565> %%% p-proxy s3 sends to Phenotype p-ch msg {\"axiom\":[2,4],\"g_rule\":\"+\",\"p_rule\":0.5,\"name\":\"s3\",\"genotype\":6}",
[00:19:37.390] "<00:19:37.368><44131.475> p-proxy s3 receives Phenotype p-ch msg = {\"axiom\":[2,4],\"g_rule\":\"+\",\"p_rule\":0.5,\"name\":\"s3\",\"genotype\":6,\"phenotype\":3}",
[00:19:37.390] "<00:19:37.384><44136.18> producer s3 received PHENOTYPE",
[00:19:42.344] "<00:19:42.342><111446.58333> \nGenotype received from s3 {\"axiom\":[2,4],\"g_rule\":\"+\",\"p_rule\":0.5,\"name\":\"s3\"}",
[00:19:42.345] "<00:19:42.343><111447.818692> Genotype sends to s3 generated genotype {\"axiom\":[2,4],\"g_rule\":\"+\",\"p_rule\":0.5,\"name\":\"s3\",\"genotype\":6}",
[00:19:42.347] "<00:19:42.339><49091.04000000001> \n%%% g-proxy s3 sends to Genotype g-ch msg {\"axiom\":[2,4],\"g_rule\":\"+\",\"p_rule\":0.5,\"name\":\"s3\"}",
[00:19:42.354] "<00:19:42.343><49094.785> g-proxy s3 receives Genotype g-ch msg = {\"axiom\":[2,4],\"g_rule\":\"+\",\"p_rule\":0.5,\"name\":\"s3\",\"genotype\":6}",
[00:19:42.358] "<00:19:42.349><49100.86000000001> %%% p-proxy s3 sends to Phenotype p-ch msg {\"axiom\":[2,4],\"g_rule\":\"+\",\"p_rule\":0.5,\"name\":\"s3\",\"genotype\":6}",
[00:19:42.359] "<00:19:42.355><111460.290162> Phenotype received from s3 {\"axiom\":[2,4],\"g_rule\":\"+\",\"p_rule\":0.5,\"name\":\"s3\",\"genotype\":6}",
[00:19:42.355] "<00:19:42.347><49098.48> producer s3 received GENOTYPE",
[00:19:42.359] "<00:19:42.357><111461.542698> Phenotype sends to s3 generated phenotype {\"axiom\":[2,4],\"g_rule\":\"+\",\"p_rule\":0.5,\"name\":\"s3\",\"genotype\":6,\"phenotype\":3}",
[00:19:42.374] "<00:19:42.363><49114.83> p-proxy s3 receives Phenotype p-ch msg = {\"axiom\":[2,4],\"g_rule\":\"+\",\"p_rule\":0.5,\"name\":\"s3\",\"genotype\":6,\"phenotype\":3}",
[00:19:42.375] "<00:19:42.366><49118.05> producer s3 received PHENOTYPE",
[00:20:05.607] "<00:20:05.607><134715.496626> \nGenotype received from s4 {\"axiom\":[2,4],\"g_rule\":\"+\",\"p_rule\":0.5,\"name\":\"s4\"}",
[00:20:05.607] "<00:20:05.607><134716.891294> Genotype sends to s4 generated genotype {\"axiom\":[2,4],\"g_rule\":\"+\",\"p_rule\":0.5,\"name\":\"s4\",\"genotype\":6}",
[00:20:05.607] "<00:20:05.607><8973.18> \n%%% g-proxy s4 sends to Genotype g-ch msg {\"axiom\":[2,4],\"g_rule\":\"+\",\"p_rule\":0.5,\"name\":\"s4\"}",
[00:20:05.623] "<00:20:05.607><8982.735> producer s4 received GENOTYPE",
[00:20:05.623] "<00:20:05.623><134727.617504> Phenotype received from s4 {\"axiom\":[2,4],\"g_rule\":\"+\",\"p_rule\":0.5,\"name\":\"s4\",\"genotype\":6}",
[00:20:05.623] "<00:20:05.623><134729.515556> Phenotype sends to s4 generated phenotype {\"axiom\":[2,4],\"g_rule\":\"+\",\"p_rule\":0.5,\"name\":\"s4\",\"genotype\":6,\"phenotype\":3}",
[00:20:05.623] "<00:20:05.622><8987.075> %%% p-proxy s4 sends to Phenotype p-ch msg {\"axiom\":[2,4],\"g_rule\":\"+\",\"p_rule\":0.5,\"name\":\"s4\",\"genotype\":6}",
[00:20:05.623] "<00:20:05.607><8977.005000000001> g-proxy s4 receives Genotype g-ch msg = {\"axiom\":[2,4],\"g_rule\":\"+\",\"p_rule\":0.5,\"name\":\"s4\",\"genotype\":6}",
[00:20:05.642] "<00:20:05.639><9000.105000000001> producer s4 received PHENOTYPE",
[00:20:05.643] "<00:20:05.622><8993.550000000001> p-proxy s4 receives Phenotype p-ch msg = {\"axiom\":[2,4],\"g_rule\":\"+\",\"p_rule\":0.5,\"name\":\"s4\",\"genotype\":6,\"phenotype\":3}",
[00:20:10.605] "<00:20:10.605><139710.170238> \nGenotype received from s4 {\"axiom\":[3,5],\"g_rule\":\"*\",\"p_rule\":2,\"name\":\"s4\"}",
[00:20:10.605] "<00:20:10.605><139711.231489> Genotype sends to s4 generated genotype {\"axiom\":[3,5],\"g_rule\":\"*\",\"p_rule\":2,\"name\":\"s4\",\"genotype\":15}",
[00:20:10.605] "<00:20:10.605><13967.18> \n%%% g-proxy s4 sends to Genotype g-ch msg {\"axiom\":[3,5],\"g_rule\":\"*\",\"p_rule\":2,\"name\":\"s4\"}",
[00:20:10.636] "<00:20:10.636><14004.485> producer s4 received GENOTYPE",
[00:20:10.636] "<00:20:10.636><139748.3871> Phenotype received from s4 {\"axiom\":[3,5],\"g_rule\":\"*\",\"p_rule\":2,\"name\":\"s4\",\"genotype\":15}",
[00:20:10.636] "<00:20:10.636><139748.950298> Phenotype sends to s4 generated phenotype {\"axiom\":[3,5],\"g_rule\":\"*\",\"p_rule\":2,\"name\":\"s4\",\"genotype\":15,\"phenotype\":30}",
[00:20:10.636] "<00:20:10.636><14002.860000000002> g-proxy s4 receives Genotype g-ch msg = {\"axiom\":[3,5],\"g_rule\":\"*\",\"p_rule\":2,\"name\":\"s4\",\"genotype\":15}",
[00:20:10.636] "<00:20:10.636><14005.675000000001> %%% p-proxy s4 sends to Phenotype p-ch msg {\"axiom\":[3,5],\"g_rule\":\"*\",\"p_rule\":2,\"name\":\"s4\",\"genotype\":15}",
[00:20:10.652] "<00:20:10.652><14012.385000000002> producer s4 received PHENOTYPE",
[00:20:10.652] "<00:20:10.636><14008.740000000002> p-proxy s4 receives Phenotype p-ch msg = {\"axiom\":[3,5],\"g_rule\":\"*\",\"p_rule\":2,\"name\":\"s4\",\"genotype\":15,\"phenotype\":30}",
[00:20:15.612] "<00:20:15.612><144717.186217> \nGenotype received from s4 {\"axiom\":[3,5],\"g_rule\":\"*\",\"p_rule\":2,\"name\":\"s4\"}",
[00:20:15.612] "<00:20:15.612><144718.017688> Genotype sends to s4 generated genotype {\"axiom\":[3,5],\"g_rule\":\"*\",\"p_rule\":2,\"name\":\"s4\",\"genotype\":15}",
[00:20:15.612] "<00:20:15.612><18973.47> \n%%% g-proxy s4 sends to Genotype g-ch msg {\"axiom\":[3,5],\"g_rule\":\"*\",\"p_rule\":2,\"name\":\"s4\"}",
[00:20:15.612] "<00:20:15.612><18976.985000000004> g-proxy s4 receives Genotype g-ch msg = {\"axiom\":[3,5],\"g_rule\":\"*\",\"p_rule\":2,\"name\":\"s4\",\"genotype\":15}",
[00:20:15.612] "<00:20:15.612><18980.29> producer s4 received GENOTYPE",
[00:20:15.627] "<00:20:15.612><144727.956844> Phenotype sends to s4 generated phenotype {\"axiom\":[3,5],\"g_rule\":\"*\",\"p_rule\":2,\"name\":\"s4\",\"genotype\":15,\"phenotype\":30}",
[00:20:15.627] "<00:20:15.612><18983.585000000003> %%% p-proxy s4 sends to Phenotype p-ch msg {\"axiom\":[3,5],\"g_rule\":\"*\",\"p_rule\":2,\"name\":\"s4\",\"genotype\":15}",
[00:20:15.627] "<00:20:15.612><18986.585000000003> p-proxy s4 receives Phenotype p-ch msg = {\"axiom\":[3,5],\"g_rule\":\"*\",\"p_rule\":2,\"name\":\"s4\",\"genotype\":15,\"phenotype\":30}",
[00:20:15.627] "<00:20:15.627><18991.050000000003> producer s4 received PHENOTYPE",
[00:20:15.612] "<00:20:15.612><144727.142547> Phenotype received from s4 {\"axiom\":[3,5],\"g_rule\":\"*\",\"p_rule\":2,\"name\":\"s4\",\"genotype\":15}",
[00:20:20.614] "<00:20:20.614><149718.808296> \nGenotype received from s4 {\"axiom\":[2,4],\"g_rule\":\"+\",\"p_rule\":0.5,\"name\":\"s4\"}",
[00:20:20.614] "<00:20:20.614><149719.661679> Genotype sends to s4 generated genotype {\"axiom\":[2,4],\"g_rule\":\"+\",\"p_rule\":0.5,\"name\":\"s4\",\"genotype\":6}",
[00:20:20.614] "<00:20:20.614><23975.535> \n%%% g-proxy s4 sends to Genotype g-ch msg {\"axiom\":[2,4],\"g_rule\":\"+\",\"p_rule\":0.5,\"name\":\"s4\"}",
[00:20:20.614] "<00:20:20.614><23978.335000000003> g-proxy s4 receives Genotype g-ch msg = {\"axiom\":[2,4],\"g_rule\":\"+\",\"p_rule\":0.5,\"name\":\"s4\",\"genotype\":6}",
[00:20:20.614] "<00:20:20.614><23981.725000000002> producer s4 received GENOTYPE",
[00:20:20.614] "<00:20:20.614><149727.943815> Phenotype received from s4 {\"axiom\":[2,4],\"g_rule\":\"+\",\"p_rule\":0.5,\"name\":\"s4\",\"genotype\":6}",
[00:20:20.614] "<00:20:20.614><149729.098043> Phenotype sends to s4 generated phenotype {\"axiom\":[2,4],\"g_rule\":\"+\",\"p_rule\":0.5,\"name\":\"s4\",\"genotype\":6,\"phenotype\":3}",
[00:20:20.630] "<00:20:20.614><23983.725000000002> %%% p-proxy s4 sends to Phenotype p-ch msg {\"axiom\":[2,4],\"g_rule\":\"+\",\"p_rule\":0.5,\"name\":\"s4\",\"genotype\":6}",
[00:20:20.630] "<00:20:20.630><23991.050000000003> producer s4 received PHENOTYPE",
[00:20:20.630] "<00:20:20.614><23987.910000000003> p-proxy s4 receives Phenotype p-ch msg = {\"axiom\":[2,4],\"g_rule\":\"+\",\"p_rule\":0.5,\"name\":\"s4\",\"genotype\":6,\"phenotype\":3}",
[00:20:25.613] "<00:20:25.613><154719.38393> \nGenotype received from s4 {\"axiom\":[2,4],\"g_rule\":\"+\",\"p_rule\":0.5,\"name\":\"s4\"}",
[00:20:25.613] "<00:20:25.613><154720.583166> Genotype sends to s4 generated genotype {\"axiom\":[2,4],\"g_rule\":\"+\",\"p_rule\":0.5,\"name\":\"s4\",\"genotype\":6}",
[00:20:25.613] "<00:20:25.613><28975.57> \n%%% g-proxy s4 sends to Genotype g-ch msg {\"axiom\":[2,4],\"g_rule\":\"+\",\"p_rule\":0.5,\"name\":\"s4\"}",
[00:20:25.613] "<00:20:25.613><28980.075000000004> g-proxy s4 receives Genotype g-ch msg = {\"axiom\":[2,4],\"g_rule\":\"+\",\"p_rule\":0.5,\"name\":\"s4\",\"genotype\":6}",
[00:20:25.629] "<00:20:25.629><154731.918175> Phenotype received from s4 {\"axiom\":[2,4],\"g_rule\":\"+\",\"p_rule\":0.5,\"name\":\"s4\",\"genotype\":6}",
[00:20:25.629] "<00:20:25.629><154732.722403> Phenotype sends to s4 generated phenotype {\"axiom\":[2,4],\"g_rule\":\"+\",\"p_rule\":0.5,\"name\":\"s4\",\"genotype\":6,\"phenotype\":3}",
[00:20:25.613] "<00:20:25.613><28985.785000000003> producer s4 received GENOTYPE",
[00:20:25.629] "<00:20:25.629><28991.885000000002> p-proxy s4 receives Phenotype p-ch msg = {\"axiom\":[2,4],\"g_rule\":\"+\",\"p_rule\":0.5,\"name\":\"s4\",\"genotype\":6,\"phenotype\":3}",
[00:20:25.629] "<00:20:25.613><28987.880000000005> %%% p-proxy s4 sends to Phenotype p-ch msg {\"axiom\":[2,4],\"g_rule\":\"+\",\"p_rule\":0.5,\"name\":\"s4\",\"genotype\":6}",
[00:20:25.629] "<00:20:25.629><28995.590000000004> producer s4 received PHENOTYPE",
[00:20:30.607] "<00:20:30.607><33968.24> \n%%% g-proxy s4 sends to Genotype g-ch msg {\"axiom\":[3,5],\"g_rule\":\"*\",\"p_rule\":2,\"name\":\"s4\"}",
[00:20:30.607] "<00:20:30.607><159711.94274> \nGenotype received from s4 {\"axiom\":[3,5],\"g_rule\":\"*\",\"p_rule\":2,\"name\":\"s4\"}",
[00:20:30.607] "<00:20:30.607><159712.782502> Genotype sends to s4 generated genotype {\"axiom\":[3,5],\"g_rule\":\"*\",\"p_rule\":2,\"name\":\"s4\",\"genotype\":15}",
[00:20:30.607] "<00:20:30.607><33971.490000000005> g-proxy s4 receives Genotype g-ch msg = {\"axiom\":[3,5],\"g_rule\":\"*\",\"p_rule\":2,\"name\":\"s4\",\"genotype\":15}",
[00:20:30.607] "<00:20:30.607><33974.51> producer s4 received GENOTYPE",
[00:20:30.607] "<00:20:30.607><159719.417094> Phenotype received from s4 {\"axiom\":[3,5],\"g_rule\":\"*\",\"p_rule\":2,\"name\":\"s4\",\"genotype\":15}",
[00:20:30.607] "<00:20:30.607><159720.203556> Phenotype sends to s4 generated phenotype {\"axiom\":[3,5],\"g_rule\":\"*\",\"p_rule\":2,\"name\":\"s4\",\"genotype\":15,\"phenotype\":30}",
[00:20:30.623] "<00:20:30.623><33982.225> producer s4 received PHENOTYPE",
[00:20:30.607] "<00:20:30.607><33976.5> %%% p-proxy s4 sends to Phenotype p-ch msg {\"axiom\":[3,5],\"g_rule\":\"*\",\"p_rule\":2,\"name\":\"s4\",\"genotype\":15}",
[00:20:30.623] "<00:20:30.607><33978.995> p-proxy s4 receives Phenotype p-ch msg = {\"axiom\":[3,5],\"g_rule\":\"*\",\"p_rule\":2,\"name\":\"s4\",\"genotype\":15,\"phenotype\":30}",
[00:20:35.618] "<00:20:35.618><164721.239934> \nGenotype received from s4 {\"axiom\":[2,4],\"g_rule\":\"+\",\"p_rule\":0.5,\"name\":\"s4\"}",
[00:20:35.618] "<00:20:35.618><38977.82> \n%%% g-proxy s4 sends to Genotype g-ch msg {\"axiom\":[2,4],\"g_rule\":\"+\",\"p_rule\":0.5,\"name\":\"s4\"}",
[00:20:35.618] "<00:20:35.618><164722.738239> Genotype sends to s4 generated genotype {\"axiom\":[2,4],\"g_rule\":\"+\",\"p_rule\":0.5,\"name\":\"s4\",\"genotype\":6}",
[00:20:35.633] "<00:20:35.633><38994.62> producer s4 received GENOTYPE",
[00:20:35.633] "<00:20:35.633><38996.65> %%% p-proxy s4 sends to Phenotype p-ch msg {\"axiom\":[2,4],\"g_rule\":\"+\",\"p_rule\":0.5,\"name\":\"s4\",\"genotype\":6}",
[00:20:35.633] "<00:20:35.633><164743.715703> Phenotype sends to s4 generated phenotype {\"axiom\":[2,4],\"g_rule\":\"+\",\"p_rule\":0.5,\"name\":\"s4\",\"genotype\":6,\"phenotype\":3}",
[00:20:35.633] "<00:20:35.633><164742.642608> Phenotype received from s4 {\"axiom\":[2,4],\"g_rule\":\"+\",\"p_rule\":0.5,\"name\":\"s4\",\"genotype\":6}",
[00:20:35.633] "<00:20:35.618><38988.45> g-proxy s4 receives Genotype g-ch msg = {\"axiom\":[2,4],\"g_rule\":\"+\",\"p_rule\":0.5,\"name\":\"s4\",\"genotype\":6}",
[00:20:35.654] "<00:20:35.633><39002.735> p-proxy s4 receives Phenotype p-ch msg = {\"axiom\":[2,4],\"g_rule\":\"+\",\"p_rule\":0.5,\"name\":\"s4\",\"genotype\":6,\"phenotype\":3}",
[00:20:35.654] "<00:20:35.633><39005.9> producer s4 received PHENOTYPE",
[00:20:40.610] "<00:20:40.610><169713.206528> \nGenotype received from s4 {\"axiom\":[3,5],\"g_rule\":\"*\",\"p_rule\":2,\"name\":\"s4\"}",
[00:20:40.610] "<00:20:40.610><43969.880000000005> \n%%% g-proxy s4 sends to Genotype g-ch msg {\"axiom\":[3,5],\"g_rule\":\"*\",\"p_rule\":2,\"name\":\"s4\"}",
[00:20:40.610] "<00:20:40.610><169714.026154> Genotype sends to s4 generated genotype {\"axiom\":[3,5],\"g_rule\":\"*\",\"p_rule\":2,\"name\":\"s4\",\"genotype\":15}",
[00:20:40.610] "<00:20:40.610><43972.77500000001> g-proxy s4 receives Genotype g-ch msg = {\"axiom\":[3,5],\"g_rule\":\"*\",\"p_rule\":2,\"name\":\"s4\",\"genotype\":15}",
[00:20:40.610] "<00:20:40.610><43976.64000000001> producer s4 received GENOTYPE",
[00:20:40.610] "<00:20:40.610><169722.348561> Phenotype received from s4 {\"axiom\":[3,5],\"g_rule\":\"*\",\"p_rule\":2,\"name\":\"s4\",\"genotype\":15}",
[00:20:40.626] "<00:20:40.610><169723.122587> Phenotype sends to s4 generated phenotype {\"axiom\":[3,5],\"g_rule\":\"*\",\"p_rule\":2,\"name\":\"s4\",\"genotype\":15,\"phenotype\":30}",
[00:20:40.626] "<00:20:40.610><43978.625> %%% p-proxy s4 sends to Phenotype p-ch msg {\"axiom\":[3,5],\"g_rule\":\"*\",\"p_rule\":2,\"name\":\"s4\",\"genotype\":15}",
[00:20:40.626] "<00:20:40.610><43981.770000000004> p-proxy s4 receives Phenotype p-ch msg = {\"axiom\":[3,5],\"g_rule\":\"*\",\"p_rule\":2,\"name\":\"s4\",\"genotype\":15,\"phenotype\":30}",
[00:20:40.626] "<00:20:40.626><43984.945> producer s4 received PHENOTYPE",
[00:20:45.604] "<00:20:45.604><174707.058145> \nGenotype received from s4 {\"axiom\":[3,5],\"g_rule\":\"*\",\"p_rule\":2,\"name\":\"s4\"}",
[00:20:45.604] "<00:20:45.604><48963.810000000005> \n%%% g-proxy s4 sends to Genotype g-ch msg {\"axiom\":[3,5],\"g_rule\":\"*\",\"p_rule\":2,\"name\":\"s4\"}",
[00:20:45.604] "<00:20:45.604><174707.918042> Genotype sends to s4 generated genotype {\"axiom\":[3,5],\"g_rule\":\"*\",\"p_rule\":2,\"name\":\"s4\",\"genotype\":15}",
[00:20:45.604] "<00:20:45.604><48966.66500000001> g-proxy s4 receives Genotype g-ch msg = {\"axiom\":[3,5],\"g_rule\":\"*\",\"p_rule\":2,\"name\":\"s4\",\"genotype\":15}",
[00:20:45.604] "<00:20:45.604><48969.705> producer s4 received GENOTYPE",
[00:20:45.604] "<00:20:45.604><174715.430298> Phenotype received from s4 {\"axiom\":[3,5],\"g_rule\":\"*\",\"p_rule\":2,\"name\":\"s4\",\"genotype\":15}",
[00:20:45.620] "<00:20:45.604><48971.625> %%% p-proxy s4 sends to Phenotype p-ch msg {\"axiom\":[3,5],\"g_rule\":\"*\",\"p_rule\":2,\"name\":\"s4\",\"genotype\":15}",
[00:20:45.604] "<00:20:45.604><174716.197217> Phenotype sends to s4 generated phenotype {\"axiom\":[3,5],\"g_rule\":\"*\",\"p_rule\":2,\"name\":\"s4\",\"genotype\":15,\"phenotype\":30}",
[00:20:45.620] "<00:20:45.604><48974.740000000005> p-proxy s4 receives Phenotype p-ch msg = {\"axiom\":[3,5],\"g_rule\":\"*\",\"p_rule\":2,\"name\":\"s4\",\"genotype\":15,\"phenotype\":30}",
[00:20:45.620] "<00:20:45.604><48978.340000000004> producer s4 received PHENOTYPE",
[00:20:50.615] "<00:20:50.615><179717.359736> \nGenotype received from s4 {\"axiom\":[2,4],\"g_rule\":\"+\",\"p_rule\":0.5,\"name\":\"s4\"}",
[00:20:50.615] "<00:20:50.615><179718.463627> Genotype sends to s4 generated genotype {\"axiom\":[2,4],\"g_rule\":\"+\",\"p_rule\":0.5,\"name\":\"s4\",\"genotype\":6}",
[00:20:50.615] "<00:20:50.615><53974.555> \n%%% g-proxy s4 sends to Genotype g-ch msg {\"axiom\":[2,4],\"g_rule\":\"+\",\"p_rule\":0.5,\"name\":\"s4\"}",
[00:20:50.615] "<00:20:50.615><53977.240000000005> g-proxy s4 receives Genotype g-ch msg = {\"axiom\":[2,4],\"g_rule\":\"+\",\"p_rule\":0.5,\"name\":\"s4\",\"genotype\":6}",
[00:20:50.615] "<00:20:50.615><53980.33500000001> producer s4 received GENOTYPE",
[00:20:50.615] "<00:20:50.615><53982.31500000001> %%% p-proxy s4 sends to Phenotype p-ch msg {\"axiom\":[2,4],\"g_rule\":\"+\",\"p_rule\":0.5,\"name\":\"s4\",\"genotype\":6}",
[00:20:50.631] "<00:20:50.615><179727.115305> Phenotype received from s4 {\"axiom\":[2,4],\"g_rule\":\"+\",\"p_rule\":0.5,\"name\":\"s4\",\"genotype\":6}",
[00:20:50.631] "<00:20:50.615><179728.593476> Phenotype sends to s4 generated phenotype {\"axiom\":[2,4],\"g_rule\":\"+\",\"p_rule\":0.5,\"name\":\"s4\",\"genotype\":6,\"phenotype\":3}",
[00:20:50.631] "<00:20:50.615><53986.87500000001> p-proxy s4 receives Phenotype p-ch msg = {\"axiom\":[2,4],\"g_rule\":\"+\",\"p_rule\":0.5,\"name\":\"s4\",\"genotype\":6,\"phenotype\":3}",
[00:20:50.631] "<00:20:50.631><53990.21000000001> producer s4 received PHENOTYPE",
[00:20:55.614] "<00:20:55.614><184715.658301> \nGenotype received from s4 {\"axiom\":[3,5],\"g_rule\":\"*\",\"p_rule\":2,\"name\":\"s4\"}",
[00:20:55.614] "<00:20:55.614><184716.480296> Genotype sends to s4 generated genotype {\"axiom\":[3,5],\"g_rule\":\"*\",\"p_rule\":2,\"name\":\"s4\",\"genotype\":15}",
[00:20:55.614] "<00:20:55.614><58972.66500000001> \n%%% g-proxy s4 sends to Genotype g-ch msg {\"axiom\":[3,5],\"g_rule\":\"*\",\"p_rule\":2,\"name\":\"s4\"}",
[00:20:55.614] "<00:20:55.614><58975.23> g-proxy s4 receives Genotype g-ch msg = {\"axiom\":[3,5],\"g_rule\":\"*\",\"p_rule\":2,\"name\":\"s4\",\"genotype\":15}",
[00:20:55.614] "<00:20:55.614><58978.23> producer s4 received GENOTYPE",
[00:20:55.614] "<00:20:55.614><184724.974446> Phenotype received from s4 {\"axiom\":[3,5],\"g_rule\":\"*\",\"p_rule\":2,\"name\":\"s4\",\"genotype\":15}",
[00:20:55.614] "<00:20:55.614><184725.768015> Phenotype sends to s4 generated phenotype {\"axiom\":[3,5],\"g_rule\":\"*\",\"p_rule\":2,\"name\":\"s4\",\"genotype\":15,\"phenotype\":30}",
[00:20:55.629] "<00:20:55.629><58987.475000000006> producer s4 received PHENOTYPE",
[00:20:55.629] "<00:20:55.614><58984.380000000005> p-proxy s4 receives Phenotype p-ch msg = {\"axiom\":[3,5],\"g_rule\":\"*\",\"p_rule\":2,\"name\":\"s4\",\"genotype\":15,\"phenotype\":30}",
[00:20:55.629] "<00:20:55.614><58980.21000000001> %%% p-proxy s4 sends to Phenotype p-ch msg {\"axiom\":[3,5],\"g_rule\":\"*\",\"p_rule\":2,\"name\":\"s4\",\"genotype\":15}",
[00:21:00.606] "<00:21:00.606><189708.045368> \nGenotype received from s4 {\"axiom\":[2,4],\"g_rule\":\"+\",\"p_rule\":0.5,\"name\":\"s4\"}",
[00:21:00.606] "<00:21:00.606><63965.170000000006> \n%%% g-proxy s4 sends to Genotype g-ch msg {\"axiom\":[2,4],\"g_rule\":\"+\",\"p_rule\":0.5,\"name\":\"s4\"}",
[00:21:00.606] "<00:21:00.606><63967.97000000001> g-proxy s4 receives Genotype g-ch msg = {\"axiom\":[2,4],\"g_rule\":\"+\",\"p_rule\":0.5,\"name\":\"s4\",\"genotype\":6}",
[00:21:00.606] "<00:21:00.606><63971.08000000001> producer s4 received GENOTYPE",
[00:21:00.606] "<00:21:00.606><189716.046202> Phenotype received from s4 {\"axiom\":[2,4],\"g_rule\":\"+\",\"p_rule\":0.5,\"name\":\"s4\",\"genotype\":6}",
[00:21:00.606] "<00:21:00.606><189709.011864> Genotype sends to s4 generated genotype {\"axiom\":[2,4],\"g_rule\":\"+\",\"p_rule\":0.5,\"name\":\"s4\",\"genotype\":6}",
[00:21:00.606] "<00:21:00.606><189717.080211> Phenotype sends to s4 generated phenotype {\"axiom\":[2,4],\"g_rule\":\"+\",\"p_rule\":0.5,\"name\":\"s4\",\"genotype\":6,\"phenotype\":3}",
[00:21:00.606] "<00:21:00.606><63973.08500000001> %%% p-proxy s4 sends to Phenotype p-ch msg {\"axiom\":[2,4],\"g_rule\":\"+\",\"p_rule\":0.5,\"name\":\"s4\",\"genotype\":6}",
[00:21:00.621] "<00:21:00.606><63975.43> p-proxy s4 receives Phenotype p-ch msg = {\"axiom\":[2,4],\"g_rule\":\"+\",\"p_rule\":0.5,\"name\":\"s4\",\"genotype\":6,\"phenotype\":3}",
[00:21:00.621] "<00:21:00.606><63979.465000000004> producer s4 received PHENOTYPE",
[00:21:05.616] "<00:21:05.616><194718.545352> \nGenotype received from s4 {\"axiom\":[3,5],\"g_rule\":\"*\",\"p_rule\":2,\"name\":\"s4\"}",
[00:21:05.616] "<00:21:05.616><194719.622593> Genotype sends to s4 generated genotype {\"axiom\":[3,5],\"g_rule\":\"*\",\"p_rule\":2,\"name\":\"s4\",\"genotype\":15}",
[00:21:05.616] "<00:21:05.617><68975.725> \n%%% g-proxy s4 sends to Genotype g-ch msg {\"axiom\":[3,5],\"g_rule\":\"*\",\"p_rule\":2,\"name\":\"s4\"}",
[00:21:05.616] "<00:21:05.617><68978.40000000001> g-proxy s4 receives Genotype g-ch msg = {\"axiom\":[3,5],\"g_rule\":\"*\",\"p_rule\":2,\"name\":\"s4\",\"genotype\":15}",
[00:21:05.616] "<00:21:05.617><68981.50000000001> producer s4 received GENOTYPE",
[00:21:05.616] "<00:21:05.617><68983.485> %%% p-proxy s4 sends to Phenotype p-ch msg {\"axiom\":[3,5],\"g_rule\":\"*\",\"p_rule\":2,\"name\":\"s4\",\"genotype\":15}",
[00:21:05.616] "<00:21:05.616><194727.346862> Phenotype received from s4 {\"axiom\":[3,5],\"g_rule\":\"*\",\"p_rule\":2,\"name\":\"s4\",\"genotype\":15}",
[00:21:05.616] "<00:21:05.616><194728.13214> Phenotype sends to s4 generated phenotype {\"axiom\":[3,5],\"g_rule\":\"*\",\"p_rule\":2,\"name\":\"s4\",\"genotype\":15,\"phenotype\":30}",
[00:21:05.632] "<00:21:05.633><68990.35500000001> p-proxy s4 receives Phenotype p-ch msg = {\"axiom\":[3,5],\"g_rule\":\"*\",\"p_rule\":2,\"name\":\"s4\",\"genotype\":15,\"phenotype\":30}",
[00:21:05.632] "<00:21:05.633><68993.41000000002> producer s4 received PHENOTYPE",
[00:21:10.614] "<00:21:10.614><73972.645> \n%%% g-proxy s4 sends to Genotype g-ch msg {\"axiom\":[3,5],\"g_rule\":\"*\",\"p_rule\":2,\"name\":\"s4\"}",
[00:21:10.614] "<00:21:10.614><199716.202547> \nGenotype received from s4 {\"axiom\":[3,5],\"g_rule\":\"*\",\"p_rule\":2,\"name\":\"s4\"}",
[00:21:10.614] "<00:21:10.614><199717.67065> Genotype sends to s4 generated genotype {\"axiom\":[3,5],\"g_rule\":\"*\",\"p_rule\":2,\"name\":\"s4\",\"genotype\":15}",
[00:21:10.614] "<00:21:10.614><73976.46> g-proxy s4 receives Genotype g-ch msg = {\"axiom\":[3,5],\"g_rule\":\"*\",\"p_rule\":2,\"name\":\"s4\",\"genotype\":15}",
[00:21:10.614] "<00:21:10.614><73980.66> producer s4 received GENOTYPE",
[00:21:10.614] "<00:21:10.614><199725.269369> Phenotype received from s4 {\"axiom\":[3,5],\"g_rule\":\"*\",\"p_rule\":2,\"name\":\"s4\",\"genotype\":15}",
[00:21:10.614] "<00:21:10.614><199726.505915> Phenotype sends to s4 generated phenotype {\"axiom\":[3,5],\"g_rule\":\"*\",\"p_rule\":2,\"name\":\"s4\",\"genotype\":15,\"phenotype\":30}",
[00:21:10.629] "<00:21:10.614><73982.61000000002> %%% p-proxy s4 sends to Phenotype p-ch msg {\"axiom\":[3,5],\"g_rule\":\"*\",\"p_rule\":2,\"name\":\"s4\",\"genotype\":15}",
[00:21:10.629] "<00:21:10.630><73988.25000000001> producer s4 received PHENOTYPE",
[00:21:10.629] "<00:21:10.614><73985.115> p-proxy s4 receives Phenotype p-ch msg = {\"axiom\":[3,5],\"g_rule\":\"*\",\"p_rule\":2,\"name\":\"s4\",\"genotype\":15,\"phenotype\":30}",
[00:21:15.610] "<00:21:15.610><204711.766259> \nGenotype received from s4 {\"axiom\":[2,4],\"g_rule\":\"+\",\"p_rule\":0.5,\"name\":\"s4\"}",
[00:21:15.610] "<00:21:15.611><78968.60500000001> \n%%% g-proxy s4 sends to Genotype g-ch msg {\"axiom\":[2,4],\"g_rule\":\"+\",\"p_rule\":0.5,\"name\":\"s4\"}",
[00:21:15.610] "<00:21:15.610><204712.593585> Genotype sends to s4 generated genotype {\"axiom\":[2,4],\"g_rule\":\"+\",\"p_rule\":0.5,\"name\":\"s4\",\"genotype\":6}",
[00:21:15.610] "<00:21:15.611><78974.51000000001> producer s4 received GENOTYPE",
[00:21:15.610] "<00:21:15.610><204720.732405> Phenotype received from s4 {\"axiom\":[2,4],\"g_rule\":\"+\",\"p_rule\":0.5,\"name\":\"s4\",\"genotype\":6}",
[00:21:15.610] "<00:21:15.610><204721.523013> Phenotype sends to s4 generated phenotype {\"axiom\":[2,4],\"g_rule\":\"+\",\"p_rule\":0.5,\"name\":\"s4\",\"genotype\":6,\"phenotype\":3}",
[00:21:15.610] "<00:21:15.611><78971.40000000001> g-proxy s4 receives Genotype g-ch msg = {\"axiom\":[2,4],\"g_rule\":\"+\",\"p_rule\":0.5,\"name\":\"s4\",\"genotype\":6}",
[00:21:15.625] "<00:21:15.611><78982.085> p-proxy s4 receives Phenotype p-ch msg = {\"axiom\":[2,4],\"g_rule\":\"+\",\"p_rule\":0.5,\"name\":\"s4\",\"genotype\":6,\"phenotype\":3}",
[00:21:15.610] "<00:21:15.611><78976.48500000002> %%% p-proxy s4 sends to Phenotype p-ch msg {\"axiom\":[2,4],\"g_rule\":\"+\",\"p_rule\":0.5,\"name\":\"s4\",\"genotype\":6}",
[00:21:15.625] "<00:21:15.626><78986.19> producer s4 received PHENOTYPE",
[00:21:20.619] "<00:21:20.619><209720.261001> \nGenotype received from s4 {\"axiom\":[3,5],\"g_rule\":\"*\",\"p_rule\":2,\"name\":\"s4\"}",
[00:21:20.619] "<00:21:20.620><83977.82500000001> \n%%% g-proxy s4 sends to Genotype g-ch msg {\"axiom\":[3,5],\"g_rule\":\"*\",\"p_rule\":2,\"name\":\"s4\"}",
[00:21:20.619] "<00:21:20.619><209721.068191> Genotype sends to s4 generated genotype {\"axiom\":[3,5],\"g_rule\":\"*\",\"p_rule\":2,\"name\":\"s4\",\"genotype\":15}",
[00:21:20.619] "<00:21:20.620><83986.815> producer s4 received GENOTYPE",
[00:21:20.634] "<00:21:20.619><209731.627989> Phenotype received from s4 {\"axiom\":[3,5],\"g_rule\":\"*\",\"p_rule\":2,\"name\":\"s4\",\"genotype\":15}",
[00:21:20.634] "<00:21:20.619><209732.937378> Phenotype sends to s4 generated phenotype {\"axiom\":[3,5],\"g_rule\":\"*\",\"p_rule\":2,\"name\":\"s4\",\"genotype\":15,\"phenotype\":30}",
[00:21:20.634] "<00:21:20.620><83988.835> %%% p-proxy s4 sends to Phenotype p-ch msg {\"axiom\":[3,5],\"g_rule\":\"*\",\"p_rule\":2,\"name\":\"s4\",\"genotype\":15}",
[00:21:20.634] "<00:21:20.620><83983> g-proxy s4 receives Genotype g-ch msg = {\"axiom\":[3,5],\"g_rule\":\"*\",\"p_rule\":2,\"name\":\"s4\",\"genotype\":15}",
[00:21:20.634] "<00:21:20.635><83992.615> p-proxy s4 receives Phenotype p-ch msg = {\"axiom\":[3,5],\"g_rule\":\"*\",\"p_rule\":2,\"name\":\"s4\",\"genotype\":15,\"phenotype\":30}",
[00:21:20.634] "<00:21:20.635><83995.71> producer s4 received PHENOTYPE",
[00:21:25.619] "<00:21:25.619><214719.965485> \nGenotype received from s4 {\"axiom\":[3,5],\"g_rule\":\"*\",\"p_rule\":2,\"name\":\"s4\"}",
[00:21:25.619] "<00:21:25.619><214720.780374> Genotype sends to s4 generated genotype {\"axiom\":[3,5],\"g_rule\":\"*\",\"p_rule\":2,\"name\":\"s4\",\"genotype\":15}",
[00:21:25.634] "<00:21:25.619><214731.314115> Phenotype received from s4 {\"axiom\":[3,5],\"g_rule\":\"*\",\"p_rule\":2,\"name\":\"s4\",\"genotype\":15}",
[00:21:25.619] "<00:21:25.619><88979.55> g-proxy s4 receives Genotype g-ch msg = {\"axiom\":[3,5],\"g_rule\":\"*\",\"p_rule\":2,\"name\":\"s4\",\"genotype\":15}",
[00:21:25.634] "<00:21:25.619><214732.15743> Phenotype sends to s4 generated phenotype {\"axiom\":[3,5],\"g_rule\":\"*\",\"p_rule\":2,\"name\":\"s4\",\"genotype\":15,\"phenotype\":30}",
[00:21:25.619] "<00:21:25.619><88977.26> \n%%% g-proxy s4 sends to Genotype g-ch msg {\"axiom\":[3,5],\"g_rule\":\"*\",\"p_rule\":2,\"name\":\"s4\"}",
[00:21:25.634] "<00:21:25.619><88986.45000000001> %%% p-proxy s4 sends to Phenotype p-ch msg {\"axiom\":[3,5],\"g_rule\":\"*\",\"p_rule\":2,\"name\":\"s4\",\"genotype\":15}",
[00:21:25.619] "<00:21:25.619><88982.765> producer s4 received GENOTYPE",
[00:21:25.634] "<00:21:25.635><88991.52500000001> p-proxy s4 receives Phenotype p-ch msg = {\"axiom\":[3,5],\"g_rule\":\"*\",\"p_rule\":2,\"name\":\"s4\",\"genotype\":15,\"phenotype\":30}",
[00:21:25.634] "<00:21:25.635><88995.54000000001> producer s4 received PHENOTYPE",
[00:21:30.605] "<00:21:30.606><93963.48000000001> \n%%% g-proxy s4 sends to Genotype g-ch msg {\"axiom\":[2,4],\"g_rule\":\"+\",\"p_rule\":0.5,\"name\":\"s4\"}",
[00:21:30.605] "<00:21:30.605><219707.907974> \nGenotype received from s4 {\"axiom\":[2,4],\"g_rule\":\"+\",\"p_rule\":0.5,\"name\":\"s4\"}",
[00:21:30.605] "<00:21:30.606><93967.46500000001> g-proxy s4 receives Genotype g-ch msg = {\"axiom\":[2,4],\"g_rule\":\"+\",\"p_rule\":0.5,\"name\":\"s4\",\"genotype\":6}",
[00:21:30.605] "<00:21:30.606><93970.55500000001> producer s4 received GENOTYPE",
[00:21:30.605] "<00:21:30.606><93972.62500000001> %%% p-proxy s4 sends to Phenotype p-ch msg {\"axiom\":[2,4],\"g_rule\":\"+\",\"p_rule\":0.5,\"name\":\"s4\",\"genotype\":6}",
[00:21:30.605] "<00:21:30.605><219716.765152> Phenotype received from s4 {\"axiom\":[2,4],\"g_rule\":\"+\",\"p_rule\":0.5,\"name\":\"s4\",\"genotype\":6}",
[00:21:30.621] "<00:21:30.605><219717.706775> Phenotype sends to s4 generated phenotype {\"axiom\":[2,4],\"g_rule\":\"+\",\"p_rule\":0.5,\"name\":\"s4\",\"genotype\":6,\"phenotype\":3}",
[00:21:30.622] "<00:21:30.606><93976.19> p-proxy s4 receives Phenotype p-ch msg = {\"axiom\":[2,4],\"g_rule\":\"+\",\"p_rule\":0.5,\"name\":\"s4\",\"genotype\":6,\"phenotype\":3}",
[00:21:30.605] "<00:21:30.605><219708.773794> Genotype sends to s4 generated genotype {\"axiom\":[2,4],\"g_rule\":\"+\",\"p_rule\":0.5,\"name\":\"s4\",\"genotype\":6}",
[00:21:30.624] "<00:21:30.624><93979.925> producer s4 received PHENOTYPE",
