[02:04:45.366] "<02:04:45.355><11951.984546> \nGenotype received from s3 {\"axiom\":[2,4],\"g_rule\":\"+\",\"p_rule\":0.5,\"name\":\"s3\"}",
[02:04:45.369] "<02:04:45.361><11957.911269> Genotype sends to s3 generated genotype {\"axiom\":[2,4],\"g_rule\":\"+\",\"p_rule\":0.5,\"name\":\"s3\",\"genotype\":6}",
[02:04:45.376] "<02:04:45.362><8107.180000000001> producer s3 received GENOTYPE",
[02:04:45.394] "<02:04:45.361><8106.555> g-proxy s3 receives Genotype g-ch msg = {\"axiom\":[2,4],\"g_rule\":\"+\",\"p_rule\":0.5,\"name\":\"s3\",\"genotype\":6}",
[02:04:45.375] "<02:04:45.348><8093.400000000001> \n%%% g-proxy s3 sends to Genotype g-ch msg {\"axiom\":[2,4],\"g_rule\":\"+\",\"p_rule\":0.5,\"name\":\"s3\"}",
[02:04:47.376] "<02:04:47.376><13974.80077> \nGenotype received from s4 {\"axiom\":[3,5],\"g_rule\":\"*\",\"p_rule\":2,\"name\":\"s4\"}",
[02:04:47.376] "<02:04:47.376><13975.783227> Genotype sends to s4 generated genotype {\"axiom\":[3,5],\"g_rule\":\"*\",\"p_rule\":2,\"name\":\"s4\",\"genotype\":15}",
[02:04:47.376] "<02:04:47.376><10121.645> \n%%% g-proxy s4 sends to Genotype g-ch msg {\"axiom\":[3,5],\"g_rule\":\"*\",\"p_rule\":2,\"name\":\"s4\"}",
[02:04:47.376] "<02:04:47.376><10125.32> producer s4 received GENOTYPE",
[02:04:47.376] "<02:04:47.376><10124.630000000001> g-proxy s4 receives Genotype g-ch msg = {\"axiom\":[3,5],\"g_rule\":\"*\",\"p_rule\":2,\"name\":\"s4\",\"genotype\":15}",
[02:04:49.393] "<02:04:49.393><12138.755000000001> %%% p-proxy s5 sends to Phenotype p-ch msg {\"axiom\":[2,4],\"g_rule\":\"+\",\"p_rule\":0.5,\"genotype\":6,\"name\":\"s5\"}",
[02:04:49.393] "<02:04:49.393><15992.858679> Phenotype received from s5 {\"axiom\":[2,4],\"g_rule\":\"+\",\"p_rule\":0.5,\"genotype\":6,\"name\":\"s5\"}",
[02:04:49.393] "<02:04:49.393><15994.175728> Phenotype sends to s5 generated phenotype {\"axiom\":[2,4],\"g_rule\":\"+\",\"p_rule\":0.5,\"genotype\":6,\"name\":\"s5\",\"phenotype\":3}",
[02:04:49.403] "<02:04:49.393><12143.020000000002> p-proxy s5 receives Phenotype p-ch msg = {\"axiom\":[2,4],\"g_rule\":\"+\",\"p_rule\":0.5,\"genotype\":6,\"name\":\"s5\",\"phenotype\":3}",
[02:04:49.403] "<02:04:49.393><12143.815000000002> producer s5 received PHENOTYPE",
[02:04:51.418] "<02:04:51.418><18016.742044> Phenotype received from s6 {\"axiom\":[3,5],\"g_rule\":\"*\",\"p_rule\":2,\"genotype\":15,\"name\":\"s6\"}",
[02:04:51.418] "<02:04:51.418><14163.36> %%% p-proxy s6 sends to Phenotype p-ch msg {\"axiom\":[3,5],\"g_rule\":\"*\",\"p_rule\":2,\"genotype\":15,\"name\":\"s6\"}",
[02:04:51.418] "<02:04:51.418><18017.926441> Phenotype sends to s6 generated phenotype {\"axiom\":[3,5],\"g_rule\":\"*\",\"p_rule\":2,\"genotype\":15,\"name\":\"s6\",\"phenotype\":30}",
[02:04:51.418] "<02:04:51.418><14166.830000000002> p-proxy s6 receives Phenotype p-ch msg = {\"axiom\":[3,5],\"g_rule\":\"*\",\"p_rule\":2,\"genotype\":15,\"name\":\"s6\",\"phenotype\":30}",
[02:04:51.418] "<02:04:51.418><14167.375000000002> producer s6 received PHENOTYPE",
[02:07:01.017] "<02:07:01.017><147609.191039> Genotype sends to s9 generated genotype {\"axiom\":[2,4],\"g_rule\":\"+\",\"p_rule\":0.5,\"name\":\"s9\",\"genotype\":6}",
[02:07:01.017] "<02:07:01.017><147608.242337> \nGenotype received from s9 {\"axiom\":[2,4],\"g_rule\":\"+\",\"p_rule\":0.5,\"name\":\"s9\"}",
[02:07:01.017] "<02:07:01.017><11248.720000000001> \n%%% g-proxy s9 sends to Genotype g-ch msg {\"axiom\":[2,4],\"g_rule\":\"+\",\"p_rule\":0.5,\"name\":\"s9\"}",
[02:07:01.027] "<02:07:01.027><11255.75> producer s9 received GENOTYPE",
[02:07:01.064] "<02:07:01.017><11251.275000000001> g-proxy s9 receives Genotype g-ch msg = {\"axiom\":[2,4],\"g_rule\":\"+\",\"p_rule\":0.5,\"name\":\"s9\",\"genotype\":6}",
[02:07:03.047] "<02:07:03.047><13275.385000000002> \n%%% g-proxy s10 sends to Genotype g-ch msg {\"axiom\":[3,5],\"g_rule\":\"*\",\"p_rule\":2,\"name\":\"s10\"}",
[02:07:03.047] "<02:07:03.047><149635.687777> \nGenotype received from s10 {\"axiom\":[3,5],\"g_rule\":\"*\",\"p_rule\":2,\"name\":\"s10\"}",
[02:07:03.047] "<02:07:03.047><149636.570152> Genotype sends to s10 generated genotype {\"axiom\":[3,5],\"g_rule\":\"*\",\"p_rule\":2,\"name\":\"s10\",\"genotype\":15}",
[02:07:03.057] "<02:07:03.047><13278.42> g-proxy s10 receives Genotype g-ch msg = {\"axiom\":[3,5],\"g_rule\":\"*\",\"p_rule\":2,\"name\":\"s10\",\"genotype\":15}",
[02:07:03.057] "<02:07:03.047><13282.11> producer s10 received GENOTYPE",
[02:07:05.078] "<02:07:05.078><151666.638439> Phenotype received from s11 {\"axiom\":[2,4],\"g_rule\":\"+\",\"p_rule\":0.5,\"genotype\":6,\"name\":\"s11\"}",
[02:07:05.078] "<02:07:05.078><151667.525552> Phenotype sends to s11 generated phenotype {\"axiom\":[2,4],\"g_rule\":\"+\",\"p_rule\":0.5,\"genotype\":6,\"name\":\"s11\",\"phenotype\":3}",
[02:07:05.078] "<02:07:05.078><15306.440000000002> %%% p-proxy s11 sends to Phenotype p-ch msg {\"axiom\":[2,4],\"g_rule\":\"+\",\"p_rule\":0.5,\"genotype\":6,\"name\":\"s11\"}",
[02:07:05.088] "<02:07:05.078><15309.575> p-proxy s11 receives Phenotype p-ch msg = {\"axiom\":[2,4],\"g_rule\":\"+\",\"p_rule\":0.5,\"genotype\":6,\"name\":\"s11\",\"phenotype\":3}",
[02:07:05.088] "<02:07:05.078><15313.255000000001> producer s11 received PHENOTYPE",
[02:07:07.123] "<02:07:07.123><153711.17295> Phenotype received from s12 {\"axiom\":[3,5],\"g_rule\":\"*\",\"p_rule\":2,\"genotype\":15,\"name\":\"s12\"}",
[02:07:07.123] "<02:07:07.123><17350.945000000003> %%% p-proxy s12 sends to Phenotype p-ch msg {\"axiom\":[3,5],\"g_rule\":\"*\",\"p_rule\":2,\"genotype\":15,\"name\":\"s12\"}",
[02:07:07.123] "<02:07:07.123><153712.010911> Phenotype sends to s12 generated phenotype {\"axiom\":[3,5],\"g_rule\":\"*\",\"p_rule\":2,\"genotype\":15,\"name\":\"s12\",\"phenotype\":30}",
[02:07:07.133] "<02:07:07.133><17360.155000000002> producer s12 received PHENOTYPE",
[02:07:07.156] "<02:07:07.123><17356.755> p-proxy s12 receives Phenotype p-ch msg = {\"axiom\":[3,5],\"g_rule\":\"*\",\"p_rule\":2,\"genotype\":15,\"name\":\"s12\",\"phenotype\":30}",
[02:07:49.509] "<02:07:49.506><196087.482523> \nGenotype received from s15 {\"axiom\":[2,4],\"g_rule\":\"+\",\"p_rule\":0.5,\"name\":\"s15\"}",
[02:07:49.510] "<02:07:49.508><196088.842803> Genotype sends to s15 generated genotype {\"axiom\":[2,4],\"g_rule\":\"+\",\"p_rule\":0.5,\"name\":\"s15\",\"genotype\":6}",
[02:07:49.511] "<02:07:49.506><8214.175000000001> \n%%% g-proxy s15 sends to Genotype g-ch msg {\"axiom\":[2,4],\"g_rule\":\"+\",\"p_rule\":0.5,\"name\":\"s15\"}",
[02:07:49.514] "<02:07:49.513><8220.93> producer s15 received GENOTYPE",
[02:07:49.549] "<02:07:49.508><8216.785000000002> g-proxy s15 receives Genotype g-ch msg = {\"axiom\":[2,4],\"g_rule\":\"+\",\"p_rule\":0.5,\"name\":\"s15\",\"genotype\":6}",
[02:07:51.529] "<02:07:51.529><198112.604767> \nGenotype received from s16 {\"axiom\":[3,5],\"g_rule\":\"*\",\"p_rule\":2,\"name\":\"s16\"}",
[02:07:51.529] "<02:07:51.529><198113.453388> Genotype sends to s16 generated genotype {\"axiom\":[3,5],\"g_rule\":\"*\",\"p_rule\":2,\"name\":\"s16\",\"genotype\":15}",
[02:07:51.529] "<02:07:51.529><10238.805> \n%%% g-proxy s16 sends to Genotype g-ch msg {\"axiom\":[3,5],\"g_rule\":\"*\",\"p_rule\":2,\"name\":\"s16\"}",
[02:07:51.539] "<02:07:51.529><10241.075> g-proxy s16 receives Genotype g-ch msg = {\"axiom\":[3,5],\"g_rule\":\"*\",\"p_rule\":2,\"name\":\"s16\",\"genotype\":15}",
[02:07:51.539] "<02:07:51.529><10244.2> producer s16 received GENOTYPE",
[02:07:53.573] "<02:07:53.573><200156.431009> Phenotype received from s17 {\"axiom\":[2,4],\"g_rule\":\"+\",\"p_rule\":0.5,\"genotype\":6,\"name\":\"s17\"}",
[02:07:53.573] "<02:07:53.573><12282.675000000001> %%% p-proxy s17 sends to Phenotype p-ch msg {\"axiom\":[2,4],\"g_rule\":\"+\",\"p_rule\":0.5,\"genotype\":6,\"name\":\"s17\"}",
[02:07:53.583] "<02:07:53.573><12287.960000000001> p-proxy s17 receives Phenotype p-ch msg = {\"axiom\":[2,4],\"g_rule\":\"+\",\"p_rule\":0.5,\"genotype\":6,\"name\":\"s17\",\"phenotype\":3}",
[02:07:53.573] "<02:07:53.573><200159.012995> Phenotype sends to s17 generated phenotype {\"axiom\":[2,4],\"g_rule\":\"+\",\"p_rule\":0.5,\"genotype\":6,\"name\":\"s17\",\"phenotype\":3}",
[02:07:53.583] "<02:07:53.583><12292.455> producer s17 received PHENOTYPE",
[02:07:55.604] "<02:07:55.602><202183.304977> Phenotype received from s18 {\"axiom\":[3,5],\"g_rule\":\"*\",\"p_rule\":2,\"genotype\":15,\"name\":\"s18\"}",
[02:07:55.607] "<02:07:55.601><14308.53> %%% p-proxy s18 sends to Phenotype p-ch msg {\"axiom\":[3,5],\"g_rule\":\"*\",\"p_rule\":2,\"genotype\":15,\"name\":\"s18\"}",
[02:07:55.605] "<02:07:55.603><202184.292764> Phenotype sends to s18 generated phenotype {\"axiom\":[3,5],\"g_rule\":\"*\",\"p_rule\":2,\"genotype\":15,\"name\":\"s18\",\"phenotype\":30}",
[02:07:55.610] "<02:07:55.604><14311.95> p-proxy s18 receives Phenotype p-ch msg = {\"axiom\":[3,5],\"g_rule\":\"*\",\"p_rule\":2,\"genotype\":15,\"name\":\"s18\",\"phenotype\":30}",
[02:07:55.611] "<02:07:55.608><14315.475> producer s18 received PHENOTYPE",
[02:09:24.569] "<02:09:24.569><291148.171025> \nGenotype received from s19 {\"axiom\":[2,4],\"g_rule\":\"+\",\"p_rule\":0.5,\"name\":\"s19\"}",
[02:09:24.569] "<02:09:24.569><291149.103145> Genotype sends to s19 generated genotype {\"axiom\":[2,4],\"g_rule\":\"+\",\"p_rule\":0.5,\"name\":\"s19\",\"genotype\":6}",
[02:09:24.579] "<02:09:24.570><9363.1> \n%%% g-proxy s19 sends to Genotype g-ch msg {\"axiom\":[2,4],\"g_rule\":\"+\",\"p_rule\":0.5,\"name\":\"s19\"}",
[02:09:24.579] "<02:09:24.580><9368.395000000002> producer s19 received GENOTYPE",
[02:09:24.589] "<02:09:24.579><291160.766495> Phenotype received from s19 {\"axiom\":[2,4],\"g_rule\":\"+\",\"p_rule\":0.5,\"name\":\"s19\",\"genotype\":6}",
[02:09:24.589] "<02:09:24.580><9375.005000000001> %%% p-proxy s19 sends to Phenotype p-ch msg {\"axiom\":[2,4],\"g_rule\":\"+\",\"p_rule\":0.5,\"name\":\"s19\",\"genotype\":6}",
[02:09:24.589] "<02:09:24.579><291161.718158> Phenotype sends to s19 generated phenotype {\"axiom\":[2,4],\"g_rule\":\"+\",\"p_rule\":0.5,\"name\":\"s19\",\"genotype\":6,\"phenotype\":3}",
[02:09:24.589] "<02:09:24.570><9366.51> g-proxy s19 receives Genotype g-ch msg = {\"axiom\":[2,4],\"g_rule\":\"+\",\"p_rule\":0.5,\"name\":\"s19\",\"genotype\":6}",
[02:09:24.589] "<02:09:24.590><9378.5> p-proxy s19 receives Phenotype p-ch msg = {\"axiom\":[2,4],\"g_rule\":\"+\",\"p_rule\":0.5,\"name\":\"s19\",\"genotype\":6,\"phenotype\":3}",
[02:09:24.589] "<02:09:24.590><9379.07> producer s19 received PHENOTYPE",
[02:09:29.579] "<02:09:29.577><14364.970000000001> \n%%% g-proxy s19 sends to Genotype g-ch msg {\"axiom\":[2,4],\"g_rule\":\"+\",\"p_rule\":0.5,\"name\":\"s19\"}",
[02:09:29.580] "<02:09:29.577><296150.235429> \nGenotype received from s19 {\"axiom\":[2,4],\"g_rule\":\"+\",\"p_rule\":0.5,\"name\":\"s19\"}",
[02:09:29.580] "<02:09:29.578><296151.322705> Genotype sends to s19 generated genotype {\"axiom\":[2,4],\"g_rule\":\"+\",\"p_rule\":0.5,\"name\":\"s19\",\"genotype\":6}",
[02:09:34.569] "<02:09:34.569><301143.561944> \nGenotype received from s19 {\"axiom\":[2,4],\"g_rule\":\"+\",\"p_rule\":0.5,\"name\":\"s19\"}",
[02:09:34.569] "<02:09:34.569><301144.62494> Genotype sends to s19 generated genotype {\"axiom\":[2,4],\"g_rule\":\"+\",\"p_rule\":0.5,\"name\":\"s19\",\"genotype\":6}",
[02:09:34.569] "<02:09:34.569><19358.24> \n%%% g-proxy s19 sends to Genotype g-ch msg {\"axiom\":[2,4],\"g_rule\":\"+\",\"p_rule\":0.5,\"name\":\"s19\"}",
[02:09:39.577] "<02:09:39.574><306145.963901> \nGenotype received from s19 {\"axiom\":[10,7],\"g_rule\":\"*\",\"p_rule\":2,\"name\":\"s19\"}",
[02:09:39.578] "<02:09:39.575><306146.88477> Genotype sends to s19 generated genotype {\"axiom\":[10,7],\"g_rule\":\"*\",\"p_rule\":2,\"name\":\"s19\",\"genotype\":70}",
[02:09:39.580] "<02:09:39.570><24357.825> \n%%% g-proxy s19 sends to Genotype g-ch msg {\"axiom\":[10,7],\"g_rule\":\"*\",\"p_rule\":2,\"name\":\"s19\"}",
[02:09:44.568] "<02:09:44.568><311142.605543> \nGenotype received from s19 {\"axiom\":[2,4],\"g_rule\":\"+\",\"p_rule\":0.5,\"name\":\"s19\"}",
[02:09:44.568] "<02:09:44.568><311143.451795> Genotype sends to s19 generated genotype {\"axiom\":[2,4],\"g_rule\":\"+\",\"p_rule\":0.5,\"name\":\"s19\",\"genotype\":6}",
[02:09:44.568] "<02:09:44.568><29357.775000000005> \n%%% g-proxy s19 sends to Genotype g-ch msg {\"axiom\":[2,4],\"g_rule\":\"+\",\"p_rule\":0.5,\"name\":\"s19\"}",
[02:11:24.640] "<02:11:24.640><411207.931551> \nGenotype received from s25 {\"axiom\":[2,4],\"g_rule\":\"+\",\"p_rule\":0.5,\"name\":\"s25\"}",
[02:11:24.640] "<02:11:24.640><411208.84709> Genotype sends to s25 generated genotype {\"axiom\":[2,4],\"g_rule\":\"+\",\"p_rule\":0.5,\"name\":\"s25\",\"genotype\":6}",
[02:11:24.650] "<02:11:24.650><5156.000000000001> producer s25 received GENOTYPE",
[02:11:24.677] "<02:11:24.640><5145.305> \n%%% g-proxy s25 sends to Genotype g-ch msg {\"axiom\":[2,4],\"g_rule\":\"+\",\"p_rule\":0.5,\"name\":\"s25\"}",
[02:11:24.693] "<02:11:24.650><5154.240000000001> g-proxy s25 receives Genotype g-ch msg = {\"axiom\":[2,4],\"g_rule\":\"+\",\"p_rule\":0.5,\"name\":\"s25\",\"genotype\":6}",
[02:11:26.671] "<02:11:26.671><7172.645> \n%%% g-proxy s26 sends to Genotype g-ch msg {\"axiom\":[3,5],\"g_rule\":\"*\",\"p_rule\":2,\"name\":\"s26\"}",
[02:11:26.671] "<02:11:26.671><413237.039884> \nGenotype received from s26 {\"axiom\":[3,5],\"g_rule\":\"*\",\"p_rule\":2,\"name\":\"s26\"}",
[02:11:26.671] "<02:11:26.671><413238.112948> Genotype sends to s26 generated genotype {\"axiom\":[3,5],\"g_rule\":\"*\",\"p_rule\":2,\"name\":\"s26\",\"genotype\":15}",
[02:11:26.671] "<02:11:26.671><7177.05> g-proxy s26 receives Genotype g-ch msg = {\"axiom\":[3,5],\"g_rule\":\"*\",\"p_rule\":2,\"name\":\"s26\",\"genotype\":15}",
[02:11:26.671] "<02:11:26.671><7178.005000000001> producer s26 received GENOTYPE",
[02:11:27.555] "<02:11:27.555><414119.799387> \nGenotype received from s20 {\"axiom\":[2,4],\"g_rule\":\"+\",\"p_rule\":0.5,\"name\":\"s20\"}",
[02:11:27.555] "<02:11:27.555><414120.978454> Genotype sends to s20 generated genotype {\"axiom\":[2,4],\"g_rule\":\"+\",\"p_rule\":0.5,\"name\":\"s20\",\"genotype\":6}",
[02:11:27.555] "<02:11:27.555><8056.78> \n%%% g-proxy s20 sends to Genotype g-ch msg {\"axiom\":[2,4],\"g_rule\":\"+\",\"p_rule\":0.5,\"name\":\"s20\"}",
[02:11:27.555] "<02:11:27.555><8059.755000000001> g-proxy s20 receives Genotype g-ch msg = {\"axiom\":[2,4],\"g_rule\":\"+\",\"p_rule\":0.5,\"name\":\"s20\",\"genotype\":6}",
[02:11:27.555] "<02:11:27.555><8060.690000000001> producer s20 received GENOTYPE",
[02:11:27.565] "<02:11:27.565><414128.59768> Phenotype received from s20 {\"axiom\":[2,4],\"g_rule\":\"+\",\"p_rule\":0.5,\"name\":\"s20\",\"genotype\":6}",
[02:11:27.565] "<02:11:27.565><414129.4463> Phenotype sends to s20 generated phenotype {\"axiom\":[2,4],\"g_rule\":\"+\",\"p_rule\":0.5,\"name\":\"s20\",\"genotype\":6,\"phenotype\":3}",
[02:11:27.565] "<02:11:27.565><8065.675> %%% p-proxy s20 sends to Phenotype p-ch msg {\"axiom\":[2,4],\"g_rule\":\"+\",\"p_rule\":0.5,\"name\":\"s20\",\"genotype\":6}",
[02:11:27.565] "<02:11:27.565><8071.68> producer s20 received PHENOTYPE",
[02:11:27.565] "<02:11:27.565><8070.995> p-proxy s20 receives Phenotype p-ch msg = {\"axiom\":[2,4],\"g_rule\":\"+\",\"p_rule\":0.5,\"name\":\"s20\",\"genotype\":6,\"phenotype\":3}",
[02:11:28.689] "<02:11:28.687><415249.77985> Phenotype received from s27 {\"axiom\":[2,4],\"g_rule\":\"+\",\"p_rule\":0.5,\"genotype\":6,\"name\":\"s27\"}",
[02:11:28.690] "<02:11:28.686><9186.765000000001> %%% p-proxy s27 sends to Phenotype p-ch msg {\"axiom\":[2,4],\"g_rule\":\"+\",\"p_rule\":0.5,\"genotype\":6,\"name\":\"s27\"}",
[02:11:28.689] "<02:11:28.688><415250.318159> Phenotype sends to s27 generated phenotype {\"axiom\":[2,4],\"g_rule\":\"+\",\"p_rule\":0.5,\"genotype\":6,\"name\":\"s27\",\"phenotype\":3}",
[02:11:28.691] "<02:11:28.688><9188.91> p-proxy s27 receives Phenotype p-ch msg = {\"axiom\":[2,4],\"g_rule\":\"+\",\"p_rule\":0.5,\"genotype\":6,\"name\":\"s27\",\"phenotype\":3}",
[02:11:28.694] "<02:11:28.692><9192.550000000001> producer s27 received PHENOTYPE",
[02:11:30.716] "<02:11:30.712><417274.118024> Phenotype received from s28 {\"axiom\":[3,5],\"g_rule\":\"*\",\"p_rule\":2,\"genotype\":15,\"name\":\"s28\"}",
[02:11:30.718] "<02:11:30.713><417275.039485> Phenotype sends to s28 generated phenotype {\"axiom\":[3,5],\"g_rule\":\"*\",\"p_rule\":2,\"genotype\":15,\"name\":\"s28\",\"phenotype\":30}",
[02:11:30.729] "<02:11:30.716><11217.04> producer s28 received PHENOTYPE",
[02:11:30.730] "<02:11:30.713><11213.885000000002> p-proxy s28 receives Phenotype p-ch msg = {\"axiom\":[3,5],\"g_rule\":\"*\",\"p_rule\":2,\"genotype\":15,\"name\":\"s28\",\"phenotype\":30}",
[02:11:30.726] "<02:11:30.710><11210.985> %%% p-proxy s28 sends to Phenotype p-ch msg {\"axiom\":[3,5],\"g_rule\":\"*\",\"p_rule\":2,\"genotype\":15,\"name\":\"s28\"}",
[02:11:32.554] "<02:11:32.554><419118.525568> \nGenotype received from s20 {\"axiom\":[2,4],\"g_rule\":\"+\",\"p_rule\":0.5,\"name\":\"s20\"}",
[02:11:32.554] "<02:11:32.554><419119.404983> Genotype sends to s20 generated genotype {\"axiom\":[2,4],\"g_rule\":\"+\",\"p_rule\":0.5,\"name\":\"s20\",\"genotype\":6}",
[02:11:32.554] "<02:11:32.554><13055.845000000001> \n%%% g-proxy s20 sends to Genotype g-ch msg {\"axiom\":[2,4],\"g_rule\":\"+\",\"p_rule\":0.5,\"name\":\"s20\"}",
[02:11:37.550] "<02:11:37.550><424116.136639> \nGenotype received from s20 {\"axiom\":[2,4],\"g_rule\":\"+\",\"p_rule\":0.5,\"name\":\"s20\"}",
[02:11:37.550] "<02:11:37.550><18051.305000000004> \n%%% g-proxy s20 sends to Genotype g-ch msg {\"axiom\":[2,4],\"g_rule\":\"+\",\"p_rule\":0.5,\"name\":\"s20\"}",
[02:11:37.550] "<02:11:37.550><424116.989997> Genotype sends to s20 generated genotype {\"axiom\":[2,4],\"g_rule\":\"+\",\"p_rule\":0.5,\"name\":\"s20\",\"genotype\":6}",
[02:11:42.552] "<02:11:42.550><429111.670278> \nGenotype received from s20 {\"axiom\":[2,4],\"g_rule\":\"+\",\"p_rule\":0.5,\"name\":\"s20\"}",
[02:11:42.553] "<02:11:42.551><429112.684122> Genotype sends to s20 generated genotype {\"axiom\":[2,4],\"g_rule\":\"+\",\"p_rule\":0.5,\"name\":\"s20\",\"genotype\":6}",
[02:11:42.555] "<02:11:42.549><23049.165> \n%%% g-proxy s20 sends to Genotype g-ch msg {\"axiom\":[2,4],\"g_rule\":\"+\",\"p_rule\":0.5,\"name\":\"s20\"}",
[02:11:47.552] "<02:11:47.552><434115.254264> \nGenotype received from s20 {\"axiom\":[10,7],\"g_rule\":\"*\",\"p_rule\":2,\"name\":\"s20\"}",
[02:11:47.552] "<02:11:47.552><434116.152036> Genotype sends to s20 generated genotype {\"axiom\":[10,7],\"g_rule\":\"*\",\"p_rule\":2,\"name\":\"s20\",\"genotype\":70}",
[02:11:47.552] "<02:11:47.552><28052.565000000002> \n%%% g-proxy s20 sends to Genotype g-ch msg {\"axiom\":[10,7],\"g_rule\":\"*\",\"p_rule\":2,\"name\":\"s20\"}",
[02:11:52.549] "<02:11:52.549><439110.524966> \nGenotype received from s20 {\"axiom\":[10,7],\"g_rule\":\"*\",\"p_rule\":2,\"name\":\"s20\"}",
[02:11:52.549] "<02:11:52.549><439111.015899> Genotype sends to s20 generated genotype {\"axiom\":[10,7],\"g_rule\":\"*\",\"p_rule\":2,\"name\":\"s20\",\"genotype\":70}",
[02:11:52.549] "<02:11:52.548><33047.96000000001> \n%%% g-proxy s20 sends to Genotype g-ch msg {\"axiom\":[10,7],\"g_rule\":\"*\",\"p_rule\":2,\"name\":\"s20\"}",
[02:11:57.551] "<02:11:57.551><444112.063498> \nGenotype received from s20 {\"axiom\":[10,7],\"g_rule\":\"*\",\"p_rule\":2,\"name\":\"s20\"}",
[02:11:57.551] "<02:11:57.551><444113.313629> Genotype sends to s20 generated genotype {\"axiom\":[10,7],\"g_rule\":\"*\",\"p_rule\":2,\"name\":\"s20\",\"genotype\":70}",
[02:11:57.551] "<02:11:57.550><38049.62500000001> \n%%% g-proxy s20 sends to Genotype g-ch msg {\"axiom\":[10,7],\"g_rule\":\"*\",\"p_rule\":2,\"name\":\"s20\"}",
[02:12:02.549] "<02:12:02.549><449110.924108> \nGenotype received from s20 {\"axiom\":[10,7],\"g_rule\":\"*\",\"p_rule\":2,\"name\":\"s20\"}",
[02:12:02.559] "<02:12:02.549><449113.999395> Genotype sends to s20 generated genotype {\"axiom\":[10,7],\"g_rule\":\"*\",\"p_rule\":2,\"name\":\"s20\",\"genotype\":70}",
[02:12:02.559] "<02:12:02.548><43048.58> \n%%% g-proxy s20 sends to Genotype g-ch msg {\"axiom\":[10,7],\"g_rule\":\"*\",\"p_rule\":2,\"name\":\"s20\"}",
[02:12:07.555] "<02:12:07.553><454110.973261> \nGenotype received from s20 {\"axiom\":[10,7],\"g_rule\":\"*\",\"p_rule\":2,\"name\":\"s20\"}",
[02:12:07.556] "<02:12:07.554><454111.825434> Genotype sends to s20 generated genotype {\"axiom\":[10,7],\"g_rule\":\"*\",\"p_rule\":2,\"name\":\"s20\",\"genotype\":70}",
[02:12:07.557] "<02:12:07.551><48048.405> \n%%% g-proxy s20 sends to Genotype g-ch msg {\"axiom\":[10,7],\"g_rule\":\"*\",\"p_rule\":2,\"name\":\"s20\"}",
[02:12:12.555] "<02:12:12.551><53047.855> \n%%% g-proxy s20 sends to Genotype g-ch msg {\"axiom\":[10,7],\"g_rule\":\"*\",\"p_rule\":2,\"name\":\"s20\"}",
[02:12:12.555] "<02:12:12.554><459111.238566> \nGenotype received from s20 {\"axiom\":[10,7],\"g_rule\":\"*\",\"p_rule\":2,\"name\":\"s20\"}",
[02:12:12.556] "<02:12:12.554><459111.881101> Genotype sends to s20 generated genotype {\"axiom\":[10,7],\"g_rule\":\"*\",\"p_rule\":2,\"name\":\"s20\",\"genotype\":70}",
[02:12:17.552] "<02:12:17.552><464111.434583> \nGenotype received from s20 {\"axiom\":[2,4],\"g_rule\":\"+\",\"p_rule\":0.5,\"name\":\"s20\"}",
[02:12:17.552] "<02:12:17.552><464112.388615> Genotype sends to s20 generated genotype {\"axiom\":[2,4],\"g_rule\":\"+\",\"p_rule\":0.5,\"name\":\"s20\",\"genotype\":6}",
[02:12:17.552] "<02:12:17.551><58048.925> \n%%% g-proxy s20 sends to Genotype g-ch msg {\"axiom\":[2,4],\"g_rule\":\"+\",\"p_rule\":0.5,\"name\":\"s20\"}",
[02:12:22.557] "<02:12:22.557><469116.905313> \nGenotype received from s20 {\"axiom\":[10,7],\"g_rule\":\"*\",\"p_rule\":2,\"name\":\"s20\"}",
[02:12:22.557] "<02:12:22.557><469118.086157> Genotype sends to s20 generated genotype {\"axiom\":[10,7],\"g_rule\":\"*\",\"p_rule\":2,\"name\":\"s20\",\"genotype\":70}",
[02:12:22.557] "<02:12:22.556><63053.770000000004> \n%%% g-proxy s20 sends to Genotype g-ch msg {\"axiom\":[10,7],\"g_rule\":\"*\",\"p_rule\":2,\"name\":\"s20\"}",
[02:12:27.558] "<02:12:27.558><474116.805824> \nGenotype received from s20 {\"axiom\":[10,7],\"g_rule\":\"*\",\"p_rule\":2,\"name\":\"s20\"}",
[02:12:27.558] "<02:12:27.558><474117.692937> Genotype sends to s20 generated genotype {\"axiom\":[10,7],\"g_rule\":\"*\",\"p_rule\":2,\"name\":\"s20\",\"genotype\":70}",
[02:12:27.558] "<02:12:27.557><68054.82> \n%%% g-proxy s20 sends to Genotype g-ch msg {\"axiom\":[10,7],\"g_rule\":\"*\",\"p_rule\":2,\"name\":\"s20\"}",
[02:12:32.557] "<02:12:32.557><479115.372703> \nGenotype received from s20 {\"axiom\":[2,4],\"g_rule\":\"+\",\"p_rule\":0.5,\"name\":\"s20\"}",
[02:12:32.557] "<02:12:32.557><479116.315483> Genotype sends to s20 generated genotype {\"axiom\":[2,4],\"g_rule\":\"+\",\"p_rule\":0.5,\"name\":\"s20\",\"genotype\":6}",
[02:12:32.557] "<02:12:32.556><73054.27> \n%%% g-proxy s20 sends to Genotype g-ch msg {\"axiom\":[2,4],\"g_rule\":\"+\",\"p_rule\":0.5,\"name\":\"s20\"}",
[02:12:37.561] "<02:12:37.561><484118.813969> \nGenotype received from s20 {\"axiom\":[10,7],\"g_rule\":\"*\",\"p_rule\":2,\"name\":\"s20\"}",
[02:12:37.561] "<02:12:37.561><484120.072391> Genotype sends to s20 generated genotype {\"axiom\":[10,7],\"g_rule\":\"*\",\"p_rule\":2,\"name\":\"s20\",\"genotype\":70}",
[02:12:37.561] "<02:12:37.560><78056.31000000001> \n%%% g-proxy s20 sends to Genotype g-ch msg {\"axiom\":[10,7],\"g_rule\":\"*\",\"p_rule\":2,\"name\":\"s20\"}",
[02:12:42.560] "<02:12:42.560><489118.406536> \nGenotype received from s20 {\"axiom\":[2,4],\"g_rule\":\"+\",\"p_rule\":0.5,\"name\":\"s20\"}",
[02:12:42.560] "<02:12:42.560><489119.363529> Genotype sends to s20 generated genotype {\"axiom\":[2,4],\"g_rule\":\"+\",\"p_rule\":0.5,\"name\":\"s20\",\"genotype\":6}",
[02:12:42.560] "<02:12:42.559><83055.05> \n%%% g-proxy s20 sends to Genotype g-ch msg {\"axiom\":[2,4],\"g_rule\":\"+\",\"p_rule\":0.5,\"name\":\"s20\"}",
[02:12:47.567] "<02:12:47.565><494119.804125> \nGenotype received from s20 {\"axiom\":[2,4],\"g_rule\":\"+\",\"p_rule\":0.5,\"name\":\"s20\"}",
[02:12:47.568] "<02:12:47.566><494120.727362> Genotype sends to s20 generated genotype {\"axiom\":[2,4],\"g_rule\":\"+\",\"p_rule\":0.5,\"name\":\"s20\",\"genotype\":6}",
[02:12:47.569] "<02:12:47.563><88057.34500000002> \n%%% g-proxy s20 sends to Genotype g-ch msg {\"axiom\":[2,4],\"g_rule\":\"+\",\"p_rule\":0.5,\"name\":\"s20\"}",
[02:12:52.557] "<02:12:52.557><499113.750672> \nGenotype received from s20 {\"axiom\":[2,4],\"g_rule\":\"+\",\"p_rule\":0.5,\"name\":\"s20\"}",
[02:12:52.557] "<02:12:52.557><499114.9327> Genotype sends to s20 generated genotype {\"axiom\":[2,4],\"g_rule\":\"+\",\"p_rule\":0.5,\"name\":\"s20\",\"genotype\":6}",
[02:12:52.557] "<02:12:52.556><93051.02> \n%%% g-proxy s20 sends to Genotype g-ch msg {\"axiom\":[2,4],\"g_rule\":\"+\",\"p_rule\":0.5,\"name\":\"s20\"}",
[02:12:57.560] "<02:12:57.560><504116.364636> Genotype sends to s20 generated genotype {\"axiom\":[10,7],\"g_rule\":\"*\",\"p_rule\":2,\"name\":\"s20\",\"genotype\":70}",
[02:12:57.560] "<02:12:57.560><504115.651037> \nGenotype received from s20 {\"axiom\":[10,7],\"g_rule\":\"*\",\"p_rule\":2,\"name\":\"s20\"}",
[02:12:57.560] "<02:12:57.559><98052.895> \n%%% g-proxy s20 sends to Genotype g-ch msg {\"axiom\":[10,7],\"g_rule\":\"*\",\"p_rule\":2,\"name\":\"s20\"}",
[02:13:02.556] "<02:13:02.555><103049.05> \n%%% g-proxy s20 sends to Genotype g-ch msg {\"axiom\":[10,7],\"g_rule\":\"*\",\"p_rule\":2,\"name\":\"s20\"}",
[02:13:02.556] "<02:13:02.556><509112.037441> \nGenotype received from s20 {\"axiom\":[10,7],\"g_rule\":\"*\",\"p_rule\":2,\"name\":\"s20\"}",
[02:13:02.556] "<02:13:02.556><509112.873626> Genotype sends to s20 generated genotype {\"axiom\":[10,7],\"g_rule\":\"*\",\"p_rule\":2,\"name\":\"s20\",\"genotype\":70}",
[02:13:07.560] "<02:13:07.560><514115.257817> \nGenotype received from s20 {\"axiom\":[10,7],\"g_rule\":\"*\",\"p_rule\":2,\"name\":\"s20\"}",
[02:13:07.560] "<02:13:07.559><108053.01000000001> \n%%% g-proxy s20 sends to Genotype g-ch msg {\"axiom\":[10,7],\"g_rule\":\"*\",\"p_rule\":2,\"name\":\"s20\"}",
[02:13:07.560] "<02:13:07.560><514116.159735> Genotype sends to s20 generated genotype {\"axiom\":[10,7],\"g_rule\":\"*\",\"p_rule\":2,\"name\":\"s20\",\"genotype\":70}",
[02:13:12.558] "<02:13:12.558><519112.844016> \nGenotype received from s20 {\"axiom\":[2,4],\"g_rule\":\"+\",\"p_rule\":0.5,\"name\":\"s20\"}",
[02:13:12.558] "<02:13:12.558><519113.368111> Genotype sends to s20 generated genotype {\"axiom\":[2,4],\"g_rule\":\"+\",\"p_rule\":0.5,\"name\":\"s20\",\"genotype\":6}",
[02:13:12.558] "<02:13:12.557><113050.49> \n%%% g-proxy s20 sends to Genotype g-ch msg {\"axiom\":[2,4],\"g_rule\":\"+\",\"p_rule\":0.5,\"name\":\"s20\"}",
[02:13:17.558] "<02:13:17.558><524112.704849> \nGenotype received from s20 {\"axiom\":[2,4],\"g_rule\":\"+\",\"p_rule\":0.5,\"name\":\"s20\"}",
[02:13:17.558] "<02:13:17.558><524113.590778> Genotype sends to s20 generated genotype {\"axiom\":[2,4],\"g_rule\":\"+\",\"p_rule\":0.5,\"name\":\"s20\",\"genotype\":6}",
[02:13:17.558] "<02:13:17.557><118050.29000000001> \n%%% g-proxy s20 sends to Genotype g-ch msg {\"axiom\":[2,4],\"g_rule\":\"+\",\"p_rule\":0.5,\"name\":\"s20\"}",
[02:13:22.561] "<02:13:22.558><123048.56000000001> \n%%% g-proxy s20 sends to Genotype g-ch msg {\"axiom\":[2,4],\"g_rule\":\"+\",\"p_rule\":0.5,\"name\":\"s20\"}",
[02:13:22.563] "<02:13:22.560><529112.019083> \nGenotype received from s20 {\"axiom\":[2,4],\"g_rule\":\"+\",\"p_rule\":0.5,\"name\":\"s20\"}",
[02:13:22.563] "<02:13:22.561><529112.951204> Genotype sends to s20 generated genotype {\"axiom\":[2,4],\"g_rule\":\"+\",\"p_rule\":0.5,\"name\":\"s20\",\"genotype\":6}",
[02:13:27.565] "<02:13:27.565><128056.115> \n%%% g-proxy s20 sends to Genotype g-ch msg {\"axiom\":[2,4],\"g_rule\":\"+\",\"p_rule\":0.5,\"name\":\"s20\"}",
[02:13:27.565] "<02:13:27.565><534119.540004> \nGenotype received from s20 {\"axiom\":[2,4],\"g_rule\":\"+\",\"p_rule\":0.5,\"name\":\"s20\"}",
[02:13:27.565] "<02:13:27.565><534120.758156> Genotype sends to s20 generated genotype {\"axiom\":[2,4],\"g_rule\":\"+\",\"p_rule\":0.5,\"name\":\"s20\",\"genotype\":6}",
[02:13:32.566] "<02:13:32.566><539120.599447> Genotype sends to s20 generated genotype {\"axiom\":[10,7],\"g_rule\":\"*\",\"p_rule\":2,\"name\":\"s20\",\"genotype\":70}",
[02:13:32.566] "<02:13:32.566><539119.249827> \nGenotype received from s20 {\"axiom\":[10,7],\"g_rule\":\"*\",\"p_rule\":2,\"name\":\"s20\"}",
[02:13:32.566] "<02:13:32.566><133056.845> \n%%% g-proxy s20 sends to Genotype g-ch msg {\"axiom\":[10,7],\"g_rule\":\"*\",\"p_rule\":2,\"name\":\"s20\"}",
[02:13:37.559] "<02:13:37.559><544111.402605> \nGenotype received from s20 {\"axiom\":[2,4],\"g_rule\":\"+\",\"p_rule\":0.5,\"name\":\"s20\"}",
[02:13:37.559] "<02:13:37.558><138048.55500000002> \n%%% g-proxy s20 sends to Genotype g-ch msg {\"axiom\":[2,4],\"g_rule\":\"+\",\"p_rule\":0.5,\"name\":\"s20\"}",
[02:13:37.559] "<02:13:37.559><544112.267214> Genotype sends to s20 generated genotype {\"axiom\":[2,4],\"g_rule\":\"+\",\"p_rule\":0.5,\"name\":\"s20\",\"genotype\":6}",
[02:13:42.565] "<02:13:42.565><549116.34154> \nGenotype received from s20 {\"axiom\":[2,4],\"g_rule\":\"+\",\"p_rule\":0.5,\"name\":\"s20\"}",
[02:13:42.565] "<02:13:42.565><549117.194306> Genotype sends to s20 generated genotype {\"axiom\":[2,4],\"g_rule\":\"+\",\"p_rule\":0.5,\"name\":\"s20\",\"genotype\":6}",
[02:13:42.565] "<02:13:42.564><143053.89> \n%%% g-proxy s20 sends to Genotype g-ch msg {\"axiom\":[2,4],\"g_rule\":\"+\",\"p_rule\":0.5,\"name\":\"s20\"}",
[02:13:47.564] "<02:13:47.564><554116.393061> \nGenotype received from s20 {\"axiom\":[2,4],\"g_rule\":\"+\",\"p_rule\":0.5,\"name\":\"s20\"}",
[02:13:47.564] "<02:13:47.564><554117.441253> Genotype sends to s20 generated genotype {\"axiom\":[2,4],\"g_rule\":\"+\",\"p_rule\":0.5,\"name\":\"s20\",\"genotype\":6}",
[02:13:47.564] "<02:13:47.563><148053.52000000002> \n%%% g-proxy s20 sends to Genotype g-ch msg {\"axiom\":[2,4],\"g_rule\":\"+\",\"p_rule\":0.5,\"name\":\"s20\"}",
[02:13:52.567] "<02:13:52.567><559118.593079> \nGenotype received from s20 {\"axiom\":[10,7],\"g_rule\":\"*\",\"p_rule\":2,\"name\":\"s20\"}",
[02:13:52.567] "<02:13:52.567><559119.445252> Genotype sends to s20 generated genotype {\"axiom\":[10,7],\"g_rule\":\"*\",\"p_rule\":2,\"name\":\"s20\",\"genotype\":70}",
[02:13:52.567] "<02:13:52.567><153056.475> \n%%% g-proxy s20 sends to Genotype g-ch msg {\"axiom\":[10,7],\"g_rule\":\"*\",\"p_rule\":2,\"name\":\"s20\"}",
[02:13:57.564] "<02:13:57.564><564115.011462> \nGenotype received from s20 {\"axiom\":[2,4],\"g_rule\":\"+\",\"p_rule\":0.5,\"name\":\"s20\"}",
[02:13:57.564] "<02:13:57.564><564115.861859> Genotype sends to s20 generated genotype {\"axiom\":[2,4],\"g_rule\":\"+\",\"p_rule\":0.5,\"name\":\"s20\",\"genotype\":6}",
[02:13:57.564] "<02:13:57.564><158052.615> \n%%% g-proxy s20 sends to Genotype g-ch msg {\"axiom\":[2,4],\"g_rule\":\"+\",\"p_rule\":0.5,\"name\":\"s20\"}",
[02:14:02.563] "<02:14:02.563><569113.549324> \nGenotype received from s20 {\"axiom\":[2,4],\"g_rule\":\"+\",\"p_rule\":0.5,\"name\":\"s20\"}",
[02:14:02.563] "<02:14:02.563><569114.39676> Genotype sends to s20 generated genotype {\"axiom\":[2,4],\"g_rule\":\"+\",\"p_rule\":0.5,\"name\":\"s20\",\"genotype\":6}",
[02:14:02.563] "<02:14:02.563><163051.39> \n%%% g-proxy s20 sends to Genotype g-ch msg {\"axiom\":[2,4],\"g_rule\":\"+\",\"p_rule\":0.5,\"name\":\"s20\"}",
[02:14:07.567] "<02:14:07.567><574116.757263> \nGenotype received from s20 {\"axiom\":[10,7],\"g_rule\":\"*\",\"p_rule\":2,\"name\":\"s20\"}",
[02:14:07.567] "<02:14:07.567><574117.454873> Genotype sends to s20 generated genotype {\"axiom\":[10,7],\"g_rule\":\"*\",\"p_rule\":2,\"name\":\"s20\",\"genotype\":70}",
[02:14:07.567] "<02:14:07.567><168053.98500000002> \n%%% g-proxy s20 sends to Genotype g-ch msg {\"axiom\":[10,7],\"g_rule\":\"*\",\"p_rule\":2,\"name\":\"s20\"}",
[02:14:12.564] "<02:14:12.564><579113.957941> \nGenotype received from s20 {\"axiom\":[2,4],\"g_rule\":\"+\",\"p_rule\":0.5,\"name\":\"s20\"}",
[02:14:12.564] "<02:14:12.564><579114.930331> Genotype sends to s20 generated genotype {\"axiom\":[2,4],\"g_rule\":\"+\",\"p_rule\":0.5,\"name\":\"s20\",\"genotype\":6}",
[02:14:12.564] "<02:14:12.564><173051.77500000002> \n%%% g-proxy s20 sends to Genotype g-ch msg {\"axiom\":[2,4],\"g_rule\":\"+\",\"p_rule\":0.5,\"name\":\"s20\"}",
[02:14:17.568] "<02:14:17.568><584117.557324> \nGenotype received from s20 {\"axiom\":[2,4],\"g_rule\":\"+\",\"p_rule\":0.5,\"name\":\"s20\"}",
[02:14:17.568] "<02:14:17.568><584118.413643> Genotype sends to s20 generated genotype {\"axiom\":[2,4],\"g_rule\":\"+\",\"p_rule\":0.5,\"name\":\"s20\",\"genotype\":6}",
[02:14:17.568] "<02:14:17.568><178054.69000000003> \n%%% g-proxy s20 sends to Genotype g-ch msg {\"axiom\":[2,4],\"g_rule\":\"+\",\"p_rule\":0.5,\"name\":\"s20\"}",
[02:14:22.570] "<02:14:22.570><589118.905167> \nGenotype received from s20 {\"axiom\":[2,4],\"g_rule\":\"+\",\"p_rule\":0.5,\"name\":\"s20\"}",
[02:14:22.570] "<02:14:22.570><589119.693383> Genotype sends to s20 generated genotype {\"axiom\":[2,4],\"g_rule\":\"+\",\"p_rule\":0.5,\"name\":\"s20\",\"genotype\":6}",
[02:14:22.570] "<02:14:22.570><183055.855> \n%%% g-proxy s20 sends to Genotype g-ch msg {\"axiom\":[2,4],\"g_rule\":\"+\",\"p_rule\":0.5,\"name\":\"s20\"}",
[02:14:27.563] "<02:14:27.563><594111.82958> \nGenotype received from s20 {\"axiom\":[10,7],\"g_rule\":\"*\",\"p_rule\":2,\"name\":\"s20\"}",
[02:14:27.563] "<02:14:27.563><594112.992658> Genotype sends to s20 generated genotype {\"axiom\":[10,7],\"g_rule\":\"*\",\"p_rule\":2,\"name\":\"s20\",\"genotype\":70}",
[02:14:27.563] "<02:14:27.563><188049.495> \n%%% g-proxy s20 sends to Genotype g-ch msg {\"axiom\":[10,7],\"g_rule\":\"*\",\"p_rule\":2,\"name\":\"s20\"}",
[02:14:32.562] "<02:14:32.562><599110.995764> \nGenotype received from s20 {\"axiom\":[2,4],\"g_rule\":\"+\",\"p_rule\":0.5,\"name\":\"s20\"}",
[02:14:32.562] "<02:14:32.562><599111.81892> Genotype sends to s20 generated genotype {\"axiom\":[2,4],\"g_rule\":\"+\",\"p_rule\":0.5,\"name\":\"s20\",\"genotype\":6}",
[02:14:32.562] "<02:14:32.562><193048.45> \n%%% g-proxy s20 sends to Genotype g-ch msg {\"axiom\":[2,4],\"g_rule\":\"+\",\"p_rule\":0.5,\"name\":\"s20\"}",
[02:14:37.563] "<02:14:37.563><604111.171055> \nGenotype received from s20 {\"axiom\":[10,7],\"g_rule\":\"*\",\"p_rule\":2,\"name\":\"s20\"}",
[02:14:37.563] "<02:14:37.563><604112.000725> Genotype sends to s20 generated genotype {\"axiom\":[10,7],\"g_rule\":\"*\",\"p_rule\":2,\"name\":\"s20\",\"genotype\":70}",
[02:14:37.563] "<02:14:37.563><198048.495> \n%%% g-proxy s20 sends to Genotype g-ch msg {\"axiom\":[10,7],\"g_rule\":\"*\",\"p_rule\":2,\"name\":\"s20\"}",
[02:14:42.564] "<02:14:42.564><609111.534073> \nGenotype received from s20 {\"axiom\":[2,4],\"g_rule\":\"+\",\"p_rule\":0.5,\"name\":\"s20\"}",
[02:14:42.564] "<02:14:42.564><609112.569828> Genotype sends to s20 generated genotype {\"axiom\":[2,4],\"g_rule\":\"+\",\"p_rule\":0.5,\"name\":\"s20\",\"genotype\":6}",
[02:14:42.564] "<02:14:42.564><203048.56500000003> \n%%% g-proxy s20 sends to Genotype g-ch msg {\"axiom\":[2,4],\"g_rule\":\"+\",\"p_rule\":0.5,\"name\":\"s20\"}",
[02:14:47.565] "<02:14:47.565><614111.240342> \nGenotype received from s20 {\"axiom\":[2,4],\"g_rule\":\"+\",\"p_rule\":0.5,\"name\":\"s20\"}",
[02:14:47.565] "<02:14:47.565><614111.752002> Genotype sends to s20 generated genotype {\"axiom\":[2,4],\"g_rule\":\"+\",\"p_rule\":0.5,\"name\":\"s20\",\"genotype\":6}",
[02:14:47.565] "<02:14:47.565><208048.76> \n%%% g-proxy s20 sends to Genotype g-ch msg {\"axiom\":[2,4],\"g_rule\":\"+\",\"p_rule\":0.5,\"name\":\"s20\"}",
[02:14:52.569] "<02:14:52.569><619115.318813> \nGenotype received from s20 {\"axiom\":[10,7],\"g_rule\":\"*\",\"p_rule\":2,\"name\":\"s20\"}",
[02:14:52.569] "<02:14:52.569><619116.451097> Genotype sends to s20 generated genotype {\"axiom\":[10,7],\"g_rule\":\"*\",\"p_rule\":2,\"name\":\"s20\",\"genotype\":70}",
[02:14:52.569] "<02:14:52.569><213053.02500000002> \n%%% g-proxy s20 sends to Genotype g-ch msg {\"axiom\":[10,7],\"g_rule\":\"*\",\"p_rule\":2,\"name\":\"s20\"}",
[02:14:57.571] "<02:14:57.571><624117.274253> \nGenotype received from s20 {\"axiom\":[10,7],\"g_rule\":\"*\",\"p_rule\":2,\"name\":\"s20\"}",
[02:14:57.581] "<02:14:57.571><624118.93004> Genotype sends to s20 generated genotype {\"axiom\":[10,7],\"g_rule\":\"*\",\"p_rule\":2,\"name\":\"s20\",\"genotype\":70}",
[02:14:57.581] "<02:14:57.572><218054.43000000002> \n%%% g-proxy s20 sends to Genotype g-ch msg {\"axiom\":[10,7],\"g_rule\":\"*\",\"p_rule\":2,\"name\":\"s20\"}",
[02:15:02.573] "<02:15:02.573><629118.831735> \nGenotype received from s20 {\"axiom\":[2,4],\"g_rule\":\"+\",\"p_rule\":0.5,\"name\":\"s20\"}",
[02:15:02.573] "<02:15:02.573><629119.672064> Genotype sends to s20 generated genotype {\"axiom\":[2,4],\"g_rule\":\"+\",\"p_rule\":0.5,\"name\":\"s20\",\"genotype\":6}",
[02:15:02.573] "<02:15:02.574><223056.30500000002> \n%%% g-proxy s20 sends to Genotype g-ch msg {\"axiom\":[2,4],\"g_rule\":\"+\",\"p_rule\":0.5,\"name\":\"s20\"}",
[02:15:09.888] "<02:15:09.888><636436.625582> \nGenotype received from s34 {\"axiom\":[2,4],\"g_rule\":\"+\",\"p_rule\":0.5,\"name\":\"s34\"}",
[02:15:09.888] "<02:15:09.888><636437.545859> Genotype sends to s34 generated genotype {\"axiom\":[2,4],\"g_rule\":\"+\",\"p_rule\":0.5,\"name\":\"s34\",\"genotype\":6}",
[02:15:09.898] "<02:15:09.889><7134.8550000000005> \n%%% g-proxy s34 sends to Genotype g-ch msg {\"axiom\":[2,4],\"g_rule\":\"+\",\"p_rule\":0.5,\"name\":\"s34\"}",
[02:15:09.898] "<02:15:09.899><7144.345> producer s34 received GENOTYPE",
[02:15:09.932] "<02:15:09.889><7137.395> g-proxy s34 receives Genotype g-ch msg = {\"axiom\":[2,4],\"g_rule\":\"+\",\"p_rule\":0.5,\"name\":\"s34\",\"genotype\":6}",
[02:15:11.921] "<02:15:11.921><638465.642124> \nGenotype received from s35 {\"axiom\":[3,5],\"g_rule\":\"*\",\"p_rule\":2,\"name\":\"s35\"}",
[02:15:11.921] "<02:15:11.921><638466.35217> Genotype sends to s35 generated genotype {\"axiom\":[3,5],\"g_rule\":\"*\",\"p_rule\":2,\"name\":\"s35\",\"genotype\":15}",
[02:15:11.921] "<02:15:11.922><9163.41> \n%%% g-proxy s35 sends to Genotype g-ch msg {\"axiom\":[3,5],\"g_rule\":\"*\",\"p_rule\":2,\"name\":\"s35\"}",
[02:15:11.931] "<02:15:11.932><9175.255> g-proxy s35 receives Genotype g-ch msg = {\"axiom\":[3,5],\"g_rule\":\"*\",\"p_rule\":2,\"name\":\"s35\",\"genotype\":15}",
[02:15:11.931] "<02:15:11.932><9177.755000000001> producer s35 received GENOTYPE",
[02:15:12.649] "<02:15:12.649><639195.689032> \nGenotype received from s29 {\"axiom\":[10,7],\"g_rule\":\"*\",\"p_rule\":2,\"name\":\"s29\"}",
[02:15:12.649] "<02:15:12.649><639196.80355> Genotype sends to s29 generated genotype {\"axiom\":[10,7],\"g_rule\":\"*\",\"p_rule\":2,\"name\":\"s29\",\"genotype\":70}",
[02:15:12.649] "<02:15:12.650><9892.61> \n%%% g-proxy s29 sends to Genotype g-ch msg {\"axiom\":[10,7],\"g_rule\":\"*\",\"p_rule\":2,\"name\":\"s29\"}",
[02:15:12.664] "<02:15:12.664><9904.745> producer s29 received GENOTYPE",
[02:15:12.674] "<02:15:12.672><639215.544263> Phenotype received from s29 {\"axiom\":[10,7],\"g_rule\":\"*\",\"p_rule\":2,\"name\":\"s29\",\"genotype\":70}",
[02:15:12.674] "<02:15:12.673><639216.254901> Phenotype sends to s29 generated phenotype {\"axiom\":[10,7],\"g_rule\":\"*\",\"p_rule\":2,\"name\":\"s29\",\"genotype\":70,\"phenotype\":140}",
[02:15:12.675] "<02:15:12.673><9913.490000000002> %%% p-proxy s29 sends to Phenotype p-ch msg {\"axiom\":[10,7],\"g_rule\":\"*\",\"p_rule\":2,\"name\":\"s29\",\"genotype\":70}",
[02:15:12.675] "<02:15:12.661><9901.580000000002> g-proxy s29 receives Genotype g-ch msg = {\"axiom\":[10,7],\"g_rule\":\"*\",\"p_rule\":2,\"name\":\"s29\",\"genotype\":70}",
[02:15:12.676] "<02:15:12.674><9915.220000000001> p-proxy s29 receives Phenotype p-ch msg = {\"axiom\":[10,7],\"g_rule\":\"*\",\"p_rule\":2,\"name\":\"s29\",\"genotype\":70,\"phenotype\":140}",
[02:15:12.678] "<02:15:12.677><9917.715000000002> producer s29 received PHENOTYPE",
[02:15:13.953] "<02:15:13.953><640498.218371> Phenotype received from s36 {\"axiom\":[2,4],\"g_rule\":\"+\",\"p_rule\":0.5,\"genotype\":6,\"name\":\"s36\"}",
[02:15:13.953] "<02:15:13.953><640499.316307> Phenotype sends to s36 generated phenotype {\"axiom\":[2,4],\"g_rule\":\"+\",\"p_rule\":0.5,\"genotype\":6,\"name\":\"s36\",\"phenotype\":3}",
[02:15:13.953] "<02:15:13.954><11196.010000000002> %%% p-proxy s36 sends to Phenotype p-ch msg {\"axiom\":[2,4],\"g_rule\":\"+\",\"p_rule\":0.5,\"genotype\":6,\"name\":\"s36\"}",
[02:15:13.963] "<02:15:13.964><11204.890000000001> producer s36 received PHENOTYPE",
[02:15:14.014] "<02:15:13.954><11200.090000000002> p-proxy s36 receives Phenotype p-ch msg = {\"axiom\":[2,4],\"g_rule\":\"+\",\"p_rule\":0.5,\"genotype\":6,\"name\":\"s36\",\"phenotype\":3}",
[02:15:15.983] "<02:15:15.984><13226.585000000001> %%% p-proxy s37 sends to Phenotype p-ch msg {\"axiom\":[3,5],\"g_rule\":\"*\",\"p_rule\":2,\"genotype\":15,\"name\":\"s37\"}",
[02:15:15.983] "<02:15:15.983><642529.333664> Phenotype received from s37 {\"axiom\":[3,5],\"g_rule\":\"*\",\"p_rule\":2,\"genotype\":15,\"name\":\"s37\"}",
[02:15:15.983] "<02:15:15.983><642530.16748> Phenotype sends to s37 generated phenotype {\"axiom\":[3,5],\"g_rule\":\"*\",\"p_rule\":2,\"genotype\":15,\"name\":\"s37\",\"phenotype\":30}",
[02:15:15.983] "<02:15:15.984><13229.310000000001> p-proxy s37 receives Phenotype p-ch msg = {\"axiom\":[3,5],\"g_rule\":\"*\",\"p_rule\":2,\"genotype\":15,\"name\":\"s37\",\"phenotype\":30}",
[02:15:15.993] "<02:15:15.984><13232.77> producer s37 received PHENOTYPE",
[02:15:17.654] "<02:15:17.654><644198.564748> \nGenotype received from s29 {\"axiom\":[10,7],\"g_rule\":\"*\",\"p_rule\":2,\"name\":\"s29\"}",
[02:15:17.654] "<02:15:17.654><644199.042652> Genotype sends to s29 generated genotype {\"axiom\":[10,7],\"g_rule\":\"*\",\"p_rule\":2,\"name\":\"s29\",\"genotype\":70}",
[02:15:17.654] "<02:15:17.655><14896.24> \n%%% g-proxy s29 sends to Genotype g-ch msg {\"axiom\":[10,7],\"g_rule\":\"*\",\"p_rule\":2,\"name\":\"s29\"}",
[02:15:22.656] "<02:15:22.656><649199.654393> \nGenotype received from s29 {\"axiom\":[10,7],\"g_rule\":\"*\",\"p_rule\":2,\"name\":\"s29\"}",
[02:15:22.656] "<02:15:22.656><649200.187964> Genotype sends to s29 generated genotype {\"axiom\":[10,7],\"g_rule\":\"*\",\"p_rule\":2,\"name\":\"s29\",\"genotype\":70}",
[02:15:22.656] "<02:15:22.657><19897.780000000002> \n%%% g-proxy s29 sends to Genotype g-ch msg {\"axiom\":[10,7],\"g_rule\":\"*\",\"p_rule\":2,\"name\":\"s29\"}",
[02:15:27.675] "<02:15:27.674><654215.945774> \nGenotype received from s29 {\"axiom\":[10,7],\"g_rule\":\"*\",\"p_rule\":2,\"name\":\"s29\"}",
[02:15:27.676] "<02:15:27.674><24914.050000000003> \n%%% g-proxy s29 sends to Genotype g-ch msg {\"axiom\":[10,7],\"g_rule\":\"*\",\"p_rule\":2,\"name\":\"s29\"}",
[02:15:27.676] "<02:15:27.675><654216.641015> Genotype sends to s29 generated genotype {\"axiom\":[10,7],\"g_rule\":\"*\",\"p_rule\":2,\"name\":\"s29\",\"genotype\":70}",
[02:15:32.652] "<02:15:32.652><659195.956114> \nGenotype received from s29 {\"axiom\":[10,7],\"g_rule\":\"*\",\"p_rule\":2,\"name\":\"s29\"}",
[02:15:32.652] "<02:15:32.652><659196.778085> Genotype sends to s29 generated genotype {\"axiom\":[10,7],\"g_rule\":\"*\",\"p_rule\":2,\"name\":\"s29\",\"genotype\":70}",
[02:15:32.652] "<02:15:32.653><29893.9> \n%%% g-proxy s29 sends to Genotype g-ch msg {\"axiom\":[10,7],\"g_rule\":\"*\",\"p_rule\":2,\"name\":\"s29\"}",
[02:15:37.655] "<02:15:37.655><664199.500422> \nGenotype received from s29 {\"axiom\":[2,4],\"g_rule\":\"+\",\"p_rule\":0.5,\"name\":\"s29\"}",
[02:15:37.655] "<02:15:37.655><664200.446163> Genotype sends to s29 generated genotype {\"axiom\":[2,4],\"g_rule\":\"+\",\"p_rule\":0.5,\"name\":\"s29\",\"genotype\":6}",
[02:15:37.655] "<02:15:37.656><34896.51000000001> \n%%% g-proxy s29 sends to Genotype g-ch msg {\"axiom\":[2,4],\"g_rule\":\"+\",\"p_rule\":0.5,\"name\":\"s29\"}",
[02:15:42.658] "<02:15:42.658><669200.733971> \nGenotype received from s29 {\"axiom\":[2,4],\"g_rule\":\"+\",\"p_rule\":0.5,\"name\":\"s29\"}",
[02:15:42.658] "<02:15:42.658><669201.528701> Genotype sends to s29 generated genotype {\"axiom\":[2,4],\"g_rule\":\"+\",\"p_rule\":0.5,\"name\":\"s29\",\"genotype\":6}",
[02:15:42.658] "<02:15:42.659><39898.450000000004> \n%%% g-proxy s29 sends to Genotype g-ch msg {\"axiom\":[2,4],\"g_rule\":\"+\",\"p_rule\":0.5,\"name\":\"s29\"}",
[02:15:47.650] "<02:15:47.650><674192.88971> \nGenotype received from s29 {\"axiom\":[10,7],\"g_rule\":\"*\",\"p_rule\":2,\"name\":\"s29\"}",
[02:15:47.650] "<02:15:47.651><44890.605> \n%%% g-proxy s29 sends to Genotype g-ch msg {\"axiom\":[10,7],\"g_rule\":\"*\",\"p_rule\":2,\"name\":\"s29\"}",
[02:15:47.650] "<02:15:47.650><674195.758911> Genotype sends to s29 generated genotype {\"axiom\":[10,7],\"g_rule\":\"*\",\"p_rule\":2,\"name\":\"s29\",\"genotype\":70}",
[02:15:52.652] "<02:15:52.652><679193.252727> \nGenotype received from s29 {\"axiom\":[2,4],\"g_rule\":\"+\",\"p_rule\":0.5,\"name\":\"s29\"}",
[02:15:52.652] "<02:15:52.652><49890.75000000001> \n%%% g-proxy s29 sends to Genotype g-ch msg {\"axiom\":[2,4],\"g_rule\":\"+\",\"p_rule\":0.5,\"name\":\"s29\"}",
[02:15:52.652] "<02:15:52.652><679194.300327> Genotype sends to s29 generated genotype {\"axiom\":[2,4],\"g_rule\":\"+\",\"p_rule\":0.5,\"name\":\"s29\",\"genotype\":6}",
[02:15:57.655] "<02:15:57.655><684195.355624> \nGenotype received from s29 {\"axiom\":[10,7],\"g_rule\":\"*\",\"p_rule\":2,\"name\":\"s29\"}",
[02:15:57.655] "<02:15:57.655><684196.352887> Genotype sends to s29 generated genotype {\"axiom\":[10,7],\"g_rule\":\"*\",\"p_rule\":2,\"name\":\"s29\",\"genotype\":70}",
[02:15:57.655] "<02:15:57.655><54893.365000000005> \n%%% g-proxy s29 sends to Genotype g-ch msg {\"axiom\":[10,7],\"g_rule\":\"*\",\"p_rule\":2,\"name\":\"s29\"}",
[02:16:02.660] "<02:16:02.660><689200.266726> \nGenotype received from s29 {\"axiom\":[10,7],\"g_rule\":\"*\",\"p_rule\":2,\"name\":\"s29\"}",
[02:16:02.660] "<02:16:02.660><689201.093435> Genotype sends to s29 generated genotype {\"axiom\":[10,7],\"g_rule\":\"*\",\"p_rule\":2,\"name\":\"s29\",\"genotype\":70}",
[02:16:02.660] "<02:16:02.660><59897.990000000005> \n%%% g-proxy s29 sends to Genotype g-ch msg {\"axiom\":[10,7],\"g_rule\":\"*\",\"p_rule\":2,\"name\":\"s29\"}",
[02:16:07.659] "<02:16:07.659><694198.982248> \nGenotype received from s29 {\"axiom\":[10,7],\"g_rule\":\"*\",\"p_rule\":2,\"name\":\"s29\"}",
[02:16:07.659] "<02:16:07.659><64896.42500000001> \n%%% g-proxy s29 sends to Genotype g-ch msg {\"axiom\":[10,7],\"g_rule\":\"*\",\"p_rule\":2,\"name\":\"s29\"}",
[02:16:07.659] "<02:16:07.659><694199.79356> Genotype sends to s29 generated genotype {\"axiom\":[10,7],\"g_rule\":\"*\",\"p_rule\":2,\"name\":\"s29\",\"genotype\":70}",
[02:16:12.659] "<02:16:12.659><699198.51145> \nGenotype received from s29 {\"axiom\":[2,4],\"g_rule\":\"+\",\"p_rule\":0.5,\"name\":\"s29\"}",
[02:16:12.659] "<02:16:12.659><699199.328092> Genotype sends to s29 generated genotype {\"axiom\":[2,4],\"g_rule\":\"+\",\"p_rule\":0.5,\"name\":\"s29\",\"genotype\":6}",
[02:16:12.659] "<02:16:12.659><69896.065> \n%%% g-proxy s29 sends to Genotype g-ch msg {\"axiom\":[2,4],\"g_rule\":\"+\",\"p_rule\":0.5,\"name\":\"s29\"}",
[02:16:17.661] "<02:16:17.661><704200.15717> \nGenotype received from s29 {\"axiom\":[10,7],\"g_rule\":\"*\",\"p_rule\":2,\"name\":\"s29\"}",
[02:16:17.661] "<02:16:17.661><704201.335052> Genotype sends to s29 generated genotype {\"axiom\":[10,7],\"g_rule\":\"*\",\"p_rule\":2,\"name\":\"s29\",\"genotype\":70}",
[02:16:17.661] "<02:16:17.661><74897.58> \n%%% g-proxy s29 sends to Genotype g-ch msg {\"axiom\":[10,7],\"g_rule\":\"*\",\"p_rule\":2,\"name\":\"s29\"}",
[02:16:22.657] "<02:16:22.657><709194.942862> \nGenotype received from s29 {\"axiom\":[10,7],\"g_rule\":\"*\",\"p_rule\":2,\"name\":\"s29\"}",
[02:16:22.657] "<02:16:22.657><709195.781415> Genotype sends to s29 generated genotype {\"axiom\":[10,7],\"g_rule\":\"*\",\"p_rule\":2,\"name\":\"s29\",\"genotype\":70}",
[02:16:22.657] "<02:16:22.656><79892.11> \n%%% g-proxy s29 sends to Genotype g-ch msg {\"axiom\":[10,7],\"g_rule\":\"*\",\"p_rule\":2,\"name\":\"s29\"}",
[02:16:27.663] "<02:16:27.663><714199.891273> \nGenotype received from s29 {\"axiom\":[2,4],\"g_rule\":\"+\",\"p_rule\":0.5,\"name\":\"s29\"}",
[02:16:27.663] "<02:16:27.663><714200.725088> Genotype sends to s29 generated genotype {\"axiom\":[2,4],\"g_rule\":\"+\",\"p_rule\":0.5,\"name\":\"s29\",\"genotype\":6}",
[02:16:27.663] "<02:16:27.662><84897.77500000001> \n%%% g-proxy s29 sends to Genotype g-ch msg {\"axiom\":[2,4],\"g_rule\":\"+\",\"p_rule\":0.5,\"name\":\"s29\"}",
[02:16:32.660] "<02:16:32.660><719196.773347> \nGenotype received from s29 {\"axiom\":[2,4],\"g_rule\":\"+\",\"p_rule\":0.5,\"name\":\"s29\"}",
[02:16:32.660] "<02:16:32.660><719197.603018> Genotype sends to s29 generated genotype {\"axiom\":[2,4],\"g_rule\":\"+\",\"p_rule\":0.5,\"name\":\"s29\",\"genotype\":6}",
[02:16:32.660] "<02:16:32.659><89894.835> \n%%% g-proxy s29 sends to Genotype g-ch msg {\"axiom\":[2,4],\"g_rule\":\"+\",\"p_rule\":0.5,\"name\":\"s29\"}",
[02:16:37.661] "<02:16:37.661><724196.996606> \nGenotype received from s29 {\"axiom\":[2,4],\"g_rule\":\"+\",\"p_rule\":0.5,\"name\":\"s29\"}",
[02:16:37.661] "<02:16:37.661><724198.189294> Genotype sends to s29 generated genotype {\"axiom\":[2,4],\"g_rule\":\"+\",\"p_rule\":0.5,\"name\":\"s29\",\"genotype\":6}",
[02:16:37.661] "<02:16:37.660><94894.97> \n%%% g-proxy s29 sends to Genotype g-ch msg {\"axiom\":[2,4],\"g_rule\":\"+\",\"p_rule\":0.5,\"name\":\"s29\"}",
[02:16:42.658] "<02:16:42.657><99891.985> \n%%% g-proxy s29 sends to Genotype g-ch msg {\"axiom\":[2,4],\"g_rule\":\"+\",\"p_rule\":0.5,\"name\":\"s29\"}",
[02:16:42.658] "<02:16:42.658><729195.732262> Genotype sends to s29 generated genotype {\"axiom\":[2,4],\"g_rule\":\"+\",\"p_rule\":0.5,\"name\":\"s29\",\"genotype\":6}",
[02:16:42.658] "<02:16:42.658><729194.904369> \nGenotype received from s29 {\"axiom\":[2,4],\"g_rule\":\"+\",\"p_rule\":0.5,\"name\":\"s29\"}",
[02:16:47.660] "<02:16:47.660><734196.014149> \nGenotype received from s29 {\"axiom\":[10,7],\"g_rule\":\"*\",\"p_rule\":2,\"name\":\"s29\"}",
[02:16:47.660] "<02:16:47.660><734196.843227> Genotype sends to s29 generated genotype {\"axiom\":[10,7],\"g_rule\":\"*\",\"p_rule\":2,\"name\":\"s29\",\"genotype\":70}",
[02:16:47.660] "<02:16:47.659><104894.13500000001> \n%%% g-proxy s29 sends to Genotype g-ch msg {\"axiom\":[10,7],\"g_rule\":\"*\",\"p_rule\":2,\"name\":\"s29\"}",
[02:16:52.664] "<02:16:52.664><739199.796521> \nGenotype received from s29 {\"axiom\":[10,7],\"g_rule\":\"*\",\"p_rule\":2,\"name\":\"s29\"}",
[02:16:52.664] "<02:16:52.664><739200.654024> Genotype sends to s29 generated genotype {\"axiom\":[10,7],\"g_rule\":\"*\",\"p_rule\":2,\"name\":\"s29\",\"genotype\":70}",
[02:16:52.664] "<02:16:52.664><109897.85> \n%%% g-proxy s29 sends to Genotype g-ch msg {\"axiom\":[10,7],\"g_rule\":\"*\",\"p_rule\":2,\"name\":\"s29\"}",
[02:16:57.666] "<02:16:57.666><744201.915999> \nGenotype received from s29 {\"axiom\":[10,7],\"g_rule\":\"*\",\"p_rule\":2,\"name\":\"s29\"}",
[02:16:57.666] "<02:16:57.666><114899.71> \n%%% g-proxy s29 sends to Genotype g-ch msg {\"axiom\":[10,7],\"g_rule\":\"*\",\"p_rule\":2,\"name\":\"s29\"}",
[02:16:57.666] "<02:16:57.666><744203.177974> Genotype sends to s29 generated genotype {\"axiom\":[10,7],\"g_rule\":\"*\",\"p_rule\":2,\"name\":\"s29\",\"genotype\":70}",
[02:17:02.663] "<02:17:02.663><749197.893195> \nGenotype received from s29 {\"axiom\":[2,4],\"g_rule\":\"+\",\"p_rule\":0.5,\"name\":\"s29\"}",
[02:17:02.663] "<02:17:02.663><749198.738854> Genotype sends to s29 generated genotype {\"axiom\":[2,4],\"g_rule\":\"+\",\"p_rule\":0.5,\"name\":\"s29\",\"genotype\":6}",
[02:17:02.663] "<02:17:02.663><119896.05000000002> \n%%% g-proxy s29 sends to Genotype g-ch msg {\"axiom\":[2,4],\"g_rule\":\"+\",\"p_rule\":0.5,\"name\":\"s29\"}",
[02:17:15.138] "<02:17:15.138><761676.805302> \nGenotype received from s38 {\"axiom\":[2,4],\"g_rule\":\"+\",\"p_rule\":0.5,\"name\":\"s38\"}",
[02:17:15.138] "<02:17:15.138><761677.700707> Genotype sends to s38 generated genotype {\"axiom\":[2,4],\"g_rule\":\"+\",\"p_rule\":0.5,\"name\":\"s38\",\"genotype\":6}",
[02:17:15.148] "<02:17:15.139><9895.175> \n%%% g-proxy s38 sends to Genotype g-ch msg {\"axiom\":[2,4],\"g_rule\":\"+\",\"p_rule\":0.5,\"name\":\"s38\"}",
[02:17:15.148] "<02:17:15.149><9906.7> producer s38 received GENOTYPE",
[02:17:15.166] "<02:17:15.165><761697.118895> Phenotype received from s38 {\"axiom\":[2,4],\"g_rule\":\"+\",\"p_rule\":0.5,\"name\":\"s38\",\"genotype\":6}",
[02:17:15.166] "<02:17:15.165><761697.808807> Phenotype sends to s38 generated phenotype {\"axiom\":[2,4],\"g_rule\":\"+\",\"p_rule\":0.5,\"name\":\"s38\",\"genotype\":6,\"phenotype\":3}",
[02:17:15.168] "<02:17:15.165><9915.575> %%% p-proxy s38 sends to Phenotype p-ch msg {\"axiom\":[2,4],\"g_rule\":\"+\",\"p_rule\":0.5,\"name\":\"s38\",\"genotype\":6}",
[02:17:15.169] "<02:17:15.149><9899.395> g-proxy s38 receives Genotype g-ch msg = {\"axiom\":[2,4],\"g_rule\":\"+\",\"p_rule\":0.5,\"name\":\"s38\",\"genotype\":6}",
[02:17:15.172] "<02:17:15.172><9922.105> producer s38 received PHENOTYPE",
[02:17:15.174] "<02:17:15.167><9917.345000000001> p-proxy s38 receives Phenotype p-ch msg = {\"axiom\":[2,4],\"g_rule\":\"+\",\"p_rule\":0.5,\"name\":\"s38\",\"genotype\":6,\"phenotype\":3}",
[02:17:20.148] "<02:17:20.148><766682.310972> \nGenotype received from s38 {\"axiom\":[10,7],\"g_rule\":\"*\",\"p_rule\":2,\"name\":\"s38\"}",
[02:17:20.148] "<02:17:20.149><14900.285000000002> \n%%% g-proxy s38 sends to Genotype g-ch msg {\"axiom\":[10,7],\"g_rule\":\"*\",\"p_rule\":2,\"name\":\"s38\"}",
[02:17:20.148] "<02:17:20.148><766683.119323> Genotype sends to s38 generated genotype {\"axiom\":[10,7],\"g_rule\":\"*\",\"p_rule\":2,\"name\":\"s38\",\"genotype\":70}",
[02:17:25.143] "<02:17:25.143><771676.855047> \nGenotype received from s38 {\"axiom\":[10,7],\"g_rule\":\"*\",\"p_rule\":2,\"name\":\"s38\"}",
[02:17:25.143] "<02:17:25.143><771677.646224> Genotype sends to s38 generated genotype {\"axiom\":[10,7],\"g_rule\":\"*\",\"p_rule\":2,\"name\":\"s38\",\"genotype\":70}",
[02:17:25.143] "<02:17:25.143><19894.52> \n%%% g-proxy s38 sends to Genotype g-ch msg {\"axiom\":[10,7],\"g_rule\":\"*\",\"p_rule\":2,\"name\":\"s38\"}",
[02:17:30.143] "<02:17:30.141><776672.68597> \nGenotype received from s38 {\"axiom\":[2,4],\"g_rule\":\"+\",\"p_rule\":0.5,\"name\":\"s38\"}",
[02:17:30.143] "<02:17:30.142><776673.181048> Genotype sends to s38 generated genotype {\"axiom\":[2,4],\"g_rule\":\"+\",\"p_rule\":0.5,\"name\":\"s38\",\"genotype\":6}",
[02:17:30.144] "<02:17:30.141><24890.97> \n%%% g-proxy s38 sends to Genotype g-ch msg {\"axiom\":[2,4],\"g_rule\":\"+\",\"p_rule\":0.5,\"name\":\"s38\"}",
[02:17:35.148] "<02:17:35.148><781680.559249> \nGenotype received from s38 {\"axiom\":[2,4],\"g_rule\":\"+\",\"p_rule\":0.5,\"name\":\"s38\"}",
[02:17:35.148] "<02:17:35.148><29898.305000000004> \n%%% g-proxy s38 sends to Genotype g-ch msg {\"axiom\":[2,4],\"g_rule\":\"+\",\"p_rule\":0.5,\"name\":\"s38\"}",
[02:17:35.148] "<02:17:35.148><781681.080383> Genotype sends to s38 generated genotype {\"axiom\":[2,4],\"g_rule\":\"+\",\"p_rule\":0.5,\"name\":\"s38\",\"genotype\":6}",
[02:17:47.881] "<02:17:47.881><794416.053791> \nGenotype received from s42 {\"axiom\":[2,4],\"g_rule\":\"+\",\"p_rule\":0.5,\"name\":\"s42\"}",
[02:17:47.891] "<02:17:47.881><794418.201695> Genotype sends to s42 generated genotype {\"axiom\":[2,4],\"g_rule\":\"+\",\"p_rule\":0.5,\"name\":\"s42\",\"genotype\":6}",
[02:17:47.891] "<02:17:47.880><9787.260000000002> \n%%% g-proxy s42 sends to Genotype g-ch msg {\"axiom\":[2,4],\"g_rule\":\"+\",\"p_rule\":0.5,\"name\":\"s42\"}",
[02:17:47.891] "<02:17:47.880><9791.025000000001> g-proxy s42 receives Genotype g-ch msg = {\"axiom\":[2,4],\"g_rule\":\"+\",\"p_rule\":0.5,\"name\":\"s42\",\"genotype\":6}",
[02:17:47.891] "<02:17:47.890><9796.7> producer s42 received GENOTYPE",
[02:17:47.905] "<02:17:47.902><9803.395> %%% p-proxy s42 sends to Phenotype p-ch msg {\"axiom\":[2,4],\"g_rule\":\"+\",\"p_rule\":0.5,\"name\":\"s42\",\"genotype\":6}",
[02:17:47.906] "<02:17:47.904><794433.148193> Phenotype received from s42 {\"axiom\":[2,4],\"g_rule\":\"+\",\"p_rule\":0.5,\"name\":\"s42\",\"genotype\":6}",
[02:17:47.906] "<02:17:47.905><794433.816192> Phenotype sends to s42 generated phenotype {\"axiom\":[2,4],\"g_rule\":\"+\",\"p_rule\":0.5,\"name\":\"s42\",\"genotype\":6,\"phenotype\":3}",
[02:17:47.909] "<02:17:47.905><9806.445> p-proxy s42 receives Phenotype p-ch msg = {\"axiom\":[2,4],\"g_rule\":\"+\",\"p_rule\":0.5,\"name\":\"s42\",\"genotype\":6,\"phenotype\":3}",
[02:17:47.910] "<02:17:47.907><9808.955000000002> producer s42 received PHENOTYPE",
[02:17:52.879] "<02:17:52.877><799405.400732> \nGenotype received from s42 {\"axiom\":[2,4],\"g_rule\":\"+\",\"p_rule\":0.5,\"name\":\"s42\"}",
[02:17:52.879] "<02:17:52.878><799406.212636> Genotype sends to s42 generated genotype {\"axiom\":[2,4],\"g_rule\":\"+\",\"p_rule\":0.5,\"name\":\"s42\",\"genotype\":6}",
[02:17:52.880] "<02:17:52.875><14776.215> \n%%% g-proxy s42 sends to Genotype g-ch msg {\"axiom\":[2,4],\"g_rule\":\"+\",\"p_rule\":0.5,\"name\":\"s42\"}",
[02:17:57.876] "<02:17:57.876><804406.418129> \nGenotype received from s42 {\"axiom\":[2,4],\"g_rule\":\"+\",\"p_rule\":0.5,\"name\":\"s42\"}",
[02:17:57.876] "<02:17:57.876><804407.735771> Genotype sends to s42 generated genotype {\"axiom\":[2,4],\"g_rule\":\"+\",\"p_rule\":0.5,\"name\":\"s42\",\"genotype\":6}",
[02:17:57.876] "<02:17:57.875><19777.065> \n%%% g-proxy s42 sends to Genotype g-ch msg {\"axiom\":[2,4],\"g_rule\":\"+\",\"p_rule\":0.5,\"name\":\"s42\"}",
[02:18:03.376] "<02:18:03.376><809907.527613> \nGenotype received from s42 {\"axiom\":[2,4],\"g_rule\":\"+\",\"p_rule\":0.5,\"name\":\"s42\"}",
[02:18:03.376] "<02:18:03.376><809908.601861> Genotype sends to s42 generated genotype {\"axiom\":[2,4],\"g_rule\":\"+\",\"p_rule\":0.5,\"name\":\"s42\",\"genotype\":6}",
[02:18:03.376] "<02:18:03.375><25277.2> \n%%% g-proxy s42 sends to Genotype g-ch msg {\"axiom\":[2,4],\"g_rule\":\"+\",\"p_rule\":0.5,\"name\":\"s42\"}",
[02:18:08.375] "<02:18:08.375><814905.870642> \nGenotype received from s42 {\"axiom\":[10,7],\"g_rule\":\"*\",\"p_rule\":2,\"name\":\"s42\"}",
[02:18:08.375] "<02:18:08.375><814906.721039> Genotype sends to s42 generated genotype {\"axiom\":[10,7],\"g_rule\":\"*\",\"p_rule\":2,\"name\":\"s42\",\"genotype\":70}",
[02:18:08.385] "<02:18:08.374><30275.465000000004> \n%%% g-proxy s42 sends to Genotype g-ch msg {\"axiom\":[10,7],\"g_rule\":\"*\",\"p_rule\":2,\"name\":\"s42\"}",
