[04:00:49.006] "<04:00:48.995><223994.227841> \nGenotype received from s1 {\"axiom\":[2,4],\"g_rule\":\"+\",\"p_rule\":0.5,\"name\":\"s1\"}",
[04:00:49.007] "<04:00:48.995><223998.007844> Genotype sends to s1 generated genotype {\"axiom\":[2,4],\"g_rule\":\"+\",\"p_rule\":0.5,\"name\":\"s1\",\"genotype\":6}",
[04:00:49.009] "<04:00:48.985><9218.550000000001> \n%%% g-proxy s1 sends to Genotype g-ch msg {\"axiom\":[2,4],\"g_rule\":\"+\",\"p_rule\":0.5,\"name\":\"s1\"}",
[04:00:49.010] "<04:00:49.005><9233.225> producer s1 received GENOTYPE",
[04:00:49.016] "<04:00:49.008><9235.415> %%% p-proxy s1 sends to Phenotype p-ch msg {\"axiom\":[2,4],\"g_rule\":\"+\",\"p_rule\":0.5,\"name\":\"s1\",\"genotype\":6}",
[04:00:49.017] "<04:00:48.995><9229.300000000001> g-proxy s1 receives Genotype g-ch msg = {\"axiom\":[2,4],\"g_rule\":\"+\",\"p_rule\":0.5,\"name\":\"s1\",\"genotype\":6}",
[04:00:49.018] "<04:00:49.011><224008.668602> Phenotype received from s1 {\"axiom\":[2,4],\"g_rule\":\"+\",\"p_rule\":0.5,\"name\":\"s1\",\"genotype\":6}",
[04:00:49.019] "<04:00:49.016><224013.83731> Phenotype sends to s1 generated phenotype {\"axiom\":[2,4],\"g_rule\":\"+\",\"p_rule\":0.5,\"name\":\"s1\",\"genotype\":6,\"phenotype\":3}",
[04:00:49.021] "<04:00:49.017><9244.615000000002> p-proxy s1 receives Phenotype p-ch msg = {\"axiom\":[2,4],\"g_rule\":\"+\",\"p_rule\":0.5,\"name\":\"s1\",\"genotype\":6,\"phenotype\":3}",
[04:00:49.022] "<04:00:49.019><9246.580000000002> producer s1 received PHENOTYPE",
[04:00:53.990] "<04:00:53.980><14209.135000000002> \n%%% g-proxy s1 sends to Genotype g-ch msg {\"axiom\":[2,4],\"g_rule\":\"+\",\"p_rule\":0.5,\"name\":\"s1\"}",
[04:00:53.990] "<04:00:53.980><228984.96408> \nGenotype received from s1 {\"axiom\":[2,4],\"g_rule\":\"+\",\"p_rule\":0.5,\"name\":\"s1\"}",
[04:00:53.990] "<04:00:53.980><228986.302449> Genotype sends to s1 generated genotype {\"axiom\":[2,4],\"g_rule\":\"+\",\"p_rule\":0.5,\"name\":\"s1\",\"genotype\":6}",
[04:00:53.990] "<04:00:53.990><14222.95> producer s1 received GENOTYPE",
[04:00:54.003] "<04:00:54.000><228997.897103> Phenotype received from s1 {\"axiom\":[2,4],\"g_rule\":\"+\",\"p_rule\":0.5,\"name\":\"s1\",\"genotype\":6}",
[04:00:54.004] "<04:00:54.002><228999.363387> Phenotype sends to s1 generated phenotype {\"axiom\":[2,4],\"g_rule\":\"+\",\"p_rule\":0.5,\"name\":\"s1\",\"genotype\":6,\"phenotype\":3}",
[04:00:54.015] "<04:00:53.990><14217.125000000002> g-proxy s1 receives Genotype g-ch msg = {\"axiom\":[2,4],\"g_rule\":\"+\",\"p_rule\":0.5,\"name\":\"s1\",\"genotype\":6}",
[04:00:54.015] "<04:00:54.013><14240.37> %%% p-proxy s1 sends to Phenotype p-ch msg {\"axiom\":[2,4],\"g_rule\":\"+\",\"p_rule\":0.5,\"name\":\"s1\",\"genotype\":6}",
[04:00:54.019] "<04:00:54.017><14244.025000000001> producer s1 received PHENOTYPE",
[04:00:54.019] "<04:00:54.014><14241.550000000001> p-proxy s1 receives Phenotype p-ch msg = {\"axiom\":[2,4],\"g_rule\":\"+\",\"p_rule\":0.5,\"name\":\"s1\",\"genotype\":6,\"phenotype\":3}",
[04:00:58.981] "<04:00:58.981><19209.83> \n%%% g-proxy s1 sends to Genotype g-ch msg {\"axiom\":[10,7],\"g_rule\":\"*\",\"p_rule\":2,\"name\":\"s1\"}",
[04:00:58.981] "<04:00:58.981><233982.987914> Genotype sends to s1 generated genotype {\"axiom\":[10,7],\"g_rule\":\"*\",\"p_rule\":2,\"name\":\"s1\",\"genotype\":70}",
[04:00:58.981] "<04:00:58.981><233981.61046> \nGenotype received from s1 {\"axiom\":[10,7],\"g_rule\":\"*\",\"p_rule\":2,\"name\":\"s1\"}",
[04:00:58.991] "<04:00:58.981><19213.920000000002> g-proxy s1 receives Genotype g-ch msg = {\"axiom\":[10,7],\"g_rule\":\"*\",\"p_rule\":2,\"name\":\"s1\",\"genotype\":70}",
[04:00:58.991] "<04:00:58.991><19217.88> producer s1 received GENOTYPE",
[04:00:58.991] "<04:00:58.991><19221.670000000002> %%% p-proxy s1 sends to Phenotype p-ch msg {\"axiom\":[10,7],\"g_rule\":\"*\",\"p_rule\":2,\"name\":\"s1\",\"genotype\":70}",
[04:00:59.001] "<04:00:58.991><233995.990816> Phenotype sends to s1 generated phenotype {\"axiom\":[10,7],\"g_rule\":\"*\",\"p_rule\":2,\"name\":\"s1\",\"genotype\":70,\"phenotype\":140}",
[04:00:58.991] "<04:00:58.991><233995.114362> Phenotype received from s1 {\"axiom\":[10,7],\"g_rule\":\"*\",\"p_rule\":2,\"name\":\"s1\",\"genotype\":70}",
[04:00:59.008] "<04:00:59.004><19230.63> p-proxy s1 receives Phenotype p-ch msg = {\"axiom\":[10,7],\"g_rule\":\"*\",\"p_rule\":2,\"name\":\"s1\",\"genotype\":70,\"phenotype\":140}",
[04:00:59.007] "<04:00:59.006><19232.565000000002> producer s1 received PHENOTYPE",
[04:01:03.988] "<04:01:03.987><238983.180971> \nGenotype received from s1 {\"axiom\":[10,7],\"g_rule\":\"*\",\"p_rule\":2,\"name\":\"s1\"}",
[04:01:03.988] "<04:01:03.981><24208.065000000002> \n%%% g-proxy s1 sends to Genotype g-ch msg {\"axiom\":[10,7],\"g_rule\":\"*\",\"p_rule\":2,\"name\":\"s1\"}",
[04:01:03.988] "<04:01:03.987><238983.809293> Genotype sends to s1 generated genotype {\"axiom\":[10,7],\"g_rule\":\"*\",\"p_rule\":2,\"name\":\"s1\",\"genotype\":70}",
[04:01:03.991] "<04:01:03.988><24214.58> g-proxy s1 receives Genotype g-ch msg = {\"axiom\":[10,7],\"g_rule\":\"*\",\"p_rule\":2,\"name\":\"s1\",\"genotype\":70}",
[04:01:03.996] "<04:01:03.992><24218.835000000003> %%% p-proxy s1 sends to Phenotype p-ch msg {\"axiom\":[10,7],\"g_rule\":\"*\",\"p_rule\":2,\"name\":\"s1\",\"genotype\":70}",
[04:01:03.995] "<04:01:03.991><24217.530000000002> producer s1 received GENOTYPE",
[04:01:03.998] "<04:01:03.996><238992.338136> Phenotype sends to s1 generated phenotype {\"axiom\":[10,7],\"g_rule\":\"*\",\"p_rule\":2,\"name\":\"s1\",\"genotype\":70,\"phenotype\":140}",
[04:01:03.997] "<04:01:03.995><238991.447469> Phenotype received from s1 {\"axiom\":[10,7],\"g_rule\":\"*\",\"p_rule\":2,\"name\":\"s1\",\"genotype\":70}",
[04:01:04.002] "<04:01:03.997><24223.32> p-proxy s1 receives Phenotype p-ch msg = {\"axiom\":[10,7],\"g_rule\":\"*\",\"p_rule\":2,\"name\":\"s1\",\"genotype\":70,\"phenotype\":140}",
[04:01:04.003] "<04:01:03.998><24225.095000000005> producer s1 received PHENOTYPE",
[04:01:53.643] "<04:01:53.633><288631.574366> \nGenotype received from s2 {\"axiom\":[2,4],\"g_rule\":\"+\",\"p_rule\":0.5,\"name\":\"s2\"}",
[04:01:53.643] "<04:01:53.633><288632.505302> Genotype sends to s2 generated genotype {\"axiom\":[2,4],\"g_rule\":\"+\",\"p_rule\":0.5,\"name\":\"s2\",\"genotype\":6}",
[04:01:53.643] "<04:01:53.643><6755.1> producer s2 received GENOTYPE",
[04:01:53.643] "<04:01:53.633><6749.585000000001> \n%%% g-proxy s2 sends to Genotype g-ch msg {\"axiom\":[2,4],\"g_rule\":\"+\",\"p_rule\":0.5,\"name\":\"s2\"}",
[04:01:53.665] "<04:01:53.643><6763.770000000001> %%% p-proxy s2 sends to Phenotype p-ch msg {\"axiom\":[2,4],\"g_rule\":\"+\",\"p_rule\":0.5,\"name\":\"s2\",\"genotype\":6}",
[04:01:53.667] "<04:01:53.664><288656.415908> Phenotype received from s2 {\"axiom\":[2,4],\"g_rule\":\"+\",\"p_rule\":0.5,\"name\":\"s2\",\"genotype\":6}",
[04:01:53.667] "<04:01:53.664><288656.973759> Phenotype sends to s2 generated phenotype {\"axiom\":[2,4],\"g_rule\":\"+\",\"p_rule\":0.5,\"name\":\"s2\",\"genotype\":6,\"phenotype\":3}",
[04:01:53.668] "<04:01:53.633><6753.290000000001> g-proxy s2 receives Genotype g-ch msg = {\"axiom\":[2,4],\"g_rule\":\"+\",\"p_rule\":0.5,\"name\":\"s2\",\"genotype\":6}",
[04:01:53.669] "<04:01:53.665><6776.55> p-proxy s2 receives Phenotype p-ch msg = {\"axiom\":[2,4],\"g_rule\":\"+\",\"p_rule\":0.5,\"name\":\"s2\",\"genotype\":6,\"phenotype\":3}",
[04:01:53.670] "<04:01:53.666><6777.325> producer s2 received PHENOTYPE",
[04:01:58.634] "<04:01:58.634><293629.716047> \nGenotype received from s2 {\"axiom\":[10,7],\"g_rule\":\"*\",\"p_rule\":2,\"name\":\"s2\"}",
[04:01:58.634] "<04:01:58.634><11747.11> \n%%% g-proxy s2 sends to Genotype g-ch msg {\"axiom\":[10,7],\"g_rule\":\"*\",\"p_rule\":2,\"name\":\"s2\"}",
[04:01:58.634] "<04:01:58.634><293630.564667> Genotype sends to s2 generated genotype {\"axiom\":[10,7],\"g_rule\":\"*\",\"p_rule\":2,\"name\":\"s2\",\"genotype\":70}",
[04:02:03.637] "<04:02:03.637><16749.445> \n%%% g-proxy s2 sends to Genotype g-ch msg {\"axiom\":[10,7],\"g_rule\":\"*\",\"p_rule\":2,\"name\":\"s2\"}",
[04:02:03.637] "<04:02:03.637><298632.228745> \nGenotype received from s2 {\"axiom\":[10,7],\"g_rule\":\"*\",\"p_rule\":2,\"name\":\"s2\"}",
[04:02:03.637] "<04:02:03.637><298633.583103> Genotype sends to s2 generated genotype {\"axiom\":[10,7],\"g_rule\":\"*\",\"p_rule\":2,\"name\":\"s2\",\"genotype\":70}",
[04:02:08.643] "<04:02:08.636><21746.780000000002> \n%%% g-proxy s2 sends to Genotype g-ch msg {\"axiom\":[10,7],\"g_rule\":\"*\",\"p_rule\":2,\"name\":\"s2\"}",
[04:02:08.643] "<04:02:08.640><303631.94449> \nGenotype received from s2 {\"axiom\":[10,7],\"g_rule\":\"*\",\"p_rule\":2,\"name\":\"s2\"}",
[04:02:08.645] "<04:02:08.642><303633.811099> Genotype sends to s2 generated genotype {\"axiom\":[10,7],\"g_rule\":\"*\",\"p_rule\":2,\"name\":\"s2\",\"genotype\":70}",
[04:02:13.637] "<04:02:13.635><26745.300000000003> \n%%% g-proxy s2 sends to Genotype g-ch msg {\"axiom\":[2,4],\"g_rule\":\"+\",\"p_rule\":0.5,\"name\":\"s2\"}",
[04:02:13.638] "<04:02:13.636><308627.287441> \nGenotype received from s2 {\"axiom\":[2,4],\"g_rule\":\"+\",\"p_rule\":0.5,\"name\":\"s2\"}",
[04:02:13.638] "<04:02:13.637><308627.827526> Genotype sends to s2 generated genotype {\"axiom\":[2,4],\"g_rule\":\"+\",\"p_rule\":0.5,\"name\":\"s2\",\"genotype\":6}",
[04:02:18.641] "<04:02:18.641><313634.149837> \nGenotype received from s2 {\"axiom\":[2,4],\"g_rule\":\"+\",\"p_rule\":0.5,\"name\":\"s2\"}",
[04:02:18.641] "<04:02:18.641><313635.402337> Genotype sends to s2 generated genotype {\"axiom\":[2,4],\"g_rule\":\"+\",\"p_rule\":0.5,\"name\":\"s2\",\"genotype\":6}",
[04:02:18.641] "<04:02:18.641><31752.735> \n%%% g-proxy s2 sends to Genotype g-ch msg {\"axiom\":[2,4],\"g_rule\":\"+\",\"p_rule\":0.5,\"name\":\"s2\"}",
[04:02:23.636] "<04:02:23.636><318628.952111> \nGenotype received from s2 {\"axiom\":[2,4],\"g_rule\":\"+\",\"p_rule\":0.5,\"name\":\"s2\"}",
[04:02:23.636] "<04:02:23.636><318630.10749> Genotype sends to s2 generated genotype {\"axiom\":[2,4],\"g_rule\":\"+\",\"p_rule\":0.5,\"name\":\"s2\",\"genotype\":6}",
[04:02:23.636] "<04:02:23.636><36746.735> \n%%% g-proxy s2 sends to Genotype g-ch msg {\"axiom\":[2,4],\"g_rule\":\"+\",\"p_rule\":0.5,\"name\":\"s2\"}",
[04:02:28.636] "<04:02:28.636><323628.621664> \nGenotype received from s2 {\"axiom\":[10,7],\"g_rule\":\"*\",\"p_rule\":2,\"name\":\"s2\"}",
[04:02:28.636] "<04:02:28.636><41746.21000000001> \n%%% g-proxy s2 sends to Genotype g-ch msg {\"axiom\":[10,7],\"g_rule\":\"*\",\"p_rule\":2,\"name\":\"s2\"}",
[04:02:28.636] "<04:02:28.636><323629.60116> Genotype sends to s2 generated genotype {\"axiom\":[10,7],\"g_rule\":\"*\",\"p_rule\":2,\"name\":\"s2\",\"genotype\":70}",
[04:02:33.644] "<04:02:33.644><328634.799479> \nGenotype received from s2 {\"axiom\":[10,7],\"g_rule\":\"*\",\"p_rule\":2,\"name\":\"s2\"}",
[04:02:33.644] "<04:02:33.644><328635.754695> Genotype sends to s2 generated genotype {\"axiom\":[10,7],\"g_rule\":\"*\",\"p_rule\":2,\"name\":\"s2\",\"genotype\":70}",
[04:02:33.644] "<04:02:33.643><46753.29000000001> \n%%% g-proxy s2 sends to Genotype g-ch msg {\"axiom\":[10,7],\"g_rule\":\"*\",\"p_rule\":2,\"name\":\"s2\"}",
[04:02:38.644] "<04:02:38.644><333635.808585> \nGenotype received from s2 {\"axiom\":[10,7],\"g_rule\":\"*\",\"p_rule\":2,\"name\":\"s2\"}",
[04:02:38.644] "<04:02:38.644><333638.449198> Genotype sends to s2 generated genotype {\"axiom\":[10,7],\"g_rule\":\"*\",\"p_rule\":2,\"name\":\"s2\",\"genotype\":70}",
[04:02:38.644] "<04:02:38.643><51752.495> \n%%% g-proxy s2 sends to Genotype g-ch msg {\"axiom\":[10,7],\"g_rule\":\"*\",\"p_rule\":2,\"name\":\"s2\"}",
[04:02:43.642] "<04:02:43.642><338632.749287> \nGenotype received from s2 {\"axiom\":[10,7],\"g_rule\":\"*\",\"p_rule\":2,\"name\":\"s2\"}",
[04:02:43.642] "<04:02:43.641><56750.060000000005> \n%%% g-proxy s2 sends to Genotype g-ch msg {\"axiom\":[10,7],\"g_rule\":\"*\",\"p_rule\":2,\"name\":\"s2\"}",
[04:02:43.642] "<04:02:43.642><338633.796294> Genotype sends to s2 generated genotype {\"axiom\":[10,7],\"g_rule\":\"*\",\"p_rule\":2,\"name\":\"s2\",\"genotype\":70}",
[04:02:48.638] "<04:02:48.638><343629.403366> \nGenotype received from s2 {\"axiom\":[10,7],\"g_rule\":\"*\",\"p_rule\":2,\"name\":\"s2\"}",
[04:02:48.638] "<04:02:48.638><343630.860174> Genotype sends to s2 generated genotype {\"axiom\":[10,7],\"g_rule\":\"*\",\"p_rule\":2,\"name\":\"s2\",\"genotype\":70}",
[04:02:48.638] "<04:02:48.638><61746.66> \n%%% g-proxy s2 sends to Genotype g-ch msg {\"axiom\":[10,7],\"g_rule\":\"*\",\"p_rule\":2,\"name\":\"s2\"}",
[04:02:53.644] "<04:02:53.644><348633.094539> \nGenotype received from s2 {\"axiom\":[10,7],\"g_rule\":\"*\",\"p_rule\":2,\"name\":\"s2\"}",
[04:02:53.644] "<04:02:53.644><348634.095947> Genotype sends to s2 generated genotype {\"axiom\":[10,7],\"g_rule\":\"*\",\"p_rule\":2,\"name\":\"s2\",\"genotype\":70}",
[04:02:53.644] "<04:02:53.644><66751.27> \n%%% g-proxy s2 sends to Genotype g-ch msg {\"axiom\":[10,7],\"g_rule\":\"*\",\"p_rule\":2,\"name\":\"s2\"}",
[04:02:58.641] "<04:02:58.641><353630.041164> \nGenotype received from s2 {\"axiom\":[2,4],\"g_rule\":\"+\",\"p_rule\":0.5,\"name\":\"s2\"}",
[04:02:58.641] "<04:02:58.641><353630.874387> Genotype sends to s2 generated genotype {\"axiom\":[2,4],\"g_rule\":\"+\",\"p_rule\":0.5,\"name\":\"s2\",\"genotype\":6}",
[04:02:58.641] "<04:02:58.641><71747.83> \n%%% g-proxy s2 sends to Genotype g-ch msg {\"axiom\":[2,4],\"g_rule\":\"+\",\"p_rule\":0.5,\"name\":\"s2\"}",
