[17:22:20.490] "<17:22:20.490><6648.008604> \nGenotype received from s1 {\"axiom\":[2,4],\"g_rule\":\"+\",\"p_rule\":0.5,\"name\":\"s1\"}",
[17:22:20.490] "<17:22:20.490><6650.607261> Genotype sends to s1 generated genotype {\"axiom\":[2,4],\"g_rule\":\"+\",\"p_rule\":0.5,\"name\":\"s1\",\"genotype\":6}",
[17:22:20.490] "<17:22:20.491><6583.725> producer s1 received GENOTYPE",
[17:22:20.490] "<17:22:20.491><6576.825000000001> \n%%% g-proxy s1 sends to Genotype g-ch msg {\"axiom\":[2,4],\"g_rule\":\"+\",\"p_rule\":0.5,\"name\":\"s1\"}",
[17:22:20.505] "<17:22:20.505><6657.267951> \nGenotype received from s1 {\"axiom\":[3,5],\"g_rule\":\"*\",\"p_rule\":2,\"name\":\"s1\"}",
[17:22:20.505] "<17:22:20.491><6583.370000000001> g-proxy s1 receives Genotype g-ch msg = {\"axiom\":[2,4],\"g_rule\":\"+\",\"p_rule\":0.5,\"name\":\"s1\",\"genotype\":6}",
[17:22:20.505] "<17:22:20.505><6657.976245> Genotype sends to s1 generated genotype {\"axiom\":[3,5],\"g_rule\":\"*\",\"p_rule\":2,\"name\":\"s1\",\"genotype\":15}",
[17:22:20.505] "<17:22:20.491><6584.805> \n%%% g-proxy s1 sends to Genotype g-ch msg {\"axiom\":[3,5],\"g_rule\":\"*\",\"p_rule\":2,\"name\":\"s1\"}",
[17:22:20.505] "<17:22:20.506><6590.935000000001> producer s1 received GENOTYPE",
[17:22:20.505] "<17:22:20.506><6592.055> %%% p-proxy s1 sends to Phenotype p-ch msg {\"axiom\":[2,4],\"g_rule\":\"+\",\"p_rule\":0.5,\"genotype\":6,\"name\":\"s1\"}",
[17:22:20.505] "<17:22:20.505><6662.939041> Phenotype received from s1 {\"axiom\":[2,4],\"g_rule\":\"+\",\"p_rule\":0.5,\"genotype\":6,\"name\":\"s1\"}",
[17:22:20.505] "<17:22:20.505><6663.629569> Phenotype sends to s1 generated phenotype {\"axiom\":[2,4],\"g_rule\":\"+\",\"p_rule\":0.5,\"genotype\":6,\"name\":\"s1\",\"phenotype\":3}",
[17:22:20.505] "<17:22:20.506><6590.615000000001> g-proxy s1 receives Genotype g-ch msg = {\"axiom\":[3,5],\"g_rule\":\"*\",\"p_rule\":2,\"name\":\"s1\",\"genotype\":15}",
[17:22:20.505] "<17:22:20.506><6596.27> p-proxy s1 receives Phenotype p-ch msg = {\"axiom\":[2,4],\"g_rule\":\"+\",\"p_rule\":0.5,\"genotype\":6,\"name\":\"s1\",\"phenotype\":3}",
[17:22:20.505] "<17:22:20.506><6596.870000000001> producer s1 received PHENOTYPE",
[17:22:20.505] "<17:22:20.505><6667.948624> Phenotype received from s1 {\"axiom\":[3,5],\"g_rule\":\"*\",\"p_rule\":2,\"genotype\":15,\"name\":\"s1\"}",
[17:22:20.505] "<17:22:20.506><6597.830000000001> %%% p-proxy s1 sends to Phenotype p-ch msg {\"axiom\":[3,5],\"g_rule\":\"*\",\"p_rule\":2,\"genotype\":15,\"name\":\"s1\"}",
[17:22:20.505] "<17:22:20.505><6669.048967> Phenotype sends to s1 generated phenotype {\"axiom\":[3,5],\"g_rule\":\"*\",\"p_rule\":2,\"genotype\":15,\"name\":\"s1\",\"phenotype\":30}",
[17:22:20.505] "<17:22:20.506><6601.675> p-proxy s1 receives Phenotype p-ch msg = {\"axiom\":[3,5],\"g_rule\":\"*\",\"p_rule\":2,\"genotype\":15,\"name\":\"s1\",\"phenotype\":30}",
[17:22:20.505] "<17:22:20.506><6602.015> producer s1 received PHENOTYPE",
[17:22:21.382] "<17:22:21.384><7466.945000000001> \n%%% g-proxy s2 sends to Genotype g-ch msg {\"axiom\":[2,4],\"g_rule\":\"+\",\"p_rule\":0.5,\"name\":\"s2\"}",
[17:22:21.382] "<17:22:21.382><7535.957772> \nGenotype received from s2 {\"axiom\":[2,4],\"g_rule\":\"+\",\"p_rule\":0.5,\"name\":\"s2\"}",
[17:22:21.382] "<17:22:21.382><7536.766151> Genotype sends to s2 generated genotype {\"axiom\":[2,4],\"g_rule\":\"+\",\"p_rule\":0.5,\"name\":\"s2\",\"genotype\":6}",
[17:22:21.382] "<17:22:21.384><7469.47> g-proxy s2 receives Genotype g-ch msg = {\"axiom\":[2,4],\"g_rule\":\"+\",\"p_rule\":0.5,\"name\":\"s2\",\"genotype\":6}",
[17:22:21.382] "<17:22:21.384><7469.895> producer s2 received GENOTYPE",
[17:22:21.382] "<17:22:21.384><7471.06> %%% p-proxy s2 sends to Phenotype p-ch msg {\"axiom\":[2,4],\"g_rule\":\"+\",\"p_rule\":0.5,\"name\":\"s2\",\"genotype\":6}",
[17:22:21.382] "<17:22:21.382><7542.474552> Phenotype received from s2 {\"axiom\":[2,4],\"g_rule\":\"+\",\"p_rule\":0.5,\"name\":\"s2\",\"genotype\":6}",
[17:22:21.382] "<17:22:21.382><7543.27464> Phenotype sends to s2 generated phenotype {\"axiom\":[2,4],\"g_rule\":\"+\",\"p_rule\":0.5,\"name\":\"s2\",\"genotype\":6,\"phenotype\":3}",
[17:22:21.382] "<17:22:21.384><7475.955000000001> p-proxy s2 receives Phenotype p-ch msg = {\"axiom\":[2,4],\"g_rule\":\"+\",\"p_rule\":0.5,\"name\":\"s2\",\"genotype\":6,\"phenotype\":3}",
[17:22:21.382] "<17:22:21.384><7477.080000000001> producer s2 received PHENOTYPE",
[17:22:26.380] "<17:22:26.381><12463.730000000001> \n%%% g-proxy s2 sends to Genotype g-ch msg {\"axiom\":[2,4],\"g_rule\":\"+\",\"p_rule\":0.5,\"name\":\"s2\"}",
[17:22:26.380] "<17:22:26.380><12533.218166> \nGenotype received from s2 {\"axiom\":[2,4],\"g_rule\":\"+\",\"p_rule\":0.5,\"name\":\"s2\"}",
[17:22:26.380] "<17:22:26.380><12534.08103> Genotype sends to s2 generated genotype {\"axiom\":[2,4],\"g_rule\":\"+\",\"p_rule\":0.5,\"name\":\"s2\",\"genotype\":6}",
[17:22:26.380] "<17:22:26.381><12467.530000000002> g-proxy s2 receives Genotype g-ch msg = {\"axiom\":[2,4],\"g_rule\":\"+\",\"p_rule\":0.5,\"name\":\"s2\",\"genotype\":6}",
[17:22:26.380] "<17:22:26.381><12468.310000000001> producer s2 received GENOTYPE",
[17:22:26.380] "<17:22:26.381><12469.305> %%% p-proxy s2 sends to Phenotype p-ch msg {\"axiom\":[2,4],\"g_rule\":\"+\",\"p_rule\":0.5,\"name\":\"s2\",\"genotype\":6}",
[17:22:26.380] "<17:22:26.380><12540.924122> Phenotype received from s2 {\"axiom\":[2,4],\"g_rule\":\"+\",\"p_rule\":0.5,\"name\":\"s2\",\"genotype\":6}",
[17:22:26.380] "<17:22:26.380><12541.785209> Phenotype sends to s2 generated phenotype {\"axiom\":[2,4],\"g_rule\":\"+\",\"p_rule\":0.5,\"name\":\"s2\",\"genotype\":6,\"phenotype\":3}",
[17:22:26.395] "<17:22:26.381><12474.79> p-proxy s2 receives Phenotype p-ch msg = {\"axiom\":[2,4],\"g_rule\":\"+\",\"p_rule\":0.5,\"name\":\"s2\",\"genotype\":6,\"phenotype\":3}",
[17:22:26.395] "<17:22:26.381><12475.285000000002> producer s2 received PHENOTYPE",
[17:22:31.394] "<17:22:31.395><17477.54> \n%%% g-proxy s2 sends to Genotype g-ch msg {\"axiom\":[2,4],\"g_rule\":\"+\",\"p_rule\":0.5,\"name\":\"s2\"}",
[17:22:31.394] "<17:22:31.394><17546.874741> \nGenotype received from s2 {\"axiom\":[2,4],\"g_rule\":\"+\",\"p_rule\":0.5,\"name\":\"s2\"}",
[17:22:31.394] "<17:22:31.394><17547.721614> Genotype sends to s2 generated genotype {\"axiom\":[2,4],\"g_rule\":\"+\",\"p_rule\":0.5,\"name\":\"s2\",\"genotype\":6}",
[17:22:31.394] "<17:22:31.395><17480.75> g-proxy s2 receives Genotype g-ch msg = {\"axiom\":[2,4],\"g_rule\":\"+\",\"p_rule\":0.5,\"name\":\"s2\",\"genotype\":6}",
[17:22:31.394] "<17:22:31.395><17481.395000000004> producer s2 received GENOTYPE",
[17:22:31.394] "<17:22:31.395><17482.165> %%% p-proxy s2 sends to Phenotype p-ch msg {\"axiom\":[2,4],\"g_rule\":\"+\",\"p_rule\":0.5,\"name\":\"s2\",\"genotype\":6}",
[17:22:31.394] "<17:22:31.394><17553.746852> Phenotype received from s2 {\"axiom\":[2,4],\"g_rule\":\"+\",\"p_rule\":0.5,\"name\":\"s2\",\"genotype\":6}",
[17:22:31.394] "<17:22:31.394><17555.092966> Phenotype sends to s2 generated phenotype {\"axiom\":[2,4],\"g_rule\":\"+\",\"p_rule\":0.5,\"name\":\"s2\",\"genotype\":6,\"phenotype\":3}",
[17:22:31.409] "<17:22:31.395><17487.595> p-proxy s2 receives Phenotype p-ch msg = {\"axiom\":[2,4],\"g_rule\":\"+\",\"p_rule\":0.5,\"name\":\"s2\",\"genotype\":6,\"phenotype\":3}",
[17:22:31.409] "<17:22:31.395><17488.08> producer s2 received PHENOTYPE",
[17:22:36.386] "<17:22:36.387><22469.430000000004> \n%%% g-proxy s2 sends to Genotype g-ch msg {\"axiom\":[10,7],\"g_rule\":\"*\",\"p_rule\":2,\"name\":\"s2\"}",
[17:22:36.386] "<17:22:36.386><22539.016584> \nGenotype received from s2 {\"axiom\":[10,7],\"g_rule\":\"*\",\"p_rule\":2,\"name\":\"s2\"}",
[17:22:36.386] "<17:22:36.386><22540.018619> Genotype sends to s2 generated genotype {\"axiom\":[10,7],\"g_rule\":\"*\",\"p_rule\":2,\"name\":\"s2\",\"genotype\":70}",
[17:22:36.386] "<17:22:36.387><22473.24> g-proxy s2 receives Genotype g-ch msg = {\"axiom\":[10,7],\"g_rule\":\"*\",\"p_rule\":2,\"name\":\"s2\",\"genotype\":70}",
[17:22:36.386] "<17:22:36.387><22474.110000000004> producer s2 received GENOTYPE",
[17:22:36.386] "<17:22:36.387><22475.585000000003> %%% p-proxy s2 sends to Phenotype p-ch msg {\"axiom\":[10,7],\"g_rule\":\"*\",\"p_rule\":2,\"name\":\"s2\",\"genotype\":70}",
[17:22:36.386] "<17:22:36.386><22547.516706> Phenotype received from s2 {\"axiom\":[10,7],\"g_rule\":\"*\",\"p_rule\":2,\"name\":\"s2\",\"genotype\":70}",
[17:22:36.386] "<17:22:36.386><22548.97475> Phenotype sends to s2 generated phenotype {\"axiom\":[10,7],\"g_rule\":\"*\",\"p_rule\":2,\"name\":\"s2\",\"genotype\":70,\"phenotype\":140}",
[17:22:36.402] "<17:22:36.387><22481.895> p-proxy s2 receives Phenotype p-ch msg = {\"axiom\":[10,7],\"g_rule\":\"*\",\"p_rule\":2,\"name\":\"s2\",\"genotype\":70,\"phenotype\":140}",
[17:22:36.403] "<17:22:36.387><22482.555> producer s2 received PHENOTYPE",
[17:22:41.386] "<17:22:41.387><27469.400000000005> \n%%% g-proxy s2 sends to Genotype g-ch msg {\"axiom\":[10,7],\"g_rule\":\"*\",\"p_rule\":2,\"name\":\"s2\"}",
[17:22:41.386] "<17:22:41.386><27538.765483> \nGenotype received from s2 {\"axiom\":[10,7],\"g_rule\":\"*\",\"p_rule\":2,\"name\":\"s2\"}",
[17:22:41.401] "<17:22:41.386><27539.609396> Genotype sends to s2 generated genotype {\"axiom\":[10,7],\"g_rule\":\"*\",\"p_rule\":2,\"name\":\"s2\",\"genotype\":70}",
[17:22:41.401] "<17:22:41.387><27472.49> g-proxy s2 receives Genotype g-ch msg = {\"axiom\":[10,7],\"g_rule\":\"*\",\"p_rule\":2,\"name\":\"s2\",\"genotype\":70}",
[17:22:41.401] "<17:22:41.387><27473.155000000002> producer s2 received GENOTYPE",
[17:22:41.417] "<17:22:41.387><27474.25> %%% p-proxy s2 sends to Phenotype p-ch msg {\"axiom\":[10,7],\"g_rule\":\"*\",\"p_rule\":2,\"name\":\"s2\",\"genotype\":70}",
[17:22:41.417] "<17:22:41.401><27565.222283> Phenotype received from s2 {\"axiom\":[10,7],\"g_rule\":\"*\",\"p_rule\":2,\"name\":\"s2\",\"genotype\":70}",
[17:22:41.417] "<17:22:41.401><27566.291831> Phenotype sends to s2 generated phenotype {\"axiom\":[10,7],\"g_rule\":\"*\",\"p_rule\":2,\"name\":\"s2\",\"genotype\":70,\"phenotype\":140}",
[17:22:41.417] "<17:22:41.418><27499.845> producer s2 received PHENOTYPE",
[17:22:41.417] "<17:22:41.403><27499.305000000004> p-proxy s2 receives Phenotype p-ch msg = {\"axiom\":[10,7],\"g_rule\":\"*\",\"p_rule\":2,\"name\":\"s2\",\"genotype\":70,\"phenotype\":140}",
[17:22:46.380] "<17:22:46.381><32463.405000000002> \n%%% g-proxy s2 sends to Genotype g-ch msg {\"axiom\":[2,4],\"g_rule\":\"+\",\"p_rule\":0.5,\"name\":\"s2\"}",
[17:22:46.380] "<17:22:46.380><32534.422148> \nGenotype received from s2 {\"axiom\":[2,4],\"g_rule\":\"+\",\"p_rule\":0.5,\"name\":\"s2\"}",
[17:22:46.380] "<17:22:46.380><32535.42359> Genotype sends to s2 generated genotype {\"axiom\":[2,4],\"g_rule\":\"+\",\"p_rule\":0.5,\"name\":\"s2\",\"genotype\":6}",
[17:22:46.380] "<17:22:46.381><32468.445000000003> g-proxy s2 receives Genotype g-ch msg = {\"axiom\":[2,4],\"g_rule\":\"+\",\"p_rule\":0.5,\"name\":\"s2\",\"genotype\":6}",
[17:22:46.380] "<17:22:46.381><32468.935> producer s2 received GENOTYPE",
[17:22:46.396] "<17:22:46.381><32469.72> %%% p-proxy s2 sends to Phenotype p-ch msg {\"axiom\":[2,4],\"g_rule\":\"+\",\"p_rule\":0.5,\"name\":\"s2\",\"genotype\":6}",
[17:22:46.396] "<17:22:46.380><32544.088942> Phenotype received from s2 {\"axiom\":[2,4],\"g_rule\":\"+\",\"p_rule\":0.5,\"name\":\"s2\",\"genotype\":6}",
[17:22:46.396] "<17:22:46.380><32544.905612> Phenotype sends to s2 generated phenotype {\"axiom\":[2,4],\"g_rule\":\"+\",\"p_rule\":0.5,\"name\":\"s2\",\"genotype\":6,\"phenotype\":3}",
[17:22:46.396] "<17:22:46.397><32477.935> p-proxy s2 receives Phenotype p-ch msg = {\"axiom\":[2,4],\"g_rule\":\"+\",\"p_rule\":0.5,\"name\":\"s2\",\"genotype\":6,\"phenotype\":3}",
[17:22:46.396] "<17:22:46.397><32478.45> producer s2 received PHENOTYPE",
[17:22:51.384] "<17:22:51.384><37536.441023> \nGenotype received from s2 {\"axiom\":[2,4],\"g_rule\":\"+\",\"p_rule\":0.5,\"name\":\"s2\"}",
[17:22:51.384] "<17:22:51.384><37538.47115> Genotype sends to s2 generated genotype {\"axiom\":[2,4],\"g_rule\":\"+\",\"p_rule\":0.5,\"name\":\"s2\",\"genotype\":6}",
[17:22:51.384] "<17:22:51.386><37467.37500000001> \n%%% g-proxy s2 sends to Genotype g-ch msg {\"axiom\":[2,4],\"g_rule\":\"+\",\"p_rule\":0.5,\"name\":\"s2\"}",
[17:22:51.384] "<17:22:51.386><37471.36> g-proxy s2 receives Genotype g-ch msg = {\"axiom\":[2,4],\"g_rule\":\"+\",\"p_rule\":0.5,\"name\":\"s2\",\"genotype\":6}",
[17:22:51.384] "<17:22:51.386><37471.855> producer s2 received GENOTYPE",
[17:22:51.400] "<17:22:51.386><37472.895000000004> %%% p-proxy s2 sends to Phenotype p-ch msg {\"axiom\":[2,4],\"g_rule\":\"+\",\"p_rule\":0.5,\"name\":\"s2\",\"genotype\":6}",
[17:22:51.400] "<17:22:51.384><37547.867892> Phenotype received from s2 {\"axiom\":[2,4],\"g_rule\":\"+\",\"p_rule\":0.5,\"name\":\"s2\",\"genotype\":6}",
[17:22:51.400] "<17:22:51.384><37549.022127> Phenotype sends to s2 generated phenotype {\"axiom\":[2,4],\"g_rule\":\"+\",\"p_rule\":0.5,\"name\":\"s2\",\"genotype\":6,\"phenotype\":3}",
[17:22:51.400] "<17:22:51.386><37481.950000000004> p-proxy s2 receives Phenotype p-ch msg = {\"axiom\":[2,4],\"g_rule\":\"+\",\"p_rule\":0.5,\"name\":\"s2\",\"genotype\":6,\"phenotype\":3}",
[17:22:51.400] "<17:22:51.401><37482.465000000004> producer s2 received PHENOTYPE",
[17:22:56.392] "<17:22:56.392><42543.922528> \nGenotype received from s2 {\"axiom\":[10,7],\"g_rule\":\"*\",\"p_rule\":2,\"name\":\"s2\"}",
[17:22:56.392] "<17:22:56.392><42544.784207> Genotype sends to s2 generated genotype {\"axiom\":[10,7],\"g_rule\":\"*\",\"p_rule\":2,\"name\":\"s2\",\"genotype\":70}",
[17:22:56.392] "<17:22:56.393><42474.595> \n%%% g-proxy s2 sends to Genotype g-ch msg {\"axiom\":[10,7],\"g_rule\":\"*\",\"p_rule\":2,\"name\":\"s2\"}",
[17:22:56.392] "<17:22:56.393><42477.950000000004> g-proxy s2 receives Genotype g-ch msg = {\"axiom\":[10,7],\"g_rule\":\"*\",\"p_rule\":2,\"name\":\"s2\",\"genotype\":70}",
[17:22:56.392] "<17:22:56.393><42478.450000000004> producer s2 received GENOTYPE",
[17:22:56.392] "<17:22:56.393><42479.21> %%% p-proxy s2 sends to Phenotype p-ch msg {\"axiom\":[10,7],\"g_rule\":\"*\",\"p_rule\":2,\"name\":\"s2\",\"genotype\":70}",
[17:22:56.392] "<17:22:56.392><42551.436605> Phenotype received from s2 {\"axiom\":[10,7],\"g_rule\":\"*\",\"p_rule\":2,\"name\":\"s2\",\"genotype\":70}",
[17:22:56.392] "<17:22:56.392><42552.323157> Phenotype sends to s2 generated phenotype {\"axiom\":[10,7],\"g_rule\":\"*\",\"p_rule\":2,\"name\":\"s2\",\"genotype\":70,\"phenotype\":140}",
[17:22:56.392] "<17:22:56.393><42485.340000000004> p-proxy s2 receives Phenotype p-ch msg = {\"axiom\":[10,7],\"g_rule\":\"*\",\"p_rule\":2,\"name\":\"s2\",\"genotype\":70,\"phenotype\":140}",
[17:22:56.392] "<17:22:56.393><42486.025> producer s2 received PHENOTYPE",
[17:23:01.386] "<17:23:01.387><47468.270000000004> \n%%% g-proxy s2 sends to Genotype g-ch msg {\"axiom\":[2,4],\"g_rule\":\"+\",\"p_rule\":0.5,\"name\":\"s2\"}",
[17:23:01.386] "<17:23:01.386><47537.666917> \nGenotype received from s2 {\"axiom\":[2,4],\"g_rule\":\"+\",\"p_rule\":0.5,\"name\":\"s2\"}",
[17:23:01.386] "<17:23:01.386><47538.520305> Genotype sends to s2 generated genotype {\"axiom\":[2,4],\"g_rule\":\"+\",\"p_rule\":0.5,\"name\":\"s2\",\"genotype\":6}",
[17:23:01.386] "<17:23:01.387><47471.310000000005> g-proxy s2 receives Genotype g-ch msg = {\"axiom\":[2,4],\"g_rule\":\"+\",\"p_rule\":0.5,\"name\":\"s2\",\"genotype\":6}",
[17:23:01.386] "<17:23:01.387><47471.79000000001> producer s2 received GENOTYPE",
[17:23:01.386] "<17:23:01.387><47473.435000000005> %%% p-proxy s2 sends to Phenotype p-ch msg {\"axiom\":[2,4],\"g_rule\":\"+\",\"p_rule\":0.5,\"name\":\"s2\",\"genotype\":6}",
[17:23:01.386] "<17:23:01.386><47545.853755> Phenotype received from s2 {\"axiom\":[2,4],\"g_rule\":\"+\",\"p_rule\":0.5,\"name\":\"s2\",\"genotype\":6}",
[17:23:01.386] "<17:23:01.386><47546.903167> Phenotype sends to s2 generated phenotype {\"axiom\":[2,4],\"g_rule\":\"+\",\"p_rule\":0.5,\"name\":\"s2\",\"genotype\":6,\"phenotype\":3}",
[17:23:01.401] "<17:23:01.387><47479.98> p-proxy s2 receives Phenotype p-ch msg = {\"axiom\":[2,4],\"g_rule\":\"+\",\"p_rule\":0.5,\"name\":\"s2\",\"genotype\":6,\"phenotype\":3}",
[17:23:01.401] "<17:23:01.387><47480.485> producer s2 received PHENOTYPE",
[17:23:06.386] "<17:23:06.387><52467.66> \n%%% g-proxy s2 sends to Genotype g-ch msg {\"axiom\":[10,7],\"g_rule\":\"*\",\"p_rule\":2,\"name\":\"s2\"}",
[17:23:06.386] "<17:23:06.386><52537.768186> \nGenotype received from s2 {\"axiom\":[10,7],\"g_rule\":\"*\",\"p_rule\":2,\"name\":\"s2\"}",
[17:23:06.386] "<17:23:06.386><52538.599662> Genotype sends to s2 generated genotype {\"axiom\":[10,7],\"g_rule\":\"*\",\"p_rule\":2,\"name\":\"s2\",\"genotype\":70}",
[17:23:06.386] "<17:23:06.387><52471.68000000001> g-proxy s2 receives Genotype g-ch msg = {\"axiom\":[10,7],\"g_rule\":\"*\",\"p_rule\":2,\"name\":\"s2\",\"genotype\":70}",
[17:23:06.386] "<17:23:06.387><52472.425> producer s2 received GENOTYPE",
[17:23:06.386] "<17:23:06.387><52473.58500000001> %%% p-proxy s2 sends to Phenotype p-ch msg {\"axiom\":[10,7],\"g_rule\":\"*\",\"p_rule\":2,\"name\":\"s2\",\"genotype\":70}",
[17:23:06.401] "<17:23:06.386><52545.798678> Phenotype received from s2 {\"axiom\":[10,7],\"g_rule\":\"*\",\"p_rule\":2,\"name\":\"s2\",\"genotype\":70}",
[17:23:06.401] "<17:23:06.386><52546.688192> Phenotype sends to s2 generated phenotype {\"axiom\":[10,7],\"g_rule\":\"*\",\"p_rule\":2,\"name\":\"s2\",\"genotype\":70,\"phenotype\":140}",
[17:23:06.401] "<17:23:06.387><52480.555> p-proxy s2 receives Phenotype p-ch msg = {\"axiom\":[10,7],\"g_rule\":\"*\",\"p_rule\":2,\"name\":\"s2\",\"genotype\":70,\"phenotype\":140}",
[17:23:06.401] "<17:23:06.387><52481.05500000001> producer s2 received PHENOTYPE",
[17:23:11.382] "<17:23:11.383><57463.44500000001> \n%%% g-proxy s2 sends to Genotype g-ch msg {\"axiom\":[2,4],\"g_rule\":\"+\",\"p_rule\":0.5,\"name\":\"s2\"}",
[17:23:11.382] "<17:23:11.382><57532.527046> \nGenotype received from s2 {\"axiom\":[2,4],\"g_rule\":\"+\",\"p_rule\":0.5,\"name\":\"s2\"}",
[17:23:11.382] "<17:23:11.382><57534.451759> Genotype sends to s2 generated genotype {\"axiom\":[2,4],\"g_rule\":\"+\",\"p_rule\":0.5,\"name\":\"s2\",\"genotype\":6}",
[17:23:11.382] "<17:23:11.383><57467.350000000006> g-proxy s2 receives Genotype g-ch msg = {\"axiom\":[2,4],\"g_rule\":\"+\",\"p_rule\":0.5,\"name\":\"s2\",\"genotype\":6}",
[17:23:11.382] "<17:23:11.383><57467.840000000004> producer s2 received GENOTYPE",
[17:23:11.382] "<17:23:11.383><57468.83500000001> %%% p-proxy s2 sends to Phenotype p-ch msg {\"axiom\":[2,4],\"g_rule\":\"+\",\"p_rule\":0.5,\"name\":\"s2\",\"genotype\":6}",
[17:23:11.382] "<17:23:11.382><57540.818707> Phenotype received from s2 {\"axiom\":[2,4],\"g_rule\":\"+\",\"p_rule\":0.5,\"name\":\"s2\",\"genotype\":6}",
[17:23:11.382] "<17:23:11.382><57542.250693> Phenotype sends to s2 generated phenotype {\"axiom\":[2,4],\"g_rule\":\"+\",\"p_rule\":0.5,\"name\":\"s2\",\"genotype\":6,\"phenotype\":3}",
[17:23:11.397] "<17:23:11.383><57475.325000000004> p-proxy s2 receives Phenotype p-ch msg = {\"axiom\":[2,4],\"g_rule\":\"+\",\"p_rule\":0.5,\"name\":\"s2\",\"genotype\":6,\"phenotype\":3}",
[17:23:11.397] "<17:23:11.383><57476.165> producer s2 received PHENOTYPE",
[17:23:16.385] "<17:23:16.385><62465.405000000006> \n%%% g-proxy s2 sends to Genotype g-ch msg {\"axiom\":[2,4],\"g_rule\":\"+\",\"p_rule\":0.5,\"name\":\"s2\"}",
[17:23:16.385] "<17:23:16.385><62534.723587> \nGenotype received from s2 {\"axiom\":[2,4],\"g_rule\":\"+\",\"p_rule\":0.5,\"name\":\"s2\"}",
[17:23:16.385] "<17:23:16.385><62535.569276> Genotype sends to s2 generated genotype {\"axiom\":[2,4],\"g_rule\":\"+\",\"p_rule\":0.5,\"name\":\"s2\",\"genotype\":6}",
[17:23:16.385] "<17:23:16.385><62469.98500000001> %%% p-proxy s2 sends to Phenotype p-ch msg {\"axiom\":[2,4],\"g_rule\":\"+\",\"p_rule\":0.5,\"name\":\"s2\",\"genotype\":6}",
[17:23:16.385] "<17:23:16.385><62469.18000000001> producer s2 received GENOTYPE",
[17:23:16.385] "<17:23:16.385><62542.485804> Phenotype received from s2 {\"axiom\":[2,4],\"g_rule\":\"+\",\"p_rule\":0.5,\"name\":\"s2\",\"genotype\":6}",
[17:23:16.385] "<17:23:16.385><62543.346299> Phenotype sends to s2 generated phenotype {\"axiom\":[2,4],\"g_rule\":\"+\",\"p_rule\":0.5,\"name\":\"s2\",\"genotype\":6,\"phenotype\":3}",
[17:23:16.385] "<17:23:16.385><62468.565> g-proxy s2 receives Genotype g-ch msg = {\"axiom\":[2,4],\"g_rule\":\"+\",\"p_rule\":0.5,\"name\":\"s2\",\"genotype\":6}",
[17:23:16.416] "<17:23:16.385><62476.345> p-proxy s2 receives Phenotype p-ch msg = {\"axiom\":[2,4],\"g_rule\":\"+\",\"p_rule\":0.5,\"name\":\"s2\",\"genotype\":6,\"phenotype\":3}",
[17:23:16.416] "<17:23:16.385><62476.955> producer s2 received PHENOTYPE",
[17:28:19.971] "<17:28:19.971><366110.87646> \nGenotype received from s6 {\"axiom\":[2,4],\"g_rule\":\"+\",\"p_rule\":0.5,\"name\":\"s6\"}",
[17:28:19.971] "<17:28:19.971><5592.125> \n%%% g-proxy s6 sends to Genotype g-ch msg {\"axiom\":[2,4],\"g_rule\":\"+\",\"p_rule\":0.5,\"name\":\"s6\"}",
[17:28:19.971] "<17:28:19.971><366111.776634> Genotype sends to s6 generated genotype {\"axiom\":[2,4],\"g_rule\":\"+\",\"p_rule\":0.5,\"name\":\"s6\",\"genotype\":6}",
[17:28:19.971] "<17:28:19.971><5595.580000000001> producer s6 received GENOTYPE",
[17:28:19.987] "<17:28:19.987><366119.411523> \nGenotype received from s6 {\"axiom\":[3,5],\"g_rule\":\"*\",\"p_rule\":2,\"name\":\"s6\"}",
[17:28:19.987] "<17:28:19.971><5594.96> g-proxy s6 receives Genotype g-ch msg = {\"axiom\":[2,4],\"g_rule\":\"+\",\"p_rule\":0.5,\"name\":\"s6\",\"genotype\":6}",
[17:28:19.987] "<17:28:19.987><366120.250698> Genotype sends to s6 generated genotype {\"axiom\":[3,5],\"g_rule\":\"*\",\"p_rule\":2,\"name\":\"s6\",\"genotype\":15}",
[17:28:19.987] "<17:28:19.971><5598.285000000001> \n%%% g-proxy s6 sends to Genotype g-ch msg {\"axiom\":[3,5],\"g_rule\":\"*\",\"p_rule\":2,\"name\":\"s6\"}",
[17:28:19.987] "<17:28:19.986><5605.385> producer s6 received GENOTYPE",
[17:28:19.987] "<17:28:19.986><5604.735000000001> g-proxy s6 receives Genotype g-ch msg = {\"axiom\":[3,5],\"g_rule\":\"*\",\"p_rule\":2,\"name\":\"s6\",\"genotype\":15}",
[17:28:19.987] "<17:28:19.986><5608.955000000001> %%% p-proxy s6 sends to Phenotype p-ch msg {\"axiom\":[2,4],\"g_rule\":\"+\",\"p_rule\":0.5,\"genotype\":6,\"name\":\"s6\"}",
[17:28:19.987] "<17:28:19.987><366128.875778> Phenotype received from s6 {\"axiom\":[2,4],\"g_rule\":\"+\",\"p_rule\":0.5,\"genotype\":6,\"name\":\"s6\"}",
[17:28:19.987] "<17:28:19.987><366129.987374> Phenotype sends to s6 generated phenotype {\"axiom\":[2,4],\"g_rule\":\"+\",\"p_rule\":0.5,\"genotype\":6,\"name\":\"s6\",\"phenotype\":3}",
[17:28:20.004] "<17:28:19.986><5612.800000000001> p-proxy s6 receives Phenotype p-ch msg = {\"axiom\":[2,4],\"g_rule\":\"+\",\"p_rule\":0.5,\"genotype\":6,\"name\":\"s6\",\"phenotype\":3}",
[17:28:20.005] "<17:28:19.986><5613.580000000001> producer s6 received PHENOTYPE",
[17:28:20.010] "<17:28:20.007><366138.271336> Phenotype received from s6 {\"axiom\":[3,5],\"g_rule\":\"*\",\"p_rule\":2,\"genotype\":15,\"name\":\"s6\"}",
[17:28:20.010] "<17:28:20.008><366140.103662> Phenotype sends to s6 generated phenotype {\"axiom\":[3,5],\"g_rule\":\"*\",\"p_rule\":2,\"genotype\":15,\"name\":\"s6\",\"phenotype\":30}",
[17:28:20.011] "<17:28:19.986><5615.765> %%% p-proxy s6 sends to Phenotype p-ch msg {\"axiom\":[3,5],\"g_rule\":\"*\",\"p_rule\":2,\"genotype\":15,\"name\":\"s6\"}",
[17:28:20.014] "<17:28:20.012><5626.435> p-proxy s6 receives Phenotype p-ch msg = {\"axiom\":[3,5],\"g_rule\":\"*\",\"p_rule\":2,\"genotype\":15,\"name\":\"s6\",\"phenotype\":30}",
[17:28:20.016] "<17:28:20.013><5627.525000000001> producer s6 received PHENOTYPE",
[17:28:20.864] "<17:28:20.863><6479.035000000001> \n%%% g-proxy s7 sends to Genotype g-ch msg {\"axiom\":[10,7],\"g_rule\":\"*\",\"p_rule\":2,\"name\":\"s7\"}",
[17:28:20.864] "<17:28:20.864><367000.753303> \nGenotype received from s7 {\"axiom\":[10,7],\"g_rule\":\"*\",\"p_rule\":2,\"name\":\"s7\"}",
[17:28:20.864] "<17:28:20.864><367001.617943> Genotype sends to s7 generated genotype {\"axiom\":[10,7],\"g_rule\":\"*\",\"p_rule\":2,\"name\":\"s7\",\"genotype\":70}",
[17:28:20.864] "<17:28:20.863><6484.34> g-proxy s7 receives Genotype g-ch msg = {\"axiom\":[10,7],\"g_rule\":\"*\",\"p_rule\":2,\"name\":\"s7\",\"genotype\":70}",
[17:28:20.864] "<17:28:20.863><6484.865> producer s7 received GENOTYPE",
[17:28:20.864] "<17:28:20.863><6486.205000000001> %%% p-proxy s7 sends to Phenotype p-ch msg {\"axiom\":[10,7],\"g_rule\":\"*\",\"p_rule\":2,\"name\":\"s7\",\"genotype\":70}",
[17:28:20.864] "<17:28:20.864><367007.448933> Phenotype received from s7 {\"axiom\":[10,7],\"g_rule\":\"*\",\"p_rule\":2,\"name\":\"s7\",\"genotype\":70}",
[17:28:20.864] "<17:28:20.864><367008.285146> Phenotype sends to s7 generated phenotype {\"axiom\":[10,7],\"g_rule\":\"*\",\"p_rule\":2,\"name\":\"s7\",\"genotype\":70,\"phenotype\":140}",
[17:28:20.880] "<17:28:20.863><6490.995000000001> p-proxy s7 receives Phenotype p-ch msg = {\"axiom\":[10,7],\"g_rule\":\"*\",\"p_rule\":2,\"name\":\"s7\",\"genotype\":70,\"phenotype\":140}",
[17:28:20.880] "<17:28:20.863><6491.8150000000005> producer s7 received PHENOTYPE",
[17:29:04.759] "<17:29:04.759><410895.775345> \nGenotype received from s11 {\"axiom\":[2,4],\"g_rule\":\"+\",\"p_rule\":0.5,\"name\":\"s11\"}",
[17:29:04.759] "<17:29:04.759><410896.911221> Genotype sends to s11 generated genotype {\"axiom\":[2,4],\"g_rule\":\"+\",\"p_rule\":0.5,\"name\":\"s11\",\"genotype\":6}",
[17:29:04.759] "<17:29:04.759><5541.965> \n%%% g-proxy s11 sends to Genotype g-ch msg {\"axiom\":[2,4],\"g_rule\":\"+\",\"p_rule\":0.5,\"name\":\"s11\"}",
[17:29:04.759] "<17:29:04.759><5545.995000000001> producer s11 received GENOTYPE",
[17:29:04.775] "<17:29:04.759><5545.18> g-proxy s11 receives Genotype g-ch msg = {\"axiom\":[2,4],\"g_rule\":\"+\",\"p_rule\":0.5,\"name\":\"s11\",\"genotype\":6}",
[17:29:04.775] "<17:29:04.775><410904.454909> \nGenotype received from s11 {\"axiom\":[3,5],\"g_rule\":\"*\",\"p_rule\":2,\"name\":\"s11\"}",
[17:29:04.775] "<17:29:04.775><410905.029362> Genotype sends to s11 generated genotype {\"axiom\":[3,5],\"g_rule\":\"*\",\"p_rule\":2,\"name\":\"s11\",\"genotype\":15}",
[17:29:04.775] "<17:29:04.759><5549.42> \n%%% g-proxy s11 sends to Genotype g-ch msg {\"axiom\":[3,5],\"g_rule\":\"*\",\"p_rule\":2,\"name\":\"s11\"}",
[17:29:04.775] "<17:29:04.774><5552.655000000001> producer s11 received GENOTYPE",
[17:29:04.775] "<17:29:04.775><410908.106533> Phenotype received from s11 {\"axiom\":[2,4],\"g_rule\":\"+\",\"p_rule\":0.5,\"genotype\":6,\"name\":\"s11\"}",
[17:29:04.775] "<17:29:04.775><410909.946558> Phenotype sends to s11 generated phenotype {\"axiom\":[2,4],\"g_rule\":\"+\",\"p_rule\":0.5,\"genotype\":6,\"name\":\"s11\",\"phenotype\":3}",
[17:29:04.775] "<17:29:04.774><5553.745> %%% p-proxy s11 sends to Phenotype p-ch msg {\"axiom\":[2,4],\"g_rule\":\"+\",\"p_rule\":0.5,\"genotype\":6,\"name\":\"s11\"}",
[17:29:04.775] "<17:29:04.774><5552.420000000001> g-proxy s11 receives Genotype g-ch msg = {\"axiom\":[3,5],\"g_rule\":\"*\",\"p_rule\":2,\"name\":\"s11\",\"genotype\":15}",
[17:29:04.775] "<17:29:04.774><5556.665000000001> producer s11 received PHENOTYPE",
[17:29:04.775] "<17:29:04.774><5556.235> p-proxy s11 receives Phenotype p-ch msg = {\"axiom\":[2,4],\"g_rule\":\"+\",\"p_rule\":0.5,\"genotype\":6,\"name\":\"s11\",\"phenotype\":3}",
[17:29:04.775] "<17:29:04.775><410912.894625> Phenotype received from s11 {\"axiom\":[3,5],\"g_rule\":\"*\",\"p_rule\":2,\"genotype\":15,\"name\":\"s11\"}",
[17:29:04.775] "<17:29:04.775><410913.306217> Phenotype sends to s11 generated phenotype {\"axiom\":[3,5],\"g_rule\":\"*\",\"p_rule\":2,\"genotype\":15,\"name\":\"s11\",\"phenotype\":30}",
[17:29:04.775] "<17:29:04.774><5557.535000000001> %%% p-proxy s11 sends to Phenotype p-ch msg {\"axiom\":[3,5],\"g_rule\":\"*\",\"p_rule\":2,\"genotype\":15,\"name\":\"s11\"}",
[17:29:04.775] "<17:29:04.774><5560.695000000001> p-proxy s11 receives Phenotype p-ch msg = {\"axiom\":[3,5],\"g_rule\":\"*\",\"p_rule\":2,\"genotype\":15,\"name\":\"s11\",\"phenotype\":30}",
[17:29:04.775] "<17:29:04.774><5561.050000000001> producer s11 received PHENOTYPE",
[17:29:05.683] "<17:29:05.683><6460.965000000001> \n%%% g-proxy s12 sends to Genotype g-ch msg {\"axiom\":[10,7],\"g_rule\":\"*\",\"p_rule\":2,\"name\":\"s12\"}",
[17:29:05.683] "<17:29:05.683><411815.534975> \nGenotype received from s12 {\"axiom\":[10,7],\"g_rule\":\"*\",\"p_rule\":2,\"name\":\"s12\"}",
[17:29:05.683] "<17:29:05.683><411816.323219> Genotype sends to s12 generated genotype {\"axiom\":[10,7],\"g_rule\":\"*\",\"p_rule\":2,\"name\":\"s12\",\"genotype\":70}",
[17:29:05.683] "<17:29:05.683><6464.26> g-proxy s12 receives Genotype g-ch msg = {\"axiom\":[10,7],\"g_rule\":\"*\",\"p_rule\":2,\"name\":\"s12\",\"genotype\":70}",
[17:29:05.683] "<17:29:05.683><6464.775000000001> producer s12 received GENOTYPE",
[17:29:05.683] "<17:29:05.683><411821.165203> Phenotype received from s12 {\"axiom\":[10,7],\"g_rule\":\"*\",\"p_rule\":2,\"name\":\"s12\",\"genotype\":70}",
[17:29:05.683] "<17:29:05.683><411821.983058> Phenotype sends to s12 generated phenotype {\"axiom\":[10,7],\"g_rule\":\"*\",\"p_rule\":2,\"name\":\"s12\",\"genotype\":70,\"phenotype\":140}",
[17:29:05.683] "<17:29:05.683><6466.3150000000005> %%% p-proxy s12 sends to Phenotype p-ch msg {\"axiom\":[10,7],\"g_rule\":\"*\",\"p_rule\":2,\"name\":\"s12\",\"genotype\":70}",
[17:29:05.683] "<17:29:05.683><6469.835000000001> p-proxy s12 receives Phenotype p-ch msg = {\"axiom\":[10,7],\"g_rule\":\"*\",\"p_rule\":2,\"name\":\"s12\",\"genotype\":70,\"phenotype\":140}",
[17:29:05.683] "<17:29:05.683><6470.35> producer s12 received PHENOTYPE",
[17:29:10.678] "<17:29:10.678><11456.1> \n%%% g-proxy s12 sends to Genotype g-ch msg {\"axiom\":[2,4],\"g_rule\":\"+\",\"p_rule\":0.5,\"name\":\"s12\"}",
[17:29:10.678] "<17:29:10.678><416810.444851> \nGenotype received from s12 {\"axiom\":[2,4],\"g_rule\":\"+\",\"p_rule\":0.5,\"name\":\"s12\"}",
[17:29:10.678] "<17:29:10.678><416811.262706> Genotype sends to s12 generated genotype {\"axiom\":[2,4],\"g_rule\":\"+\",\"p_rule\":0.5,\"name\":\"s12\",\"genotype\":6}",
[17:29:10.678] "<17:29:10.678><11459.710000000001> g-proxy s12 receives Genotype g-ch msg = {\"axiom\":[2,4],\"g_rule\":\"+\",\"p_rule\":0.5,\"name\":\"s12\",\"genotype\":6}",
[17:29:10.678] "<17:29:10.678><11460.585000000001> producer s12 received GENOTYPE",
[17:29:10.678] "<17:29:10.678><416816.709938> Phenotype received from s12 {\"axiom\":[2,4],\"g_rule\":\"+\",\"p_rule\":0.5,\"name\":\"s12\",\"genotype\":6}",
[17:29:10.678] "<17:29:10.678><416817.475677> Phenotype sends to s12 generated phenotype {\"axiom\":[2,4],\"g_rule\":\"+\",\"p_rule\":0.5,\"name\":\"s12\",\"genotype\":6,\"phenotype\":3}",
[17:29:10.678] "<17:29:10.678><11461.835000000001> %%% p-proxy s12 sends to Phenotype p-ch msg {\"axiom\":[2,4],\"g_rule\":\"+\",\"p_rule\":0.5,\"name\":\"s12\",\"genotype\":6}",
[17:29:10.678] "<17:29:10.678><11465.135> p-proxy s12 receives Phenotype p-ch msg = {\"axiom\":[2,4],\"g_rule\":\"+\",\"p_rule\":0.5,\"name\":\"s12\",\"genotype\":6,\"phenotype\":3}",
[17:29:10.678] "<17:29:10.678><11465.605000000001> producer s12 received PHENOTYPE",
[17:29:15.692] "<17:29:15.691><16468.29> \n%%% g-proxy s12 sends to Genotype g-ch msg {\"axiom\":[2,4],\"g_rule\":\"+\",\"p_rule\":0.5,\"name\":\"s12\"}",
[17:29:15.692] "<17:29:15.692><421823.103536> \nGenotype received from s12 {\"axiom\":[2,4],\"g_rule\":\"+\",\"p_rule\":0.5,\"name\":\"s12\"}",
[17:29:15.692] "<17:29:15.692><421825.653632> Genotype sends to s12 generated genotype {\"axiom\":[2,4],\"g_rule\":\"+\",\"p_rule\":0.5,\"name\":\"s12\",\"genotype\":6}",
[17:29:15.692] "<17:29:15.691><16473.615> g-proxy s12 receives Genotype g-ch msg = {\"axiom\":[2,4],\"g_rule\":\"+\",\"p_rule\":0.5,\"name\":\"s12\",\"genotype\":6}",
[17:29:15.692] "<17:29:15.691><16474.415> producer s12 received GENOTYPE",
[17:29:15.707] "<17:29:15.692><421833.777695> Phenotype sends to s12 generated phenotype {\"axiom\":[2,4],\"g_rule\":\"+\",\"p_rule\":0.5,\"name\":\"s12\",\"genotype\":6,\"phenotype\":3}",
[17:29:15.707] "<17:29:15.692><421830.476665> Phenotype received from s12 {\"axiom\":[2,4],\"g_rule\":\"+\",\"p_rule\":0.5,\"name\":\"s12\",\"genotype\":6}",
[17:29:15.707] "<17:29:15.691><16475.59> %%% p-proxy s12 sends to Phenotype p-ch msg {\"axiom\":[2,4],\"g_rule\":\"+\",\"p_rule\":0.5,\"name\":\"s12\",\"genotype\":6}",
[17:29:15.707] "<17:29:15.691><16479.825> producer s12 received PHENOTYPE",
[17:29:15.707] "<17:29:15.691><16479.345> p-proxy s12 receives Phenotype p-ch msg = {\"axiom\":[2,4],\"g_rule\":\"+\",\"p_rule\":0.5,\"name\":\"s12\",\"genotype\":6,\"phenotype\":3}",
[17:30:40.515] "<17:30:40.515><506646.822388> \nGenotype received from s16 {\"axiom\":[2,4],\"g_rule\":\"+\",\"p_rule\":0.5,\"name\":\"s16\"}",
[17:30:40.515] "<17:30:40.515><506647.68999> Genotype sends to s16 generated genotype {\"axiom\":[2,4],\"g_rule\":\"+\",\"p_rule\":0.5,\"name\":\"s16\",\"genotype\":6}",
[17:30:40.515] "<17:30:40.514><6088.945000000001> producer s16 received GENOTYPE",
[17:30:40.515] "<17:30:40.514><6084.885000000001> \n%%% g-proxy s16 sends to Genotype g-ch msg {\"axiom\":[2,4],\"g_rule\":\"+\",\"p_rule\":0.5,\"name\":\"s16\"}",
[17:30:40.530] "<17:30:40.514><6088.21> g-proxy s16 receives Genotype g-ch msg = {\"axiom\":[2,4],\"g_rule\":\"+\",\"p_rule\":0.5,\"name\":\"s16\",\"genotype\":6}",
[17:30:40.530] "<17:30:40.530><506655.307705> \nGenotype received from s16 {\"axiom\":[3,5],\"g_rule\":\"*\",\"p_rule\":2,\"name\":\"s16\"}",
[17:30:40.530] "<17:30:40.530><506656.402126> Genotype sends to s16 generated genotype {\"axiom\":[3,5],\"g_rule\":\"*\",\"p_rule\":2,\"name\":\"s16\",\"genotype\":15}",
[17:30:40.530] "<17:30:40.514><6091.375> \n%%% g-proxy s16 sends to Genotype g-ch msg {\"axiom\":[3,5],\"g_rule\":\"*\",\"p_rule\":2,\"name\":\"s16\"}",
[17:30:40.530] "<17:30:40.530><6096.79> producer s16 received GENOTYPE",
[17:30:40.530] "<17:30:40.530><6096.22> g-proxy s16 receives Genotype g-ch msg = {\"axiom\":[3,5],\"g_rule\":\"*\",\"p_rule\":2,\"name\":\"s16\",\"genotype\":15}",
[17:30:40.530] "<17:30:40.530><506663.519416> Phenotype received from s16 {\"axiom\":[2,4],\"g_rule\":\"+\",\"p_rule\":0.5,\"genotype\":6,\"name\":\"s16\"}",
[17:30:40.530] "<17:30:40.530><6099.265000000001> %%% p-proxy s16 sends to Phenotype p-ch msg {\"axiom\":[2,4],\"g_rule\":\"+\",\"p_rule\":0.5,\"genotype\":6,\"name\":\"s16\"}",
[17:30:40.530] "<17:30:40.530><506664.340824> Phenotype sends to s16 generated phenotype {\"axiom\":[2,4],\"g_rule\":\"+\",\"p_rule\":0.5,\"genotype\":6,\"name\":\"s16\",\"phenotype\":3}",
[17:30:40.530] "<17:30:40.530><6104.475> p-proxy s16 receives Phenotype p-ch msg = {\"axiom\":[2,4],\"g_rule\":\"+\",\"p_rule\":0.5,\"genotype\":6,\"name\":\"s16\",\"phenotype\":3}",
[17:30:40.530] "<17:30:40.530><6105.415000000001> producer s16 received PHENOTYPE",
[17:30:40.547] "<17:30:40.530><506670.279006> Phenotype received from s16 {\"axiom\":[3,5],\"g_rule\":\"*\",\"p_rule\":2,\"genotype\":15,\"name\":\"s16\"}",
[17:30:40.547] "<17:30:40.546><506670.832139> Phenotype sends to s16 generated phenotype {\"axiom\":[3,5],\"g_rule\":\"*\",\"p_rule\":2,\"genotype\":15,\"name\":\"s16\",\"phenotype\":30}",
[17:30:40.548] "<17:30:40.530><6108.780000000001> %%% p-proxy s16 sends to Phenotype p-ch msg {\"axiom\":[3,5],\"g_rule\":\"*\",\"p_rule\":2,\"genotype\":15,\"name\":\"s16\"}",
[17:30:40.551] "<17:30:40.547><6111.8> producer s16 received PHENOTYPE",
[17:30:40.557] "<17:30:40.546><6111.300000000001> p-proxy s16 receives Phenotype p-ch msg = {\"axiom\":[3,5],\"g_rule\":\"*\",\"p_rule\":2,\"genotype\":15,\"name\":\"s16\",\"phenotype\":30}",
[17:30:41.425] "<17:30:41.424><6989.695000000001> \n%%% g-proxy s17 sends to Genotype g-ch msg {\"axiom\":[2,4],\"g_rule\":\"+\",\"p_rule\":0.5,\"name\":\"s17\"}",
[17:30:41.425] "<17:30:41.425><507552.319604> \nGenotype received from s17 {\"axiom\":[2,4],\"g_rule\":\"+\",\"p_rule\":0.5,\"name\":\"s17\"}",
[17:30:41.425] "<17:30:41.425><507553.42883> Genotype sends to s17 generated genotype {\"axiom\":[2,4],\"g_rule\":\"+\",\"p_rule\":0.5,\"name\":\"s17\",\"genotype\":6}",
[17:30:41.425] "<17:30:41.424><6993.025000000001> g-proxy s17 receives Genotype g-ch msg = {\"axiom\":[2,4],\"g_rule\":\"+\",\"p_rule\":0.5,\"name\":\"s17\",\"genotype\":6}",
[17:30:41.425] "<17:30:41.424><6993.850000000001> producer s17 received GENOTYPE",
[17:30:41.425] "<17:30:41.424><6995.4400000000005> %%% p-proxy s17 sends to Phenotype p-ch msg {\"axiom\":[2,4],\"g_rule\":\"+\",\"p_rule\":0.5,\"name\":\"s17\",\"genotype\":6}",
[17:30:41.425] "<17:30:41.425><507558.324706> Phenotype received from s17 {\"axiom\":[2,4],\"g_rule\":\"+\",\"p_rule\":0.5,\"name\":\"s17\",\"genotype\":6}",
[17:30:41.425] "<17:30:41.425><507559.284102> Phenotype sends to s17 generated phenotype {\"axiom\":[2,4],\"g_rule\":\"+\",\"p_rule\":0.5,\"name\":\"s17\",\"genotype\":6,\"phenotype\":3}",
[17:30:41.425] "<17:30:41.424><6999.215> p-proxy s17 receives Phenotype p-ch msg = {\"axiom\":[2,4],\"g_rule\":\"+\",\"p_rule\":0.5,\"name\":\"s17\",\"genotype\":6,\"phenotype\":3}",
[17:30:41.425] "<17:30:41.424><6999.865000000001> producer s17 received PHENOTYPE",
[17:30:46.437] "<17:30:46.436><12000.92> \n%%% g-proxy s17 sends to Genotype g-ch msg {\"axiom\":[2,4],\"g_rule\":\"+\",\"p_rule\":0.5,\"name\":\"s17\"}",
[17:30:46.437] "<17:30:46.437><512563.43082> \nGenotype received from s17 {\"axiom\":[2,4],\"g_rule\":\"+\",\"p_rule\":0.5,\"name\":\"s17\"}",
[17:30:46.437] "<17:30:46.437><512564.265849> Genotype sends to s17 generated genotype {\"axiom\":[2,4],\"g_rule\":\"+\",\"p_rule\":0.5,\"name\":\"s17\",\"genotype\":6}",
[17:30:46.437] "<17:30:46.436><12009.135> producer s17 received GENOTYPE",
[17:30:46.437] "<17:30:46.436><12008.28> g-proxy s17 receives Genotype g-ch msg = {\"axiom\":[2,4],\"g_rule\":\"+\",\"p_rule\":0.5,\"name\":\"s17\",\"genotype\":6}",
[17:30:46.437] "<17:30:46.436><12010.490000000002> %%% p-proxy s17 sends to Phenotype p-ch msg {\"axiom\":[2,4],\"g_rule\":\"+\",\"p_rule\":0.5,\"name\":\"s17\",\"genotype\":6}",
[17:30:46.437] "<17:30:46.437><512572.88027> Phenotype received from s17 {\"axiom\":[2,4],\"g_rule\":\"+\",\"p_rule\":0.5,\"name\":\"s17\",\"genotype\":6}",
[17:30:46.437] "<17:30:46.437><512573.678581> Phenotype sends to s17 generated phenotype {\"axiom\":[2,4],\"g_rule\":\"+\",\"p_rule\":0.5,\"name\":\"s17\",\"genotype\":6,\"phenotype\":3}",
[17:30:46.452] "<17:30:46.436><12014.220000000001> producer s17 received PHENOTYPE",
[17:30:46.452] "<17:30:46.436><12013.465000000002> p-proxy s17 receives Phenotype p-ch msg = {\"axiom\":[2,4],\"g_rule\":\"+\",\"p_rule\":0.5,\"name\":\"s17\",\"genotype\":6,\"phenotype\":3}",
[17:32:31.537] "<17:32:31.537><617662.795724> \nGenotype received from s21 {\"axiom\":[2,4],\"g_rule\":\"+\",\"p_rule\":0.5,\"name\":\"s21\"}",
[17:32:31.537] "<17:32:31.537><617663.635491> Genotype sends to s21 generated genotype {\"axiom\":[2,4],\"g_rule\":\"+\",\"p_rule\":0.5,\"name\":\"s21\",\"genotype\":6}",
[17:32:31.537] "<17:32:31.537><6117.320000000001> \n%%% g-proxy s21 sends to Genotype g-ch msg {\"axiom\":[2,4],\"g_rule\":\"+\",\"p_rule\":0.5,\"name\":\"s21\"}",
[17:32:31.537] "<17:32:31.537><6120.845> producer s21 received GENOTYPE",
[17:32:31.537] "<17:32:31.537><6120.27> g-proxy s21 receives Genotype g-ch msg = {\"axiom\":[2,4],\"g_rule\":\"+\",\"p_rule\":0.5,\"name\":\"s21\",\"genotype\":6}",
[17:32:31.552] "<17:32:31.537><617669.019948> \nGenotype received from s21 {\"axiom\":[3,5],\"g_rule\":\"*\",\"p_rule\":2,\"name\":\"s21\"}",
[17:32:31.552] "<17:32:31.537><617669.777989> Genotype sends to s21 generated genotype {\"axiom\":[3,5],\"g_rule\":\"*\",\"p_rule\":2,\"name\":\"s21\",\"genotype\":15}",
[17:32:31.552] "<17:32:31.537><6122.72> \n%%% g-proxy s21 sends to Genotype g-ch msg {\"axiom\":[3,5],\"g_rule\":\"*\",\"p_rule\":2,\"name\":\"s21\"}",
[17:32:31.552] "<17:32:31.553><6126.68> producer s21 received GENOTYPE",
[17:32:31.552] "<17:32:31.552><617677.694775> Phenotype received from s21 {\"axiom\":[2,4],\"g_rule\":\"+\",\"p_rule\":0.5,\"genotype\":6,\"name\":\"s21\"}",
[17:32:31.552] "<17:32:31.552><617678.555269> Phenotype sends to s21 generated phenotype {\"axiom\":[2,4],\"g_rule\":\"+\",\"p_rule\":0.5,\"genotype\":6,\"name\":\"s21\",\"phenotype\":3}",
[17:32:31.552] "<17:32:31.553><6131.63> %%% p-proxy s21 sends to Phenotype p-ch msg {\"axiom\":[2,4],\"g_rule\":\"+\",\"p_rule\":0.5,\"genotype\":6,\"name\":\"s21\"}",
[17:32:31.552] "<17:32:31.537><6125.79> g-proxy s21 receives Genotype g-ch msg = {\"axiom\":[3,5],\"g_rule\":\"*\",\"p_rule\":2,\"name\":\"s21\",\"genotype\":15}",
[17:32:31.568] "<17:32:31.553><6136.050000000001> producer s21 received PHENOTYPE",
[17:32:31.570] "<17:32:31.568><617687.296424> Phenotype received from s21 {\"axiom\":[3,5],\"g_rule\":\"*\",\"p_rule\":2,\"genotype\":15,\"name\":\"s21\"}",
[17:32:31.570] "<17:32:31.569><617687.79685> Phenotype sends to s21 generated phenotype {\"axiom\":[3,5],\"g_rule\":\"*\",\"p_rule\":2,\"genotype\":15,\"name\":\"s21\",\"phenotype\":30}",
[17:32:31.571] "<17:32:31.553><6135.365> p-proxy s21 receives Phenotype p-ch msg = {\"axiom\":[2,4],\"g_rule\":\"+\",\"p_rule\":0.5,\"genotype\":6,\"name\":\"s21\",\"phenotype\":3}",
[17:32:31.571] "<17:32:31.570><6143.925> producer s21 received PHENOTYPE",
[17:32:31.571] "<17:32:31.553><6137.5650000000005> %%% p-proxy s21 sends to Phenotype p-ch msg {\"axiom\":[3,5],\"g_rule\":\"*\",\"p_rule\":2,\"genotype\":15,\"name\":\"s21\"}",
[17:32:31.572] "<17:32:31.569><6143.575> p-proxy s21 receives Phenotype p-ch msg = {\"axiom\":[3,5],\"g_rule\":\"*\",\"p_rule\":2,\"genotype\":15,\"name\":\"s21\",\"phenotype\":30}",
[17:32:32.416] "<17:32:32.417><6991.545> \n%%% g-proxy s22 sends to Genotype g-ch msg {\"axiom\":[2,4],\"g_rule\":\"+\",\"p_rule\":0.5,\"name\":\"s22\"}",
[17:32:32.416] "<17:32:32.416><618537.630199> \nGenotype received from s22 {\"axiom\":[2,4],\"g_rule\":\"+\",\"p_rule\":0.5,\"name\":\"s22\"}",
[17:32:32.416] "<17:32:32.416><618538.843656> Genotype sends to s22 generated genotype {\"axiom\":[2,4],\"g_rule\":\"+\",\"p_rule\":0.5,\"name\":\"s22\",\"genotype\":6}",
[17:32:32.416] "<17:32:32.417><6994.915000000001> g-proxy s22 receives Genotype g-ch msg = {\"axiom\":[2,4],\"g_rule\":\"+\",\"p_rule\":0.5,\"name\":\"s22\",\"genotype\":6}",
[17:32:32.416] "<17:32:32.417><6995.39> producer s22 received GENOTYPE",
[17:32:32.416] "<17:32:32.417><6996.715000000001> %%% p-proxy s22 sends to Phenotype p-ch msg {\"axiom\":[2,4],\"g_rule\":\"+\",\"p_rule\":0.5,\"name\":\"s22\",\"genotype\":6}",
[17:32:32.416] "<17:32:32.416><618545.67372> Phenotype received from s22 {\"axiom\":[2,4],\"g_rule\":\"+\",\"p_rule\":0.5,\"name\":\"s22\",\"genotype\":6}",
[17:32:32.416] "<17:32:32.416><618546.448935> Phenotype sends to s22 generated phenotype {\"axiom\":[2,4],\"g_rule\":\"+\",\"p_rule\":0.5,\"name\":\"s22\",\"genotype\":6,\"phenotype\":3}",
[17:32:32.416] "<17:32:32.417><7002.5> p-proxy s22 receives Phenotype p-ch msg = {\"axiom\":[2,4],\"g_rule\":\"+\",\"p_rule\":0.5,\"name\":\"s22\",\"genotype\":6,\"phenotype\":3}",
[17:32:32.432] "<17:32:32.417><7003.035000000001> producer s22 received PHENOTYPE",
[17:34:42.341] "<17:34:42.341><748462.488836> \nGenotype received from s26 {\"axiom\":[2,4],\"g_rule\":\"+\",\"p_rule\":0.5,\"name\":\"s26\"}",
[17:34:42.341] "<17:34:42.341><748463.422174> Genotype sends to s26 generated genotype {\"axiom\":[2,4],\"g_rule\":\"+\",\"p_rule\":0.5,\"name\":\"s26\",\"genotype\":6}",
[17:34:42.341] "<17:34:42.341><6226.045000000001> \n%%% g-proxy s26 sends to Genotype g-ch msg {\"axiom\":[2,4],\"g_rule\":\"+\",\"p_rule\":0.5,\"name\":\"s26\"}",
[17:34:42.341] "<17:34:42.341><6230.33> producer s26 received GENOTYPE",
[17:34:42.357] "<17:34:42.341><6229.515> g-proxy s26 receives Genotype g-ch msg = {\"axiom\":[2,4],\"g_rule\":\"+\",\"p_rule\":0.5,\"name\":\"s26\",\"genotype\":6}",
[17:34:42.357] "<17:34:42.357><748470.605793> \nGenotype received from s26 {\"axiom\":[3,5],\"g_rule\":\"*\",\"p_rule\":2,\"name\":\"s26\"}",
[17:34:42.357] "<17:34:42.357><748472.147339> Genotype sends to s26 generated genotype {\"axiom\":[3,5],\"g_rule\":\"*\",\"p_rule\":2,\"name\":\"s26\",\"genotype\":15}",
[17:34:42.357] "<17:34:42.341><6232.745000000001> \n%%% g-proxy s26 sends to Genotype g-ch msg {\"axiom\":[3,5],\"g_rule\":\"*\",\"p_rule\":2,\"name\":\"s26\"}",
[17:34:42.357] "<17:34:42.357><6239.375000000001> g-proxy s26 receives Genotype g-ch msg = {\"axiom\":[3,5],\"g_rule\":\"*\",\"p_rule\":2,\"name\":\"s26\",\"genotype\":15}",
[17:34:42.357] "<17:34:42.357><6240.595000000001> producer s26 received GENOTYPE",
[17:34:42.357] "<17:34:42.357><748479.055576> Phenotype received from s26 {\"axiom\":[2,4],\"g_rule\":\"+\",\"p_rule\":0.5,\"genotype\":6,\"name\":\"s26\"}",
[17:34:42.357] "<17:34:42.357><748479.885867> Phenotype sends to s26 generated phenotype {\"axiom\":[2,4],\"g_rule\":\"+\",\"p_rule\":0.5,\"genotype\":6,\"name\":\"s26\",\"phenotype\":3}",
[17:34:42.357] "<17:34:42.357><6242.63> %%% p-proxy s26 sends to Phenotype p-ch msg {\"axiom\":[2,4],\"g_rule\":\"+\",\"p_rule\":0.5,\"genotype\":6,\"name\":\"s26\"}",
[17:34:42.373] "<17:34:42.357><6245.56> p-proxy s26 receives Phenotype p-ch msg = {\"axiom\":[2,4],\"g_rule\":\"+\",\"p_rule\":0.5,\"genotype\":6,\"name\":\"s26\",\"phenotype\":3}",
[17:34:42.373] "<17:34:42.357><6246.740000000001> producer s26 received PHENOTYPE",
[17:34:42.375] "<17:34:42.374><748485.593084> Phenotype received from s26 {\"axiom\":[3,5],\"g_rule\":\"*\",\"p_rule\":2,\"genotype\":15,\"name\":\"s26\"}",
[17:34:42.379] "<17:34:42.357><6248.335000000001> %%% p-proxy s26 sends to Phenotype p-ch msg {\"axiom\":[3,5],\"g_rule\":\"*\",\"p_rule\":2,\"genotype\":15,\"name\":\"s26\"}",
[17:34:42.379] "<17:34:42.374><6251.880000000001> producer s26 received PHENOTYPE",
[17:34:42.375] "<17:34:42.374><748486.187079> Phenotype sends to s26 generated phenotype {\"axiom\":[3,5],\"g_rule\":\"*\",\"p_rule\":2,\"genotype\":15,\"name\":\"s26\",\"phenotype\":30}",
[17:34:42.380] "<17:34:42.374><6251.515> p-proxy s26 receives Phenotype p-ch msg = {\"axiom\":[3,5],\"g_rule\":\"*\",\"p_rule\":2,\"genotype\":15,\"name\":\"s26\",\"phenotype\":30}",
[17:34:43.268] "<17:34:43.268><7146.255000000001> \n%%% g-proxy s27 sends to Genotype g-ch msg {\"axiom\":[2,4],\"g_rule\":\"+\",\"p_rule\":0.5,\"name\":\"s27\"}",
[17:34:43.268] "<17:34:43.268><749383.129689> \nGenotype received from s27 {\"axiom\":[2,4],\"g_rule\":\"+\",\"p_rule\":0.5,\"name\":\"s27\"}",
[17:34:43.268] "<17:34:43.268><749386.258975> Genotype sends to s27 generated genotype {\"axiom\":[2,4],\"g_rule\":\"+\",\"p_rule\":0.5,\"name\":\"s27\",\"genotype\":6}",
[17:34:43.268] "<17:34:43.268><7152.055> g-proxy s27 receives Genotype g-ch msg = {\"axiom\":[2,4],\"g_rule\":\"+\",\"p_rule\":0.5,\"name\":\"s27\",\"genotype\":6}",
[17:34:43.268] "<17:34:43.268><7152.555> producer s27 received GENOTYPE",
[17:34:43.268] "<17:34:43.268><7154.015> %%% p-proxy s27 sends to Phenotype p-ch msg {\"axiom\":[2,4],\"g_rule\":\"+\",\"p_rule\":0.5,\"name\":\"s27\",\"genotype\":6}",
[17:34:43.268] "<17:34:43.268><749390.961195> Phenotype received from s27 {\"axiom\":[2,4],\"g_rule\":\"+\",\"p_rule\":0.5,\"name\":\"s27\",\"genotype\":6}",
[17:34:43.268] "<17:34:43.268><749392.18472> Phenotype sends to s27 generated phenotype {\"axiom\":[2,4],\"g_rule\":\"+\",\"p_rule\":0.5,\"name\":\"s27\",\"genotype\":6,\"phenotype\":3}",
[17:34:43.284] "<17:34:43.268><7158.695000000001> producer s27 received PHENOTYPE",
[17:34:43.284] "<17:34:43.268><7158.135> p-proxy s27 receives Phenotype p-ch msg = {\"axiom\":[2,4],\"g_rule\":\"+\",\"p_rule\":0.5,\"name\":\"s27\",\"genotype\":6,\"phenotype\":3}",
[17:34:48.273] "<17:34:48.273><754386.80204> \nGenotype received from s27 {\"axiom\":[2,4],\"g_rule\":\"+\",\"p_rule\":0.5,\"name\":\"s27\"}",
[17:34:48.273] "<17:34:48.273><754387.621671> Genotype sends to s27 generated genotype {\"axiom\":[2,4],\"g_rule\":\"+\",\"p_rule\":0.5,\"name\":\"s27\",\"genotype\":6}",
[17:34:48.273] "<17:34:48.273><12150.340000000002> \n%%% g-proxy s27 sends to Genotype g-ch msg {\"axiom\":[2,4],\"g_rule\":\"+\",\"p_rule\":0.5,\"name\":\"s27\"}",
[17:34:48.273] "<17:34:48.273><12153.725000000002> g-proxy s27 receives Genotype g-ch msg = {\"axiom\":[2,4],\"g_rule\":\"+\",\"p_rule\":0.5,\"name\":\"s27\",\"genotype\":6}",
[17:34:48.273] "<17:34:48.273><12154.480000000001> producer s27 received GENOTYPE",
[17:34:48.273] "<17:34:48.273><12155.480000000001> %%% p-proxy s27 sends to Phenotype p-ch msg {\"axiom\":[2,4],\"g_rule\":\"+\",\"p_rule\":0.5,\"name\":\"s27\",\"genotype\":6}",
[17:34:48.289] "<17:34:48.273><754392.82787> Phenotype received from s27 {\"axiom\":[2,4],\"g_rule\":\"+\",\"p_rule\":0.5,\"name\":\"s27\",\"genotype\":6}",
[17:34:48.289] "<17:34:48.273><754394.381261> Phenotype sends to s27 generated phenotype {\"axiom\":[2,4],\"g_rule\":\"+\",\"p_rule\":0.5,\"name\":\"s27\",\"genotype\":6,\"phenotype\":3}",
[17:34:48.289] "<17:34:48.273><12159.69> p-proxy s27 receives Phenotype p-ch msg = {\"axiom\":[2,4],\"g_rule\":\"+\",\"p_rule\":0.5,\"name\":\"s27\",\"genotype\":6,\"phenotype\":3}",
[17:34:48.289] "<17:34:48.273><12160.18> producer s27 received PHENOTYPE",
[17:34:53.265] "<17:34:53.265><17142.170000000002> \n%%% g-proxy s27 sends to Genotype g-ch msg {\"axiom\":[10,7],\"g_rule\":\"*\",\"p_rule\":2,\"name\":\"s27\"}",
[17:34:53.265] "<17:34:53.265><759378.75615> \nGenotype received from s27 {\"axiom\":[10,7],\"g_rule\":\"*\",\"p_rule\":2,\"name\":\"s27\"}",
[17:34:53.265] "<17:34:53.265><759379.584665> Genotype sends to s27 generated genotype {\"axiom\":[10,7],\"g_rule\":\"*\",\"p_rule\":2,\"name\":\"s27\",\"genotype\":70}",
[17:34:53.265] "<17:34:53.265><17145.25> g-proxy s27 receives Genotype g-ch msg = {\"axiom\":[10,7],\"g_rule\":\"*\",\"p_rule\":2,\"name\":\"s27\",\"genotype\":70}",
[17:34:53.265] "<17:34:53.265><17145.855> producer s27 received GENOTYPE",
[17:34:53.265] "<17:34:53.265><17146.625> %%% p-proxy s27 sends to Phenotype p-ch msg {\"axiom\":[10,7],\"g_rule\":\"*\",\"p_rule\":2,\"name\":\"s27\",\"genotype\":70}",
[17:34:53.265] "<17:34:53.265><759384.678342> Phenotype received from s27 {\"axiom\":[10,7],\"g_rule\":\"*\",\"p_rule\":2,\"name\":\"s27\",\"genotype\":70}",
[17:34:53.265] "<17:34:53.265><17150.91> p-proxy s27 receives Phenotype p-ch msg = {\"axiom\":[10,7],\"g_rule\":\"*\",\"p_rule\":2,\"name\":\"s27\",\"genotype\":70,\"phenotype\":140}",
[17:34:53.265] "<17:34:53.265><759385.422761> Phenotype sends to s27 generated phenotype {\"axiom\":[10,7],\"g_rule\":\"*\",\"p_rule\":2,\"name\":\"s27\",\"genotype\":70,\"phenotype\":140}",
[17:34:53.265] "<17:34:53.265><17151.37> producer s27 received PHENOTYPE",
[17:34:58.271] "<17:34:58.270><22147.295000000002> \n%%% g-proxy s27 sends to Genotype g-ch msg {\"axiom\":[2,4],\"g_rule\":\"+\",\"p_rule\":0.5,\"name\":\"s27\"}",
[17:34:58.271] "<17:34:58.271><764383.199571> \nGenotype received from s27 {\"axiom\":[2,4],\"g_rule\":\"+\",\"p_rule\":0.5,\"name\":\"s27\"}",
[17:34:58.271] "<17:34:58.271><764383.677491> Genotype sends to s27 generated genotype {\"axiom\":[2,4],\"g_rule\":\"+\",\"p_rule\":0.5,\"name\":\"s27\",\"genotype\":6}",
[17:34:58.271] "<17:34:58.270><22148.950000000004> g-proxy s27 receives Genotype g-ch msg = {\"axiom\":[2,4],\"g_rule\":\"+\",\"p_rule\":0.5,\"name\":\"s27\",\"genotype\":6}",
[17:34:58.271] "<17:34:58.270><22149.29> producer s27 received GENOTYPE",
[17:34:58.271] "<17:34:58.271><764387.368201> Phenotype received from s27 {\"axiom\":[2,4],\"g_rule\":\"+\",\"p_rule\":0.5,\"name\":\"s27\",\"genotype\":6}",
[17:34:58.271] "<17:34:58.270><22149.725> %%% p-proxy s27 sends to Phenotype p-ch msg {\"axiom\":[2,4],\"g_rule\":\"+\",\"p_rule\":0.5,\"name\":\"s27\",\"genotype\":6}",
[17:34:58.271] "<17:34:58.271><764387.830132> Phenotype sends to s27 generated phenotype {\"axiom\":[2,4],\"g_rule\":\"+\",\"p_rule\":0.5,\"name\":\"s27\",\"genotype\":6,\"phenotype\":3}",
[17:34:58.271] "<17:34:58.270><22153.075> p-proxy s27 receives Phenotype p-ch msg = {\"axiom\":[2,4],\"g_rule\":\"+\",\"p_rule\":0.5,\"name\":\"s27\",\"genotype\":6,\"phenotype\":3}",
[17:34:58.271] "<17:34:58.270><22153.360000000004> producer s27 received PHENOTYPE",
[17:35:03.272] "<17:35:03.272><27148.82> \n%%% g-proxy s27 sends to Genotype g-ch msg {\"axiom\":[2,4],\"g_rule\":\"+\",\"p_rule\":0.5,\"name\":\"s27\"}",
[17:35:03.272] "<17:35:03.272><769385.375384> \nGenotype received from s27 {\"axiom\":[2,4],\"g_rule\":\"+\",\"p_rule\":0.5,\"name\":\"s27\"}",
[17:35:03.272] "<17:35:03.272><769386.16422> Genotype sends to s27 generated genotype {\"axiom\":[2,4],\"g_rule\":\"+\",\"p_rule\":0.5,\"name\":\"s27\",\"genotype\":6}",
[17:35:03.272] "<17:35:03.272><27153.68> g-proxy s27 receives Genotype g-ch msg = {\"axiom\":[2,4],\"g_rule\":\"+\",\"p_rule\":0.5,\"name\":\"s27\",\"genotype\":6}",
[17:35:03.272] "<17:35:03.272><27154.165> producer s27 received GENOTYPE",
[17:35:03.272] "<17:35:03.272><27154.885000000002> %%% p-proxy s27 sends to Phenotype p-ch msg {\"axiom\":[2,4],\"g_rule\":\"+\",\"p_rule\":0.5,\"name\":\"s27\",\"genotype\":6}",
[17:35:03.272] "<17:35:03.272><769393.976183> Phenotype received from s27 {\"axiom\":[2,4],\"g_rule\":\"+\",\"p_rule\":0.5,\"name\":\"s27\",\"genotype\":6}",
[17:35:03.272] "<17:35:03.272><769395.41113> Phenotype sends to s27 generated phenotype {\"axiom\":[2,4],\"g_rule\":\"+\",\"p_rule\":0.5,\"name\":\"s27\",\"genotype\":6,\"phenotype\":3}",
[17:35:03.288] "<17:35:03.272><27161.11> p-proxy s27 receives Phenotype p-ch msg = {\"axiom\":[2,4],\"g_rule\":\"+\",\"p_rule\":0.5,\"name\":\"s27\",\"genotype\":6,\"phenotype\":3}",
[17:35:03.288] "<17:35:03.272><27161.655000000002> producer s27 received PHENOTYPE",
[17:35:08.263] "<17:35:08.263><774375.57771> \nGenotype received from s27 {\"axiom\":[10,7],\"g_rule\":\"*\",\"p_rule\":2,\"name\":\"s27\"}",
[17:35:08.263] "<17:35:08.262><32138.765> \n%%% g-proxy s27 sends to Genotype g-ch msg {\"axiom\":[10,7],\"g_rule\":\"*\",\"p_rule\":2,\"name\":\"s27\"}",
[17:35:08.263] "<17:35:08.263><774376.390234> Genotype sends to s27 generated genotype {\"axiom\":[10,7],\"g_rule\":\"*\",\"p_rule\":2,\"name\":\"s27\",\"genotype\":70}",
[17:35:08.263] "<17:35:08.262><32142.155000000002> g-proxy s27 receives Genotype g-ch msg = {\"axiom\":[10,7],\"g_rule\":\"*\",\"p_rule\":2,\"name\":\"s27\",\"genotype\":70}",
[17:35:08.263] "<17:35:08.262><32142.690000000002> producer s27 received GENOTYPE",
[17:35:08.263] "<17:35:08.263><774381.223927> Phenotype received from s27 {\"axiom\":[10,7],\"g_rule\":\"*\",\"p_rule\":2,\"name\":\"s27\",\"genotype\":70}",
[17:35:08.263] "<17:35:08.262><32143.520000000004> %%% p-proxy s27 sends to Phenotype p-ch msg {\"axiom\":[10,7],\"g_rule\":\"*\",\"p_rule\":2,\"name\":\"s27\",\"genotype\":70}",
[17:35:08.263] "<17:35:08.263><774381.98256> Phenotype sends to s27 generated phenotype {\"axiom\":[10,7],\"g_rule\":\"*\",\"p_rule\":2,\"name\":\"s27\",\"genotype\":70,\"phenotype\":140}",
[17:35:08.263] "<17:35:08.262><32147.655> p-proxy s27 receives Phenotype p-ch msg = {\"axiom\":[10,7],\"g_rule\":\"*\",\"p_rule\":2,\"name\":\"s27\",\"genotype\":70,\"phenotype\":140}",
[17:35:08.263] "<17:35:08.262><32148.235> producer s27 received PHENOTYPE",
[17:35:13.276] "<17:35:13.276><37151.79000000001> \n%%% g-proxy s27 sends to Genotype g-ch msg {\"axiom\":[10,7],\"g_rule\":\"*\",\"p_rule\":2,\"name\":\"s27\"}",
[17:35:13.276] "<17:35:13.276><779388.204415> \nGenotype received from s27 {\"axiom\":[10,7],\"g_rule\":\"*\",\"p_rule\":2,\"name\":\"s27\"}",
[17:35:13.276] "<17:35:13.276><779389.480647> Genotype sends to s27 generated genotype {\"axiom\":[10,7],\"g_rule\":\"*\",\"p_rule\":2,\"name\":\"s27\",\"genotype\":70}",
[17:35:13.276] "<17:35:13.276><37155.065> producer s27 received GENOTYPE",
[17:35:13.276] "<17:35:13.276><37154.595> g-proxy s27 receives Genotype g-ch msg = {\"axiom\":[10,7],\"g_rule\":\"*\",\"p_rule\":2,\"name\":\"s27\",\"genotype\":70}",
[17:35:13.276] "<17:35:13.276><37155.79> %%% p-proxy s27 sends to Phenotype p-ch msg {\"axiom\":[10,7],\"g_rule\":\"*\",\"p_rule\":2,\"name\":\"s27\",\"genotype\":70}",
[17:35:13.276] "<17:35:13.276><779394.908928> Phenotype received from s27 {\"axiom\":[10,7],\"g_rule\":\"*\",\"p_rule\":2,\"name\":\"s27\",\"genotype\":70}",
[17:35:13.276] "<17:35:13.276><779395.663416> Phenotype sends to s27 generated phenotype {\"axiom\":[10,7],\"g_rule\":\"*\",\"p_rule\":2,\"name\":\"s27\",\"genotype\":70,\"phenotype\":140}",
[17:35:13.276] "<17:35:13.276><37161.075000000004> p-proxy s27 receives Phenotype p-ch msg = {\"axiom\":[10,7],\"g_rule\":\"*\",\"p_rule\":2,\"name\":\"s27\",\"genotype\":70,\"phenotype\":140}",
[17:35:13.292] "<17:35:13.276><37161.765> producer s27 received PHENOTYPE",
[17:35:18.268] "<17:35:18.268><42143.615000000005> \n%%% g-proxy s27 sends to Genotype g-ch msg {\"axiom\":[10,7],\"g_rule\":\"*\",\"p_rule\":2,\"name\":\"s27\"}",
[17:35:18.268] "<17:35:18.268><784380.748375> \nGenotype received from s27 {\"axiom\":[10,7],\"g_rule\":\"*\",\"p_rule\":2,\"name\":\"s27\"}",
[17:35:18.268] "<17:35:18.268><784381.974861> Genotype sends to s27 generated genotype {\"axiom\":[10,7],\"g_rule\":\"*\",\"p_rule\":2,\"name\":\"s27\",\"genotype\":70}",
[17:35:18.268] "<17:35:18.268><42147.670000000006> g-proxy s27 receives Genotype g-ch msg = {\"axiom\":[10,7],\"g_rule\":\"*\",\"p_rule\":2,\"name\":\"s27\",\"genotype\":70}",
[17:35:18.268] "<17:35:18.268><42148.14000000001> producer s27 received GENOTYPE",
[17:35:18.268] "<17:35:18.268><42148.87500000001> %%% p-proxy s27 sends to Phenotype p-ch msg {\"axiom\":[10,7],\"g_rule\":\"*\",\"p_rule\":2,\"name\":\"s27\",\"genotype\":70}",
[17:35:18.268] "<17:35:18.268><784387.017608> Phenotype received from s27 {\"axiom\":[10,7],\"g_rule\":\"*\",\"p_rule\":2,\"name\":\"s27\",\"genotype\":70}",
[17:35:18.268] "<17:35:18.268><784387.822433> Phenotype sends to s27 generated phenotype {\"axiom\":[10,7],\"g_rule\":\"*\",\"p_rule\":2,\"name\":\"s27\",\"genotype\":70,\"phenotype\":140}",
[17:35:18.268] "<17:35:18.268><42153.43> p-proxy s27 receives Phenotype p-ch msg = {\"axiom\":[10,7],\"g_rule\":\"*\",\"p_rule\":2,\"name\":\"s27\",\"genotype\":70,\"phenotype\":140}",
[17:35:18.268] "<17:35:18.268><42153.91> producer s27 received PHENOTYPE",
[17:35:23.276] "<17:35:23.275><47150.955> \n%%% g-proxy s27 sends to Genotype g-ch msg {\"axiom\":[10,7],\"g_rule\":\"*\",\"p_rule\":2,\"name\":\"s27\"}",
[17:35:23.276] "<17:35:23.276><789387.721164> \nGenotype received from s27 {\"axiom\":[10,7],\"g_rule\":\"*\",\"p_rule\":2,\"name\":\"s27\"}",
[17:35:23.276] "<17:35:23.276><789388.556785> Genotype sends to s27 generated genotype {\"axiom\":[10,7],\"g_rule\":\"*\",\"p_rule\":2,\"name\":\"s27\",\"genotype\":70}",
[17:35:23.276] "<17:35:23.275><47154.175> g-proxy s27 receives Genotype g-ch msg = {\"axiom\":[10,7],\"g_rule\":\"*\",\"p_rule\":2,\"name\":\"s27\",\"genotype\":70}",
[17:35:23.276] "<17:35:23.275><47154.68000000001> producer s27 received GENOTYPE",
[17:35:23.276] "<17:35:23.275><47155.525> %%% p-proxy s27 sends to Phenotype p-ch msg {\"axiom\":[10,7],\"g_rule\":\"*\",\"p_rule\":2,\"name\":\"s27\",\"genotype\":70}",
[17:35:23.276] "<17:35:23.276><789393.321189> Phenotype received from s27 {\"axiom\":[10,7],\"g_rule\":\"*\",\"p_rule\":2,\"name\":\"s27\",\"genotype\":70}",
[17:35:23.276] "<17:35:23.276><789394.110617> Phenotype sends to s27 generated phenotype {\"axiom\":[10,7],\"g_rule\":\"*\",\"p_rule\":2,\"name\":\"s27\",\"genotype\":70,\"phenotype\":140}",
[17:35:23.276] "<17:35:23.275><47160.11> p-proxy s27 receives Phenotype p-ch msg = {\"axiom\":[10,7],\"g_rule\":\"*\",\"p_rule\":2,\"name\":\"s27\",\"genotype\":70,\"phenotype\":140}",
[17:35:23.276] "<17:35:23.275><47160.70500000001> producer s27 received PHENOTYPE",
[17:35:28.268] "<17:35:28.267><52142.655000000006> \n%%% g-proxy s27 sends to Genotype g-ch msg {\"axiom\":[10,7],\"g_rule\":\"*\",\"p_rule\":2,\"name\":\"s27\"}",
[17:35:28.268] "<17:35:28.268><794379.859454> Genotype sends to s27 generated genotype {\"axiom\":[10,7],\"g_rule\":\"*\",\"p_rule\":2,\"name\":\"s27\",\"genotype\":70}",
[17:35:28.268] "<17:35:28.268><794379.051075> \nGenotype received from s27 {\"axiom\":[10,7],\"g_rule\":\"*\",\"p_rule\":2,\"name\":\"s27\"}",
[17:35:28.268] "<17:35:28.267><52145.560000000005> g-proxy s27 receives Genotype g-ch msg = {\"axiom\":[10,7],\"g_rule\":\"*\",\"p_rule\":2,\"name\":\"s27\",\"genotype\":70}",
[17:35:28.268] "<17:35:28.267><52146.04000000001> producer s27 received GENOTYPE",
[17:35:28.268] "<17:35:28.267><52146.79> %%% p-proxy s27 sends to Phenotype p-ch msg {\"axiom\":[10,7],\"g_rule\":\"*\",\"p_rule\":2,\"name\":\"s27\",\"genotype\":70}",
[17:35:28.268] "<17:35:28.268><794384.378679> Phenotype received from s27 {\"axiom\":[10,7],\"g_rule\":\"*\",\"p_rule\":2,\"name\":\"s27\",\"genotype\":70}",
[17:35:28.268] "<17:35:28.268><794385.109477> Phenotype sends to s27 generated phenotype {\"axiom\":[10,7],\"g_rule\":\"*\",\"p_rule\":2,\"name\":\"s27\",\"genotype\":70,\"phenotype\":140}",
[17:35:28.268] "<17:35:28.267><52151.66> p-proxy s27 receives Phenotype p-ch msg = {\"axiom\":[10,7],\"g_rule\":\"*\",\"p_rule\":2,\"name\":\"s27\",\"genotype\":70,\"phenotype\":140}",
[17:35:28.268] "<17:35:28.267><52153.02500000001> producer s27 received PHENOTYPE",
[17:35:33.266] "<17:35:33.266><799377.166634> \nGenotype received from s27 {\"axiom\":[10,7],\"g_rule\":\"*\",\"p_rule\":2,\"name\":\"s27\"}",
[17:35:33.266] "<17:35:33.266><799377.986857> Genotype sends to s27 generated genotype {\"axiom\":[10,7],\"g_rule\":\"*\",\"p_rule\":2,\"name\":\"s27\",\"genotype\":70}",
[17:35:33.266] "<17:35:33.266><57141.345> \n%%% g-proxy s27 sends to Genotype g-ch msg {\"axiom\":[10,7],\"g_rule\":\"*\",\"p_rule\":2,\"name\":\"s27\"}",
[17:35:33.266] "<17:35:33.266><57143.97> producer s27 received GENOTYPE",
[17:35:33.266] "<17:35:33.266><57143.48500000001> g-proxy s27 receives Genotype g-ch msg = {\"axiom\":[10,7],\"g_rule\":\"*\",\"p_rule\":2,\"name\":\"s27\",\"genotype\":70}",
[17:35:33.266] "<17:35:33.266><57145.075000000004> %%% p-proxy s27 sends to Phenotype p-ch msg {\"axiom\":[10,7],\"g_rule\":\"*\",\"p_rule\":2,\"name\":\"s27\",\"genotype\":70}",
[17:35:33.266] "<17:35:33.266><799382.85253> Phenotype received from s27 {\"axiom\":[10,7],\"g_rule\":\"*\",\"p_rule\":2,\"name\":\"s27\",\"genotype\":70}",
[17:35:33.266] "<17:35:33.266><799383.596357> Phenotype sends to s27 generated phenotype {\"axiom\":[10,7],\"g_rule\":\"*\",\"p_rule\":2,\"name\":\"s27\",\"genotype\":70,\"phenotype\":140}",
[17:35:33.266] "<17:35:33.266><57149.09000000001> p-proxy s27 receives Phenotype p-ch msg = {\"axiom\":[10,7],\"g_rule\":\"*\",\"p_rule\":2,\"name\":\"s27\",\"genotype\":70,\"phenotype\":140}",
[17:35:33.266] "<17:35:33.266><57149.69000000001> producer s27 received PHENOTYPE",
[17:35:38.273] "<17:35:38.273><804384.564636> \nGenotype received from s27 {\"axiom\":[10,7],\"g_rule\":\"*\",\"p_rule\":2,\"name\":\"s27\"}",
[17:35:38.273] "<17:35:38.273><62148.200000000004> \n%%% g-proxy s27 sends to Genotype g-ch msg {\"axiom\":[10,7],\"g_rule\":\"*\",\"p_rule\":2,\"name\":\"s27\"}",
[17:35:38.273] "<17:35:38.273><804385.343996> Genotype sends to s27 generated genotype {\"axiom\":[10,7],\"g_rule\":\"*\",\"p_rule\":2,\"name\":\"s27\",\"genotype\":70}",
[17:35:38.273] "<17:35:38.273><62151.295000000006> producer s27 received GENOTYPE",
[17:35:38.273] "<17:35:38.273><62150.81500000001> g-proxy s27 receives Genotype g-ch msg = {\"axiom\":[10,7],\"g_rule\":\"*\",\"p_rule\":2,\"name\":\"s27\",\"genotype\":70}",
[17:35:38.273] "<17:35:38.273><62152.05500000001> %%% p-proxy s27 sends to Phenotype p-ch msg {\"axiom\":[10,7],\"g_rule\":\"*\",\"p_rule\":2,\"name\":\"s27\",\"genotype\":70}",
[17:35:38.273] "<17:35:38.273><804392.500965> Phenotype sends to s27 generated phenotype {\"axiom\":[10,7],\"g_rule\":\"*\",\"p_rule\":2,\"name\":\"s27\",\"genotype\":70,\"phenotype\":140}",
[17:35:38.273] "<17:35:38.273><804391.761876> Phenotype received from s27 {\"axiom\":[10,7],\"g_rule\":\"*\",\"p_rule\":2,\"name\":\"s27\",\"genotype\":70}",
[17:35:38.273] "<17:35:38.273><62158.005000000005> p-proxy s27 receives Phenotype p-ch msg = {\"axiom\":[10,7],\"g_rule\":\"*\",\"p_rule\":2,\"name\":\"s27\",\"genotype\":70,\"phenotype\":140}",
[17:35:38.273] "<17:35:38.273><62158.490000000005> producer s27 received PHENOTYPE",
[17:35:43.267] "<17:35:43.267><67141.91> \n%%% g-proxy s27 sends to Genotype g-ch msg {\"axiom\":[10,7],\"g_rule\":\"*\",\"p_rule\":2,\"name\":\"s27\"}",
[17:35:43.267] "<17:35:43.267><809378.437536> \nGenotype received from s27 {\"axiom\":[10,7],\"g_rule\":\"*\",\"p_rule\":2,\"name\":\"s27\"}",
[17:35:43.267] "<17:35:43.267><809379.263682> Genotype sends to s27 generated genotype {\"axiom\":[10,7],\"g_rule\":\"*\",\"p_rule\":2,\"name\":\"s27\",\"genotype\":70}",
[17:35:43.267] "<17:35:43.267><67144.925> g-proxy s27 receives Genotype g-ch msg = {\"axiom\":[10,7],\"g_rule\":\"*\",\"p_rule\":2,\"name\":\"s27\",\"genotype\":70}",
[17:35:43.267] "<17:35:43.267><67145.40000000001> producer s27 received GENOTYPE",
[17:35:43.267] "<17:35:43.267><67146.12500000001> %%% p-proxy s27 sends to Phenotype p-ch msg {\"axiom\":[10,7],\"g_rule\":\"*\",\"p_rule\":2,\"name\":\"s27\",\"genotype\":70}",
[17:35:43.267] "<17:35:43.267><809384.72868> Phenotype sends to s27 generated phenotype {\"axiom\":[10,7],\"g_rule\":\"*\",\"p_rule\":2,\"name\":\"s27\",\"genotype\":70,\"phenotype\":140}",
[17:35:43.267] "<17:35:43.267><809384.005581> Phenotype received from s27 {\"axiom\":[10,7],\"g_rule\":\"*\",\"p_rule\":2,\"name\":\"s27\",\"genotype\":70}",
[17:35:43.267] "<17:35:43.267><67150.425> p-proxy s27 receives Phenotype p-ch msg = {\"axiom\":[10,7],\"g_rule\":\"*\",\"p_rule\":2,\"name\":\"s27\",\"genotype\":70,\"phenotype\":140}",
[17:35:43.267] "<17:35:43.267><67151.09500000002> producer s27 received PHENOTYPE",
[17:35:48.274] "<17:35:48.275><72149.24500000001> \n%%% g-proxy s27 sends to Genotype g-ch msg {\"axiom\":[2,4],\"g_rule\":\"+\",\"p_rule\":0.5,\"name\":\"s27\"}",
[17:35:48.274] "<17:35:48.274><814385.849751> \nGenotype received from s27 {\"axiom\":[2,4],\"g_rule\":\"+\",\"p_rule\":0.5,\"name\":\"s27\"}",
[17:35:48.274] "<17:35:48.274><814386.718537> Genotype sends to s27 generated genotype {\"axiom\":[2,4],\"g_rule\":\"+\",\"p_rule\":0.5,\"name\":\"s27\",\"genotype\":6}",
[17:35:48.274] "<17:35:48.275><72152.36> g-proxy s27 receives Genotype g-ch msg = {\"axiom\":[2,4],\"g_rule\":\"+\",\"p_rule\":0.5,\"name\":\"s27\",\"genotype\":6}",
[17:35:48.274] "<17:35:48.275><72152.845> producer s27 received GENOTYPE",
[17:35:48.274] "<17:35:48.275><72153.59500000002> %%% p-proxy s27 sends to Phenotype p-ch msg {\"axiom\":[2,4],\"g_rule\":\"+\",\"p_rule\":0.5,\"name\":\"s27\",\"genotype\":6}",
[17:35:48.274] "<17:35:48.274><814392.69699> Phenotype received from s27 {\"axiom\":[2,4],\"g_rule\":\"+\",\"p_rule\":0.5,\"name\":\"s27\",\"genotype\":6}",
[17:35:48.274] "<17:35:48.274><814393.506553> Phenotype sends to s27 generated phenotype {\"axiom\":[2,4],\"g_rule\":\"+\",\"p_rule\":0.5,\"name\":\"s27\",\"genotype\":6,\"phenotype\":3}",
[17:35:48.274] "<17:35:48.275><72159.56> producer s27 received PHENOTYPE",
[17:35:48.274] "<17:35:48.275><72159.05500000001> p-proxy s27 receives Phenotype p-ch msg = {\"axiom\":[2,4],\"g_rule\":\"+\",\"p_rule\":0.5,\"name\":\"s27\",\"genotype\":6,\"phenotype\":3}",
[17:35:53.278] "<17:35:53.279><77152.82> \n%%% g-proxy s27 sends to Genotype g-ch msg {\"axiom\":[2,4],\"g_rule\":\"+\",\"p_rule\":0.5,\"name\":\"s27\"}",
[17:35:53.278] "<17:35:53.278><819389.322525> \nGenotype received from s27 {\"axiom\":[2,4],\"g_rule\":\"+\",\"p_rule\":0.5,\"name\":\"s27\"}",
[17:35:53.278] "<17:35:53.278><819390.126758> Genotype sends to s27 generated genotype {\"axiom\":[2,4],\"g_rule\":\"+\",\"p_rule\":0.5,\"name\":\"s27\",\"genotype\":6}",
[17:35:53.278] "<17:35:53.279><77155.735> g-proxy s27 receives Genotype g-ch msg = {\"axiom\":[2,4],\"g_rule\":\"+\",\"p_rule\":0.5,\"name\":\"s27\",\"genotype\":6}",
[17:35:53.278] "<17:35:53.279><77156.25> producer s27 received GENOTYPE",
[17:35:53.278] "<17:35:53.278><819395.893789> Phenotype received from s27 {\"axiom\":[2,4],\"g_rule\":\"+\",\"p_rule\":0.5,\"name\":\"s27\",\"genotype\":6}",
[17:35:53.278] "<17:35:53.278><819396.66012> Phenotype sends to s27 generated phenotype {\"axiom\":[2,4],\"g_rule\":\"+\",\"p_rule\":0.5,\"name\":\"s27\",\"genotype\":6,\"phenotype\":3}",
[17:35:53.278] "<17:35:53.279><77159.025> %%% p-proxy s27 sends to Phenotype p-ch msg {\"axiom\":[2,4],\"g_rule\":\"+\",\"p_rule\":0.5,\"name\":\"s27\",\"genotype\":6}",
[17:35:53.278] "<17:35:53.279><77162.47000000002> producer s27 received PHENOTYPE",
[17:35:53.278] "<17:35:53.279><77161.96500000001> p-proxy s27 receives Phenotype p-ch msg = {\"axiom\":[2,4],\"g_rule\":\"+\",\"p_rule\":0.5,\"name\":\"s27\",\"genotype\":6,\"phenotype\":3}",
[17:35:58.268] "<17:35:58.268><824379.240585> \nGenotype received from s27 {\"axiom\":[10,7],\"g_rule\":\"*\",\"p_rule\":2,\"name\":\"s27\"}",
[17:35:58.268] "<17:35:58.269><82142.93000000001> \n%%% g-proxy s27 sends to Genotype g-ch msg {\"axiom\":[10,7],\"g_rule\":\"*\",\"p_rule\":2,\"name\":\"s27\"}",
[17:35:58.268] "<17:35:58.268><824380.07976> Genotype sends to s27 generated genotype {\"axiom\":[10,7],\"g_rule\":\"*\",\"p_rule\":2,\"name\":\"s27\",\"genotype\":70}",
[17:35:58.284] "<17:35:58.285><82159.09000000001> producer s27 received GENOTYPE",
[17:35:58.284] "<17:35:58.284><824396.67611> Phenotype received from s27 {\"axiom\":[10,7],\"g_rule\":\"*\",\"p_rule\":2,\"name\":\"s27\",\"genotype\":70}",
[17:35:58.284] "<17:35:58.284><824397.473237> Phenotype sends to s27 generated phenotype {\"axiom\":[10,7],\"g_rule\":\"*\",\"p_rule\":2,\"name\":\"s27\",\"genotype\":70,\"phenotype\":140}",
[17:35:58.284] "<17:35:58.285><82158.675> g-proxy s27 receives Genotype g-ch msg = {\"axiom\":[10,7],\"g_rule\":\"*\",\"p_rule\":2,\"name\":\"s27\",\"genotype\":70}",
[17:35:58.284] "<17:35:58.285><82159.87500000001> %%% p-proxy s27 sends to Phenotype p-ch msg {\"axiom\":[10,7],\"g_rule\":\"*\",\"p_rule\":2,\"name\":\"s27\",\"genotype\":70}",
[17:35:58.284] "<17:35:58.285><82162.865> p-proxy s27 receives Phenotype p-ch msg = {\"axiom\":[10,7],\"g_rule\":\"*\",\"p_rule\":2,\"name\":\"s27\",\"genotype\":70,\"phenotype\":140}",
[17:35:58.284] "<17:35:58.285><82166.255> producer s27 received PHENOTYPE",
[17:36:03.266] "<17:36:03.267><87140.1> \n%%% g-proxy s27 sends to Genotype g-ch msg {\"axiom\":[10,7],\"g_rule\":\"*\",\"p_rule\":2,\"name\":\"s27\"}",
[17:36:03.266] "<17:36:03.266><829376.954027> \nGenotype received from s27 {\"axiom\":[10,7],\"g_rule\":\"*\",\"p_rule\":2,\"name\":\"s27\"}",
[17:36:03.266] "<17:36:03.266><829378.815372> Genotype sends to s27 generated genotype {\"axiom\":[10,7],\"g_rule\":\"*\",\"p_rule\":2,\"name\":\"s27\",\"genotype\":70}",
[17:36:03.266] "<17:36:03.267><87144.51000000001> g-proxy s27 receives Genotype g-ch msg = {\"axiom\":[10,7],\"g_rule\":\"*\",\"p_rule\":2,\"name\":\"s27\",\"genotype\":70}",
[17:36:03.266] "<17:36:03.267><87144.99500000001> producer s27 received GENOTYPE",
[17:36:03.266] "<17:36:03.267><87145.86000000002> %%% p-proxy s27 sends to Phenotype p-ch msg {\"axiom\":[10,7],\"g_rule\":\"*\",\"p_rule\":2,\"name\":\"s27\",\"genotype\":70}",
[17:36:03.266] "<17:36:03.266><829383.156339> Phenotype received from s27 {\"axiom\":[10,7],\"g_rule\":\"*\",\"p_rule\":2,\"name\":\"s27\",\"genotype\":70}",
[17:36:03.266] "<17:36:03.266><829384.119879> Phenotype sends to s27 generated phenotype {\"axiom\":[10,7],\"g_rule\":\"*\",\"p_rule\":2,\"name\":\"s27\",\"genotype\":70,\"phenotype\":140}",
[17:36:03.266] "<17:36:03.267><87149.39500000002> p-proxy s27 receives Phenotype p-ch msg = {\"axiom\":[10,7],\"g_rule\":\"*\",\"p_rule\":2,\"name\":\"s27\",\"genotype\":70,\"phenotype\":140}",
[17:36:03.266] "<17:36:03.267><87149.87500000001> producer s27 received PHENOTYPE",
[17:36:08.272] "<17:36:08.273><92145.94000000002> \n%%% g-proxy s27 sends to Genotype g-ch msg {\"axiom\":[2,4],\"g_rule\":\"+\",\"p_rule\":0.5,\"name\":\"s27\"}",
[17:36:08.272] "<17:36:08.272><834382.368687> \nGenotype received from s27 {\"axiom\":[2,4],\"g_rule\":\"+\",\"p_rule\":0.5,\"name\":\"s27\"}",
[17:36:08.272] "<17:36:08.272><834383.408032> Genotype sends to s27 generated genotype {\"axiom\":[2,4],\"g_rule\":\"+\",\"p_rule\":0.5,\"name\":\"s27\",\"genotype\":6}",
[17:36:08.272] "<17:36:08.273><92149.11> g-proxy s27 receives Genotype g-ch msg = {\"axiom\":[2,4],\"g_rule\":\"+\",\"p_rule\":0.5,\"name\":\"s27\",\"genotype\":6}",
[17:36:08.272] "<17:36:08.273><92149.595> producer s27 received GENOTYPE",
[17:36:08.272] "<17:36:08.273><92150.73500000002> %%% p-proxy s27 sends to Phenotype p-ch msg {\"axiom\":[2,4],\"g_rule\":\"+\",\"p_rule\":0.5,\"name\":\"s27\",\"genotype\":6}",
[17:36:08.272] "<17:36:08.272><834387.544683> Phenotype received from s27 {\"axiom\":[2,4],\"g_rule\":\"+\",\"p_rule\":0.5,\"name\":\"s27\",\"genotype\":6}",
[17:36:08.272] "<17:36:08.272><834388.28318> Phenotype sends to s27 generated phenotype {\"axiom\":[2,4],\"g_rule\":\"+\",\"p_rule\":0.5,\"name\":\"s27\",\"genotype\":6,\"phenotype\":3}",
[17:36:08.272] "<17:36:08.273><92153.67> p-proxy s27 receives Phenotype p-ch msg = {\"axiom\":[2,4],\"g_rule\":\"+\",\"p_rule\":0.5,\"name\":\"s27\",\"genotype\":6,\"phenotype\":3}",
[17:36:08.272] "<17:36:08.273><92154.14000000001> producer s27 received PHENOTYPE",
[17:36:13.273] "<17:36:13.273><839382.890432> \nGenotype received from s27 {\"axiom\":[10,7],\"g_rule\":\"*\",\"p_rule\":2,\"name\":\"s27\"}",
[17:36:13.273] "<17:36:13.273><97146.41> \n%%% g-proxy s27 sends to Genotype g-ch msg {\"axiom\":[10,7],\"g_rule\":\"*\",\"p_rule\":2,\"name\":\"s27\"}",
[17:36:13.273] "<17:36:13.273><839384.02927> Genotype sends to s27 generated genotype {\"axiom\":[10,7],\"g_rule\":\"*\",\"p_rule\":2,\"name\":\"s27\",\"genotype\":70}",
[17:36:13.273] "<17:36:13.273><97149.55> g-proxy s27 receives Genotype g-ch msg = {\"axiom\":[10,7],\"g_rule\":\"*\",\"p_rule\":2,\"name\":\"s27\",\"genotype\":70}",
[17:36:13.273] "<17:36:13.273><97150.02000000002> producer s27 received GENOTYPE",
[17:36:13.273] "<17:36:13.273><97150.755> %%% p-proxy s27 sends to Phenotype p-ch msg {\"axiom\":[10,7],\"g_rule\":\"*\",\"p_rule\":2,\"name\":\"s27\",\"genotype\":70}",
[17:36:13.273] "<17:36:13.273><839389.143082> Phenotype received from s27 {\"axiom\":[10,7],\"g_rule\":\"*\",\"p_rule\":2,\"name\":\"s27\",\"genotype\":70}",
[17:36:13.273] "<17:36:13.273><839389.921258> Phenotype sends to s27 generated phenotype {\"axiom\":[10,7],\"g_rule\":\"*\",\"p_rule\":2,\"name\":\"s27\",\"genotype\":70,\"phenotype\":140}",
[17:36:13.273] "<17:36:13.273><97155.42000000001> p-proxy s27 receives Phenotype p-ch msg = {\"axiom\":[10,7],\"g_rule\":\"*\",\"p_rule\":2,\"name\":\"s27\",\"genotype\":70,\"phenotype\":140}",
[17:36:13.273] "<17:36:13.273><97155.93000000001> producer s27 received PHENOTYPE",
