[17:57:08.834] "<17:57:08.819><9333.373801> \nGenotype received from s1 {\"axiom\":[2,4],\"g_rule\":\"+\",\"p_rule\":0.5,\"name\":\"s1\"}",
[17:57:08.834] "<17:57:08.834><9339.247431> Genotype sends to s1 generated genotype {\"axiom\":[2,4],\"g_rule\":\"+\",\"p_rule\":0.5,\"name\":\"s1\",\"genotype\":6}",
[17:57:08.834] "<17:57:08.818><6189.945000000001> \n%%% g-proxy s1 sends to Genotype g-ch msg {\"axiom\":[2,4],\"g_rule\":\"+\",\"p_rule\":0.5,\"name\":\"s1\"}",
[17:57:08.873] "<17:57:08.834><6204.135000000001> producer s1 received GENOTYPE",
[17:57:08.875] "<17:57:08.834><6203.500000000001> g-proxy s1 receives Genotype g-ch msg = {\"axiom\":[2,4],\"g_rule\":\"+\",\"p_rule\":0.5,\"name\":\"s1\",\"genotype\":6}",
[17:57:08.876] "<17:57:08.874><9375.799199> \nGenotype received from s1 {\"axiom\":[3,5],\"g_rule\":\"*\",\"p_rule\":2,\"name\":\"s1\"}",
[17:57:08.878] "<17:57:08.874><9376.393788> Genotype sends to s1 generated genotype {\"axiom\":[3,5],\"g_rule\":\"*\",\"p_rule\":2,\"name\":\"s1\",\"genotype\":15}",
[17:57:08.881] "<17:57:08.834><6206.235000000001> \n%%% g-proxy s1 sends to Genotype g-ch msg {\"axiom\":[3,5],\"g_rule\":\"*\",\"p_rule\":2,\"name\":\"s1\"}",
[17:57:08.882] "<17:57:08.875><6240.3> producer s1 received GENOTYPE",
[17:57:08.884] "<17:57:08.877><6241.650000000001> %%% p-proxy s1 sends to Phenotype p-ch msg {\"axiom\":[2,4],\"g_rule\":\"+\",\"p_rule\":0.5,\"genotype\":6,\"name\":\"s1\"}",
[17:57:08.884] "<17:57:08.883><9384.64577> Phenotype received from s1 {\"axiom\":[2,4],\"g_rule\":\"+\",\"p_rule\":0.5,\"genotype\":6,\"name\":\"s1\"}",
[17:57:08.885] "<17:57:08.875><6239.9400000000005> g-proxy s1 receives Genotype g-ch msg = {\"axiom\":[3,5],\"g_rule\":\"*\",\"p_rule\":2,\"name\":\"s1\",\"genotype\":15}",
[17:57:08.886] "<17:57:08.883><9385.39848> Phenotype sends to s1 generated phenotype {\"axiom\":[2,4],\"g_rule\":\"+\",\"p_rule\":0.5,\"genotype\":6,\"name\":\"s1\",\"phenotype\":3}",
[17:57:08.887] "<17:57:08.884><6249.2300000000005> p-proxy s1 receives Phenotype p-ch msg = {\"axiom\":[2,4],\"g_rule\":\"+\",\"p_rule\":0.5,\"genotype\":6,\"name\":\"s1\",\"phenotype\":3}",
[17:57:08.887] "<17:57:08.885><6249.780000000001> producer s1 received PHENOTYPE",
[17:57:08.890] "<17:57:08.888><9389.788009> Phenotype received from s1 {\"axiom\":[3,5],\"g_rule\":\"*\",\"p_rule\":2,\"genotype\":15,\"name\":\"s1\"}",
[17:57:08.890] "<17:57:08.889><9390.690551> Phenotype sends to s1 generated phenotype {\"axiom\":[3,5],\"g_rule\":\"*\",\"p_rule\":2,\"genotype\":15,\"name\":\"s1\",\"phenotype\":30}",
[17:57:08.891] "<17:57:08.886><6250.845000000001> %%% p-proxy s1 sends to Phenotype p-ch msg {\"axiom\":[3,5],\"g_rule\":\"*\",\"p_rule\":2,\"genotype\":15,\"name\":\"s1\"}",
[17:57:08.892] "<17:57:08.889><6253.93> p-proxy s1 receives Phenotype p-ch msg = {\"axiom\":[3,5],\"g_rule\":\"*\",\"p_rule\":2,\"genotype\":15,\"name\":\"s1\",\"phenotype\":30}",
[17:57:08.893] "<17:57:08.889><6254.455> producer s1 received PHENOTYPE",
[17:57:09.713] "<17:57:09.713><7079.22> \n%%% g-proxy s2 sends to Genotype g-ch msg {\"axiom\":[2,4],\"g_rule\":\"+\",\"p_rule\":0.5,\"name\":\"s2\"}",
[17:57:09.713] "<17:57:09.713><10217.502564> \nGenotype received from s2 {\"axiom\":[2,4],\"g_rule\":\"+\",\"p_rule\":0.5,\"name\":\"s2\"}",
[17:57:09.713] "<17:57:09.713><10218.396223> Genotype sends to s2 generated genotype {\"axiom\":[2,4],\"g_rule\":\"+\",\"p_rule\":0.5,\"name\":\"s2\",\"genotype\":6}",
[17:57:09.713] "<17:57:09.713><7082.1050000000005> g-proxy s2 receives Genotype g-ch msg = {\"axiom\":[2,4],\"g_rule\":\"+\",\"p_rule\":0.5,\"name\":\"s2\",\"genotype\":6}",
[17:57:09.713] "<17:57:09.713><7082.590000000001> producer s2 received GENOTYPE",
[17:57:09.713] "<17:57:09.713><7084.295000000001> %%% p-proxy s2 sends to Phenotype p-ch msg {\"axiom\":[2,4],\"g_rule\":\"+\",\"p_rule\":0.5,\"name\":\"s2\",\"genotype\":6}",
[17:57:09.713] "<17:57:09.713><10226.195157> Phenotype received from s2 {\"axiom\":[2,4],\"g_rule\":\"+\",\"p_rule\":0.5,\"name\":\"s2\",\"genotype\":6}",
[17:57:09.713] "<17:57:09.713><10227.441186> Phenotype sends to s2 generated phenotype {\"axiom\":[2,4],\"g_rule\":\"+\",\"p_rule\":0.5,\"name\":\"s2\",\"genotype\":6,\"phenotype\":3}",
[17:57:09.729] "<17:57:09.713><7091.340000000001> p-proxy s2 receives Phenotype p-ch msg = {\"axiom\":[2,4],\"g_rule\":\"+\",\"p_rule\":0.5,\"name\":\"s2\",\"genotype\":6,\"phenotype\":3}",
[17:57:09.729] "<17:57:09.713><7092.665> producer s2 received PHENOTYPE",
[17:57:14.715] "<17:57:14.715><12080.74> \n%%% g-proxy s2 sends to Genotype g-ch msg {\"axiom\":[2,4],\"g_rule\":\"+\",\"p_rule\":0.5,\"name\":\"s2\"}",
[17:57:14.715] "<17:57:14.715><15218.996141> \nGenotype received from s2 {\"axiom\":[2,4],\"g_rule\":\"+\",\"p_rule\":0.5,\"name\":\"s2\"}",
[17:57:14.715] "<17:57:14.715><15219.803336> Genotype sends to s2 generated genotype {\"axiom\":[2,4],\"g_rule\":\"+\",\"p_rule\":0.5,\"name\":\"s2\",\"genotype\":6}",
[17:57:14.715] "<17:57:14.715><12083.695> g-proxy s2 receives Genotype g-ch msg = {\"axiom\":[2,4],\"g_rule\":\"+\",\"p_rule\":0.5,\"name\":\"s2\",\"genotype\":6}",
[17:57:14.715] "<17:57:14.715><12084.300000000001> producer s2 received GENOTYPE",
[17:57:14.715] "<17:57:14.715><12085.185000000001> %%% p-proxy s2 sends to Phenotype p-ch msg {\"axiom\":[2,4],\"g_rule\":\"+\",\"p_rule\":0.5,\"name\":\"s2\",\"genotype\":6}",
[17:57:14.715] "<17:57:14.715><15226.077306> Phenotype received from s2 {\"axiom\":[2,4],\"g_rule\":\"+\",\"p_rule\":0.5,\"name\":\"s2\",\"genotype\":6}",
[17:57:14.715] "<17:57:14.715><15226.904636> Phenotype sends to s2 generated phenotype {\"axiom\":[2,4],\"g_rule\":\"+\",\"p_rule\":0.5,\"name\":\"s2\",\"genotype\":6,\"phenotype\":3}",
[17:57:14.715] "<17:57:14.715><12090.625000000002> p-proxy s2 receives Phenotype p-ch msg = {\"axiom\":[2,4],\"g_rule\":\"+\",\"p_rule\":0.5,\"name\":\"s2\",\"genotype\":6,\"phenotype\":3}",
[17:57:14.731] "<17:57:14.715><12091.075000000003> producer s2 received PHENOTYPE",
[17:57:19.725] "<17:57:19.725><17090.685> \n%%% g-proxy s2 sends to Genotype g-ch msg {\"axiom\":[10,7],\"g_rule\":\"*\",\"p_rule\":2,\"name\":\"s2\"}",
[17:57:19.725] "<17:57:19.725><20230.399913> \nGenotype received from s2 {\"axiom\":[10,7],\"g_rule\":\"*\",\"p_rule\":2,\"name\":\"s2\"}",
[17:57:19.725] "<17:57:19.725><20231.291796> Genotype sends to s2 generated genotype {\"axiom\":[10,7],\"g_rule\":\"*\",\"p_rule\":2,\"name\":\"s2\",\"genotype\":70}",
[17:57:19.725] "<17:57:19.725><17094.825> g-proxy s2 receives Genotype g-ch msg = {\"axiom\":[10,7],\"g_rule\":\"*\",\"p_rule\":2,\"name\":\"s2\",\"genotype\":70}",
[17:57:19.725] "<17:57:19.725><17095.435> producer s2 received GENOTYPE",
[17:57:19.725] "<17:57:19.725><17096.365> %%% p-proxy s2 sends to Phenotype p-ch msg {\"axiom\":[10,7],\"g_rule\":\"*\",\"p_rule\":2,\"name\":\"s2\",\"genotype\":70}",
[17:57:19.725] "<17:57:19.725><20237.578202> Phenotype received from s2 {\"axiom\":[10,7],\"g_rule\":\"*\",\"p_rule\":2,\"name\":\"s2\",\"genotype\":70}",
[17:57:19.725] "<17:57:19.725><20238.345126> Phenotype sends to s2 generated phenotype {\"axiom\":[10,7],\"g_rule\":\"*\",\"p_rule\":2,\"name\":\"s2\",\"genotype\":70,\"phenotype\":140}",
[17:57:19.741] "<17:57:19.725><17101.915> p-proxy s2 receives Phenotype p-ch msg = {\"axiom\":[10,7],\"g_rule\":\"*\",\"p_rule\":2,\"name\":\"s2\",\"genotype\":70,\"phenotype\":140}",
[17:57:19.741] "<17:57:19.725><17102.345> producer s2 received PHENOTYPE",
