[18:06:48.654] "<18:06:48.638><8483.195188> \nGenotype received from s1 {\"axiom\":[2,4],\"g_rule\":\"+\",\"p_rule\":0.5,\"name\":\"s1\"}",
[18:06:48.654] "<18:06:48.654><8487.810944> Genotype sends to s1 generated genotype {\"axiom\":[2,4],\"g_rule\":\"+\",\"p_rule\":0.5,\"name\":\"s1\",\"genotype\":6}",
[18:06:48.654] "<18:06:48.639><5592.415000000001> \n%%% g-proxy s1 sends to Genotype g-ch msg {\"axiom\":[2,4],\"g_rule\":\"+\",\"p_rule\":0.5,\"name\":\"s1\"}",
[18:06:48.654] "<18:06:48.654><5604.735000000001> producer s1 received GENOTYPE",
[18:06:48.670] "<18:06:48.654><8501.647554> \nGenotype received from s1 {\"axiom\":[3,5],\"g_rule\":\"*\",\"p_rule\":2,\"name\":\"s1\"}",
[18:06:48.671] "<18:06:48.670><8502.664986> Genotype sends to s1 generated genotype {\"axiom\":[3,5],\"g_rule\":\"*\",\"p_rule\":2,\"name\":\"s1\",\"genotype\":15}",
[18:06:48.671] "<18:06:48.654><5604.13> g-proxy s1 receives Genotype g-ch msg = {\"axiom\":[2,4],\"g_rule\":\"+\",\"p_rule\":0.5,\"name\":\"s1\",\"genotype\":6}",
[18:06:48.672] "<18:06:48.671><5618.87> producer s1 received GENOTYPE",
[18:06:48.672] "<18:06:48.654><5606.6> \n%%% g-proxy s1 sends to Genotype g-ch msg {\"axiom\":[3,5],\"g_rule\":\"*\",\"p_rule\":2,\"name\":\"s1\"}",
[18:06:48.673] "<18:06:48.671><5618.39> g-proxy s1 receives Genotype g-ch msg = {\"axiom\":[3,5],\"g_rule\":\"*\",\"p_rule\":2,\"name\":\"s1\",\"genotype\":15}",
[18:06:48.675] "<18:06:48.673><5620.885> %%% p-proxy s1 sends to Phenotype p-ch msg {\"axiom\":[2,4],\"g_rule\":\"+\",\"p_rule\":0.5,\"genotype\":6,\"name\":\"s1\"}",
[18:06:48.676] "<18:06:48.675><8507.832099> Phenotype sends to s1 generated phenotype {\"axiom\":[2,4],\"g_rule\":\"+\",\"p_rule\":0.5,\"genotype\":6,\"name\":\"s1\",\"phenotype\":3}",
[18:06:48.676] "<18:06:48.674><8507.26416> Phenotype received from s1 {\"axiom\":[2,4],\"g_rule\":\"+\",\"p_rule\":0.5,\"genotype\":6,\"name\":\"s1\"}",
[18:06:48.678] "<18:06:48.677><5624.750000000001> producer s1 received PHENOTYPE",
[18:06:48.678] "<18:06:48.676><5623.885> p-proxy s1 receives Phenotype p-ch msg = {\"axiom\":[2,4],\"g_rule\":\"+\",\"p_rule\":0.5,\"genotype\":6,\"name\":\"s1\",\"phenotype\":3}",
[18:06:48.682] "<18:06:48.679><8512.483388> Phenotype received from s1 {\"axiom\":[3,5],\"g_rule\":\"*\",\"p_rule\":2,\"genotype\":15,\"name\":\"s1\"}",
[18:06:48.682] "<18:06:48.680><8513.795746> Phenotype sends to s1 generated phenotype {\"axiom\":[3,5],\"g_rule\":\"*\",\"p_rule\":2,\"genotype\":15,\"name\":\"s1\",\"phenotype\":30}",
[18:06:48.683] "<18:06:48.679><5626.700000000001> %%% p-proxy s1 sends to Phenotype p-ch msg {\"axiom\":[3,5],\"g_rule\":\"*\",\"p_rule\":2,\"genotype\":15,\"name\":\"s1\"}",
[18:06:48.684] "<18:06:48.683><5630.055> producer s1 received PHENOTYPE",
[18:06:48.684] "<18:06:48.682><5629.370000000001> p-proxy s1 receives Phenotype p-ch msg = {\"axiom\":[3,5],\"g_rule\":\"*\",\"p_rule\":2,\"genotype\":15,\"name\":\"s1\",\"phenotype\":30}",
[18:06:49.554] "<18:06:49.555><6503.56> \n%%% g-proxy s2 sends to Genotype g-ch msg {\"axiom\":[10,7],\"g_rule\":\"*\",\"p_rule\":2,\"name\":\"s2\"}",
[18:06:49.554] "<18:06:49.554><9389.777349> \nGenotype received from s2 {\"axiom\":[10,7],\"g_rule\":\"*\",\"p_rule\":2,\"name\":\"s2\"}",
[18:06:49.554] "<18:06:49.554><9390.743259> Genotype sends to s2 generated genotype {\"axiom\":[10,7],\"g_rule\":\"*\",\"p_rule\":2,\"name\":\"s2\",\"genotype\":70}",
[18:06:49.554] "<18:06:49.555><6506.935> g-proxy s2 receives Genotype g-ch msg = {\"axiom\":[10,7],\"g_rule\":\"*\",\"p_rule\":2,\"name\":\"s2\",\"genotype\":70}",
[18:06:49.554] "<18:06:49.555><6507.545> producer s2 received GENOTYPE",
[18:06:49.554] "<18:06:49.555><6508.8550000000005> %%% p-proxy s2 sends to Phenotype p-ch msg {\"axiom\":[10,7],\"g_rule\":\"*\",\"p_rule\":2,\"name\":\"s2\",\"genotype\":70}",
[18:06:49.554] "<18:06:49.554><9397.22036> Phenotype received from s2 {\"axiom\":[10,7],\"g_rule\":\"*\",\"p_rule\":2,\"name\":\"s2\",\"genotype\":70}",
[18:06:49.554] "<18:06:49.554><9398.164949> Phenotype sends to s2 generated phenotype {\"axiom\":[10,7],\"g_rule\":\"*\",\"p_rule\":2,\"name\":\"s2\",\"genotype\":70,\"phenotype\":140}",
[18:06:49.570] "<18:06:49.555><6514.215000000001> p-proxy s2 receives Phenotype p-ch msg = {\"axiom\":[10,7],\"g_rule\":\"*\",\"p_rule\":2,\"name\":\"s2\",\"genotype\":70,\"phenotype\":140}",
[18:06:49.570] "<18:06:49.555><6514.910000000001> producer s2 received PHENOTYPE",
[18:06:54.568] "<18:06:54.568><11515.115000000002> \n%%% g-proxy s2 sends to Genotype g-ch msg {\"axiom\":[2,4],\"g_rule\":\"+\",\"p_rule\":0.5,\"name\":\"s2\"}",
[18:06:54.568] "<18:06:54.568><14402.016151> \nGenotype received from s2 {\"axiom\":[2,4],\"g_rule\":\"+\",\"p_rule\":0.5,\"name\":\"s2\"}",
[18:06:54.568] "<18:06:54.568><14403.645346> Genotype sends to s2 generated genotype {\"axiom\":[2,4],\"g_rule\":\"+\",\"p_rule\":0.5,\"name\":\"s2\",\"genotype\":6}",
[18:06:54.568] "<18:06:54.568><11520.55> g-proxy s2 receives Genotype g-ch msg = {\"axiom\":[2,4],\"g_rule\":\"+\",\"p_rule\":0.5,\"name\":\"s2\",\"genotype\":6}",
[18:06:54.568] "<18:06:54.568><11521.320000000002> producer s2 received GENOTYPE",
[18:06:54.568] "<18:06:54.568><11522.630000000001> %%% p-proxy s2 sends to Phenotype p-ch msg {\"axiom\":[2,4],\"g_rule\":\"+\",\"p_rule\":0.5,\"name\":\"s2\",\"genotype\":6}",
[18:06:54.568] "<18:06:54.568><14409.196808> Phenotype received from s2 {\"axiom\":[2,4],\"g_rule\":\"+\",\"p_rule\":0.5,\"name\":\"s2\",\"genotype\":6}",
[18:06:54.568] "<18:06:54.568><14410.022362> Phenotype sends to s2 generated phenotype {\"axiom\":[2,4],\"g_rule\":\"+\",\"p_rule\":0.5,\"name\":\"s2\",\"genotype\":6,\"phenotype\":3}",
[18:06:54.568] "<18:06:54.568><11525.970000000001> p-proxy s2 receives Phenotype p-ch msg = {\"axiom\":[2,4],\"g_rule\":\"+\",\"p_rule\":0.5,\"name\":\"s2\",\"genotype\":6,\"phenotype\":3}",
[18:06:54.568] "<18:06:54.568><11526.65> producer s2 received PHENOTYPE",
[18:06:59.564] "<18:06:59.564><16512.065> \n%%% g-proxy s2 sends to Genotype g-ch msg {\"axiom\":[2,4],\"g_rule\":\"+\",\"p_rule\":0.5,\"name\":\"s2\"}",
[18:06:59.564] "<18:06:59.564><19398.219434> \nGenotype received from s2 {\"axiom\":[2,4],\"g_rule\":\"+\",\"p_rule\":0.5,\"name\":\"s2\"}",
[18:06:59.564] "<18:06:59.564><19399.088811> Genotype sends to s2 generated genotype {\"axiom\":[2,4],\"g_rule\":\"+\",\"p_rule\":0.5,\"name\":\"s2\",\"genotype\":6}",
[18:06:59.564] "<18:06:59.564><16515.205> g-proxy s2 receives Genotype g-ch msg = {\"axiom\":[2,4],\"g_rule\":\"+\",\"p_rule\":0.5,\"name\":\"s2\",\"genotype\":6}",
[18:06:59.564] "<18:06:59.564><16515.965> producer s2 received GENOTYPE",
[18:06:59.564] "<18:06:59.564><16517.375> %%% p-proxy s2 sends to Phenotype p-ch msg {\"axiom\":[2,4],\"g_rule\":\"+\",\"p_rule\":0.5,\"name\":\"s2\",\"genotype\":6}",
[18:06:59.564] "<18:06:59.564><19406.714226> Phenotype received from s2 {\"axiom\":[2,4],\"g_rule\":\"+\",\"p_rule\":0.5,\"name\":\"s2\",\"genotype\":6}",
[18:06:59.580] "<18:06:59.564><19407.643418> Phenotype sends to s2 generated phenotype {\"axiom\":[2,4],\"g_rule\":\"+\",\"p_rule\":0.5,\"name\":\"s2\",\"genotype\":6,\"phenotype\":3}",
[18:06:59.580] "<18:06:59.564><16523.84> p-proxy s2 receives Phenotype p-ch msg = {\"axiom\":[2,4],\"g_rule\":\"+\",\"p_rule\":0.5,\"name\":\"s2\",\"genotype\":6,\"phenotype\":3}",
[18:06:59.580] "<18:06:59.564><16524.445> producer s2 received PHENOTYPE",
[18:07:04.563] "<18:07:04.564><21511.455> \n%%% g-proxy s2 sends to Genotype g-ch msg {\"axiom\":[2,4],\"g_rule\":\"+\",\"p_rule\":0.5,\"name\":\"s2\"}",
[18:07:04.563] "<18:07:04.563><24397.981954> \nGenotype received from s2 {\"axiom\":[2,4],\"g_rule\":\"+\",\"p_rule\":0.5,\"name\":\"s2\"}",
[18:07:04.563] "<18:07:04.563><24398.97096> Genotype sends to s2 generated genotype {\"axiom\":[2,4],\"g_rule\":\"+\",\"p_rule\":0.5,\"name\":\"s2\",\"genotype\":6}",
[18:07:04.563] "<18:07:04.564><21515.39> g-proxy s2 receives Genotype g-ch msg = {\"axiom\":[2,4],\"g_rule\":\"+\",\"p_rule\":0.5,\"name\":\"s2\",\"genotype\":6}",
[18:07:04.563] "<18:07:04.564><21516.100000000002> producer s2 received GENOTYPE",
[18:07:04.563] "<18:07:04.564><21516.99> %%% p-proxy s2 sends to Phenotype p-ch msg {\"axiom\":[2,4],\"g_rule\":\"+\",\"p_rule\":0.5,\"name\":\"s2\",\"genotype\":6}",
[18:07:04.563] "<18:07:04.563><24404.409901> Phenotype received from s2 {\"axiom\":[2,4],\"g_rule\":\"+\",\"p_rule\":0.5,\"name\":\"s2\",\"genotype\":6}",
[18:07:04.563] "<18:07:04.563><24405.706861> Phenotype sends to s2 generated phenotype {\"axiom\":[2,4],\"g_rule\":\"+\",\"p_rule\":0.5,\"name\":\"s2\",\"genotype\":6,\"phenotype\":3}",
[18:07:04.579] "<18:07:04.564><21521.700000000004> p-proxy s2 receives Phenotype p-ch msg = {\"axiom\":[2,4],\"g_rule\":\"+\",\"p_rule\":0.5,\"name\":\"s2\",\"genotype\":6,\"phenotype\":3}",
[18:07:04.580] "<18:07:04.564><21522.465> producer s2 received PHENOTYPE",
[18:07:09.564] "<18:07:09.564><26511.385000000002> \n%%% g-proxy s2 sends to Genotype g-ch msg {\"axiom\":[10,7],\"g_rule\":\"*\",\"p_rule\":2,\"name\":\"s2\"}",
[18:07:09.579] "<18:07:09.564><29397.838044> \nGenotype received from s2 {\"axiom\":[10,7],\"g_rule\":\"*\",\"p_rule\":2,\"name\":\"s2\"}",
[18:07:09.579] "<18:07:09.564><29398.708014> Genotype sends to s2 generated genotype {\"axiom\":[10,7],\"g_rule\":\"*\",\"p_rule\":2,\"name\":\"s2\",\"genotype\":70}",
[18:07:09.579] "<18:07:09.564><26514.630000000005> g-proxy s2 receives Genotype g-ch msg = {\"axiom\":[10,7],\"g_rule\":\"*\",\"p_rule\":2,\"name\":\"s2\",\"genotype\":70}",
[18:07:09.579] "<18:07:09.564><26515.335000000003> producer s2 received GENOTYPE",
[18:07:09.595] "<18:07:09.564><26516.255> %%% p-proxy s2 sends to Phenotype p-ch msg {\"axiom\":[10,7],\"g_rule\":\"*\",\"p_rule\":2,\"name\":\"s2\",\"genotype\":70}",
[18:07:09.601] "<18:07:09.579><29424.634778> Phenotype received from s2 {\"axiom\":[10,7],\"g_rule\":\"*\",\"p_rule\":2,\"name\":\"s2\",\"genotype\":70}",
[18:07:09.602] "<18:07:09.579><29425.678268> Phenotype sends to s2 generated phenotype {\"axiom\":[10,7],\"g_rule\":\"*\",\"p_rule\":2,\"name\":\"s2\",\"genotype\":70,\"phenotype\":140}",
[18:07:09.605] "<18:07:09.597><26543.81> producer s2 received PHENOTYPE",
[18:07:09.606] "<18:07:09.596><26542.430000000004> p-proxy s2 receives Phenotype p-ch msg = {\"axiom\":[10,7],\"g_rule\":\"*\",\"p_rule\":2,\"name\":\"s2\",\"genotype\":70,\"phenotype\":140}",
