[18:24:21.413] "<18:24:21.413><8513.815881> \nGenotype received from s1 {\"axiom\":[2,4],\"g_rule\":\"+\",\"p_rule\":0.5,\"name\":\"s1\"}",
[18:24:21.413] "<18:24:21.413><8518.407357> Genotype sends to s1 generated genotype {\"axiom\":[2,4],\"g_rule\":\"+\",\"p_rule\":0.5,\"name\":\"s1\",\"genotype\":6}",
[18:24:21.413] "<18:24:21.397><5627.685> \n%%% g-proxy s1 sends to Genotype g-ch msg {\"axiom\":[2,4],\"g_rule\":\"+\",\"p_rule\":0.5,\"name\":\"s1\"}",
[18:24:21.428] "<18:24:21.412><5642.125> g-proxy s1 receives Genotype g-ch msg = {\"axiom\":[2,4],\"g_rule\":\"+\",\"p_rule\":0.5,\"name\":\"s1\",\"genotype\":6}",
[18:24:21.429] "<18:24:21.412><5642.760000000001> producer s1 received GENOTYPE",
[18:24:21.431] "<18:24:21.429><8529.772043> \nGenotype received from s1 {\"axiom\":[3,5],\"g_rule\":\"*\",\"p_rule\":2,\"name\":\"s1\"}",
[18:24:21.433] "<18:24:21.412><5644.615000000001> \n%%% g-proxy s1 sends to Genotype g-ch msg {\"axiom\":[3,5],\"g_rule\":\"*\",\"p_rule\":2,\"name\":\"s1\"}",
[18:24:21.432] "<18:24:21.429><8530.355971> Genotype sends to s1 generated genotype {\"axiom\":[3,5],\"g_rule\":\"*\",\"p_rule\":2,\"name\":\"s1\",\"genotype\":15}",
[18:24:21.434] "<18:24:21.430><5653.995> producer s1 received GENOTYPE",
[18:24:21.434] "<18:24:21.430><5653.5650000000005> g-proxy s1 receives Genotype g-ch msg = {\"axiom\":[3,5],\"g_rule\":\"*\",\"p_rule\":2,\"name\":\"s1\",\"genotype\":15}",
[18:24:21.436] "<18:24:21.435><8535.834591> Phenotype received from s1 {\"axiom\":[2,4],\"g_rule\":\"+\",\"p_rule\":0.5,\"genotype\":6,\"name\":\"s1\"}",
[18:24:21.437] "<18:24:21.435><8536.407859> Phenotype sends to s1 generated phenotype {\"axiom\":[2,4],\"g_rule\":\"+\",\"p_rule\":0.5,\"genotype\":6,\"name\":\"s1\",\"phenotype\":3}",
[18:24:21.436] "<18:24:21.432><5655.465> %%% p-proxy s1 sends to Phenotype p-ch msg {\"axiom\":[2,4],\"g_rule\":\"+\",\"p_rule\":0.5,\"genotype\":6,\"name\":\"s1\"}",
[18:24:21.442] "<18:24:21.438><5661.330000000001> p-proxy s1 receives Phenotype p-ch msg = {\"axiom\":[2,4],\"g_rule\":\"+\",\"p_rule\":0.5,\"genotype\":6,\"name\":\"s1\",\"phenotype\":3}",
[18:24:21.442] "<18:24:21.439><5662.06> producer s1 received PHENOTYPE",
[18:24:21.445] "<18:24:21.442><8543.382424> Phenotype received from s1 {\"axiom\":[3,5],\"g_rule\":\"*\",\"p_rule\":2,\"genotype\":15,\"name\":\"s1\"}",
[18:24:21.446] "<18:24:21.444><8544.97194> Phenotype sends to s1 generated phenotype {\"axiom\":[3,5],\"g_rule\":\"*\",\"p_rule\":2,\"genotype\":15,\"name\":\"s1\",\"phenotype\":30}",
[18:24:21.446] "<18:24:21.440><5663.24> %%% p-proxy s1 sends to Phenotype p-ch msg {\"axiom\":[3,5],\"g_rule\":\"*\",\"p_rule\":2,\"genotype\":15,\"name\":\"s1\"}",
[18:24:21.447] "<18:24:21.445><5668.425> producer s1 received PHENOTYPE",
[18:24:21.448] "<18:24:21.444><5667.915000000001> p-proxy s1 receives Phenotype p-ch msg = {\"axiom\":[3,5],\"g_rule\":\"*\",\"p_rule\":2,\"genotype\":15,\"name\":\"s1\",\"phenotype\":30}",
[18:24:22.333] "<18:24:22.332><6556.67> \n%%% g-proxy s2 sends to Genotype g-ch msg {\"axiom\":[10,7],\"g_rule\":\"*\",\"p_rule\":2,\"name\":\"s2\"}",
[18:24:22.333] "<18:24:22.333><9435.669006> \nGenotype received from s2 {\"axiom\":[10,7],\"g_rule\":\"*\",\"p_rule\":2,\"name\":\"s2\"}",
[18:24:22.333] "<18:24:22.333><9436.627217> Genotype sends to s2 generated genotype {\"axiom\":[10,7],\"g_rule\":\"*\",\"p_rule\":2,\"name\":\"s2\",\"genotype\":70}",
[18:24:22.333] "<18:24:22.332><6560.110000000001> g-proxy s2 receives Genotype g-ch msg = {\"axiom\":[10,7],\"g_rule\":\"*\",\"p_rule\":2,\"name\":\"s2\",\"genotype\":70}",
[18:24:22.333] "<18:24:22.332><6560.840000000001> producer s2 received GENOTYPE",
[18:24:22.333] "<18:24:22.332><6562.18> %%% p-proxy s2 sends to Phenotype p-ch msg {\"axiom\":[10,7],\"g_rule\":\"*\",\"p_rule\":2,\"name\":\"s2\",\"genotype\":70}",
[18:24:22.333] "<18:24:22.333><9442.778005> Phenotype received from s2 {\"axiom\":[10,7],\"g_rule\":\"*\",\"p_rule\":2,\"name\":\"s2\",\"genotype\":70}",
[18:24:22.333] "<18:24:22.333><9443.692984> Phenotype sends to s2 generated phenotype {\"axiom\":[10,7],\"g_rule\":\"*\",\"p_rule\":2,\"name\":\"s2\",\"genotype\":70,\"phenotype\":140}",
[18:24:22.348] "<18:24:22.332><6566.995000000001> p-proxy s2 receives Phenotype p-ch msg = {\"axiom\":[10,7],\"g_rule\":\"*\",\"p_rule\":2,\"name\":\"s2\",\"genotype\":70,\"phenotype\":140}",
[18:24:22.348] "<18:24:22.332><6567.655000000001> producer s2 received PHENOTYPE",
