[18:40:39.425] "<18:40:39.409><9250.818447> \nGenotype received from s1 {\"axiom\":[2,4],\"g_rule\":\"+\",\"p_rule\":0.5,\"name\":\"s1\"}",
[18:40:39.425] "<18:40:39.425><9254.799936> Genotype sends to s1 generated genotype {\"axiom\":[2,4],\"g_rule\":\"+\",\"p_rule\":0.5,\"name\":\"s1\",\"genotype\":6}",
[18:40:39.425] "<18:40:39.409><6054.475000000001> \n%%% g-proxy s1 sends to Genotype g-ch msg {\"axiom\":[2,4],\"g_rule\":\"+\",\"p_rule\":0.5,\"name\":\"s1\"}",
[18:40:39.425] "<18:40:39.425><6065.790000000001> producer s1 received GENOTYPE",
[18:40:39.425] "<18:40:39.425><9262.149968> \nGenotype received from s1 {\"axiom\":[3,5],\"g_rule\":\"*\",\"p_rule\":2,\"name\":\"s1\"}",
[18:40:39.425] "<18:40:39.425><6065.370000000001> g-proxy s1 receives Genotype g-ch msg = {\"axiom\":[2,4],\"g_rule\":\"+\",\"p_rule\":0.5,\"name\":\"s1\",\"genotype\":6}",
[18:40:39.425] "<18:40:39.425><9262.634996> Genotype sends to s1 generated genotype {\"axiom\":[3,5],\"g_rule\":\"*\",\"p_rule\":2,\"name\":\"s1\",\"genotype\":15}",
[18:40:39.425] "<18:40:39.425><6066.910000000001> \n%%% g-proxy s1 sends to Genotype g-ch msg {\"axiom\":[3,5],\"g_rule\":\"*\",\"p_rule\":2,\"name\":\"s1\"}",
[18:40:39.425] "<18:40:39.425><6073.485000000001> producer s1 received GENOTYPE",
[18:40:39.441] "<18:40:39.425><6074.840000000001> %%% p-proxy s1 sends to Phenotype p-ch msg {\"axiom\":[2,4],\"g_rule\":\"+\",\"p_rule\":0.5,\"genotype\":6,\"name\":\"s1\"}",
[18:40:39.441] "<18:40:39.425><9268.64839> Phenotype received from s1 {\"axiom\":[2,4],\"g_rule\":\"+\",\"p_rule\":0.5,\"genotype\":6,\"name\":\"s1\"}",
[18:40:39.441] "<18:40:39.440><9269.289763> Phenotype sends to s1 generated phenotype {\"axiom\":[2,4],\"g_rule\":\"+\",\"p_rule\":0.5,\"genotype\":6,\"name\":\"s1\",\"phenotype\":3}",
[18:40:39.442] "<18:40:39.425><6073.110000000001> g-proxy s1 receives Genotype g-ch msg = {\"axiom\":[3,5],\"g_rule\":\"*\",\"p_rule\":2,\"name\":\"s1\",\"genotype\":15}",
[18:40:39.446] "<18:40:39.444><6082.710000000001> producer s1 received PHENOTYPE",
[18:40:39.445] "<18:40:39.443><6082.030000000001> p-proxy s1 receives Phenotype p-ch msg = {\"axiom\":[2,4],\"g_rule\":\"+\",\"p_rule\":0.5,\"genotype\":6,\"name\":\"s1\",\"phenotype\":3}",
[18:40:39.449] "<18:40:39.445><6083.84> %%% p-proxy s1 sends to Phenotype p-ch msg {\"axiom\":[3,5],\"g_rule\":\"*\",\"p_rule\":2,\"genotype\":15,\"name\":\"s1\"}",
[18:40:39.449] "<18:40:39.447><9276.856548> Phenotype received from s1 {\"axiom\":[3,5],\"g_rule\":\"*\",\"p_rule\":2,\"genotype\":15,\"name\":\"s1\"}",
[18:40:39.450] "<18:40:39.448><9277.646568> Phenotype sends to s1 generated phenotype {\"axiom\":[3,5],\"g_rule\":\"*\",\"p_rule\":2,\"genotype\":15,\"name\":\"s1\",\"phenotype\":30}",
[18:40:39.451] "<18:40:39.450><6088.075000000001> p-proxy s1 receives Phenotype p-ch msg = {\"axiom\":[3,5],\"g_rule\":\"*\",\"p_rule\":2,\"genotype\":15,\"name\":\"s1\",\"phenotype\":30}",
[18:40:39.451] "<18:40:39.450><6088.740000000001> producer s1 received PHENOTYPE",
[18:40:40.288] "<18:40:40.288><10119.194771> \nGenotype received from s2 {\"axiom\":[10,7],\"g_rule\":\"*\",\"p_rule\":2,\"name\":\"s2\"}",
[18:40:40.288] "<18:40:40.288><10120.150021> Genotype sends to s2 generated genotype {\"axiom\":[10,7],\"g_rule\":\"*\",\"p_rule\":2,\"name\":\"s2\",\"genotype\":70}",
[18:40:40.288] "<18:40:40.288><6927.695000000001> \n%%% g-proxy s2 sends to Genotype g-ch msg {\"axiom\":[10,7],\"g_rule\":\"*\",\"p_rule\":2,\"name\":\"s2\"}",
[18:40:40.288] "<18:40:40.288><6930.965> g-proxy s2 receives Genotype g-ch msg = {\"axiom\":[10,7],\"g_rule\":\"*\",\"p_rule\":2,\"name\":\"s2\",\"genotype\":70}",
[18:40:40.288] "<18:40:40.288><6931.4400000000005> producer s2 received GENOTYPE",
[18:40:40.288] "<18:40:40.288><6933.205000000001> %%% p-proxy s2 sends to Phenotype p-ch msg {\"axiom\":[10,7],\"g_rule\":\"*\",\"p_rule\":2,\"name\":\"s2\",\"genotype\":70}",
[18:40:40.288] "<18:40:40.288><10127.439647> Phenotype received from s2 {\"axiom\":[10,7],\"g_rule\":\"*\",\"p_rule\":2,\"name\":\"s2\",\"genotype\":70}",
[18:40:40.288] "<18:40:40.288><10128.388382> Phenotype sends to s2 generated phenotype {\"axiom\":[10,7],\"g_rule\":\"*\",\"p_rule\":2,\"name\":\"s2\",\"genotype\":70,\"phenotype\":140}",
[18:40:40.303] "<18:40:40.288><6939.16> p-proxy s2 receives Phenotype p-ch msg = {\"axiom\":[10,7],\"g_rule\":\"*\",\"p_rule\":2,\"name\":\"s2\",\"genotype\":70,\"phenotype\":140}",
[18:40:40.303] "<18:40:40.288><6939.81> producer s2 received PHENOTYPE",
[18:40:45.281] "<18:40:45.281><15111.930018> \nGenotype received from s2 {\"axiom\":[10,7],\"g_rule\":\"*\",\"p_rule\":2,\"name\":\"s2\"}",
[18:40:45.281] "<18:40:45.281><11920.11> \n%%% g-proxy s2 sends to Genotype g-ch msg {\"axiom\":[10,7],\"g_rule\":\"*\",\"p_rule\":2,\"name\":\"s2\"}",
[18:40:45.281] "<18:40:45.281><15112.804134> Genotype sends to s2 generated genotype {\"axiom\":[10,7],\"g_rule\":\"*\",\"p_rule\":2,\"name\":\"s2\",\"genotype\":70}",
[18:40:45.281] "<18:40:45.281><11924.165> g-proxy s2 receives Genotype g-ch msg = {\"axiom\":[10,7],\"g_rule\":\"*\",\"p_rule\":2,\"name\":\"s2\",\"genotype\":70}",
[18:40:45.281] "<18:40:45.281><11924.750000000002> producer s2 received GENOTYPE",
[18:40:45.281] "<18:40:45.281><11925.910000000002> %%% p-proxy s2 sends to Phenotype p-ch msg {\"axiom\":[10,7],\"g_rule\":\"*\",\"p_rule\":2,\"name\":\"s2\",\"genotype\":70}",
[18:40:45.281] "<18:40:45.281><15121.131328> Phenotype received from s2 {\"axiom\":[10,7],\"g_rule\":\"*\",\"p_rule\":2,\"name\":\"s2\",\"genotype\":70}",
[18:40:45.281] "<18:40:45.281><15122.040384> Phenotype sends to s2 generated phenotype {\"axiom\":[10,7],\"g_rule\":\"*\",\"p_rule\":2,\"name\":\"s2\",\"genotype\":70,\"phenotype\":140}",
[18:40:45.296] "<18:40:45.281><11932.650000000001> p-proxy s2 receives Phenotype p-ch msg = {\"axiom\":[10,7],\"g_rule\":\"*\",\"p_rule\":2,\"name\":\"s2\",\"genotype\":70,\"phenotype\":140}",
[18:40:45.296] "<18:40:45.281><11933.475000000002> producer s2 received PHENOTYPE",
