[19:33:07.806] "<19:33:07.791><9100.117615> \nGenotype received from s1 {\"axiom\":[2,4],\"g_rule\":\"+\",\"p_rule\":0.5,\"name\":\"s1\"}",
[19:33:07.806] "<19:33:07.806><9107.163247> Genotype sends to s1 generated genotype {\"axiom\":[2,4],\"g_rule\":\"+\",\"p_rule\":0.5,\"name\":\"s1\",\"genotype\":6}",
[19:33:07.823] "<19:33:07.791><6155.755> \n%%% g-proxy s1 sends to Genotype g-ch msg {\"axiom\":[2,4],\"g_rule\":\"+\",\"p_rule\":0.5,\"name\":\"s1\"}",
[19:33:07.824] "<19:33:07.806><6171.370000000001> producer s1 received GENOTYPE",
[19:33:07.828] "<19:33:07.825><9120.863053> \nGenotype received from s1 {\"axiom\":[3,5],\"g_rule\":\"*\",\"p_rule\":2,\"name\":\"s1\"}",
[19:33:07.830] "<19:33:07.826><9122.675244> Genotype sends to s1 generated genotype {\"axiom\":[3,5],\"g_rule\":\"*\",\"p_rule\":2,\"name\":\"s1\",\"genotype\":15}",
[19:33:07.831] "<19:33:07.806><6170.740000000001> g-proxy s1 receives Genotype g-ch msg = {\"axiom\":[2,4],\"g_rule\":\"+\",\"p_rule\":0.5,\"name\":\"s1\",\"genotype\":6}",
[19:33:07.832] "<19:33:07.806><6173.22> \n%%% g-proxy s1 sends to Genotype g-ch msg {\"axiom\":[3,5],\"g_rule\":\"*\",\"p_rule\":2,\"name\":\"s1\"}",
[19:33:07.834] "<19:33:07.827><6186.375000000001> producer s1 received GENOTYPE",
[19:33:07.839] "<19:33:07.830><6188.570000000001> %%% p-proxy s1 sends to Phenotype p-ch msg {\"axiom\":[2,4],\"g_rule\":\"+\",\"p_rule\":0.5,\"genotype\":6,\"name\":\"s1\"}",
[19:33:07.839] "<19:33:07.836><9132.093306> Phenotype received from s1 {\"axiom\":[2,4],\"g_rule\":\"+\",\"p_rule\":0.5,\"genotype\":6,\"name\":\"s1\"}",
[19:33:07.840] "<19:33:07.837><9133.643143> Phenotype sends to s1 generated phenotype {\"axiom\":[2,4],\"g_rule\":\"+\",\"p_rule\":0.5,\"genotype\":6,\"name\":\"s1\",\"phenotype\":3}",
[19:33:07.842] "<19:33:07.827><6185.655000000001> g-proxy s1 receives Genotype g-ch msg = {\"axiom\":[3,5],\"g_rule\":\"*\",\"p_rule\":2,\"name\":\"s1\",\"genotype\":15}",
[19:33:07.842] "<19:33:07.837><6196.040000000001> p-proxy s1 receives Phenotype p-ch msg = {\"axiom\":[2,4],\"g_rule\":\"+\",\"p_rule\":0.5,\"genotype\":6,\"name\":\"s1\",\"phenotype\":3}",
[19:33:07.842] "<19:33:07.838><6196.74> producer s1 received PHENOTYPE",
[19:33:07.845] "<19:33:07.839><6197.860000000001> %%% p-proxy s1 sends to Phenotype p-ch msg {\"axiom\":[3,5],\"g_rule\":\"*\",\"p_rule\":2,\"genotype\":15,\"name\":\"s1\"}",
[19:33:07.845] "<19:33:07.843><9139.44393> Phenotype received from s1 {\"axiom\":[3,5],\"g_rule\":\"*\",\"p_rule\":2,\"genotype\":15,\"name\":\"s1\"}",
[19:33:07.846] "<19:33:07.844><9140.505187> Phenotype sends to s1 generated phenotype {\"axiom\":[3,5],\"g_rule\":\"*\",\"p_rule\":2,\"genotype\":15,\"name\":\"s1\",\"phenotype\":30}",
[19:33:07.847] "<19:33:07.845><6203.4400000000005> p-proxy s1 receives Phenotype p-ch msg = {\"axiom\":[3,5],\"g_rule\":\"*\",\"p_rule\":2,\"genotype\":15,\"name\":\"s1\",\"phenotype\":30}",
[19:33:07.847] "<19:33:07.845><6203.885> producer s1 received PHENOTYPE",
[19:33:08.702] "<19:33:08.702><7062.27> \n%%% g-proxy s2 sends to Genotype g-ch msg {\"axiom\":[2,4],\"g_rule\":\"+\",\"p_rule\":0.5,\"name\":\"s2\"}",
[19:33:08.702] "<19:33:08.702><10001.583002> \nGenotype received from s2 {\"axiom\":[2,4],\"g_rule\":\"+\",\"p_rule\":0.5,\"name\":\"s2\"}",
[19:33:08.702] "<19:33:08.702><10003.222857> Genotype sends to s2 generated genotype {\"axiom\":[2,4],\"g_rule\":\"+\",\"p_rule\":0.5,\"name\":\"s2\",\"genotype\":6}",
[19:33:08.702] "<19:33:08.702><7065.93> g-proxy s2 receives Genotype g-ch msg = {\"axiom\":[2,4],\"g_rule\":\"+\",\"p_rule\":0.5,\"name\":\"s2\",\"genotype\":6}",
[19:33:08.702] "<19:33:08.702><7066.425> producer s2 received GENOTYPE",
[19:33:08.702] "<19:33:08.702><7067.825000000001> %%% p-proxy s2 sends to Phenotype p-ch msg {\"axiom\":[2,4],\"g_rule\":\"+\",\"p_rule\":0.5,\"name\":\"s2\",\"genotype\":6}",
[19:33:08.702] "<19:33:08.702><10010.177879> Phenotype received from s2 {\"axiom\":[2,4],\"g_rule\":\"+\",\"p_rule\":0.5,\"name\":\"s2\",\"genotype\":6}",
[19:33:08.718] "<19:33:08.702><10011.850898> Phenotype sends to s2 generated phenotype {\"axiom\":[2,4],\"g_rule\":\"+\",\"p_rule\":0.5,\"name\":\"s2\",\"genotype\":6,\"phenotype\":3}",
[19:33:08.718] "<19:33:08.702><7074.895> p-proxy s2 receives Phenotype p-ch msg = {\"axiom\":[2,4],\"g_rule\":\"+\",\"p_rule\":0.5,\"name\":\"s2\",\"genotype\":6,\"phenotype\":3}",
[19:33:08.718] "<19:33:08.702><7075.515> producer s2 received PHENOTYPE",
