[23:02:12.995] "<23:02:12.979><7544.312209> \nGenotype received from s1 {\"axiom\":[2,4],\"g_rule\":\"+\",\"p_rule\":0.5,\"name\":\"s1\"}",
[23:02:12.995] "<23:02:12.995><7548.210788> Genotype sends to s1 generated genotype {\"axiom\":[2,4],\"g_rule\":\"+\",\"p_rule\":0.5,\"name\":\"s1\",\"genotype\":6}",
[23:02:12.995] "<23:02:12.980><5786.210000000001> \n%%% g-proxy s1 sends to Genotype g-ch msg {\"axiom\":[2,4],\"g_rule\":\"+\",\"p_rule\":0.5,\"name\":\"s1\"}",
[23:02:12.995] "<23:02:12.996><5797.5650000000005> producer s1 received GENOTYPE",
[23:02:12.995] "<23:02:12.995><7555.014794> \nGenotype received from s1 {\"axiom\":[3,5],\"g_rule\":\"*\",\"p_rule\":2,\"name\":\"s1\"}",
[23:02:12.995] "<23:02:12.996><5797.150000000001> g-proxy s1 receives Genotype g-ch msg = {\"axiom\":[2,4],\"g_rule\":\"+\",\"p_rule\":0.5,\"name\":\"s1\",\"genotype\":6}",
[23:02:12.995] "<23:02:12.995><7555.623595> Genotype sends to s1 generated genotype {\"axiom\":[3,5],\"g_rule\":\"*\",\"p_rule\":2,\"name\":\"s1\",\"genotype\":15}",
[23:02:12.995] "<23:02:12.996><5798.575000000001> \n%%% g-proxy s1 sends to Genotype g-ch msg {\"axiom\":[3,5],\"g_rule\":\"*\",\"p_rule\":2,\"name\":\"s1\"}",
[23:02:12.995] "<23:02:12.996><5804.410000000001> g-proxy s1 receives Genotype g-ch msg = {\"axiom\":[3,5],\"g_rule\":\"*\",\"p_rule\":2,\"name\":\"s1\",\"genotype\":15}",
[23:02:12.995] "<23:02:12.996><5804.7300000000005> producer s1 received GENOTYPE",
[23:02:13.013] "<23:02:12.996><5805.845> %%% p-proxy s1 sends to Phenotype p-ch msg {\"axiom\":[2,4],\"g_rule\":\"+\",\"p_rule\":0.5,\"genotype\":6,\"name\":\"s1\"}",
[23:02:13.013] "<23:02:13.011><7562.776419> Phenotype received from s1 {\"axiom\":[2,4],\"g_rule\":\"+\",\"p_rule\":0.5,\"genotype\":6,\"name\":\"s1\"}",
[23:02:13.014] "<23:02:13.012><7564.034884> Phenotype sends to s1 generated phenotype {\"axiom\":[2,4],\"g_rule\":\"+\",\"p_rule\":0.5,\"genotype\":6,\"name\":\"s1\",\"phenotype\":3}",
[23:02:13.016] "<23:02:13.013><5813.415000000001> p-proxy s1 receives Phenotype p-ch msg = {\"axiom\":[2,4],\"g_rule\":\"+\",\"p_rule\":0.5,\"genotype\":6,\"name\":\"s1\",\"phenotype\":3}",
[23:02:13.017] "<23:02:13.015><5815.3550000000005> producer s1 received PHENOTYPE",
[23:02:13.019] "<23:02:13.018><7569.602337> Phenotype received from s1 {\"axiom\":[3,5],\"g_rule\":\"*\",\"p_rule\":2,\"genotype\":15,\"name\":\"s1\"}",
[23:02:13.020] "<23:02:13.019><7570.462239> Phenotype sends to s1 generated phenotype {\"axiom\":[3,5],\"g_rule\":\"*\",\"p_rule\":2,\"genotype\":15,\"name\":\"s1\",\"phenotype\":30}",
[23:02:13.020] "<23:02:13.016><5816.25> %%% p-proxy s1 sends to Phenotype p-ch msg {\"axiom\":[3,5],\"g_rule\":\"*\",\"p_rule\":2,\"genotype\":15,\"name\":\"s1\"}",
[23:02:13.022] "<23:02:13.019><5819.175> p-proxy s1 receives Phenotype p-ch msg = {\"axiom\":[3,5],\"g_rule\":\"*\",\"p_rule\":2,\"genotype\":15,\"name\":\"s1\",\"phenotype\":30}",
[23:02:13.022] "<23:02:13.019><5819.500000000001> producer s1 received PHENOTYPE",
[23:02:13.893] "<23:02:13.891><8443.214471> \nGenotype received from s2 {\"axiom\":[2,4],\"g_rule\":\"+\",\"p_rule\":0.5,\"name\":\"s2\"}",
[23:02:13.893] "<23:02:13.891><6690.31> \n%%% g-proxy s2 sends to Genotype g-ch msg {\"axiom\":[2,4],\"g_rule\":\"+\",\"p_rule\":0.5,\"name\":\"s2\"}",
[23:02:13.894] "<23:02:13.892><8444.0495> Genotype sends to s2 generated genotype {\"axiom\":[2,4],\"g_rule\":\"+\",\"p_rule\":0.5,\"name\":\"s2\",\"genotype\":6}",
[23:02:13.896] "<23:02:13.895><6694.890000000001> g-proxy s2 receives Genotype g-ch msg = {\"axiom\":[2,4],\"g_rule\":\"+\",\"p_rule\":0.5,\"name\":\"s2\",\"genotype\":6}",
[23:02:13.896] "<23:02:13.896><6695.185> producer s2 received GENOTYPE",
[23:02:13.896] "<23:02:13.896><8449.595633> Phenotype received from s2 {\"axiom\":[2,4],\"g_rule\":\"+\",\"p_rule\":0.5,\"name\":\"s2\",\"genotype\":6}",
[23:02:13.896] "<23:02:13.896><8450.279054> Phenotype sends to s2 generated phenotype {\"axiom\":[2,4],\"g_rule\":\"+\",\"p_rule\":0.5,\"name\":\"s2\",\"genotype\":6,\"phenotype\":3}",
[23:02:13.896] "<23:02:13.896><6695.93> %%% p-proxy s2 sends to Phenotype p-ch msg {\"axiom\":[2,4],\"g_rule\":\"+\",\"p_rule\":0.5,\"name\":\"s2\",\"genotype\":6}",
[23:02:13.896] "<23:02:13.897><6699.255000000001> p-proxy s2 receives Phenotype p-ch msg = {\"axiom\":[2,4],\"g_rule\":\"+\",\"p_rule\":0.5,\"name\":\"s2\",\"genotype\":6,\"phenotype\":3}",
[23:02:13.896] "<23:02:13.897><6699.580000000001> producer s2 received PHENOTYPE",
[23:02:18.893] "<23:02:18.893><13445.999086> \nGenotype received from s2 {\"axiom\":[2,4],\"g_rule\":\"+\",\"p_rule\":0.5,\"name\":\"s2\"}",
[23:02:18.893] "<23:02:18.893><13446.856027> Genotype sends to s2 generated genotype {\"axiom\":[2,4],\"g_rule\":\"+\",\"p_rule\":0.5,\"name\":\"s2\",\"genotype\":6}",
[23:02:18.893] "<23:02:18.893><11693.725> \n%%% g-proxy s2 sends to Genotype g-ch msg {\"axiom\":[2,4],\"g_rule\":\"+\",\"p_rule\":0.5,\"name\":\"s2\"}",
[23:02:18.893] "<23:02:18.893><11696.295000000002> g-proxy s2 receives Genotype g-ch msg = {\"axiom\":[2,4],\"g_rule\":\"+\",\"p_rule\":0.5,\"name\":\"s2\",\"genotype\":6}",
[23:02:18.893] "<23:02:18.893><11696.765000000001> producer s2 received GENOTYPE",
[23:02:18.893] "<23:02:18.893><11699.395> %%% p-proxy s2 sends to Phenotype p-ch msg {\"axiom\":[2,4],\"g_rule\":\"+\",\"p_rule\":0.5,\"name\":\"s2\",\"genotype\":6}",
[23:02:18.893] "<23:02:18.893><13453.099202> Phenotype received from s2 {\"axiom\":[2,4],\"g_rule\":\"+\",\"p_rule\":0.5,\"name\":\"s2\",\"genotype\":6}",
[23:02:18.893] "<23:02:18.893><13453.789729> Phenotype sends to s2 generated phenotype {\"axiom\":[2,4],\"g_rule\":\"+\",\"p_rule\":0.5,\"name\":\"s2\",\"genotype\":6,\"phenotype\":3}",
[23:02:18.893] "<23:02:18.893><11702.685000000001> p-proxy s2 receives Phenotype p-ch msg = {\"axiom\":[2,4],\"g_rule\":\"+\",\"p_rule\":0.5,\"name\":\"s2\",\"genotype\":6,\"phenotype\":3}",
[23:02:18.893] "<23:02:18.893><11703.175000000001> producer s2 received PHENOTYPE",
[23:02:23.899] "<23:02:23.899><18451.213576> \nGenotype received from s2 {\"axiom\":[10,7],\"g_rule\":\"*\",\"p_rule\":2,\"name\":\"s2\"}",
[23:02:23.899] "<23:02:23.899><16698.690000000002> \n%%% g-proxy s2 sends to Genotype g-ch msg {\"axiom\":[10,7],\"g_rule\":\"*\",\"p_rule\":2,\"name\":\"s2\"}",
[23:02:23.899] "<23:02:23.899><18451.806387> Genotype sends to s2 generated genotype {\"axiom\":[10,7],\"g_rule\":\"*\",\"p_rule\":2,\"name\":\"s2\",\"genotype\":70}",
[23:02:23.899] "<23:02:23.899><16700.59> g-proxy s2 receives Genotype g-ch msg = {\"axiom\":[10,7],\"g_rule\":\"*\",\"p_rule\":2,\"name\":\"s2\",\"genotype\":70}",
[23:02:23.899] "<23:02:23.899><16701.06> producer s2 received GENOTYPE",
[23:02:23.899] "<23:02:23.899><16701.9> %%% p-proxy s2 sends to Phenotype p-ch msg {\"axiom\":[10,7],\"g_rule\":\"*\",\"p_rule\":2,\"name\":\"s2\",\"genotype\":70}",
[23:02:23.899] "<23:02:23.899><18456.072734> Phenotype received from s2 {\"axiom\":[10,7],\"g_rule\":\"*\",\"p_rule\":2,\"name\":\"s2\",\"genotype\":70}",
[23:02:23.899] "<23:02:23.899><18456.630605> Phenotype sends to s2 generated phenotype {\"axiom\":[10,7],\"g_rule\":\"*\",\"p_rule\":2,\"name\":\"s2\",\"genotype\":70,\"phenotype\":140}",
[23:02:23.899] "<23:02:23.899><16705.34> p-proxy s2 receives Phenotype p-ch msg = {\"axiom\":[10,7],\"g_rule\":\"*\",\"p_rule\":2,\"name\":\"s2\",\"genotype\":70,\"phenotype\":140}",
[23:02:23.899] "<23:02:23.899><16705.785000000003> producer s2 received PHENOTYPE",
